This job can be monitored from: https://scruffy.c3se.chalmers.se/d/alvis-job/alvis-job?var-jobid=60095&from=1617641543000
/tmp/slurmd/job60095/slurm_script: line 10: deactivate: command not found
Starting at Mon Apr  5 18:52:23 CEST 2021
Job Name - EffNet
Running on hosts: alvis1-10
Running on 1 nodes.
Running 1 tasks.
Current working directory is /cephyr/users/filipfri/Alvis/BscProject
10.2
tensor([1.], device='cuda:0')
Using image size:  224
Using filter  
P19_1_1
P19_1_2
P19_2_1
P19_2_2
P19_3_1
P19_3_2
P20_1_3
P20_1_4
P20_2_2
P20_2_3
P20_2_4
P20_3_1
P20_3_2
P20_3_3
P20_4_1
P20_4_2
P20_4_3
P20_5_1
P20_5_2
P20_6_1
P20_6_2
P20_7_1
P20_7_2
P20_8_1
P20_8_2
P20_9_1
P20_9_2
P9_1_1
P9_2_1
P9_2_2
P9_3_1
P9_3_2
P9_4_1
P9_4_2
N10_1_1
N10_1_2
N10_1_3
N10_2_1
N10_2_2
P13_1_1
P13_1_2
P13_2_1
P13_2_2
P28_7_5
P28_8_5
P28_10_4
P28_10_5
train size: 28345
val size: 7087
test size: 11318
Available GPUs: 1
Loaded pretrained weights for efficientnet-b0
=> using pre-trained model 'efficientnet-b0'
[W CudaIPCTypes.cpp:22] Producer process has been terminated before all shared CUDA tensors released. See Note [Sharing CUDA tensors]
Epoch: [0][  0/886]	Time  4.043 ( 4.043)	Data  3.697 ( 3.697)	Loss 1.4096e+00 (1.4096e+00)	Acc@1  21.88 ( 21.88)
Epoch: [0][ 10/886]	Time  0.083 ( 0.445)	Data  0.002 ( 0.338)	Loss 1.3407e+00 (1.3792e+00)	Acc@1  40.62 ( 33.24)
Epoch: [0][ 20/886]	Time  0.090 ( 0.275)	Data  0.010 ( 0.181)	Loss 1.3137e+00 (1.3559e+00)	Acc@1  40.62 ( 35.42)
Epoch: [0][ 30/886]	Time  0.091 ( 0.215)	Data  0.010 ( 0.126)	Loss 1.1729e+00 (1.3432e+00)	Acc@1  40.62 ( 35.89)
Epoch: [0][ 40/886]	Time  0.091 ( 0.185)	Data  0.011 ( 0.098)	Loss 1.2105e+00 (1.3168e+00)	Acc@1  43.75 ( 38.19)
Epoch: [0][ 50/886]	Time  0.089 ( 0.166)	Data  0.009 ( 0.081)	Loss 1.1504e+00 (1.3011e+00)	Acc@1  50.00 ( 40.13)
Epoch: [0][ 60/886]	Time  0.091 ( 0.154)	Data  0.011 ( 0.069)	Loss 1.4140e+00 (1.2992e+00)	Acc@1  21.88 ( 39.96)
Epoch: [0][ 70/886]	Time  0.090 ( 0.145)	Data  0.010 ( 0.061)	Loss 1.2815e+00 (1.2906e+00)	Acc@1  53.12 ( 40.89)
Epoch: [0][ 80/886]	Time  0.091 ( 0.138)	Data  0.011 ( 0.055)	Loss 1.4132e+00 (1.2830e+00)	Acc@1  40.62 ( 41.28)
Epoch: [0][ 90/886]	Time  0.091 ( 0.133)	Data  0.011 ( 0.050)	Loss 1.2578e+00 (1.2708e+00)	Acc@1  46.88 ( 41.90)
Epoch: [0][100/886]	Time  0.090 ( 0.129)	Data  0.010 ( 0.046)	Loss 1.0635e+00 (1.2602e+00)	Acc@1  56.25 ( 42.48)
Epoch: [0][110/886]	Time  0.090 ( 0.125)	Data  0.010 ( 0.043)	Loss 1.1961e+00 (1.2551e+00)	Acc@1  50.00 ( 42.57)
Epoch: [0][120/886]	Time  0.089 ( 0.122)	Data  0.009 ( 0.040)	Loss 1.3024e+00 (1.2484e+00)	Acc@1  46.88 ( 43.03)
Epoch: [0][130/886]	Time  0.090 ( 0.120)	Data  0.010 ( 0.038)	Loss 1.1792e+00 (1.2481e+00)	Acc@1  50.00 ( 42.87)
Epoch: [0][140/886]	Time  0.090 ( 0.118)	Data  0.010 ( 0.036)	Loss 1.1553e+00 (1.2438e+00)	Acc@1  40.62 ( 43.00)
Epoch: [0][150/886]	Time  0.089 ( 0.116)	Data  0.010 ( 0.034)	Loss 9.9634e-01 (1.2349e+00)	Acc@1  53.12 ( 43.54)
Epoch: [0][160/886]	Time  0.090 ( 0.114)	Data  0.010 ( 0.033)	Loss 1.0442e+00 (1.2279e+00)	Acc@1  56.25 ( 43.73)
Epoch: [0][170/886]	Time  0.090 ( 0.113)	Data  0.010 ( 0.031)	Loss 1.2846e+00 (1.2208e+00)	Acc@1  40.62 ( 44.10)
Epoch: [0][180/886]	Time  0.090 ( 0.112)	Data  0.010 ( 0.030)	Loss 1.1284e+00 (1.2149e+00)	Acc@1  46.88 ( 44.39)
Epoch: [0][190/886]	Time  0.090 ( 0.111)	Data  0.010 ( 0.029)	Loss 1.2235e+00 (1.2165e+00)	Acc@1  43.75 ( 44.31)
Epoch: [0][200/886]	Time  0.090 ( 0.110)	Data  0.010 ( 0.028)	Loss 1.1958e+00 (1.2119e+00)	Acc@1  37.50 ( 44.67)
Epoch: [0][210/886]	Time  0.090 ( 0.109)	Data  0.010 ( 0.027)	Loss 1.1812e+00 (1.2065e+00)	Acc@1  43.75 ( 44.93)
Epoch: [0][220/886]	Time  0.090 ( 0.108)	Data  0.010 ( 0.026)	Loss 1.0855e+00 (1.2045e+00)	Acc@1  43.75 ( 45.01)
Epoch: [0][230/886]	Time  0.090 ( 0.107)	Data  0.010 ( 0.026)	Loss 1.1152e+00 (1.2008e+00)	Acc@1  50.00 ( 45.21)
Epoch: [0][240/886]	Time  0.090 ( 0.106)	Data  0.010 ( 0.025)	Loss 1.1728e+00 (1.1974e+00)	Acc@1  53.12 ( 45.42)
Epoch: [0][250/886]	Time  0.091 ( 0.106)	Data  0.011 ( 0.025)	Loss 9.4227e-01 (1.1938e+00)	Acc@1  62.50 ( 45.68)
Epoch: [0][260/886]	Time  0.090 ( 0.105)	Data  0.010 ( 0.024)	Loss 1.2591e+00 (1.1929e+00)	Acc@1  40.62 ( 45.76)
Epoch: [0][270/886]	Time  0.091 ( 0.105)	Data  0.011 ( 0.023)	Loss 1.2333e+00 (1.1914e+00)	Acc@1  34.38 ( 45.71)
Epoch: [0][280/886]	Time  0.089 ( 0.104)	Data  0.009 ( 0.023)	Loss 1.1931e+00 (1.1893e+00)	Acc@1  46.88 ( 45.72)
Epoch: [0][290/886]	Time  0.090 ( 0.104)	Data  0.010 ( 0.023)	Loss 1.2818e+00 (1.1878e+00)	Acc@1  34.38 ( 45.85)
Epoch: [0][300/886]	Time  0.090 ( 0.103)	Data  0.010 ( 0.022)	Loss 1.3806e+00 (1.1856e+00)	Acc@1  34.38 ( 45.99)
Epoch: [0][310/886]	Time  0.090 ( 0.103)	Data  0.010 ( 0.022)	Loss 1.2392e+00 (1.1850e+00)	Acc@1  46.88 ( 45.97)
Epoch: [0][320/886]	Time  0.090 ( 0.102)	Data  0.010 ( 0.021)	Loss 1.0805e+00 (1.1833e+00)	Acc@1  53.12 ( 46.10)
Epoch: [0][330/886]	Time  0.090 ( 0.102)	Data  0.010 ( 0.021)	Loss 1.1154e+00 (1.1811e+00)	Acc@1  46.88 ( 46.16)
Epoch: [0][340/886]	Time  0.090 ( 0.102)	Data  0.010 ( 0.021)	Loss 1.1952e+00 (1.1793e+00)	Acc@1  40.62 ( 46.22)
Epoch: [0][350/886]	Time  0.090 ( 0.101)	Data  0.010 ( 0.020)	Loss 1.1761e+00 (1.1763e+00)	Acc@1  56.25 ( 46.47)
Epoch: [0][360/886]	Time  0.083 ( 0.101)	Data  0.003 ( 0.020)	Loss 1.1184e+00 (1.1741e+00)	Acc@1  62.50 ( 46.67)
Epoch: [0][370/886]	Time  0.090 ( 0.101)	Data  0.010 ( 0.020)	Loss 9.8098e-01 (1.1712e+00)	Acc@1  62.50 ( 46.79)
Epoch: [0][380/886]	Time  0.091 ( 0.100)	Data  0.011 ( 0.020)	Loss 1.1873e+00 (1.1707e+00)	Acc@1  43.75 ( 46.85)
Epoch: [0][390/886]	Time  0.090 ( 0.100)	Data  0.010 ( 0.019)	Loss 1.0093e+00 (1.1675e+00)	Acc@1  56.25 ( 47.07)
Epoch: [0][400/886]	Time  0.090 ( 0.100)	Data  0.010 ( 0.019)	Loss 1.3594e+00 (1.1675e+00)	Acc@1  34.38 ( 47.16)
Epoch: [0][410/886]	Time  0.090 ( 0.100)	Data  0.010 ( 0.019)	Loss 1.0604e+00 (1.1651e+00)	Acc@1  53.12 ( 47.31)
Epoch: [0][420/886]	Time  0.090 ( 0.099)	Data  0.010 ( 0.019)	Loss 9.4823e-01 (1.1624e+00)	Acc@1  50.00 ( 47.46)
Epoch: [0][430/886]	Time  0.090 ( 0.099)	Data  0.010 ( 0.019)	Loss 9.2058e-01 (1.1608e+00)	Acc@1  62.50 ( 47.56)
Epoch: [0][440/886]	Time  0.090 ( 0.099)	Data  0.010 ( 0.018)	Loss 1.1787e+00 (1.1596e+00)	Acc@1  53.12 ( 47.67)
Epoch: [0][450/886]	Time  0.090 ( 0.099)	Data  0.010 ( 0.018)	Loss 1.1327e+00 (1.1596e+00)	Acc@1  34.38 ( 47.66)
Epoch: [0][460/886]	Time  0.090 ( 0.099)	Data  0.010 ( 0.018)	Loss 1.1095e+00 (1.1581e+00)	Acc@1  46.88 ( 47.70)
Epoch: [0][470/886]	Time  0.090 ( 0.098)	Data  0.010 ( 0.018)	Loss 1.0738e+00 (1.1571e+00)	Acc@1  50.00 ( 47.80)
Epoch: [0][480/886]	Time  0.090 ( 0.098)	Data  0.010 ( 0.018)	Loss 9.3763e-01 (1.1559e+00)	Acc@1  65.62 ( 47.82)
Epoch: [0][490/886]	Time  0.090 ( 0.098)	Data  0.010 ( 0.017)	Loss 1.1488e+00 (1.1546e+00)	Acc@1  40.62 ( 47.86)
Epoch: [0][500/886]	Time  0.089 ( 0.098)	Data  0.010 ( 0.017)	Loss 1.0106e+00 (1.1534e+00)	Acc@1  43.75 ( 47.89)
Epoch: [0][510/886]	Time  0.090 ( 0.098)	Data  0.010 ( 0.017)	Loss 1.0455e+00 (1.1522e+00)	Acc@1  50.00 ( 47.91)
Epoch: [0][520/886]	Time  0.090 ( 0.098)	Data  0.010 ( 0.017)	Loss 9.7156e-01 (1.1502e+00)	Acc@1  59.38 ( 48.02)
Epoch: [0][530/886]	Time  0.090 ( 0.097)	Data  0.010 ( 0.017)	Loss 8.2921e-01 (1.1489e+00)	Acc@1  71.88 ( 48.09)
Epoch: [0][540/886]	Time  0.091 ( 0.097)	Data  0.010 ( 0.017)	Loss 1.2066e+00 (1.1461e+00)	Acc@1  53.12 ( 48.30)
Epoch: [0][550/886]	Time  0.091 ( 0.097)	Data  0.010 ( 0.017)	Loss 8.6536e-01 (1.1458e+00)	Acc@1  59.38 ( 48.30)
Epoch: [0][560/886]	Time  0.091 ( 0.097)	Data  0.011 ( 0.017)	Loss 9.9475e-01 (1.1433e+00)	Acc@1  68.75 ( 48.43)
Epoch: [0][570/886]	Time  0.090 ( 0.097)	Data  0.010 ( 0.016)	Loss 1.2362e+00 (1.1424e+00)	Acc@1  37.50 ( 48.53)
Epoch: [0][580/886]	Time  0.091 ( 0.097)	Data  0.011 ( 0.016)	Loss 9.5202e-01 (1.1418e+00)	Acc@1  56.25 ( 48.62)
Epoch: [0][590/886]	Time  0.091 ( 0.097)	Data  0.011 ( 0.016)	Loss 1.0912e+00 (1.1408e+00)	Acc@1  46.88 ( 48.68)
Epoch: [0][600/886]	Time  0.090 ( 0.097)	Data  0.010 ( 0.016)	Loss 1.1028e+00 (1.1386e+00)	Acc@1  53.12 ( 48.77)
Epoch: [0][610/886]	Time  0.090 ( 0.097)	Data  0.010 ( 0.016)	Loss 8.7570e-01 (1.1379e+00)	Acc@1  62.50 ( 48.81)
Epoch: [0][620/886]	Time  0.091 ( 0.096)	Data  0.011 ( 0.016)	Loss 7.6068e-01 (1.1356e+00)	Acc@1  78.12 ( 48.95)
Epoch: [0][630/886]	Time  0.090 ( 0.096)	Data  0.010 ( 0.016)	Loss 1.2043e+00 (1.1339e+00)	Acc@1  46.88 ( 49.08)
Epoch: [0][640/886]	Time  0.090 ( 0.096)	Data  0.010 ( 0.016)	Loss 1.0410e+00 (1.1324e+00)	Acc@1  53.12 ( 49.14)
Epoch: [0][650/886]	Time  0.090 ( 0.096)	Data  0.010 ( 0.016)	Loss 1.2560e+00 (1.1314e+00)	Acc@1  56.25 ( 49.21)
Epoch: [0][660/886]	Time  0.090 ( 0.096)	Data  0.010 ( 0.016)	Loss 8.4757e-01 (1.1283e+00)	Acc@1  68.75 ( 49.38)
Epoch: [0][670/886]	Time  0.090 ( 0.096)	Data  0.009 ( 0.016)	Loss 9.3378e-01 (1.1272e+00)	Acc@1  53.12 ( 49.40)
Epoch: [0][680/886]	Time  0.091 ( 0.096)	Data  0.011 ( 0.015)	Loss 1.0755e+00 (1.1262e+00)	Acc@1  56.25 ( 49.51)
Epoch: [0][690/886]	Time  0.087 ( 0.096)	Data  0.007 ( 0.015)	Loss 1.1101e+00 (1.1257e+00)	Acc@1  50.00 ( 49.57)
Epoch: [0][700/886]	Time  0.090 ( 0.096)	Data  0.010 ( 0.015)	Loss 9.6723e-01 (1.1242e+00)	Acc@1  59.38 ( 49.67)
Epoch: [0][710/886]	Time  0.090 ( 0.096)	Data  0.010 ( 0.015)	Loss 9.6716e-01 (1.1235e+00)	Acc@1  62.50 ( 49.74)
Epoch: [0][720/886]	Time  0.091 ( 0.096)	Data  0.011 ( 0.015)	Loss 1.1386e+00 (1.1223e+00)	Acc@1  56.25 ( 49.87)
Epoch: [0][730/886]	Time  0.091 ( 0.096)	Data  0.010 ( 0.015)	Loss 1.0094e+00 (1.1222e+00)	Acc@1  59.38 ( 49.89)
Epoch: [0][740/886]	Time  0.090 ( 0.095)	Data  0.010 ( 0.015)	Loss 1.0487e+00 (1.1210e+00)	Acc@1  53.12 ( 49.97)
Epoch: [0][750/886]	Time  0.091 ( 0.095)	Data  0.010 ( 0.015)	Loss 8.8734e-01 (1.1207e+00)	Acc@1  65.62 ( 49.98)
Epoch: [0][760/886]	Time  0.090 ( 0.095)	Data  0.010 ( 0.015)	Loss 1.2397e+00 (1.1199e+00)	Acc@1  40.62 ( 50.03)
Epoch: [0][770/886]	Time  0.090 ( 0.095)	Data  0.010 ( 0.015)	Loss 8.2331e-01 (1.1176e+00)	Acc@1  62.50 ( 50.14)
Epoch: [0][780/886]	Time  0.091 ( 0.095)	Data  0.011 ( 0.015)	Loss 7.7538e-01 (1.1164e+00)	Acc@1  68.75 ( 50.20)
Epoch: [0][790/886]	Time  0.091 ( 0.095)	Data  0.011 ( 0.015)	Loss 9.5553e-01 (1.1158e+00)	Acc@1  50.00 ( 50.18)
Epoch: [0][800/886]	Time  0.090 ( 0.095)	Data  0.010 ( 0.015)	Loss 9.2344e-01 (1.1147e+00)	Acc@1  53.12 ( 50.25)
Epoch: [0][810/886]	Time  0.090 ( 0.095)	Data  0.010 ( 0.015)	Loss 1.5257e+00 (1.1142e+00)	Acc@1  37.50 ( 50.28)
Epoch: [0][820/886]	Time  0.090 ( 0.095)	Data  0.010 ( 0.015)	Loss 1.0623e+00 (1.1133e+00)	Acc@1  50.00 ( 50.34)
Epoch: [0][830/886]	Time  0.090 ( 0.095)	Data  0.010 ( 0.014)	Loss 1.0635e+00 (1.1124e+00)	Acc@1  53.12 ( 50.39)
Epoch: [0][840/886]	Time  0.090 ( 0.095)	Data  0.010 ( 0.014)	Loss 1.2777e+00 (1.1114e+00)	Acc@1  28.12 ( 50.42)
Epoch: [0][850/886]	Time  0.091 ( 0.095)	Data  0.011 ( 0.014)	Loss 8.9137e-01 (1.1106e+00)	Acc@1  65.62 ( 50.47)
Epoch: [0][860/886]	Time  0.091 ( 0.095)	Data  0.011 ( 0.014)	Loss 9.0707e-01 (1.1097e+00)	Acc@1  65.62 ( 50.54)
Epoch: [0][870/886]	Time  0.090 ( 0.095)	Data  0.010 ( 0.014)	Loss 9.3773e-01 (1.1087e+00)	Acc@1  68.75 ( 50.60)
Epoch: [0][880/886]	Time  0.089 ( 0.095)	Data  0.009 ( 0.014)	Loss 1.0870e+00 (1.1082e+00)	Acc@1  50.00 ( 50.62)
[W CudaIPCTypes.cpp:22] Producer process has been terminated before all shared CUDA tensors released. See Note [Sharing CUDA tensors]
Test: [  0/222]	Time  3.524 ( 3.524)	Loss 2.8034e+00 (2.8034e+00)	Acc@1  18.75 ( 18.75)	Acc C1   0.00 (  0.00)	Acc C2   0.00 (  0.00)	Acc C3   0.00 (  0.00)	Acc C4 100.00 (100.00)
Test: [ 10/222]	Time  0.033 ( 0.351)	Loss 2.0868e+00 (2.5662e+00)	Acc@1  37.50 ( 28.69)	Acc C1   0.00 (  0.00)	Acc C2   0.00 (  0.00)	Acc C3   0.00 (  0.00)	Acc C4 100.00 (100.00)
Test: [ 20/222]	Time  0.034 ( 0.199)	Loss 2.4905e+00 (2.4851e+00)	Acc@1  40.62 ( 30.65)	Acc C1   0.00 (  0.00)	Acc C2   0.00 (  0.00)	Acc C3   0.00 (  0.00)	Acc C4 100.00 ( 99.52)
Test: [ 30/222]	Time  0.033 ( 0.146)	Loss 2.6418e+00 (2.4723e+00)	Acc@1  28.12 ( 31.35)	Acc C1   0.00 (  0.00)	Acc C2   0.00 (  0.00)	Acc C3   0.00 (  0.00)	Acc C4 100.00 ( 99.68)
Test: [ 40/222]	Time  0.033 ( 0.118)	Loss 2.2041e+00 (2.4503e+00)	Acc@1  37.50 ( 32.01)	Acc C1   0.00 (  0.00)	Acc C2   0.00 (  0.00)	Acc C3   0.00 (  0.00)	Acc C4 100.00 ( 99.76)
Test: [ 50/222]	Time  0.033 ( 0.102)	Loss 3.4255e+00 (2.4585e+00)	Acc@1  15.62 ( 31.62)	Acc C1   0.00 (  0.00)	Acc C2   0.00 (  0.00)	Acc C3   0.00 (  0.00)	Acc C4 100.00 ( 99.81)
Test: [ 60/222]	Time  0.033 ( 0.091)	Loss 2.1576e+00 (2.4456e+00)	Acc@1  37.50 ( 31.51)	Acc C1   0.00 (  0.00)	Acc C2   0.00 (  0.00)	Acc C3   0.00 (  0.23)	Acc C4 100.00 ( 99.84)
Test: [ 70/222]	Time  0.033 ( 0.083)	Loss 2.2193e+00 (2.4691e+00)	Acc@1  25.00 ( 30.94)	Acc C1   0.00 (  0.00)	Acc C2   0.00 (  0.00)	Acc C3   0.00 (  0.20)	Acc C4 100.00 ( 99.86)
Test: [ 80/222]	Time  0.033 ( 0.076)	Loss 2.8495e+00 (2.4777e+00)	Acc@1  21.88 ( 30.71)	Acc C1   0.00 (  0.00)	Acc C2   0.00 (  0.00)	Acc C3   0.00 (  0.17)	Acc C4 100.00 ( 99.75)
Test: [ 90/222]	Time  0.033 ( 0.072)	Loss 2.3808e+00 (2.4855e+00)	Acc@1  25.00 ( 30.49)	Acc C1   0.00 (  0.00)	Acc C2   0.00 (  0.00)	Acc C3   0.00 (  0.15)	Acc C4 100.00 ( 99.78)
Test: [100/222]	Time  0.034 ( 0.068)	Loss 2.6134e+00 (2.4932e+00)	Acc@1  25.00 ( 30.35)	Acc C1   0.00 (  0.00)	Acc C2   0.00 (  0.00)	Acc C3   0.00 (  0.13)	Acc C4 100.00 ( 99.80)
Test: [110/222]	Time  0.033 ( 0.065)	Loss 2.4768e+00 (2.4818e+00)	Acc@1  34.38 ( 30.83)	Acc C1   0.00 (  0.00)	Acc C2   0.00 (  0.00)	Acc C3   0.00 (  0.13)	Acc C4 100.00 ( 99.73)
Test: [120/222]	Time  0.033 ( 0.062)	Loss 2.9785e+00 (2.4863e+00)	Acc@1  15.62 ( 30.66)	Acc C1   0.00 (  0.00)	Acc C2   0.00 (  0.00)	Acc C3   0.00 (  0.11)	Acc C4 100.00 ( 99.75)
Test: [130/222]	Time  0.033 ( 0.060)	Loss 3.6210e+00 (2.5014e+00)	Acc@1   9.38 ( 30.27)	Acc C1   0.00 (  0.00)	Acc C2   0.00 (  0.00)	Acc C3   0.00 (  0.10)	Acc C4 100.00 ( 99.69)
Test: [140/222]	Time  0.033 ( 0.058)	Loss 2.3922e+00 (2.5060e+00)	Acc@1  34.38 ( 30.21)	Acc C1   0.00 (  0.00)	Acc C2   0.00 (  0.00)	Acc C3   0.00 (  0.10)	Acc C4 100.00 ( 99.71)
Test: [150/222]	Time  0.033 ( 0.056)	Loss 2.8915e+00 (2.5049e+00)	Acc@1  25.00 ( 30.17)	Acc C1   0.00 (  0.00)	Acc C2   0.00 (  0.00)	Acc C3   0.00 (  0.09)	Acc C4 100.00 ( 99.73)
Test: [160/222]	Time  0.034 ( 0.055)	Loss 2.7417e+00 (2.5035e+00)	Acc@1  31.25 ( 30.32)	Acc C1   0.00 (  0.00)	Acc C2   0.00 (  0.00)	Acc C3   0.00 (  0.17)	Acc C4 100.00 ( 99.74)
Test: [170/222]	Time  0.033 ( 0.054)	Loss 2.6968e+00 (2.5114e+00)	Acc@1  31.25 ( 30.30)	Acc C1   0.00 (  0.00)	Acc C2   0.00 (  0.07)	Acc C3   0.00 (  0.16)	Acc C4 100.00 ( 99.76)
Test: [180/222]	Time  0.033 ( 0.053)	Loss 2.3535e+00 (2.5066e+00)	Acc@1  43.75 ( 30.54)	Acc C1   0.00 (  0.00)	Acc C2   0.00 (  0.06)	Acc C3   0.00 (  0.15)	Acc C4 100.00 ( 99.77)
Test: [190/222]	Time  0.027 ( 0.052)	Loss 2.2783e+00 (2.5029e+00)	Acc@1  31.25 ( 30.56)	Acc C1   0.00 (  0.00)	Acc C2   0.00 (  0.06)	Acc C3   0.00 (  0.14)	Acc C4 100.00 ( 99.79)
Test: [200/222]	Time  0.033 ( 0.051)	Loss 2.0853e+00 (2.5056e+00)	Acc@1  40.62 ( 30.52)	Acc C1   0.00 (  0.00)	Acc C2   0.00 (  0.06)	Acc C3   0.00 (  0.13)	Acc C4 100.00 ( 99.80)
Test: [210/222]	Time  0.033 ( 0.050)	Loss 2.3901e+00 (2.5028e+00)	Acc@1  34.38 ( 30.49)	Acc C1   0.00 (  0.00)	Acc C2   0.00 (  0.05)	Acc C3   0.00 (  0.13)	Acc C4 100.00 ( 99.81)
Test: [220/222]	Time  0.034 ( 0.049)	Loss 2.8370e+00 (2.5137e+00)	Acc@1  31.25 ( 30.18)	Acc C1   0.00 (  0.00)	Acc C2   0.00 (  0.05)	Acc C3   0.00 (  0.12)	Acc C4 100.00 ( 99.81)
 * Acc 30.210
              precision    recall  f1-score   support

           0       0.00      0.00      0.00      1287
           1       0.12      0.00      0.00      1967
           2       0.40      0.00      0.00      1691
           3       0.30      1.00      0.46      2142

    accuracy                           0.30      7087
   macro avg       0.21      0.25      0.12      7087
weighted avg       0.22      0.30      0.14      7087

[W CudaIPCTypes.cpp:22] Producer process has been terminated before all shared CUDA tensors released. See Note [Sharing CUDA tensors]
Epoch: [1][  0/886]	Time  3.382 ( 3.382)	Data  3.292 ( 3.292)	Loss 1.1131e+00 (1.1131e+00)	Acc@1  43.75 ( 43.75)
Epoch: [1][ 10/886]	Time  0.090 ( 0.389)	Data  0.010 ( 0.308)	Loss 1.0282e+00 (1.0425e+00)	Acc@1  65.62 ( 56.25)
Epoch: [1][ 20/886]	Time  0.091 ( 0.247)	Data  0.011 ( 0.166)	Loss 8.7831e-01 (1.0322e+00)	Acc@1  68.75 ( 57.44)
Epoch: [1][ 30/886]	Time  0.091 ( 0.197)	Data  0.011 ( 0.116)	Loss 8.9931e-01 (1.0215e+00)	Acc@1  65.62 ( 57.16)
Epoch: [1][ 40/886]	Time  0.092 ( 0.171)	Data  0.012 ( 0.090)	Loss 1.2784e+00 (1.0153e+00)	Acc@1  43.75 ( 57.70)
Epoch: [1][ 50/886]	Time  0.090 ( 0.155)	Data  0.010 ( 0.075)	Loss 1.1919e+00 (1.0105e+00)	Acc@1  59.38 ( 58.09)
Epoch: [1][ 60/886]	Time  0.091 ( 0.145)	Data  0.011 ( 0.064)	Loss 1.0111e+00 (1.0092e+00)	Acc@1  53.12 ( 57.58)
Epoch: [1][ 70/886]	Time  0.091 ( 0.137)	Data  0.011 ( 0.057)	Loss 9.1708e-01 (1.0111e+00)	Acc@1  62.50 ( 57.75)
Epoch: [1][ 80/886]	Time  0.091 ( 0.131)	Data  0.011 ( 0.051)	Loss 9.9641e-01 (9.9732e-01)	Acc@1  53.12 ( 58.06)
Epoch: [1][ 90/886]	Time  0.091 ( 0.127)	Data  0.011 ( 0.047)	Loss 7.9431e-01 (9.9021e-01)	Acc@1  62.50 ( 58.59)
Epoch: [1][100/886]	Time  0.091 ( 0.123)	Data  0.011 ( 0.043)	Loss 7.6358e-01 (9.8622e-01)	Acc@1  65.62 ( 58.91)
Epoch: [1][110/886]	Time  0.090 ( 0.120)	Data  0.010 ( 0.040)	Loss 1.1207e+00 (9.8429e-01)	Acc@1  50.00 ( 58.95)
Epoch: [1][120/886]	Time  0.091 ( 0.118)	Data  0.011 ( 0.038)	Loss 9.7033e-01 (9.8838e-01)	Acc@1  53.12 ( 58.81)
Epoch: [1][130/886]	Time  0.091 ( 0.116)	Data  0.011 ( 0.036)	Loss 1.0178e+00 (9.8758e-01)	Acc@1  65.62 ( 59.06)
Epoch: [1][140/886]	Time  0.090 ( 0.114)	Data  0.010 ( 0.034)	Loss 7.3725e-01 (9.8069e-01)	Acc@1  84.38 ( 59.60)
Epoch: [1][150/886]	Time  0.091 ( 0.113)	Data  0.011 ( 0.033)	Loss 8.3601e-01 (9.8472e-01)	Acc@1  65.62 ( 59.40)
Epoch: [1][160/886]	Time  0.091 ( 0.111)	Data  0.011 ( 0.031)	Loss 9.7310e-01 (9.9046e-01)	Acc@1  56.25 ( 59.22)
Epoch: [1][170/886]	Time  0.091 ( 0.110)	Data  0.011 ( 0.030)	Loss 7.3845e-01 (9.8757e-01)	Acc@1  75.00 ( 59.43)
Epoch: [1][180/886]	Time  0.090 ( 0.109)	Data  0.011 ( 0.029)	Loss 9.9893e-01 (9.8955e-01)	Acc@1  46.88 ( 59.25)
Epoch: [1][190/886]	Time  0.091 ( 0.108)	Data  0.011 ( 0.028)	Loss 8.8257e-01 (9.9055e-01)	Acc@1  65.62 ( 59.18)
Epoch: [1][200/886]	Time  0.091 ( 0.107)	Data  0.011 ( 0.027)	Loss 1.1397e+00 (9.8842e-01)	Acc@1  53.12 ( 59.25)
Epoch: [1][210/886]	Time  0.091 ( 0.106)	Data  0.011 ( 0.026)	Loss 1.1520e+00 (9.9092e-01)	Acc@1  53.12 ( 59.05)
Epoch: [1][220/886]	Time  0.090 ( 0.106)	Data  0.010 ( 0.026)	Loss 1.0663e+00 (9.8822e-01)	Acc@1  56.25 ( 59.11)
Epoch: [1][230/886]	Time  0.090 ( 0.105)	Data  0.011 ( 0.025)	Loss 1.1064e+00 (9.9214e-01)	Acc@1  50.00 ( 58.90)
Epoch: [1][240/886]	Time  0.090 ( 0.104)	Data  0.011 ( 0.024)	Loss 1.1225e+00 (9.9162e-01)	Acc@1  56.25 ( 58.97)
Epoch: [1][250/886]	Time  0.090 ( 0.104)	Data  0.010 ( 0.024)	Loss 8.6844e-01 (9.8807e-01)	Acc@1  65.62 ( 59.19)
Epoch: [1][260/886]	Time  0.091 ( 0.103)	Data  0.011 ( 0.023)	Loss 1.3169e+00 (9.8604e-01)	Acc@1  53.12 ( 59.26)
Epoch: [1][270/886]	Time  0.091 ( 0.103)	Data  0.011 ( 0.023)	Loss 8.0772e-01 (9.8478e-01)	Acc@1  62.50 ( 59.33)
Epoch: [1][280/886]	Time  0.091 ( 0.102)	Data  0.011 ( 0.022)	Loss 8.4028e-01 (9.8429e-01)	Acc@1  75.00 ( 59.32)
Epoch: [1][290/886]	Time  0.092 ( 0.102)	Data  0.012 ( 0.022)	Loss 9.9257e-01 (9.8504e-01)	Acc@1  59.38 ( 59.27)
Epoch: [1][300/886]	Time  0.082 ( 0.102)	Data  0.002 ( 0.022)	Loss 9.1451e-01 (9.8516e-01)	Acc@1  56.25 ( 59.21)
Epoch: [1][310/886]	Time  0.091 ( 0.101)	Data  0.011 ( 0.021)	Loss 8.0060e-01 (9.8311e-01)	Acc@1  65.62 ( 59.26)
Epoch: [1][320/886]	Time  0.091 ( 0.101)	Data  0.011 ( 0.021)	Loss 9.4125e-01 (9.8139e-01)	Acc@1  53.12 ( 59.38)
Epoch: [1][330/886]	Time  0.091 ( 0.101)	Data  0.011 ( 0.021)	Loss 6.2971e-01 (9.7912e-01)	Acc@1  81.25 ( 59.39)
Epoch: [1][340/886]	Time  0.090 ( 0.100)	Data  0.010 ( 0.020)	Loss 8.6551e-01 (9.7769e-01)	Acc@1  68.75 ( 59.49)
Epoch: [1][350/886]	Time  0.091 ( 0.100)	Data  0.011 ( 0.020)	Loss 7.9376e-01 (9.7873e-01)	Acc@1  71.88 ( 59.33)
Epoch: [1][360/886]	Time  0.091 ( 0.100)	Data  0.011 ( 0.020)	Loss 1.0551e+00 (9.7831e-01)	Acc@1  46.88 ( 59.36)
Epoch: [1][370/886]	Time  0.090 ( 0.100)	Data  0.010 ( 0.020)	Loss 8.1238e-01 (9.7663e-01)	Acc@1  62.50 ( 59.41)
Epoch: [1][380/886]	Time  0.091 ( 0.099)	Data  0.011 ( 0.019)	Loss 1.0309e+00 (9.7735e-01)	Acc@1  53.12 ( 59.39)
Epoch: [1][390/886]	Time  0.091 ( 0.099)	Data  0.011 ( 0.019)	Loss 9.7873e-01 (9.7856e-01)	Acc@1  62.50 ( 59.35)
Epoch: [1][400/886]	Time  0.091 ( 0.099)	Data  0.011 ( 0.019)	Loss 1.0660e+00 (9.8005e-01)	Acc@1  43.75 ( 59.19)
Epoch: [1][410/886]	Time  0.090 ( 0.099)	Data  0.010 ( 0.019)	Loss 1.0212e+00 (9.7977e-01)	Acc@1  56.25 ( 59.15)
Epoch: [1][420/886]	Time  0.091 ( 0.099)	Data  0.011 ( 0.019)	Loss 8.1088e-01 (9.7909e-01)	Acc@1  78.12 ( 59.16)
Epoch: [1][430/886]	Time  0.090 ( 0.098)	Data  0.010 ( 0.018)	Loss 8.4611e-01 (9.7823e-01)	Acc@1  65.62 ( 59.23)
Epoch: [1][440/886]	Time  0.091 ( 0.098)	Data  0.011 ( 0.018)	Loss 8.8057e-01 (9.7748e-01)	Acc@1  65.62 ( 59.26)
Epoch: [1][450/886]	Time  0.090 ( 0.098)	Data  0.010 ( 0.018)	Loss 6.7764e-01 (9.7671e-01)	Acc@1  65.62 ( 59.19)
Epoch: [1][460/886]	Time  0.091 ( 0.098)	Data  0.011 ( 0.018)	Loss 7.4084e-01 (9.7623e-01)	Acc@1  68.75 ( 59.14)
Epoch: [1][470/886]	Time  0.090 ( 0.098)	Data  0.010 ( 0.018)	Loss 9.4556e-01 (9.7426e-01)	Acc@1  59.38 ( 59.24)
Epoch: [1][480/886]	Time  0.091 ( 0.098)	Data  0.011 ( 0.018)	Loss 8.6604e-01 (9.7401e-01)	Acc@1  65.62 ( 59.26)
Epoch: [1][490/886]	Time  0.090 ( 0.097)	Data  0.010 ( 0.017)	Loss 1.1030e+00 (9.7386e-01)	Acc@1  59.38 ( 59.31)
Epoch: [1][500/886]	Time  0.090 ( 0.097)	Data  0.010 ( 0.017)	Loss 9.3150e-01 (9.7376e-01)	Acc@1  56.25 ( 59.26)
Epoch: [1][510/886]	Time  0.091 ( 0.097)	Data  0.011 ( 0.017)	Loss 6.7489e-01 (9.7296e-01)	Acc@1  68.75 ( 59.32)
Epoch: [1][520/886]	Time  0.091 ( 0.097)	Data  0.011 ( 0.017)	Loss 7.8174e-01 (9.7330e-01)	Acc@1  65.62 ( 59.27)
Epoch: [1][530/886]	Time  0.090 ( 0.097)	Data  0.010 ( 0.017)	Loss 1.0653e+00 (9.7209e-01)	Acc@1  50.00 ( 59.33)
Epoch: [1][540/886]	Time  0.091 ( 0.097)	Data  0.011 ( 0.017)	Loss 1.2547e+00 (9.7248e-01)	Acc@1  56.25 ( 59.35)
Epoch: [1][550/886]	Time  0.091 ( 0.097)	Data  0.011 ( 0.017)	Loss 1.2570e+00 (9.7250e-01)	Acc@1  50.00 ( 59.38)
Epoch: [1][560/886]	Time  0.091 ( 0.097)	Data  0.011 ( 0.017)	Loss 8.0768e-01 (9.7151e-01)	Acc@1  71.88 ( 59.43)
Epoch: [1][570/886]	Time  0.090 ( 0.096)	Data  0.010 ( 0.016)	Loss 9.6750e-01 (9.7275e-01)	Acc@1  59.38 ( 59.38)
Epoch: [1][580/886]	Time  0.090 ( 0.096)	Data  0.010 ( 0.016)	Loss 1.0664e+00 (9.7177e-01)	Acc@1  53.12 ( 59.37)
Epoch: [1][590/886]	Time  0.092 ( 0.096)	Data  0.012 ( 0.016)	Loss 9.6074e-01 (9.7002e-01)	Acc@1  53.12 ( 59.43)
Epoch: [1][600/886]	Time  0.091 ( 0.096)	Data  0.011 ( 0.016)	Loss 1.1094e+00 (9.6946e-01)	Acc@1  56.25 ( 59.47)
Epoch: [1][610/886]	Time  0.084 ( 0.096)	Data  0.004 ( 0.016)	Loss 1.2075e+00 (9.6895e-01)	Acc@1  53.12 ( 59.52)
Epoch: [1][620/886]	Time  0.091 ( 0.096)	Data  0.011 ( 0.016)	Loss 1.0680e+00 (9.6787e-01)	Acc@1  46.88 ( 59.60)
Epoch: [1][630/886]	Time  0.091 ( 0.096)	Data  0.011 ( 0.016)	Loss 8.7474e-01 (9.6650e-01)	Acc@1  65.62 ( 59.68)
Epoch: [1][640/886]	Time  0.091 ( 0.096)	Data  0.011 ( 0.016)	Loss 7.9545e-01 (9.6659e-01)	Acc@1  71.88 ( 59.67)
Epoch: [1][650/886]	Time  0.091 ( 0.096)	Data  0.011 ( 0.016)	Loss 1.2551e+00 (9.6661e-01)	Acc@1  53.12 ( 59.66)
Epoch: [1][660/886]	Time  0.092 ( 0.096)	Data  0.012 ( 0.016)	Loss 7.5934e-01 (9.6581e-01)	Acc@1  65.62 ( 59.68)
Epoch: [1][670/886]	Time  0.090 ( 0.096)	Data  0.009 ( 0.016)	Loss 7.1048e-01 (9.6604e-01)	Acc@1  65.62 ( 59.69)
Epoch: [1][680/886]	Time  0.091 ( 0.096)	Data  0.010 ( 0.016)	Loss 8.2601e-01 (9.6519e-01)	Acc@1  59.38 ( 59.68)
Epoch: [1][690/886]	Time  0.091 ( 0.096)	Data  0.010 ( 0.015)	Loss 1.1777e+00 (9.6537e-01)	Acc@1  59.38 ( 59.71)
Epoch: [1][700/886]	Time  0.090 ( 0.095)	Data  0.009 ( 0.015)	Loss 1.1915e+00 (9.6539e-01)	Acc@1  46.88 ( 59.69)
Epoch: [1][710/886]	Time  0.091 ( 0.095)	Data  0.009 ( 0.015)	Loss 8.2898e-01 (9.6510e-01)	Acc@1  68.75 ( 59.71)
Epoch: [1][720/886]	Time  0.092 ( 0.095)	Data  0.010 ( 0.015)	Loss 1.0089e+00 (9.6490e-01)	Acc@1  56.25 ( 59.70)
Epoch: [1][730/886]	Time  0.091 ( 0.095)	Data  0.009 ( 0.015)	Loss 8.5557e-01 (9.6406e-01)	Acc@1  65.62 ( 59.73)
Epoch: [1][740/886]	Time  0.090 ( 0.095)	Data  0.009 ( 0.015)	Loss 9.3276e-01 (9.6419e-01)	Acc@1  65.62 ( 59.75)
Epoch: [1][750/886]	Time  0.091 ( 0.095)	Data  0.010 ( 0.015)	Loss 9.9397e-01 (9.6378e-01)	Acc@1  53.12 ( 59.77)
Epoch: [1][760/886]	Time  0.092 ( 0.095)	Data  0.012 ( 0.015)	Loss 7.6679e-01 (9.6301e-01)	Acc@1  56.25 ( 59.80)
Epoch: [1][770/886]	Time  0.091 ( 0.095)	Data  0.011 ( 0.015)	Loss 9.7065e-01 (9.6186e-01)	Acc@1  62.50 ( 59.84)
Epoch: [1][780/886]	Time  0.092 ( 0.095)	Data  0.011 ( 0.015)	Loss 8.6880e-01 (9.6056e-01)	Acc@1  62.50 ( 59.90)
Epoch: [1][790/886]	Time  0.091 ( 0.095)	Data  0.011 ( 0.015)	Loss 8.1719e-01 (9.5986e-01)	Acc@1  68.75 ( 59.92)
Epoch: [1][800/886]	Time  0.091 ( 0.095)	Data  0.011 ( 0.015)	Loss 9.0434e-01 (9.5981e-01)	Acc@1  59.38 ( 59.91)
Epoch: [1][810/886]	Time  0.091 ( 0.095)	Data  0.011 ( 0.015)	Loss 1.0795e+00 (9.6049e-01)	Acc@1  50.00 ( 59.87)
Epoch: [1][820/886]	Time  0.091 ( 0.095)	Data  0.011 ( 0.015)	Loss 9.4231e-01 (9.6013e-01)	Acc@1  56.25 ( 59.87)
Epoch: [1][830/886]	Time  0.091 ( 0.095)	Data  0.011 ( 0.015)	Loss 1.1585e+00 (9.6013e-01)	Acc@1  50.00 ( 59.89)
Epoch: [1][840/886]	Time  0.092 ( 0.095)	Data  0.012 ( 0.015)	Loss 9.4091e-01 (9.5977e-01)	Acc@1  50.00 ( 59.88)
Epoch: [1][850/886]	Time  0.091 ( 0.095)	Data  0.011 ( 0.015)	Loss 1.0073e+00 (9.5944e-01)	Acc@1  56.25 ( 59.90)
Epoch: [1][860/886]	Time  0.091 ( 0.095)	Data  0.011 ( 0.014)	Loss 9.0188e-01 (9.5860e-01)	Acc@1  65.62 ( 59.96)
Epoch: [1][870/886]	Time  0.090 ( 0.095)	Data  0.010 ( 0.014)	Loss 9.0281e-01 (9.5754e-01)	Acc@1  56.25 ( 60.01)
Epoch: [1][880/886]	Time  0.091 ( 0.095)	Data  0.011 ( 0.014)	Loss 1.0004e+00 (9.5685e-01)	Acc@1  59.38 ( 60.10)
[W CudaIPCTypes.cpp:22] Producer process has been terminated before all shared CUDA tensors released. See Note [Sharing CUDA tensors]
Test: [  0/222]	Time  3.589 ( 3.589)	Loss 1.1800e+00 (1.1800e+00)	Acc@1  50.00 ( 50.00)	Acc C1  14.29 ( 14.29)	Acc C2  45.45 ( 45.45)	Acc C3  62.50 ( 62.50)	Acc C4  83.33 ( 83.33)
Test: [ 10/222]	Time  0.033 ( 0.356)	Loss 8.4152e-01 (1.2000e+00)	Acc@1  65.62 ( 54.26)	Acc C1  25.00 ( 29.85)	Acc C2  44.44 ( 46.53)	Acc C3  57.14 ( 34.94)	Acc C4 100.00 ( 94.06)
Test: [ 20/222]	Time  0.033 ( 0.202)	Loss 1.0754e+00 (1.1521e+00)	Acc@1  56.25 ( 55.80)	Acc C1  33.33 ( 32.28)	Acc C2  40.00 ( 46.20)	Acc C3  25.00 ( 35.71)	Acc C4  92.31 ( 93.72)
Test: [ 30/222]	Time  0.033 ( 0.148)	Loss 1.3362e+00 (1.1193e+00)	Acc@1  50.00 ( 56.45)	Acc C1  16.67 ( 29.47)	Acc C2  50.00 ( 44.07)	Acc C3  14.29 ( 41.36)	Acc C4 100.00 ( 94.23)
Test: [ 40/222]	Time  0.033 ( 0.120)	Loss 8.7144e-01 (1.1207e+00)	Acc@1  71.88 ( 56.40)	Acc C1   0.00 ( 26.83)	Acc C2  63.64 ( 44.32)	Acc C3  66.67 ( 40.49)	Acc C4 100.00 ( 94.77)
Test: [ 50/222]	Time  0.033 ( 0.103)	Loss 1.2952e+00 (1.1000e+00)	Acc@1  50.00 ( 56.99)	Acc C1  27.27 ( 27.48)	Acc C2  33.33 ( 45.27)	Acc C3  60.00 ( 41.34)	Acc C4 100.00 ( 95.36)
Test: [ 60/222]	Time  0.033 ( 0.091)	Loss 7.5751e-01 (1.1025e+00)	Acc@1  71.88 ( 56.51)	Acc C1  33.33 ( 25.65)	Acc C2  72.73 ( 45.45)	Acc C3  33.33 ( 41.26)	Acc C4 100.00 ( 94.63)
Test: [ 70/222]	Time  0.034 ( 0.083)	Loss 7.4645e-01 (1.1053e+00)	Acc@1  71.88 ( 55.94)	Acc C1  50.00 ( 24.94)	Acc C2  64.29 ( 45.14)	Acc C3  62.50 ( 41.37)	Acc C4 100.00 ( 94.59)
Test: [ 80/222]	Time  0.033 ( 0.077)	Loss 1.5893e+00 (1.1170e+00)	Acc@1  31.25 ( 55.75)	Acc C1  33.33 ( 25.05)	Acc C2  11.11 ( 44.02)	Acc C3  10.00 ( 42.48)	Acc C4  85.71 ( 94.48)
Test: [ 90/222]	Time  0.033 ( 0.072)	Loss 9.2181e-01 (1.1170e+00)	Acc@1  59.38 ( 55.73)	Acc C1  50.00 ( 26.10)	Acc C2  60.00 ( 44.63)	Acc C3  40.00 ( 41.52)	Acc C4  87.50 ( 94.26)
Test: [100/222]	Time  0.033 ( 0.068)	Loss 1.4080e+00 (1.1192e+00)	Acc@1  43.75 ( 55.48)	Acc C1  16.67 ( 25.86)	Acc C2  33.33 ( 44.81)	Acc C3  33.33 ( 41.24)	Acc C4  87.50 ( 93.89)
Test: [110/222]	Time  0.033 ( 0.065)	Loss 1.2216e+00 (1.1127e+00)	Acc@1  56.25 ( 55.49)	Acc C1  40.00 ( 25.47)	Acc C2  50.00 ( 44.76)	Acc C3  25.00 ( 40.55)	Acc C4  90.91 ( 93.89)
Test: [120/222]	Time  0.033 ( 0.062)	Loss 1.1611e+00 (1.1270e+00)	Acc@1  53.12 ( 55.06)	Acc C1  30.00 ( 25.07)	Acc C2  50.00 ( 44.85)	Acc C3  71.43 ( 39.66)	Acc C4  80.00 ( 93.61)
Test: [130/222]	Time  0.033 ( 0.060)	Loss 1.3223e+00 (1.1245e+00)	Acc@1  40.62 ( 54.89)	Acc C1  30.77 ( 24.67)	Acc C2  50.00 ( 45.08)	Acc C3  16.67 ( 39.64)	Acc C4 100.00 ( 93.79)
Test: [140/222]	Time  0.033 ( 0.058)	Loss 1.0794e+00 (1.1253e+00)	Acc@1  56.25 ( 54.90)	Acc C1  16.67 ( 24.91)	Acc C2  33.33 ( 44.87)	Acc C3  50.00 ( 39.63)	Acc C4 100.00 ( 94.00)
Test: [150/222]	Time  0.033 ( 0.057)	Loss 1.3697e+00 (1.1260e+00)	Acc@1  43.75 ( 54.95)	Acc C1  16.67 ( 25.23)	Acc C2  33.33 ( 45.06)	Acc C3  25.00 ( 39.22)	Acc C4 100.00 ( 94.11)
Test: [160/222]	Time  0.033 ( 0.055)	Loss 8.7899e-01 (1.1296e+00)	Acc@1  65.62 ( 54.87)	Acc C1  44.44 ( 26.01)	Acc C2  83.33 ( 44.83)	Acc C3  28.57 ( 38.71)	Acc C4 100.00 ( 93.86)
Test: [170/222]	Time  0.033 ( 0.054)	Loss 8.4379e-01 (1.1276e+00)	Acc@1  68.75 ( 54.95)	Acc C1  14.29 ( 25.50)	Acc C2  83.33 ( 44.95)	Acc C3  66.67 ( 39.20)	Acc C4 100.00 ( 94.09)
Test: [180/222]	Time  0.033 ( 0.053)	Loss 1.3402e+00 (1.1277e+00)	Acc@1  59.38 ( 54.99)	Acc C1  20.00 ( 25.14)	Acc C2  33.33 ( 45.13)	Acc C3  42.86 ( 38.93)	Acc C4  92.86 ( 94.07)
Test: [190/222]	Time  0.033 ( 0.052)	Loss 1.3572e+00 (1.1242e+00)	Acc@1  46.88 ( 55.10)	Acc C1  40.00 ( 25.47)	Acc C2  10.00 ( 44.99)	Acc C3  42.86 ( 39.28)	Acc C4  90.00 ( 94.06)
Test: [200/222]	Time  0.033 ( 0.051)	Loss 8.4042e-01 (1.1262e+00)	Acc@1  62.50 ( 55.07)	Acc C1   0.00 ( 25.36)	Acc C2  45.45 ( 45.19)	Acc C3  75.00 ( 39.14)	Acc C4  92.31 ( 94.09)
Test: [210/222]	Time  0.033 ( 0.050)	Loss 1.6342e+00 (1.1293e+00)	Acc@1  40.62 ( 54.92)	Acc C1  33.33 ( 25.47)	Acc C2   0.00 ( 44.77)	Acc C3  14.29 ( 38.89)	Acc C4  90.91 ( 94.08)
Test: [220/222]	Time  0.033 ( 0.049)	Loss 1.4337e+00 (1.1388e+00)	Acc@1  43.75 ( 54.62)	Acc C1  28.57 ( 25.23)	Acc C2  57.14 ( 44.81)	Acc C3  12.50 ( 38.66)	Acc C4  70.00 ( 93.96)
 * Acc 54.635
              precision    recall  f1-score   support

           0       0.60      0.25      0.36      1287
           1       0.44      0.45      0.44      1967
           2       0.57      0.39      0.46      1691
           3       0.59      0.94      0.73      2142

    accuracy                           0.55      7087
   macro avg       0.55      0.51      0.50      7087
weighted avg       0.55      0.55      0.52      7087

[W CudaIPCTypes.cpp:22] Producer process has been terminated before all shared CUDA tensors released. See Note [Sharing CUDA tensors]
Epoch: [2][  0/886]	Time  3.360 ( 3.360)	Data  3.279 ( 3.279)	Loss 6.4528e-01 (6.4528e-01)	Acc@1  68.75 ( 68.75)
Epoch: [2][ 10/886]	Time  0.091 ( 0.388)	Data  0.010 ( 0.307)	Loss 8.9647e-01 (9.4361e-01)	Acc@1  59.38 ( 58.81)
Epoch: [2][ 20/886]	Time  0.089 ( 0.246)	Data  0.008 ( 0.165)	Loss 9.3628e-01 (9.1343e-01)	Acc@1  65.62 ( 62.05)
Epoch: [2][ 30/886]	Time  0.090 ( 0.196)	Data  0.008 ( 0.114)	Loss 1.0084e+00 (8.9742e-01)	Acc@1  53.12 ( 62.60)
Epoch: [2][ 40/886]	Time  0.090 ( 0.170)	Data  0.008 ( 0.089)	Loss 9.7736e-01 (8.9601e-01)	Acc@1  59.38 ( 62.27)
Epoch: [2][ 50/886]	Time  0.090 ( 0.154)	Data  0.009 ( 0.073)	Loss 8.0877e-01 (8.9047e-01)	Acc@1  59.38 ( 62.93)
Epoch: [2][ 60/886]	Time  0.090 ( 0.144)	Data  0.008 ( 0.062)	Loss 1.0409e+00 (8.8826e-01)	Acc@1  50.00 ( 62.70)
Epoch: [2][ 70/886]	Time  0.090 ( 0.136)	Data  0.009 ( 0.055)	Loss 1.0322e+00 (8.8928e-01)	Acc@1  50.00 ( 62.28)
Epoch: [2][ 80/886]	Time  0.091 ( 0.131)	Data  0.009 ( 0.049)	Loss 7.0108e-01 (8.8752e-01)	Acc@1  71.88 ( 62.46)
Epoch: [2][ 90/886]	Time  0.091 ( 0.126)	Data  0.009 ( 0.045)	Loss 8.6043e-01 (8.8898e-01)	Acc@1  59.38 ( 62.57)
Epoch: [2][100/886]	Time  0.090 ( 0.123)	Data  0.008 ( 0.041)	Loss 9.9961e-01 (8.9099e-01)	Acc@1  59.38 ( 62.62)
Epoch: [2][110/886]	Time  0.090 ( 0.120)	Data  0.009 ( 0.038)	Loss 8.6049e-01 (8.8795e-01)	Acc@1  65.62 ( 62.75)
Epoch: [2][120/886]	Time  0.090 ( 0.117)	Data  0.009 ( 0.036)	Loss 8.1721e-01 (8.8807e-01)	Acc@1  59.38 ( 62.71)
Epoch: [2][130/886]	Time  0.090 ( 0.115)	Data  0.009 ( 0.034)	Loss 8.0971e-01 (8.8466e-01)	Acc@1  62.50 ( 62.91)
Epoch: [2][140/886]	Time  0.091 ( 0.113)	Data  0.010 ( 0.032)	Loss 1.1965e+00 (8.8565e-01)	Acc@1  59.38 ( 62.94)
Epoch: [2][150/886]	Time  0.090 ( 0.112)	Data  0.009 ( 0.030)	Loss 9.2293e-01 (8.8687e-01)	Acc@1  62.50 ( 62.87)
Epoch: [2][160/886]	Time  0.091 ( 0.111)	Data  0.009 ( 0.029)	Loss 8.9238e-01 (8.8335e-01)	Acc@1  62.50 ( 63.14)
Epoch: [2][170/886]	Time  0.091 ( 0.109)	Data  0.010 ( 0.028)	Loss 9.4003e-01 (8.8293e-01)	Acc@1  65.62 ( 63.10)
Epoch: [2][180/886]	Time  0.091 ( 0.108)	Data  0.009 ( 0.027)	Loss 6.1737e-01 (8.8382e-01)	Acc@1  75.00 ( 63.28)
Epoch: [2][190/886]	Time  0.091 ( 0.107)	Data  0.009 ( 0.026)	Loss 9.0338e-01 (8.8685e-01)	Acc@1  65.62 ( 63.20)
Epoch: [2][200/886]	Time  0.090 ( 0.107)	Data  0.009 ( 0.025)	Loss 7.1422e-01 (8.8305e-01)	Acc@1  71.88 ( 63.31)
Epoch: [2][210/886]	Time  0.090 ( 0.106)	Data  0.009 ( 0.024)	Loss 7.5137e-01 (8.7999e-01)	Acc@1  65.62 ( 63.48)
Epoch: [2][220/886]	Time  0.119 ( 0.105)	Data  0.037 ( 0.024)	Loss 7.7602e-01 (8.7837e-01)	Acc@1  65.62 ( 63.46)
Epoch: [2][230/886]	Time  0.089 ( 0.104)	Data  0.008 ( 0.023)	Loss 9.6725e-01 (8.7647e-01)	Acc@1  59.38 ( 63.57)
Epoch: [2][240/886]	Time  0.091 ( 0.104)	Data  0.010 ( 0.022)	Loss 8.5970e-01 (8.7558e-01)	Acc@1  62.50 ( 63.67)
Epoch: [2][250/886]	Time  0.090 ( 0.103)	Data  0.009 ( 0.022)	Loss 8.8864e-01 (8.7397e-01)	Acc@1  65.62 ( 63.79)
Epoch: [2][260/886]	Time  0.090 ( 0.103)	Data  0.009 ( 0.021)	Loss 9.2786e-01 (8.7317e-01)	Acc@1  75.00 ( 64.00)
Epoch: [2][270/886]	Time  0.090 ( 0.102)	Data  0.009 ( 0.021)	Loss 6.7333e-01 (8.7160e-01)	Acc@1  71.88 ( 64.02)
Epoch: [2][280/886]	Time  0.090 ( 0.102)	Data  0.008 ( 0.020)	Loss 9.7118e-01 (8.7540e-01)	Acc@1  53.12 ( 63.78)
Epoch: [2][290/886]	Time  0.091 ( 0.101)	Data  0.009 ( 0.020)	Loss 8.3668e-01 (8.7510e-01)	Acc@1  65.62 ( 63.73)
Epoch: [2][300/886]	Time  0.090 ( 0.101)	Data  0.008 ( 0.020)	Loss 6.1564e-01 (8.7417e-01)	Acc@1  78.12 ( 63.86)
Epoch: [2][310/886]	Time  0.090 ( 0.101)	Data  0.009 ( 0.019)	Loss 7.9445e-01 (8.7507e-01)	Acc@1  75.00 ( 63.84)
Epoch: [2][320/886]	Time  0.091 ( 0.100)	Data  0.009 ( 0.019)	Loss 9.0474e-01 (8.7479e-01)	Acc@1  59.38 ( 63.82)
Epoch: [2][330/886]	Time  0.090 ( 0.100)	Data  0.009 ( 0.019)	Loss 7.3755e-01 (8.7455e-01)	Acc@1  75.00 ( 63.81)
Epoch: [2][340/886]	Time  0.091 ( 0.100)	Data  0.009 ( 0.018)	Loss 6.3289e-01 (8.7439e-01)	Acc@1  81.25 ( 63.76)
Epoch: [2][350/886]	Time  0.090 ( 0.100)	Data  0.009 ( 0.018)	Loss 1.1165e+00 (8.7498e-01)	Acc@1  40.62 ( 63.74)
Epoch: [2][360/886]	Time  0.090 ( 0.099)	Data  0.008 ( 0.018)	Loss 1.1500e+00 (8.7591e-01)	Acc@1  46.88 ( 63.82)
Epoch: [2][370/886]	Time  0.091 ( 0.099)	Data  0.009 ( 0.018)	Loss 8.7589e-01 (8.7520e-01)	Acc@1  56.25 ( 63.82)
Epoch: [2][380/886]	Time  0.090 ( 0.099)	Data  0.009 ( 0.017)	Loss 1.2933e+00 (8.7455e-01)	Acc@1  40.62 ( 63.81)
Epoch: [2][390/886]	Time  0.090 ( 0.099)	Data  0.009 ( 0.017)	Loss 1.0376e+00 (8.7445e-01)	Acc@1  50.00 ( 63.75)
Epoch: [2][400/886]	Time  0.090 ( 0.098)	Data  0.008 ( 0.017)	Loss 1.1477e+00 (8.7387e-01)	Acc@1  40.62 ( 63.75)
Epoch: [2][410/886]	Time  0.090 ( 0.098)	Data  0.009 ( 0.017)	Loss 7.9219e-01 (8.7353e-01)	Acc@1  71.88 ( 63.76)
Epoch: [2][420/886]	Time  0.091 ( 0.098)	Data  0.009 ( 0.017)	Loss 8.4354e-01 (8.7290e-01)	Acc@1  65.62 ( 63.81)
Epoch: [2][430/886]	Time  0.090 ( 0.098)	Data  0.008 ( 0.016)	Loss 8.7804e-01 (8.7220e-01)	Acc@1  53.12 ( 63.83)
Epoch: [2][440/886]	Time  0.090 ( 0.098)	Data  0.009 ( 0.016)	Loss 6.1866e-01 (8.6995e-01)	Acc@1  75.00 ( 63.91)
Epoch: [2][450/886]	Time  0.090 ( 0.097)	Data  0.008 ( 0.016)	Loss 1.1507e+00 (8.7004e-01)	Acc@1  53.12 ( 63.89)
Epoch: [2][460/886]	Time  0.090 ( 0.097)	Data  0.008 ( 0.016)	Loss 8.4752e-01 (8.6748e-01)	Acc@1  62.50 ( 64.05)
Epoch: [2][470/886]	Time  0.090 ( 0.097)	Data  0.008 ( 0.016)	Loss 8.5983e-01 (8.6647e-01)	Acc@1  68.75 ( 64.15)
Epoch: [2][480/886]	Time  0.089 ( 0.097)	Data  0.008 ( 0.016)	Loss 8.7687e-01 (8.6599e-01)	Acc@1  59.38 ( 64.14)
Epoch: [2][490/886]	Time  0.089 ( 0.097)	Data  0.009 ( 0.015)	Loss 1.2661e+00 (8.6620e-01)	Acc@1  46.88 ( 64.12)
Epoch: [2][500/886]	Time  0.090 ( 0.097)	Data  0.009 ( 0.015)	Loss 9.8850e-01 (8.6705e-01)	Acc@1  59.38 ( 64.08)
Epoch: [2][510/886]	Time  0.090 ( 0.097)	Data  0.010 ( 0.015)	Loss 8.7824e-01 (8.6587e-01)	Acc@1  62.50 ( 64.20)
Epoch: [2][520/886]	Time  0.089 ( 0.096)	Data  0.009 ( 0.015)	Loss 9.5212e-01 (8.6436e-01)	Acc@1  62.50 ( 64.28)
Epoch: [2][530/886]	Time  0.089 ( 0.096)	Data  0.009 ( 0.015)	Loss 8.1056e-01 (8.6272e-01)	Acc@1  68.75 ( 64.38)
Epoch: [2][540/886]	Time  0.090 ( 0.096)	Data  0.010 ( 0.015)	Loss 6.3880e-01 (8.6321e-01)	Acc@1  59.38 ( 64.30)
Epoch: [2][550/886]	Time  0.090 ( 0.096)	Data  0.010 ( 0.015)	Loss 8.6581e-01 (8.6203e-01)	Acc@1  62.50 ( 64.37)
Epoch: [2][560/886]	Time  0.090 ( 0.096)	Data  0.010 ( 0.015)	Loss 1.0163e+00 (8.6242e-01)	Acc@1  59.38 ( 64.37)
Epoch: [2][570/886]	Time  0.090 ( 0.096)	Data  0.010 ( 0.015)	Loss 6.7791e-01 (8.6197e-01)	Acc@1  75.00 ( 64.40)
Epoch: [2][580/886]	Time  0.090 ( 0.096)	Data  0.010 ( 0.015)	Loss 1.1110e+00 (8.6162e-01)	Acc@1  56.25 ( 64.43)
Epoch: [2][590/886]	Time  0.090 ( 0.096)	Data  0.010 ( 0.014)	Loss 7.3342e-01 (8.6112e-01)	Acc@1  65.62 ( 64.46)
Epoch: [2][600/886]	Time  0.090 ( 0.096)	Data  0.010 ( 0.014)	Loss 6.3952e-01 (8.5990e-01)	Acc@1  71.88 ( 64.51)
Epoch: [2][610/886]	Time  0.090 ( 0.096)	Data  0.010 ( 0.014)	Loss 7.0953e-01 (8.5939e-01)	Acc@1  68.75 ( 64.53)
Epoch: [2][620/886]	Time  0.089 ( 0.095)	Data  0.009 ( 0.014)	Loss 8.9115e-01 (8.5873e-01)	Acc@1  56.25 ( 64.50)
Epoch: [2][630/886]	Time  0.090 ( 0.095)	Data  0.010 ( 0.014)	Loss 9.4532e-01 (8.5909e-01)	Acc@1  71.88 ( 64.48)
Epoch: [2][640/886]	Time  0.090 ( 0.095)	Data  0.009 ( 0.014)	Loss 7.6214e-01 (8.6003e-01)	Acc@1  71.88 ( 64.42)
Epoch: [2][650/886]	Time  0.090 ( 0.095)	Data  0.010 ( 0.014)	Loss 7.8222e-01 (8.5858e-01)	Acc@1  59.38 ( 64.51)
Epoch: [2][660/886]	Time  0.090 ( 0.095)	Data  0.010 ( 0.014)	Loss 7.0049e-01 (8.5789e-01)	Acc@1  71.88 ( 64.56)
Epoch: [2][670/886]	Time  0.089 ( 0.095)	Data  0.009 ( 0.014)	Loss 8.2892e-01 (8.5742e-01)	Acc@1  62.50 ( 64.62)
Epoch: [2][680/886]	Time  0.090 ( 0.095)	Data  0.010 ( 0.014)	Loss 7.8227e-01 (8.5627e-01)	Acc@1  71.88 ( 64.67)
Epoch: [2][690/886]	Time  0.090 ( 0.095)	Data  0.010 ( 0.014)	Loss 9.4136e-01 (8.5665e-01)	Acc@1  65.62 ( 64.67)
Epoch: [2][700/886]	Time  0.090 ( 0.095)	Data  0.009 ( 0.014)	Loss 9.8125e-01 (8.5726e-01)	Acc@1  53.12 ( 64.60)
Epoch: [2][710/886]	Time  0.090 ( 0.095)	Data  0.010 ( 0.014)	Loss 9.2518e-01 (8.5751e-01)	Acc@1  59.38 ( 64.59)
Epoch: [2][720/886]	Time  0.090 ( 0.095)	Data  0.010 ( 0.014)	Loss 8.5684e-01 (8.5785e-01)	Acc@1  65.62 ( 64.53)
Epoch: [2][730/886]	Time  0.091 ( 0.095)	Data  0.011 ( 0.014)	Loss 6.7824e-01 (8.5784e-01)	Acc@1  71.88 ( 64.48)
Epoch: [2][740/886]	Time  0.090 ( 0.095)	Data  0.008 ( 0.014)	Loss 6.9821e-01 (8.5711e-01)	Acc@1  75.00 ( 64.50)
Epoch: [2][750/886]	Time  0.089 ( 0.094)	Data  0.008 ( 0.013)	Loss 5.4495e-01 (8.5644e-01)	Acc@1  81.25 ( 64.51)
Epoch: [2][760/886]	Time  0.090 ( 0.094)	Data  0.008 ( 0.013)	Loss 7.0114e-01 (8.5674e-01)	Acc@1  75.00 ( 64.48)
Epoch: [2][770/886]	Time  0.090 ( 0.094)	Data  0.008 ( 0.013)	Loss 7.5031e-01 (8.5644e-01)	Acc@1  68.75 ( 64.49)
Epoch: [2][780/886]	Time  0.089 ( 0.094)	Data  0.008 ( 0.013)	Loss 5.4738e-01 (8.5604e-01)	Acc@1  84.38 ( 64.48)
Epoch: [2][790/886]	Time  0.090 ( 0.094)	Data  0.009 ( 0.013)	Loss 8.3530e-01 (8.5636e-01)	Acc@1  65.62 ( 64.46)
Epoch: [2][800/886]	Time  0.090 ( 0.094)	Data  0.009 ( 0.013)	Loss 8.7066e-01 (8.5572e-01)	Acc@1  68.75 ( 64.51)
Epoch: [2][810/886]	Time  0.089 ( 0.094)	Data  0.008 ( 0.013)	Loss 8.9484e-01 (8.5457e-01)	Acc@1  59.38 ( 64.57)
Epoch: [2][820/886]	Time  0.090 ( 0.094)	Data  0.009 ( 0.013)	Loss 1.0820e+00 (8.5506e-01)	Acc@1  59.38 ( 64.59)
Epoch: [2][830/886]	Time  0.090 ( 0.094)	Data  0.009 ( 0.013)	Loss 6.8724e-01 (8.5433e-01)	Acc@1  75.00 ( 64.61)
Epoch: [2][840/886]	Time  0.090 ( 0.094)	Data  0.010 ( 0.013)	Loss 8.1365e-01 (8.5405e-01)	Acc@1  71.88 ( 64.63)
Epoch: [2][850/886]	Time  0.089 ( 0.094)	Data  0.009 ( 0.013)	Loss 7.5569e-01 (8.5416e-01)	Acc@1  68.75 ( 64.61)
Epoch: [2][860/886]	Time  0.090 ( 0.094)	Data  0.010 ( 0.013)	Loss 7.9446e-01 (8.5298e-01)	Acc@1  68.75 ( 64.67)
Epoch: [2][870/886]	Time  0.090 ( 0.094)	Data  0.010 ( 0.013)	Loss 8.1745e-01 (8.5350e-01)	Acc@1  71.88 ( 64.67)
Epoch: [2][880/886]	Time  0.090 ( 0.094)	Data  0.010 ( 0.013)	Loss 6.5767e-01 (8.5251e-01)	Acc@1  75.00 ( 64.75)
[W CudaIPCTypes.cpp:22] Producer process has been terminated before all shared CUDA tensors released. See Note [Sharing CUDA tensors]
Test: [  0/222]	Time  3.602 ( 3.602)	Loss 1.2186e+00 (1.2186e+00)	Acc@1  50.00 ( 50.00)	Acc C1  14.29 ( 14.29)	Acc C2  36.36 ( 36.36)	Acc C3  75.00 ( 75.00)	Acc C4  83.33 ( 83.33)
Test: [ 10/222]	Time  0.033 ( 0.357)	Loss 1.0183e+00 (1.1392e+00)	Acc@1  65.62 ( 61.36)	Acc C1   0.00 ( 22.39)	Acc C2  55.56 ( 63.37)	Acc C3  71.43 ( 56.63)	Acc C4  91.67 ( 89.11)
Test: [ 20/222]	Time  0.033 ( 0.203)	Loss 1.3501e+00 (1.1468e+00)	Acc@1  56.25 ( 60.86)	Acc C1   0.00 ( 20.47)	Acc C2  60.00 ( 61.41)	Acc C3  50.00 ( 56.49)	Acc C4  84.62 ( 88.41)
Test: [ 30/222]	Time  0.033 ( 0.148)	Loss 1.5064e+00 (1.1572e+00)	Acc@1  59.38 ( 60.38)	Acc C1  33.33 ( 21.58)	Acc C2  60.00 ( 58.15)	Acc C3  42.86 ( 57.73)	Acc C4  88.89 ( 87.82)
Test: [ 40/222]	Time  0.033 ( 0.120)	Loss 9.2062e-01 (1.1484e+00)	Acc@1  68.75 ( 60.37)	Acc C1   0.00 ( 21.95)	Acc C2  54.55 ( 56.23)	Acc C3  83.33 ( 57.75)	Acc C4  91.67 ( 88.12)
Test: [ 50/222]	Time  0.034 ( 0.103)	Loss 1.1789e+00 (1.1242e+00)	Acc@1  53.12 ( 61.46)	Acc C1  18.18 ( 21.85)	Acc C2  33.33 ( 57.58)	Acc C3  80.00 ( 59.78)	Acc C4 100.00 ( 89.17)
Test: [ 60/222]	Time  0.033 ( 0.092)	Loss 6.3196e-01 (1.1203e+00)	Acc@1  68.75 ( 61.17)	Acc C1   0.00 ( 21.33)	Acc C2  63.64 ( 57.40)	Acc C3  66.67 ( 58.51)	Acc C4  91.67 ( 88.94)
Test: [ 70/222]	Time  0.033 ( 0.083)	Loss 7.7463e-01 (1.1238e+00)	Acc@1  71.88 ( 60.83)	Acc C1  50.00 ( 21.79)	Acc C2  64.29 ( 56.08)	Acc C3  87.50 ( 59.64)	Acc C4  75.00 ( 89.05)
Test: [ 80/222]	Time  0.033 ( 0.077)	Loss 1.2719e+00 (1.1289e+00)	Acc@1  53.12 ( 60.42)	Acc C1  66.67 ( 22.29)	Acc C2  22.22 ( 54.26)	Acc C3  50.00 ( 60.49)	Acc C4  85.71 ( 88.71)
Test: [ 90/222]	Time  0.034 ( 0.072)	Loss 1.0769e+00 (1.1209e+00)	Acc@1  62.50 ( 60.68)	Acc C1   0.00 ( 22.67)	Acc C2  70.00 ( 54.65)	Acc C3  60.00 ( 60.91)	Acc C4  87.50 ( 88.64)
Test: [100/222]	Time  0.033 ( 0.069)	Loss 1.5403e+00 (1.1268e+00)	Acc@1  53.12 ( 60.52)	Acc C1  16.67 ( 21.75)	Acc C2  44.44 ( 55.19)	Acc C3  55.56 ( 60.92)	Acc C4  87.50 ( 88.29)
Test: [110/222]	Time  0.033 ( 0.065)	Loss 8.8813e-01 (1.1253e+00)	Acc@1  62.50 ( 60.36)	Acc C1  40.00 ( 21.74)	Acc C2  75.00 ( 55.04)	Acc C3  50.00 ( 60.58)	Acc C4  72.73 ( 87.78)
Test: [120/222]	Time  0.033 ( 0.063)	Loss 1.2986e+00 (1.1413e+00)	Acc@1  50.00 ( 59.79)	Acc C1  30.00 ( 21.37)	Acc C2  60.00 ( 54.34)	Acc C3  57.14 ( 59.89)	Acc C4  60.00 ( 87.47)
Test: [130/222]	Time  0.033 ( 0.061)	Loss 1.6037e+00 (1.1350e+00)	Acc@1  53.12 ( 60.02)	Acc C1  23.08 ( 21.41)	Acc C2  60.00 ( 55.01)	Acc C3  83.33 ( 60.25)	Acc C4 100.00 ( 87.81)
Test: [140/222]	Time  0.033 ( 0.059)	Loss 1.1516e+00 (1.1369e+00)	Acc@1  59.38 ( 60.22)	Acc C1  16.67 ( 21.52)	Acc C2  44.44 ( 55.20)	Acc C3  83.33 ( 60.57)	Acc C4  81.82 ( 88.14)
Test: [150/222]	Time  0.033 ( 0.057)	Loss 1.2487e+00 (1.1302e+00)	Acc@1  56.25 ( 60.26)	Acc C1   0.00 ( 21.14)	Acc C2  50.00 ( 55.44)	Acc C3  58.33 ( 60.14)	Acc C4 100.00 ( 88.50)
Test: [160/222]	Time  0.033 ( 0.055)	Loss 8.9364e-01 (1.1275e+00)	Acc@1  71.88 ( 60.44)	Acc C1  33.33 ( 21.96)	Acc C2  83.33 ( 55.65)	Acc C3  71.43 ( 60.20)	Acc C4 100.00 ( 88.17)
Test: [170/222]	Time  0.033 ( 0.054)	Loss 8.9168e-01 (1.1200e+00)	Acc@1  68.75 ( 60.58)	Acc C1  14.29 ( 22.50)	Acc C2  83.33 ( 55.70)	Acc C3  66.67 ( 60.25)	Acc C4 100.00 ( 88.31)
Test: [180/222]	Time  0.033 ( 0.053)	Loss 1.4698e+00 (1.1142e+00)	Acc@1  62.50 ( 60.79)	Acc C1  20.00 ( 22.78)	Acc C2  33.33 ( 55.61)	Acc C3  57.14 ( 60.33)	Acc C4  92.86 ( 88.59)
Test: [190/222]	Time  0.033 ( 0.052)	Loss 1.1164e+00 (1.1140e+00)	Acc@1  59.38 ( 60.77)	Acc C1  20.00 ( 22.87)	Acc C2  30.00 ( 55.07)	Acc C3  71.43 ( 60.58)	Acc C4 100.00 ( 88.71)
Test: [200/222]	Time  0.034 ( 0.051)	Loss 7.2840e-01 (1.1159e+00)	Acc@1  75.00 ( 60.73)	Acc C1  75.00 ( 23.08)	Acc C2  36.36 ( 55.03)	Acc C3 100.00 ( 60.65)	Acc C4 100.00 ( 88.65)
Test: [210/222]	Time  0.033 ( 0.050)	Loss 1.2836e+00 (1.1122e+00)	Acc@1  50.00 ( 60.72)	Acc C1   0.00 ( 23.27)	Acc C2   0.00 ( 54.75)	Acc C3  42.86 ( 60.42)	Acc C4  90.91 ( 88.74)
Test: [220/222]	Time  0.034 ( 0.049)	Loss 9.2413e-01 (1.1173e+00)	Acc@1  62.50 ( 60.58)	Acc C1  28.57 ( 22.98)	Acc C2  57.14 ( 54.63)	Acc C3  50.00 ( 60.15)	Acc C4 100.00 ( 88.99)
 * Acc 60.562
              precision    recall  f1-score   support

           0       0.72      0.23      0.35      1287
           1       0.52      0.55      0.53      1967
           2       0.55      0.60      0.57      1691
           3       0.69      0.89      0.78      2142

    accuracy                           0.61      7087
   macro avg       0.62      0.57      0.56      7087
weighted avg       0.61      0.61      0.58      7087

