This job can be monitored from: https://scruffy.c3se.chalmers.se/d/alvis-job/alvis-job?var-jobid=61995&from=1618342798000
/tmp/slurmd/job61995/slurm_script: line 10: deactivate: command not found
/tmp/slurmd/job61995/slurm_script: line 17: start: command not found
Starting at Tue Apr 13 21:39:58 CEST 2021
Job Name - EffNet
Running on hosts: alvis2-01
Running on 1 nodes.
Running 1 tasks.
Current working directory is /cephyr/users/filipfri/Alvis/BscProject
['Iteration_2/Output_No_filter/', 'Iteration_2/Output_Macenko/', 'Iteration_2/Output_Reinhard/', 'Iteration_2/Output_SCD/']
Testing set : 
Successfully loaded: N10_1_1
Successfully loaded: N10_1_2
Successfully loaded: N10_1_3
Successfully loaded: N10_2_1
Successfully loaded: N10_2_2
Successfully loaded: P13_1_1
Successfully loaded: P13_1_2
Successfully loaded: P13_2_1
Successfully loaded: P13_2_2
Successfully loaded: P28_7_5
Successfully loaded: P28_8_5
Successfully loaded: P28_10_4
Successfully loaded: P28_10_5
Loaded pretrained weights for efficientnet-b0
=> using pre-trained model 'efficientnet-b0'
[W CudaIPCTypes.cpp:22] Producer process has been terminated before all shared CUDA tensors released. See Note [Sharing CUDA tensors]
Test: [  0/354]	Time  4.107 ( 4.107)	Loss 1.8737e+00 (1.8737e+00)	Acc@1  46.88 ( 46.88)	Acc C1   0.00 (  0.00)	Acc C2   0.00 (  0.00)	Acc C3   0.00 (  0.00)	Acc C4  46.88 ( 46.88)
Test: [100/354]	Time  0.062 ( 0.101)	Loss 2.7898e+00 (2.3311e+00)	Acc@1  37.50 ( 55.60)	Acc C1  12.50 ( 10.62)	Acc C2  55.56 ( 52.14)	Acc C3  40.00 ( 40.39)	Acc C4   0.00 ( 72.09)
Test: [200/354]	Time  0.061 ( 0.081)	Loss 2.7506e+00 (2.1852e+00)	Acc@1  40.62 ( 59.70)	Acc C1   0.00 ( 11.23)	Acc C2  39.13 ( 31.73)	Acc C3 100.00 ( 42.75)	Acc C4   0.00 ( 82.02)
Test: [300/354]	Time  0.061 ( 0.075)	Loss 7.8711e-01 (2.3413e+00)	Acc@1  84.38 ( 57.67)	Acc C1   0.00 ( 11.86)	Acc C2   0.00 ( 26.44)	Acc C3  38.89 ( 50.41)	Acc C4  87.10 ( 83.80)
 * Acc 55.867
classification report:
              precision    recall  f1-score   support

           0       0.22      0.11      0.15      1141
           1       0.30      0.25      0.27      2324
           2       0.53      0.53      0.53      3196
           3       0.70      0.84      0.76      4657

    accuracy                           0.56     11318
   macro avg       0.44      0.43      0.43     11318
weighted avg       0.52      0.56      0.53     11318

confusion matrix:
      t\p     0     1     2     3 
       0    129   333   456   223 
       1    227   577   689   831 
       2    158   703  1686   649 
       3     70   333   323  3931 

Traceback (most recent call last):
  File "ensemble.py", line 290, in <module>
    main()
  File "ensemble.py", line 185, in main
    if y_pred_per_filter["True"]:
KeyError: 'True'
Program finished with exit code 1 at: Tue Apr 13 21:40:49 CEST 2021
done
