This job can be monitored from: https://scruffy.c3se.chalmers.se/d/alvis-job/alvis-job?var-jobid=60351&from=1617711194000
/tmp/slurmd/job60351/slurm_script: line 10: deactivate: command not found
Starting at Tue Apr  6 14:13:14 CEST 2021
Job Name - EffNet
Running on hosts: alvis1-13
Running on 1 nodes.
Running 1 tasks.
Current working directory is /cephyr/users/filipfri/Alvis/BscProject
10.2
tensor([1.], device='cuda:0')
Using image size:  224
Using filter  _Macenko
Traceback (most recent call last):
  File "main.py", line 307, in <module>
    main()
  File "main.py", line 192, in main
    train_images, train_labels = parseData(basePath=args.data,filter_name=filter, label_paths=train_label_paths, class_names=class_names,et_name="Training set")
TypeError: parseData() got an unexpected keyword argument 'et_name'
--------------------------NEXT TRAINING SESSION ---------------------------
10.2
tensor([1.], device='cuda:0')
Using image size:  224
Using filter  _Reinhard
Traceback (most recent call last):
  File "main.py", line 307, in <module>
    main()
  File "main.py", line 192, in main
    train_images, train_labels = parseData(basePath=args.data,filter_name=filter, label_paths=train_label_paths, class_names=class_names,et_name="Training set")
TypeError: parseData() got an unexpected keyword argument 'et_name'
Program finished with exit code 1 at: Tue Apr  6 14:14:09 CEST 2021
Shiny stickers good I has templates
