This job can be monitored from: https://scruffy.c3se.chalmers.se/d/alvis-job/alvis-job?var-jobid=60089&from=1617638479000
/tmp/slurmd/job60089/slurm_script: line 10: deactivate: command not found
Starting at Mon Apr  5 18:01:19 CEST 2021
Job Name - EffNet
Running on hosts: alvis1-10
Running on 1 nodes.
Running 1 tasks.
Current working directory is /cephyr/users/filipfri/Alvis/BscProject
10.2
tensor([1.], device='cuda:0')
Using image size:  224
Using filter  
P19_1_1
P19_1_2
P19_2_1
P19_2_2
P19_3_1
P19_3_2
P20_1_3
P20_1_4
P20_2_2
P20_2_3
P20_2_4
P20_3_1
P20_3_2
P20_3_3
P20_4_1
P20_4_2
P20_4_3
P20_5_1
P20_5_2
P20_6_1
P20_6_2
P20_7_1
P20_7_2
P20_8_1
P20_8_2
P20_9_1
P20_9_2
P9_1_1
P9_2_1
P9_2_2
P9_3_1
P9_3_2
P9_4_1
P9_4_2
N10_1_1
N10_1_2
N10_1_3
N10_2_1
N10_2_2
P13_1_1
P13_1_2
P13_2_1
P13_2_2
Traceback (most recent call last):
  File "main.py", line 307, in <module>
    main()
  File "main.py", line 200, in main
    test_images, test_labels = parseData(basePath=args.data, filter_name=filter, label_paths=test_label_paths, class_names=class_names)
  File "/cephyr/users/filipfri/Alvis/BscProject/parseData.py", line 38, in parseData
    labels.append(class_names.index(label))
ValueError: 'w' is not in list
Program finished with exit code 1 at: Mon Apr  5 18:01:48 CEST 2021
git in 60 seconds
