This job can be monitored from: https://scruffy.c3se.chalmers.se/d/alvis-job/alvis-job?var-jobid=61957&from=1618339735000
/tmp/slurmd/job61957/slurm_script: line 10: deactivate: command not found
/tmp/slurmd/job61957/slurm_script: line 17: start: command not found
Starting at Tue Apr 13 20:48:55 CEST 2021
Job Name - EffNet
Running on hosts: alvis2-01
Running on 1 nodes.
Running 1 tasks.
Current working directory is /cephyr/users/filipfri/Alvis/BscProject
['Iteration_2/Output_Macenko/', 'Iteration_2/Output_No_filter/', 'Iteration_2/Output_Reinhard/', 'Iteration_2/Output_SCD/']
Testing set : 
Successfully loaded: N10_1_1
Successfully loaded: N10_1_2
Successfully loaded: N10_1_3
Successfully loaded: N10_2_1
Successfully loaded: N10_2_2
Successfully loaded: P13_1_1
Successfully loaded: P13_1_2
Successfully loaded: P13_2_1
Successfully loaded: P13_2_2
Successfully loaded: P28_7_5
Successfully loaded: P28_8_5
Successfully loaded: P28_10_4
Successfully loaded: P28_10_5
Loaded pretrained weights for efficientnet-b0
=> using pre-trained model 'efficientnet-b0'
[W CudaIPCTypes.cpp:22] Producer process has been terminated before all shared CUDA tensors released. See Note [Sharing CUDA tensors]
Test: [   0/1415]	Time  3.947 ( 3.947)	Loss 1.0610e+00 (1.0610e+00)	Acc@1  75.00 ( 75.00)	Acc C1   0.00 (  0.00)	Acc C2   0.00 (  0.00)	Acc C3   0.00 (  0.00)	Acc C4  75.00 ( 75.00)
Test: [  10/1415]	Time  0.019 ( 0.377)	Loss 2.5858e+00 (1.1216e+00)	Acc@1  62.50 ( 69.32)	Acc C1   0.00 (  0.00)	Acc C2   0.00 (  0.00)	Acc C3   0.00 (  0.00)	Acc C4  62.50 ( 69.32)
Test: [  20/1415]	Time  0.019 ( 0.206)	Loss 3.5662e+00 (1.9253e+00)	Acc@1  37.50 ( 57.14)	Acc C1   0.00 (  0.00)	Acc C2   0.00 (  0.00)	Acc C3 100.00 ( 23.08)	Acc C4  28.57 ( 60.78)
Test: [  30/1415]	Time  0.018 ( 0.146)	Loss 1.3570e+00 (2.0505e+00)	Acc@1  62.50 ( 53.63)	Acc C1   0.00 (  0.00)	Acc C2  33.33 ( 18.18)	Acc C3  75.00 ( 30.00)	Acc C4  62.50 ( 58.96)
Test: [  40/1415]	Time  0.018 ( 0.115)	Loss 9.0302e-01 (2.1164e+00)	Acc@1  62.50 ( 52.13)	Acc C1   0.00 (  0.00)	Acc C2  50.00 ( 23.08)	Acc C3  75.00 ( 30.00)	Acc C4  62.50 ( 56.64)
Test: [  50/1415]	Time  0.018 ( 0.096)	Loss 1.1590e+00 (1.8748e+00)	Acc@1  87.50 ( 57.11)	Acc C1   0.00 (  0.00)	Acc C2  50.00 ( 23.08)	Acc C3  75.00 ( 30.00)	Acc C4  87.50 ( 61.20)
Test: [  60/1415]	Time  0.018 ( 0.083)	Loss 1.0923e+00 (1.6687e+00)	Acc@1  50.00 ( 60.25)	Acc C1   0.00 (  0.00)	Acc C2  50.00 ( 23.08)	Acc C3  75.00 ( 30.00)	Acc C4  50.00 ( 63.90)
Test: [  70/1415]	Time  0.018 ( 0.074)	Loss 8.1381e-01 (1.5039e+00)	Acc@1  62.50 ( 63.03)	Acc C1   0.00 (  0.00)	Acc C2  50.00 ( 23.08)	Acc C3  75.00 ( 30.00)	Acc C4  62.50 ( 66.35)
Test: [  80/1415]	Time  0.018 ( 0.067)	Loss 8.2971e-01 (1.3984e+00)	Acc@1  75.00 ( 64.97)	Acc C1   0.00 (  0.00)	Acc C2  50.00 ( 23.08)	Acc C3  75.00 ( 30.00)	Acc C4  75.00 ( 67.99)
Test: [  90/1415]	Time  0.018 ( 0.062)	Loss 8.8830e-02 (1.2930e+00)	Acc@1 100.00 ( 67.45)	Acc C1   0.00 (  0.00)	Acc C2  50.00 ( 23.08)	Acc C3  75.00 ( 30.00)	Acc C4 100.00 ( 70.26)
Test: [ 100/1415]	Time  0.018 ( 0.057)	Loss 5.8610e-01 (1.1968e+00)	Acc@1  75.00 ( 69.43)	Acc C1   0.00 (  0.00)	Acc C2  50.00 ( 23.08)	Acc C3  75.00 ( 30.00)	Acc C4  75.00 ( 72.06)
Test: [ 110/1415]	Time  0.018 ( 0.054)	Loss 7.3484e-01 (1.1210e+00)	Acc@1  75.00 ( 70.72)	Acc C1   0.00 (  0.00)	Acc C2  50.00 ( 23.08)	Acc C3  75.00 ( 30.00)	Acc C4  75.00 ( 73.17)
Test: [ 120/1415]	Time  0.019 ( 0.051)	Loss 3.7586e+00 (1.1676e+00)	Acc@1  25.00 ( 70.35)	Acc C1   0.00 (  6.67)	Acc C2 100.00 ( 42.11)	Acc C3  33.33 ( 47.17)	Acc C4 100.00 ( 73.44)
Test: [ 130/1415]	Time  0.019 ( 0.049)	Loss 2.1282e+00 (1.2377e+00)	Acc@1  50.00 ( 68.42)	Acc C1   0.00 ( 13.64)	Acc C2   0.00 ( 39.13)	Acc C3  80.00 ( 43.64)	Acc C4   0.00 ( 73.57)
Test: [ 140/1415]	Time  0.019 ( 0.046)	Loss 2.0849e+00 (1.3587e+00)	Acc@1  50.00 ( 66.58)	Acc C1  50.00 ( 15.62)	Acc C2   0.00 ( 42.31)	Acc C3  50.00 ( 41.46)	Acc C4  60.00 ( 73.62)
Test: [ 150/1415]	Time  0.019 ( 0.045)	Loss 4.5763e+00 (1.4468e+00)	Acc@1  25.00 ( 65.15)	Acc C1   0.00 ( 15.00)	Acc C2 100.00 ( 50.00)	Acc C3  16.67 ( 42.67)	Acc C4  60.00 ( 73.62)
Test: [ 160/1415]	Time  0.019 ( 0.043)	Loss 5.1345e+00 (1.5497e+00)	Acc@1   0.00 ( 63.43)	Acc C1   0.00 ( 17.78)	Acc C2   0.00 ( 45.00)	Acc C3   0.00 ( 41.89)	Acc C4   0.00 ( 73.54)
Test: [ 170/1415]	Time  0.018 ( 0.042)	Loss 7.6911e+00 (1.7126e+00)	Acc@1   0.00 ( 61.18)	Acc C1   0.00 ( 14.52)	Acc C2  50.00 ( 45.45)	Acc C3  40.00 ( 40.80)	Acc C4  50.00 ( 72.12)
Test: [ 180/1415]	Time  0.019 ( 0.040)	Loss 3.1119e+00 (1.8666e+00)	Acc@1  12.50 ( 59.12)	Acc C1  33.33 ( 16.44)	Acc C2  50.00 ( 45.45)	Acc C3  50.00 ( 40.85)	Acc C4   0.00 ( 68.79)
Test: [ 190/1415]	Time  0.018 ( 0.039)	Loss 7.4771e+00 (2.0136e+00)	Acc@1   0.00 ( 57.26)	Acc C1   0.00 ( 16.00)	Acc C2  50.00 ( 45.45)	Acc C3  66.67 ( 40.28)	Acc C4   0.00 ( 66.41)
Test: [ 200/1415]	Time  0.018 ( 0.038)	Loss 5.4322e-01 (2.0935e+00)	Acc@1  62.50 ( 56.28)	Acc C1   0.00 ( 16.00)	Acc C2  50.00 ( 45.45)	Acc C3  66.67 ( 40.28)	Acc C4  62.50 ( 64.37)
Test: [ 210/1415]	Time  0.018 ( 0.037)	Loss 3.8923e+00 (2.1499e+00)	Acc@1  37.50 ( 55.75)	Acc C1   0.00 ( 15.58)	Acc C2  50.00 ( 45.45)	Acc C3  25.00 ( 40.38)	Acc C4  37.50 ( 63.34)
Test: [ 220/1415]	Time  0.018 ( 0.036)	Loss 2.9268e+00 (2.1586e+00)	Acc@1  62.50 ( 55.71)	Acc C1   0.00 ( 15.58)	Acc C2  50.00 ( 45.45)	Acc C3  25.00 ( 40.38)	Acc C4  62.50 ( 62.82)
Test: [ 230/1415]	Time  0.019 ( 0.036)	Loss 2.3243e+00 (2.1991e+00)	Acc@1  37.50 ( 55.19)	Acc C1   0.00 ( 15.38)	Acc C2   0.00 ( 44.68)	Acc C3  50.00 ( 41.03)	Acc C4  33.33 ( 62.67)
Test: [ 240/1415]	Time  0.018 ( 0.035)	Loss 2.1030e+00 (2.2321e+00)	Acc@1  50.00 ( 54.62)	Acc C1   0.00 ( 15.38)	Acc C2 100.00 ( 49.09)	Acc C3  50.00 ( 40.52)	Acc C4  33.33 ( 62.67)
Test: [ 250/1415]	Time  0.018 ( 0.034)	Loss 4.7559e+00 (2.2670e+00)	Acc@1  12.50 ( 53.59)	Acc C1   0.00 ( 15.38)	Acc C2 100.00 ( 50.85)	Acc C3  12.50 ( 38.65)	Acc C4  33.33 ( 62.67)
Test: [ 260/1415]	Time  0.019 ( 0.034)	Loss 3.7956e+00 (2.3115e+00)	Acc@1  12.50 ( 52.78)	Acc C1   0.00 ( 15.38)	Acc C2 100.00 ( 50.85)	Acc C3  25.00 ( 37.22)	Acc C4   0.00 ( 62.57)
Test: [ 270/1415]	Time  0.018 ( 0.033)	Loss 1.5383e+00 (2.2907e+00)	Acc@1  37.50 ( 53.00)	Acc C1   0.00 ( 17.24)	Acc C2   0.00 ( 48.39)	Acc C3  25.00 ( 37.22)	Acc C4  37.50 ( 62.67)
Test: [ 280/1415]	Time  0.018 ( 0.033)	Loss 1.1338e+00 (2.3383e+00)	Acc@1  50.00 ( 52.45)	Acc C1   0.00 ( 15.69)	Acc C2 100.00 ( 45.71)	Acc C3  50.00 ( 37.40)	Acc C4  66.67 ( 62.21)
Test: [ 290/1415]	Time  0.019 ( 0.032)	Loss 2.8649e+00 (2.4256e+00)	Acc@1  37.50 ( 51.68)	Acc C1   0.00 ( 13.68)	Acc C2  50.00 ( 45.78)	Acc C3   0.00 ( 36.58)	Acc C4  42.86 ( 62.14)
Test: [ 300/1415]	Time  0.019 ( 0.032)	Loss 3.3969e+00 (2.4261e+00)	Acc@1  12.50 ( 51.58)	Acc C1   0.00 ( 13.11)	Acc C2   0.00 ( 41.67)	Acc C3   0.00 ( 35.93)	Acc C4  50.00 ( 62.59)
Test: [ 310/1415]	Time  0.019 ( 0.031)	Loss 3.9443e+00 (2.4959e+00)	Acc@1  37.50 ( 50.88)	Acc C1  20.00 ( 12.93)	Acc C2   0.00 ( 40.98)	Acc C3  66.67 ( 36.01)	Acc C4  50.00 ( 62.59)
Test: [ 320/1415]	Time  0.019 ( 0.031)	Loss 6.2322e+00 (2.5653e+00)	Acc@1   0.00 ( 50.39)	Acc C1   0.00 ( 11.98)	Acc C2 100.00 ( 43.51)	Acc C3   0.00 ( 35.93)	Acc C4   0.00 ( 62.03)
Test: [ 330/1415]	Time  0.019 ( 0.030)	Loss 9.8287e-01 (2.5845e+00)	Acc@1  62.50 ( 50.04)	Acc C1   0.00 ( 11.52)	Acc C2  75.00 ( 44.97)	Acc C3  66.67 ( 36.56)	Acc C4  40.00 ( 61.64)
Test: [ 340/1415]	Time  0.019 ( 0.030)	Loss 5.0969e+00 (2.6133e+00)	Acc@1  50.00 ( 49.49)	Acc C1   0.00 ( 10.95)	Acc C2  66.67 ( 41.24)	Acc C3  66.67 ( 37.02)	Acc C4  40.00 ( 61.64)
Test: [ 350/1415]	Time  0.019 ( 0.030)	Loss 2.9896e+00 (2.6358e+00)	Acc@1  62.50 ( 49.36)	Acc C1   0.00 ( 10.63)	Acc C2   0.00 ( 39.67)	Acc C3   0.00 ( 37.52)	Acc C4  71.43 ( 61.35)
Test: [ 360/1415]	Time  0.019 ( 0.029)	Loss 1.7689e+00 (2.6755e+00)	Acc@1  50.00 ( 48.89)	Acc C1   0.00 ( 10.38)	Acc C2   0.00 ( 39.04)	Acc C3   0.00 ( 37.52)	Acc C4  57.14 ( 60.27)
Test: [ 370/1415]	Time  0.019 ( 0.029)	Loss 3.4788e+00 (2.7053e+00)	Acc@1  25.00 ( 48.55)	Acc C1   0.00 ( 10.31)	Acc C2   0.00 ( 38.78)	Acc C3  50.00 ( 37.68)	Acc C4   0.00 ( 59.64)
Test: [ 380/1415]	Time  0.019 ( 0.029)	Loss 5.8671e+00 (2.7698e+00)	Acc@1  37.50 ( 48.26)	Acc C1   0.00 (  9.16)	Acc C2 100.00 ( 38.92)	Acc C3  50.00 ( 38.86)	Acc C4   0.00 ( 59.64)
Test: [ 390/1415]	Time  0.019 ( 0.029)	Loss 3.5838e+00 (2.7839e+00)	Acc@1  62.50 ( 48.31)	Acc C1   0.00 (  9.09)	Acc C2 100.00 ( 39.61)	Acc C3  71.43 ( 40.04)	Acc C4 100.00 ( 59.67)
Test: [ 400/1415]	Time  0.019 ( 0.028)	Loss 3.6774e+00 (2.8313e+00)	Acc@1  50.00 ( 47.97)	Acc C1   0.00 (  8.77)	Acc C2   0.00 ( 41.41)	Acc C3  80.00 ( 39.98)	Acc C4 100.00 ( 59.67)
Test: [ 410/1415]	Time  0.018 ( 0.028)	Loss 5.8931e+00 (2.8665e+00)	Acc@1  25.00 ( 47.75)	Acc C1   0.00 (  8.52)	Acc C2   0.00 ( 41.56)	Acc C3  33.33 ( 40.52)	Acc C4 100.00 ( 59.67)
Test: [ 420/1415]	Time  0.019 ( 0.028)	Loss 7.2852e+00 (2.8862e+00)	Acc@1   0.00 ( 47.80)	Acc C1   0.00 (  8.47)	Acc C2   0.00 ( 41.20)	Acc C3   0.00 ( 39.83)	Acc C4  50.00 ( 60.15)
Test: [ 430/1415]	Time  0.019 ( 0.028)	Loss 7.3247e+00 (2.9171e+00)	Acc@1  37.50 ( 47.59)	Acc C1   0.00 (  8.31)	Acc C2  50.00 ( 42.11)	Acc C3  60.00 ( 39.85)	Acc C4  50.00 ( 60.18)
Test: [ 440/1415]	Time  0.019 ( 0.028)	Loss 2.9736e+00 (2.9058e+00)	Acc@1  50.00 ( 47.82)	Acc C1  50.00 (  8.66)	Acc C2 100.00 ( 42.65)	Acc C3  50.00 ( 41.13)	Acc C4  50.00 ( 60.18)
Test: [ 450/1415]	Time  0.019 ( 0.027)	Loss 4.7754e+00 (2.9033e+00)	Acc@1  25.00 ( 48.14)	Acc C1   0.00 (  8.99)	Acc C2 100.00 ( 43.82)	Acc C3  25.00 ( 40.87)	Acc C4  75.00 ( 60.77)
Test: [ 460/1415]	Time  0.019 ( 0.027)	Loss 7.0019e+00 (2.9276e+00)	Acc@1  37.50 ( 47.91)	Acc C1   0.00 (  9.34)	Acc C2 100.00 ( 44.59)	Acc C3  50.00 ( 40.82)	Acc C4  75.00 ( 60.77)
Test: [ 470/1415]	Time  0.019 ( 0.027)	Loss 4.5959e+00 (2.9445e+00)	Acc@1  62.50 ( 47.85)	Acc C1   0.00 (  9.46)	Acc C2  33.33 ( 45.31)	Acc C3   0.00 ( 40.83)	Acc C4  80.00 ( 60.82)
Test: [ 480/1415]	Time  0.019 ( 0.027)	Loss 5.7303e+00 (2.9571e+00)	Acc@1  37.50 ( 47.82)	Acc C1   0.00 (  9.33)	Acc C2   0.00 ( 45.22)	Acc C3  50.00 ( 40.75)	Acc C4  60.00 ( 61.12)
Test: [ 490/1415]	Time  0.019 ( 0.027)	Loss 3.8639e+00 (2.9828e+00)	Acc@1  50.00 ( 47.53)	Acc C1   0.00 (  9.37)	Acc C2 100.00 ( 45.03)	Acc C3  33.33 ( 40.48)	Acc C4  66.67 ( 61.11)
Test: [ 500/1415]	Time  0.019 ( 0.026)	Loss 6.9755e+00 (2.9758e+00)	Acc@1  25.00 ( 47.70)	Acc C1   0.00 (  9.43)	Acc C2 100.00 ( 46.22)	Acc C3  20.00 ( 40.29)	Acc C4  83.33 ( 61.40)
Test: [ 510/1415]	Time  0.019 ( 0.026)	Loss 5.9821e+00 (2.9945e+00)	Acc@1  12.50 ( 47.55)	Acc C1   0.00 (  9.25)	Acc C2   0.00 ( 45.40)	Acc C3  20.00 ( 40.44)	Acc C4  50.00 ( 61.36)
Test: [ 520/1415]	Time  0.019 ( 0.026)	Loss 3.1747e+00 (2.9818e+00)	Acc@1  37.50 ( 47.26)	Acc C1   0.00 (  9.11)	Acc C2 100.00 ( 46.26)	Acc C3  50.00 ( 40.46)	Acc C4  50.00 ( 60.34)
Test: [ 530/1415]	Time  0.019 ( 0.026)	Loss 3.2500e+00 (2.9576e+00)	Acc@1  25.00 ( 47.41)	Acc C1   0.00 (  9.63)	Acc C2  50.00 ( 49.26)	Acc C3  40.00 ( 40.46)	Acc C4  50.00 ( 60.34)
Test: [ 540/1415]	Time  0.019 ( 0.026)	Loss 9.3643e-01 (2.9281e+00)	Acc@1  75.00 ( 47.71)	Acc C1   0.00 (  9.55)	Acc C2  85.71 ( 52.44)	Acc C3   0.00 ( 40.59)	Acc C4  50.00 ( 60.34)
Test: [ 550/1415]	Time  0.018 ( 0.026)	Loss 5.0749e-01 (2.8951e+00)	Acc@1  87.50 ( 48.07)	Acc C1   0.00 (  9.64)	Acc C2  87.50 ( 55.15)	Acc C3   0.00 ( 40.59)	Acc C4  50.00 ( 60.34)
Test: [ 560/1415]	Time  0.019 ( 0.026)	Loss 5.0612e+00 (2.8946e+00)	Acc@1  12.50 ( 47.97)	Acc C1   0.00 (  9.64)	Acc C2  62.50 ( 56.65)	Acc C3  12.50 ( 39.83)	Acc C4  50.00 ( 60.34)
Test: [ 570/1415]	Time  0.019 ( 0.025)	Loss 2.7508e+00 (2.9117e+00)	Acc@1  25.00 ( 47.55)	Acc C1   0.00 (  9.64)	Acc C2  62.50 ( 56.65)	Acc C3  25.00 ( 39.02)	Acc C4  50.00 ( 60.34)
Test: [ 580/1415]	Time  0.018 ( 0.025)	Loss 2.2588e+00 (2.9317e+00)	Acc@1  37.50 ( 47.10)	Acc C1   0.00 (  9.64)	Acc C2  62.50 ( 56.65)	Acc C3  50.00 ( 38.19)	Acc C4  37.50 ( 60.08)
Test: [ 590/1415]	Time  0.018 ( 0.025)	Loss 1.6230e+00 (2.9092e+00)	Acc@1  37.50 ( 47.06)	Acc C1   0.00 (  9.64)	Acc C2  62.50 ( 56.65)	Acc C3  50.00 ( 38.19)	Acc C4  37.50 ( 59.50)
Test: [ 600/1415]	Time  0.018 ( 0.025)	Loss 2.2181e+00 (2.9004e+00)	Acc@1  50.00 ( 46.90)	Acc C1   0.00 (  9.64)	Acc C2  62.50 ( 56.65)	Acc C3  50.00 ( 38.19)	Acc C4  50.00 ( 58.69)
Test: [ 610/1415]	Time  0.018 ( 0.025)	Loss 2.1185e+00 (2.8920e+00)	Acc@1  37.50 ( 46.56)	Acc C1   0.00 (  9.64)	Acc C2  62.50 ( 56.65)	Acc C3  50.00 ( 38.19)	Acc C4  37.50 ( 57.53)
Test: [ 620/1415]	Time  0.018 ( 0.025)	Loss 9.6237e-01 (2.8653e+00)	Acc@1  75.00 ( 46.72)	Acc C1   0.00 (  9.64)	Acc C2  62.50 ( 56.65)	Acc C3  50.00 ( 38.19)	Acc C4  75.00 ( 57.49)
Test: [ 630/1415]	Time  0.018 ( 0.025)	Loss 1.6170e+00 (2.8396e+00)	Acc@1  62.50 ( 47.05)	Acc C1   0.00 (  9.64)	Acc C2  62.50 ( 56.65)	Acc C3  50.00 ( 38.19)	Acc C4  62.50 ( 57.82)
Test: [ 640/1415]	Time  0.018 ( 0.025)	Loss 2.2552e+00 (2.8287e+00)	Acc@1  12.50 ( 46.98)	Acc C1   0.00 (  9.64)	Acc C2  62.50 ( 56.65)	Acc C3  50.00 ( 38.19)	Acc C4  12.50 ( 57.33)
Test: [ 650/1415]	Time  0.018 ( 0.025)	Loss 3.8048e+00 (2.8251e+00)	Acc@1  37.50 ( 46.83)	Acc C1   0.00 (  9.64)	Acc C2  62.50 ( 56.65)	Acc C3  50.00 ( 38.19)	Acc C4  37.50 ( 56.71)
Test: [ 660/1415]	Time  0.018 ( 0.025)	Loss 1.6066e+00 (2.8221e+00)	Acc@1  50.00 ( 46.63)	Acc C1   0.00 (  9.64)	Acc C2  62.50 ( 56.65)	Acc C3  50.00 ( 38.19)	Acc C4  50.00 ( 56.01)
Test: [ 670/1415]	Time  0.018 ( 0.024)	Loss 1.1994e+00 (2.8182e+00)	Acc@1  50.00 ( 46.35)	Acc C1   0.00 (  9.64)	Acc C2  62.50 ( 56.65)	Acc C3  50.00 ( 38.19)	Acc C4  50.00 ( 55.18)
Test: [ 680/1415]	Time  0.018 ( 0.024)	Loss 3.7994e+00 (2.8200e+00)	Acc@1  37.50 ( 46.11)	Acc C1   0.00 (  9.64)	Acc C2  62.50 ( 56.65)	Acc C3  50.00 ( 38.19)	Acc C4  37.50 ( 54.46)
Test: [ 690/1415]	Time  0.018 ( 0.024)	Loss 4.8836e+00 (2.8312e+00)	Acc@1   0.00 ( 45.86)	Acc C1   0.00 (  9.64)	Acc C2  62.50 ( 56.65)	Acc C3  50.00 ( 38.19)	Acc C4   0.00 ( 53.74)
Test: [ 700/1415]	Time  0.018 ( 0.024)	Loss 1.1167e+00 (2.8092e+00)	Acc@1  75.00 ( 46.01)	Acc C1   0.00 (  9.64)	Acc C2  62.50 ( 56.65)	Acc C3  50.00 ( 38.19)	Acc C4  75.00 ( 53.81)
Test: [ 710/1415]	Time  0.018 ( 0.024)	Loss 4.3272e+00 (2.7989e+00)	Acc@1  25.00 ( 45.92)	Acc C1   0.00 (  9.64)	Acc C2  62.50 ( 56.65)	Acc C3  50.00 ( 38.19)	Acc C4  25.00 ( 53.45)
Test: [ 720/1415]	Time  0.018 ( 0.024)	Loss 3.6050e+00 (2.7877e+00)	Acc@1   0.00 ( 45.84)	Acc C1   0.00 (  9.64)	Acc C2  62.50 ( 56.65)	Acc C3  50.00 ( 38.19)	Acc C4   0.00 ( 53.10)
Test: [ 730/1415]	Time  0.018 ( 0.024)	Loss 2.2063e+00 (2.7683e+00)	Acc@1  12.50 ( 45.78)	Acc C1   0.00 (  9.64)	Acc C2  62.50 ( 56.65)	Acc C3  50.00 ( 38.19)	Acc C4  12.50 ( 52.81)
Test: [ 740/1415]	Time  0.019 ( 0.024)	Loss 2.9695e+00 (2.7638e+00)	Acc@1  25.00 ( 45.55)	Acc C1   0.00 (  9.64)	Acc C2  62.50 ( 56.65)	Acc C3  50.00 ( 38.19)	Acc C4  25.00 ( 52.22)
Test: [ 750/1415]	Time  0.018 ( 0.024)	Loss 1.8500e-01 (2.7587e+00)	Acc@1 100.00 ( 45.49)	Acc C1   0.00 (  9.64)	Acc C2 100.00 ( 57.81)	Acc C3  50.00 ( 38.19)	Acc C4   0.00 ( 51.73)
Test: [ 760/1415]	Time  0.018 ( 0.024)	Loss 6.0962e-01 (2.7328e+00)	Acc@1  87.50 ( 45.84)	Acc C1   0.00 (  9.64)	Acc C2  87.50 ( 59.60)	Acc C3  50.00 ( 38.19)	Acc C4   0.00 ( 51.73)
Test: [ 770/1415]	Time  0.019 ( 0.024)	Loss 1.0209e+00 (2.7079e+00)	Acc@1  62.50 ( 46.17)	Acc C1   0.00 (  9.64)	Acc C2  62.50 ( 60.87)	Acc C3  50.00 ( 38.19)	Acc C4   0.00 ( 51.73)
Test: [ 780/1415]	Time  0.018 ( 0.024)	Loss 4.4908e+00 (2.6915e+00)	Acc@1  25.00 ( 46.32)	Acc C1   0.00 (  9.62)	Acc C2  57.14 ( 61.39)	Acc C3  25.00 ( 38.15)	Acc C4   0.00 ( 51.73)
Test: [ 790/1415]	Time  0.018 ( 0.024)	Loss 2.5541e+00 (2.7098e+00)	Acc@1  25.00 ( 45.94)	Acc C1   0.00 (  9.60)	Acc C2  57.14 ( 61.39)	Acc C3  25.00 ( 37.76)	Acc C4   0.00 ( 51.25)
Test: [ 800/1415]	Time  0.018 ( 0.023)	Loss 1.9341e+00 (2.7072e+00)	Acc@1  62.50 ( 46.00)	Acc C1   0.00 (  9.61)	Acc C2  62.50 ( 62.32)	Acc C3   0.00 ( 37.46)	Acc C4   0.00 ( 51.25)
Test: [ 810/1415]	Time  0.018 ( 0.023)	Loss 4.8413e+00 (2.7085e+00)	Acc@1  12.50 ( 45.99)	Acc C1  33.33 (  9.72)	Acc C2 100.00 ( 62.90)	Acc C3  12.50 ( 37.02)	Acc C4   0.00 ( 51.24)
Test: [ 820/1415]	Time  0.019 ( 0.023)	Loss 5.3382e+00 (2.7210e+00)	Acc@1  37.50 ( 45.84)	Acc C1   0.00 (  9.77)	Acc C2  50.00 ( 62.82)	Acc C3 100.00 ( 36.82)	Acc C4   0.00 ( 51.24)
Test: [ 830/1415]	Time  0.018 ( 0.023)	Loss 1.3334e+00 (2.7049e+00)	Acc@1  50.00 ( 46.01)	Acc C1   0.00 (  9.75)	Acc C2  50.00 ( 62.64)	Acc C3 100.00 ( 36.87)	Acc C4   0.00 ( 51.24)
Test: [ 840/1415]	Time  0.018 ( 0.023)	Loss 1.3655e+00 (2.6820e+00)	Acc@1  37.50 ( 46.27)	Acc C1   0.00 (  9.73)	Acc C2  37.50 ( 63.07)	Acc C3 100.00 ( 36.87)	Acc C4   0.00 ( 51.24)
Test: [ 850/1415]	Time  0.018 ( 0.023)	Loss 4.2388e-01 (2.6600e+00)	Acc@1  87.50 ( 46.53)	Acc C1   0.00 (  9.71)	Acc C2  87.50 ( 63.52)	Acc C3 100.00 ( 36.87)	Acc C4   0.00 ( 51.24)
Test: [ 860/1415]	Time  0.019 ( 0.023)	Loss 8.3641e+00 (2.6466e+00)	Acc@1   0.00 ( 46.78)	Acc C1   0.00 (  9.80)	Acc C2  85.71 ( 64.18)	Acc C3   0.00 ( 36.81)	Acc C4   0.00 ( 51.24)
Test: [ 870/1415]	Time  0.019 ( 0.023)	Loss 1.6571e+00 (2.6393e+00)	Acc@1  37.50 ( 46.84)	Acc C1   0.00 (  9.78)	Acc C2  42.86 ( 63.87)	Acc C3   0.00 ( 36.68)	Acc C4   0.00 ( 51.24)
Test: [ 880/1415]	Time  0.019 ( 0.023)	Loss 3.7687e+00 (2.6453e+00)	Acc@1   0.00 ( 46.67)	Acc C1   0.00 (  9.68)	Acc C2  20.00 ( 63.81)	Acc C3   0.00 ( 36.30)	Acc C4   0.00 ( 51.24)
Test: [ 890/1415]	Time  0.019 ( 0.023)	Loss 4.0049e+00 (2.6610e+00)	Acc@1  25.00 ( 46.55)	Acc C1   0.00 (  9.86)	Acc C2  66.67 ( 64.32)	Acc C3   0.00 ( 35.79)	Acc C4   0.00 ( 51.24)
Test: [ 900/1415]	Time  0.018 ( 0.023)	Loss 3.8688e-01 (2.6593e+00)	Acc@1  87.50 ( 46.68)	Acc C1   0.00 (  9.70)	Acc C2  87.50 ( 65.16)	Acc C3  25.00 ( 35.54)	Acc C4   0.00 ( 51.24)
Test: [ 910/1415]	Time  0.018 ( 0.023)	Loss 9.4423e-01 (2.6363e+00)	Acc@1  87.50 ( 47.09)	Acc C1   0.00 (  9.70)	Acc C2  66.67 ( 65.76)	Acc C3  25.00 ( 35.54)	Acc C4  87.50 ( 51.51)
Test: [ 920/1415]	Time  0.019 ( 0.023)	Loss 2.1653e+00 (2.6184e+00)	Acc@1  37.50 ( 47.38)	Acc C1   0.00 (  9.70)	Acc C2   0.00 ( 65.71)	Acc C3  25.00 ( 35.54)	Acc C4  42.86 ( 52.04)
Test: [ 930/1415]	Time  0.018 ( 0.023)	Loss 3.4393e-01 (2.6093e+00)	Acc@1  87.50 ( 47.49)	Acc C1   0.00 (  9.64)	Acc C2  87.50 ( 66.03)	Acc C3   0.00 ( 35.39)	Acc C4  50.00 ( 52.08)
Test: [ 940/1415]	Time  0.018 ( 0.023)	Loss 3.9017e-01 (2.6072e+00)	Acc@1  87.50 ( 47.54)	Acc C1   0.00 (  9.60)	Acc C2  87.50 ( 66.12)	Acc C3  25.00 ( 35.21)	Acc C4  50.00 ( 52.08)
Test: [ 950/1415]	Time  0.018 ( 0.023)	Loss 4.7359e+00 (2.6082e+00)	Acc@1  25.00 ( 47.53)	Acc C1   0.00 (  9.72)	Acc C2 100.00 ( 65.90)	Acc C3  25.00 ( 35.21)	Acc C4  50.00 ( 52.08)
Test: [ 960/1415]	Time  0.018 ( 0.023)	Loss 5.0230e+00 (2.6283e+00)	Acc@1  12.50 ( 47.24)	Acc C1   0.00 (  9.67)	Acc C2 100.00 ( 65.90)	Acc C3  12.50 ( 34.67)	Acc C4  50.00 ( 52.08)
Test: [ 970/1415]	Time  0.018 ( 0.023)	Loss 8.4915e-01 (2.6254e+00)	Acc@1  75.00 ( 47.27)	Acc C1   0.00 (  9.67)	Acc C2 100.00 ( 65.97)	Acc C3   0.00 ( 34.57)	Acc C4  75.00 ( 52.18)
Test: [ 980/1415]	Time  0.019 ( 0.023)	Loss 1.8929e+00 (2.6148e+00)	Acc@1  75.00 ( 47.41)	Acc C1   0.00 (  9.58)	Acc C2  80.00 ( 66.20)	Acc C3 100.00 ( 34.71)	Acc C4  50.00 ( 52.25)
Test: [ 990/1415]	Time  0.018 ( 0.023)	Loss 1.0349e+00 (2.6039e+00)	Acc@1  62.50 ( 47.53)	Acc C1   0.00 (  9.58)	Acc C2  75.00 ( 66.46)	Acc C3 100.00 ( 34.71)	Acc C4  62.50 ( 52.14)
Test: [1000/1415]	Time  0.019 ( 0.022)	Loss 3.4471e+00 (2.6049e+00)	Acc@1  25.00 ( 47.32)	Acc C1   0.00 (  9.58)	Acc C2 100.00 ( 66.54)	Acc C3 100.00 ( 34.71)	Acc C4  14.29 ( 51.52)
Test: [1010/1415]	Time  0.019 ( 0.022)	Loss 1.7569e+00 (2.5938e+00)	Acc@1  50.00 ( 47.45)	Acc C1   0.00 (  9.55)	Acc C2   0.00 ( 66.54)	Acc C3 100.00 ( 34.79)	Acc C4  57.14 ( 51.70)
Test: [1020/1415]	Time  0.018 ( 0.022)	Loss 1.9477e+00 (2.5844e+00)	Acc@1  25.00 ( 47.47)	Acc C1   0.00 (  9.55)	Acc C2 100.00 ( 66.61)	Acc C3 100.00 ( 34.79)	Acc C4  25.00 ( 51.61)
Test: [1030/1415]	Time  0.018 ( 0.022)	Loss 3.8363e+00 (2.5776e+00)	Acc@1  25.00 ( 47.50)	Acc C1   0.00 (  9.55)	Acc C2 100.00 ( 66.67)	Acc C3  25.00 ( 34.68)	Acc C4  62.50 ( 51.67)
Test: [1040/1415]	Time  0.018 ( 0.022)	Loss 1.5334e+00 (2.5941e+00)	Acc@1  25.00 ( 47.26)	Acc C1   0.00 (  9.46)	Acc C2 100.00 ( 66.69)	Acc C3   0.00 ( 34.29)	Acc C4  14.29 ( 51.45)
Test: [1050/1415]	Time  0.019 ( 0.022)	Loss 5.3248e+00 (2.6143e+00)	Acc@1  12.50 ( 47.06)	Acc C1   0.00 (  9.52)	Acc C2 100.00 ( 66.71)	Acc C3   0.00 ( 33.81)	Acc C4  33.33 ( 51.42)
Test: [1060/1415]	Time  0.018 ( 0.022)	Loss 4.5379e+00 (2.6334e+00)	Acc@1  25.00 ( 46.85)	Acc C1  50.00 (  9.60)	Acc C2   0.00 ( 66.79)	Acc C3  16.67 ( 33.29)	Acc C4  33.33 ( 51.42)
Test: [1070/1415]	Time  0.019 ( 0.022)	Loss 7.6009e+00 (2.6629e+00)	Acc@1  12.50 ( 46.58)	Acc C1  33.33 (  9.35)	Acc C2 100.00 ( 66.67)	Acc C3   0.00 ( 33.07)	Acc C4  33.33 ( 51.42)
Test: [1080/1415]	Time  0.019 ( 0.022)	Loss 8.6171e+00 (2.6857e+00)	Acc@1  12.50 ( 46.38)	Acc C1   0.00 (  9.43)	Acc C2 100.00 ( 66.71)	Acc C3   0.00 ( 32.58)	Acc C4  33.33 ( 51.42)
Test: [1090/1415]	Time  0.018 ( 0.022)	Loss 3.5169e+00 (2.6950e+00)	Acc@1  25.00 ( 46.22)	Acc C1   0.00 (  9.27)	Acc C2   0.00 ( 66.63)	Acc C3  33.33 ( 32.46)	Acc C4  33.33 ( 51.34)
Test: [1100/1415]	Time  0.019 ( 0.022)	Loss 6.7399e+00 (2.7028e+00)	Acc@1  12.50 ( 46.12)	Acc C1   0.00 (  9.21)	Acc C2 100.00 ( 66.80)	Acc C3  14.29 ( 32.33)	Acc C4   0.00 ( 51.11)
Test: [1110/1415]	Time  0.019 ( 0.022)	Loss 6.5527e+00 (2.7248e+00)	Acc@1   0.00 ( 45.93)	Acc C1   0.00 (  9.71)	Acc C2 100.00 ( 67.01)	Acc C3   0.00 ( 31.88)	Acc C4   0.00 ( 51.11)
Test: [1120/1415]	Time  0.019 ( 0.022)	Loss 6.2580e+00 (2.7442e+00)	Acc@1   0.00 ( 45.72)	Acc C1   0.00 (  9.65)	Acc C2   0.00 ( 66.99)	Acc C3   0.00 ( 31.67)	Acc C4   0.00 ( 51.11)
Test: [1130/1415]	Time  0.019 ( 0.022)	Loss 3.2274e+00 (2.7576e+00)	Acc@1  37.50 ( 45.57)	Acc C1  50.00 (  9.90)	Acc C2 100.00 ( 67.02)	Acc C3   0.00 ( 31.49)	Acc C4   0.00 ( 51.11)
Test: [1140/1415]	Time  0.018 ( 0.022)	Loss 2.0624e+00 (2.7631e+00)	Acc@1  25.00 ( 45.42)	Acc C1   0.00 (  9.92)	Acc C2  50.00 ( 67.08)	Acc C3  20.00 ( 31.43)	Acc C4  25.00 ( 50.82)
Test: [1150/1415]	Time  0.021 ( 0.022)	Loss 2.8938e+00 (2.7588e+00)	Acc@1  12.50 ( 45.32)	Acc C1   0.00 (  9.92)	Acc C2   0.00 ( 66.98)	Acc C3  20.00 ( 31.43)	Acc C4  14.29 ( 50.47)
Test: [1160/1415]	Time  0.019 ( 0.022)	Loss 2.4867e+00 (2.7508e+00)	Acc@1  50.00 ( 45.41)	Acc C1  33.33 (  9.94)	Acc C2 100.00 ( 67.33)	Acc C3  33.33 ( 31.46)	Acc C4 100.00 ( 50.43)
Test: [1170/1415]	Time  0.019 ( 0.022)	Loss 6.0028e+00 (2.7598e+00)	Acc@1   0.00 ( 45.26)	Acc C1   0.00 ( 10.01)	Acc C2 100.00 ( 67.40)	Acc C3   0.00 ( 31.34)	Acc C4 100.00 ( 50.43)
Test: [1180/1415]	Time  0.019 ( 0.022)	Loss 1.7789e+00 (2.7669e+00)	Acc@1  75.00 ( 45.07)	Acc C1 100.00 ( 10.08)	Acc C2  66.67 ( 67.38)	Acc C3   0.00 ( 31.04)	Acc C4 100.00 ( 50.43)
Test: [1190/1415]	Time  0.019 ( 0.022)	Loss 3.4535e+00 (2.7685e+00)	Acc@1  37.50 ( 44.99)	Acc C1   0.00 ( 10.30)	Acc C2 100.00 ( 67.56)	Acc C3  42.86 ( 30.80)	Acc C4   0.00 ( 50.41)
Test: [1200/1415]	Time  0.018 ( 0.022)	Loss 3.0335e+00 (2.7605e+00)	Acc@1  50.00 ( 45.07)	Acc C1   0.00 ( 10.30)	Acc C2   0.00 ( 67.47)	Acc C3  42.86 ( 30.80)	Acc C4  50.00 ( 50.50)
Test: [1210/1415]	Time  0.019 ( 0.022)	Loss 5.2081e+00 (2.7610e+00)	Acc@1  12.50 ( 45.10)	Acc C1   0.00 ( 10.40)	Acc C2 100.00 ( 67.69)	Acc C3   0.00 ( 30.53)	Acc C4  33.33 ( 50.54)
Test: [1220/1415]	Time  0.019 ( 0.022)	Loss 1.2040e+00 (2.7644e+00)	Acc@1  50.00 ( 45.07)	Acc C1  33.33 ( 10.55)	Acc C2 100.00 ( 68.02)	Acc C3  20.00 ( 30.23)	Acc C4  33.33 ( 50.53)
Test: [1230/1415]	Time  0.019 ( 0.022)	Loss 3.5476e+00 (2.7756e+00)	Acc@1  12.50 ( 44.89)	Acc C1   0.00 ( 10.49)	Acc C2  80.00 ( 68.03)	Acc C3   0.00 ( 29.90)	Acc C4  33.33 ( 50.51)
Test: [1240/1415]	Time  0.019 ( 0.022)	Loss 1.7641e+00 (2.7651e+00)	Acc@1  25.00 ( 44.96)	Acc C1   0.00 ( 10.46)	Acc C2   0.00 ( 68.15)	Acc C3   0.00 ( 29.89)	Acc C4  28.57 ( 50.45)
Test: [1250/1415]	Time  0.019 ( 0.022)	Loss 9.8516e-01 (2.7551e+00)	Acc@1  62.50 ( 45.02)	Acc C1   0.00 ( 10.46)	Acc C2 100.00 ( 68.15)	Acc C3   0.00 ( 29.89)	Acc C4  62.50 ( 50.47)
Test: [1260/1415]	Time  0.019 ( 0.022)	Loss 3.4386e+00 (2.7624e+00)	Acc@1  37.50 ( 44.91)	Acc C1   0.00 ( 10.44)	Acc C2  75.00 ( 68.10)	Acc C3   0.00 ( 29.65)	Acc C4  42.86 ( 50.50)
Test: [1270/1415]	Time  0.019 ( 0.022)	Loss 4.9595e+00 (2.7758e+00)	Acc@1  12.50 ( 44.78)	Acc C1   0.00 ( 10.47)	Acc C2  50.00 ( 68.05)	Acc C3   0.00 ( 29.26)	Acc C4   0.00 ( 50.49)
Test: [1280/1415]	Time  0.019 ( 0.022)	Loss 9.6725e-01 (2.7773e+00)	Acc@1  87.50 ( 44.79)	Acc C1 100.00 ( 10.53)	Acc C2  85.71 ( 68.17)	Acc C3   0.00 ( 29.18)	Acc C4   0.00 ( 50.45)
Test: [1290/1415]	Time  0.019 ( 0.022)	Loss 3.7845e+00 (2.7907e+00)	Acc@1  37.50 ( 44.59)	Acc C1   0.00 ( 10.79)	Acc C2 100.00 ( 68.13)	Acc C3  33.33 ( 28.80)	Acc C4   0.00 ( 50.45)
Test: [1300/1415]	Time  0.019 ( 0.022)	Loss 1.5382e+00 (2.7867e+00)	Acc@1  62.50 ( 44.65)	Acc C1   0.00 ( 10.75)	Acc C2  83.33 ( 68.02)	Acc C3   0.00 ( 28.81)	Acc C4   0.00 ( 50.43)
Test: [1310/1415]	Time  0.019 ( 0.022)	Loss 4.9447e+00 (2.7891e+00)	Acc@1   0.00 ( 44.57)	Acc C1   0.00 ( 10.74)	Acc C2 100.00 ( 67.94)	Acc C3   0.00 ( 28.66)	Acc C4 100.00 ( 50.39)
Test: [1320/1415]	Time  0.019 ( 0.022)	Loss 4.0153e+00 (2.7919e+00)	Acc@1  25.00 ( 44.58)	Acc C1  16.67 ( 10.70)	Acc C2 100.00 ( 68.24)	Acc C3   0.00 ( 28.52)	Acc C4   0.00 ( 50.38)
Test: [1330/1415]	Time  0.019 ( 0.022)	Loss 3.6110e+00 (2.7900e+00)	Acc@1  37.50 ( 44.55)	Acc C1  20.00 ( 10.81)	Acc C2  66.67 ( 68.24)	Acc C3  66.67 ( 28.56)	Acc C4  75.00 ( 50.34)
Test: [1340/1415]	Time  0.019 ( 0.022)	Loss 5.8770e+00 (2.8069e+00)	Acc@1   0.00 ( 44.37)	Acc C1   0.00 ( 10.74)	Acc C2 100.00 ( 68.25)	Acc C3   0.00 ( 28.54)	Acc C4  75.00 ( 50.34)
Test: [1350/1415]	Time  0.018 ( 0.021)	Loss 6.8882e+00 (2.8238e+00)	Acc@1   0.00 ( 44.22)	Acc C1   0.00 ( 11.09)	Acc C2 100.00 ( 68.25)	Acc C3 100.00 ( 28.66)	Acc C4  75.00 ( 50.34)
Test: [1360/1415]	Time  0.019 ( 0.021)	Loss 5.8245e+00 (2.8437e+00)	Acc@1  25.00 ( 44.07)	Acc C1   0.00 ( 11.48)	Acc C2   0.00 ( 68.16)	Acc C3  33.33 ( 28.60)	Acc C4  75.00 ( 50.34)
Test: [1370/1415]	Time  0.019 ( 0.021)	Loss 8.4854e-01 (2.8507e+00)	Acc@1  75.00 ( 43.97)	Acc C1  50.00 ( 11.63)	Acc C2  50.00 ( 67.99)	Acc C3  83.33 ( 28.82)	Acc C4  75.00 ( 50.34)
Test: [1380/1415]	Time  0.019 ( 0.021)	Loss 2.1923e+00 (2.8665e+00)	Acc@1  50.00 ( 43.85)	Acc C1   0.00 ( 11.63)	Acc C2  40.00 ( 67.86)	Acc C3  50.00 ( 28.90)	Acc C4 100.00 ( 50.28)
Test: [1390/1415]	Time  0.019 ( 0.021)	Loss 1.2364e+00 (2.8687e+00)	Acc@1  62.50 ( 43.84)	Acc C1   0.00 ( 11.87)	Acc C2  66.67 ( 67.76)	Acc C3   0.00 ( 28.87)	Acc C4 100.00 ( 50.12)
Test: [1400/1415]	Time  0.019 ( 0.021)	Loss 3.2296e+00 (2.8724e+00)	Acc@1  25.00 ( 43.76)	Acc C1 100.00 ( 12.07)	Acc C2  60.00 ( 67.74)	Acc C3  50.00 ( 28.82)	Acc C4  14.29 ( 49.89)
Test: [1410/1415]	Time  0.018 ( 0.021)	Loss 3.4752e+00 (2.8730e+00)	Acc@1  25.00 ( 43.67)	Acc C1   0.00 ( 11.96)	Acc C2 100.00 ( 67.61)	Acc C3   0.00 ( 28.74)	Acc C4  14.29 ( 49.75)
 * Acc 43.638
Traceback (most recent call last):
  File "ensemble.py", line 277, in <module>
    main()
  File "ensemble.py", line 112, in main
    mp.set_start_method('spawn')
  File "/usr/lib64/python3.6/multiprocessing/context.py", line 242, in set_start_method
    raise RuntimeError('context has already been set')
RuntimeError: context has already been set
Program finished with exit code 1 at: Tue Apr 13 20:49:51 CEST 2021
done
