This job can be monitored from: https://scruffy.c3se.chalmers.se/d/alvis-job/alvis-job?var-jobid=60091&from=1617639227000
/tmp/slurmd/job60091/slurm_script: line 10: deactivate: command not found
Starting at Mon Apr  5 18:13:47 CEST 2021
Job Name - EffNet
Running on hosts: alvis1-10
Running on 1 nodes.
Running 1 tasks.
Current working directory is /cephyr/users/filipfri/Alvis/BscProject
10.2
tensor([1.], device='cuda:0')
Using image size:  224
Using filter  
Traceback (most recent call last):
  File "main.py", line 307, in <module>
    main()
  File "main.py", line 192, in main
    train_images, train_labels = parseData(basePath=args.data,filter_name=filter, label_paths=train_label_paths, class_names=class_names)
  File "/cephyr/users/filipfri/Alvis/BscProject/parseData.py", line 16, in parseData
    tree = ET.parse(basePath+label_paths[path]+'.xml')
  File "/usr/lib64/python3.6/xml/etree/ElementTree.py", line 1196, in parse
    tree.parse(source, parser)
  File "/usr/lib64/python3.6/xml/etree/ElementTree.py", line 597, in parse
    self._root = parser._parse_whole(source)
xml.etree.ElementTree.ParseError: no element found: line 2620, column 0
Program finished with exit code 1 at: Mon Apr  5 18:13:58 CEST 2021
git in 60 seconds
