This job can be monitored from: https://scruffy.c3se.chalmers.se/d/alvis-job/alvis-job?var-jobid=61933&from=1618332795000
/tmp/slurmd/job61933/slurm_script: line 10: deactivate: command not found
/tmp/slurmd/job61933/slurm_script: line 17: start: command not found
Starting at Tue Apr 13 18:53:15 CEST 2021
Job Name - EffNet
Running on hosts: alvis2-01
Running on 1 nodes.
Running 1 tasks.
Current working directory is /cephyr/users/filipfri/Alvis/BscProject
Testing set : 
Successfully loaded: N10_1_1
Successfully loaded: N10_1_2
Successfully loaded: N10_1_3
Successfully loaded: N10_2_1
Successfully loaded: N10_2_2
Successfully loaded: P13_1_1
Successfully loaded: P13_1_2
Successfully loaded: P13_2_1
Successfully loaded: P13_2_2
Successfully loaded: P28_7_5
Successfully loaded: P28_8_5
Successfully loaded: P28_10_4
Successfully loaded: P28_10_5
Traceback (most recent call last):
  File "ensemble.py", line 251, in <module>
    main()
  File "ensemble.py", line 132, in main
    checkpoint = torch.load(path + filename)
  File "/cephyr/users/filipfri/Alvis/clusterEnv/lib/python3.6/site-packages/torch/serialization.py", line 581, in load
    with _open_file_like(f, 'rb') as opened_file:
  File "/cephyr/users/filipfri/Alvis/clusterEnv/lib/python3.6/site-packages/torch/serialization.py", line 230, in _open_file_like
    return _open_file(name_or_buffer, mode)
  File "/cephyr/users/filipfri/Alvis/clusterEnv/lib/python3.6/site-packages/torch/serialization.py", line 211, in __init__
    super(_open_file, self).__init__(open(name, mode))
FileNotFoundError: [Errno 2] No such file or directory: '[model_best_1.pth.tar'
Program finished with exit code 1 at: Tue Apr 13 18:53:41 CEST 2021
done
