This job can be monitored from: https://scruffy.c3se.chalmers.se/d/alvis-job/alvis-job?var-jobid=61959&from=1618340536000
/tmp/slurmd/job61959/slurm_script: line 10: deactivate: command not found
/tmp/slurmd/job61959/slurm_script: line 17: start: command not found
Starting at Tue Apr 13 21:02:16 CEST 2021
Job Name - EffNet
Running on hosts: alvis2-01
Running on 1 nodes.
Running 1 tasks.
Current working directory is /cephyr/users/filipfri/Alvis/BscProject
['Iteration_2/Output_No_filter/', 'Iteration_2/Output_Macenko/', 'Iteration_2/Output_Reinhard/', 'Iteration_2/Output_SCD/']
Testing set : 
Successfully loaded: N10_1_1
Successfully loaded: N10_1_2
Successfully loaded: N10_1_3
Successfully loaded: N10_2_1
Successfully loaded: N10_2_2
Successfully loaded: P13_1_1
Successfully loaded: P13_1_2
Successfully loaded: P13_2_1
Successfully loaded: P13_2_2
Successfully loaded: P28_7_5
Successfully loaded: P28_8_5
Successfully loaded: P28_10_4
Successfully loaded: P28_10_5
Loaded pretrained weights for efficientnet-b0
=> using pre-trained model 'efficientnet-b0'
[W CudaIPCTypes.cpp:22] Producer process has been terminated before all shared CUDA tensors released. See Note [Sharing CUDA tensors]
Test: [   0/1415]	Time  3.869 ( 3.869)	Loss 2.6210e-01 (2.6210e-01)	Acc@1  87.50 ( 87.50)	Acc C1   0.00 (  0.00)	Acc C2   0.00 (  0.00)	Acc C3   0.00 (  0.00)	Acc C4  87.50 ( 87.50)
Test: [ 100/1415]	Time  0.018 ( 0.057)	Loss 2.3402e-01 (1.1156e+00)	Acc@1  87.50 ( 74.38)	Acc C1  75.00 ( 33.33)	Acc C2 100.00 ( 76.92)	Acc C3  25.00 ( 10.00)	Acc C4  87.50 ( 76.50)
Test: [ 200/1415]	Time  0.018 ( 0.038)	Loss 3.2390e+00 (1.7845e+00)	Acc@1  25.00 ( 63.68)	Acc C1   0.00 ( 20.00)	Acc C2 100.00 ( 54.55)	Acc C3 100.00 ( 43.66)	Acc C4  25.00 ( 73.19)
Test: [ 300/1415]	Time  0.019 ( 0.031)	Loss 1.9081e+00 (1.9713e+00)	Acc@1  75.00 ( 59.93)	Acc C1  50.00 ( 18.03)	Acc C2  75.00 ( 48.96)	Acc C3   0.00 ( 40.69)	Acc C4 100.00 ( 72.95)
Test: [ 400/1415]	Time  0.019 ( 0.028)	Loss 4.6415e+00 (2.3323e+00)	Acc@1  37.50 ( 55.74)	Acc C1   0.00 ( 10.53)	Acc C2 100.00 ( 52.42)	Acc C3  20.00 ( 40.29)	Acc C4   0.00 ( 72.09)
Test: [ 500/1415]	Time  0.019 ( 0.026)	Loss 2.5884e+00 (2.4758e+00)	Acc@1  37.50 ( 53.84)	Acc C1   0.00 ( 11.66)	Acc C2   0.00 ( 53.47)	Acc C3  60.00 ( 38.91)	Acc C4 100.00 ( 73.58)
Test: [ 600/1415]	Time  0.018 ( 0.025)	Loss 3.9180e-02 (2.4474e+00)	Acc@1 100.00 ( 54.43)	Acc C1   0.00 ( 11.43)	Acc C2  50.00 ( 39.39)	Acc C3 100.00 ( 42.57)	Acc C4 100.00 ( 76.16)
Test: [ 700/1415]	Time  0.019 ( 0.024)	Loss 1.1754e-02 (2.1187e+00)	Acc@1 100.00 ( 60.24)	Acc C1   0.00 ( 11.43)	Acc C2  50.00 ( 39.39)	Acc C3 100.00 ( 42.57)	Acc C4 100.00 ( 81.28)
Test: [ 800/1415]	Time  0.018 ( 0.023)	Loss 2.5018e+00 (2.1827e+00)	Acc@1  25.00 ( 59.75)	Acc C1   0.00 ( 11.35)	Acc C2  25.00 ( 31.46)	Acc C3  33.33 ( 42.62)	Acc C4   0.00 ( 82.02)
Test: [ 900/1415]	Time  0.018 ( 0.023)	Loss 4.6238e+00 (2.4083e+00)	Acc@1  37.50 ( 56.09)	Acc C1   0.00 ( 11.79)	Acc C2  37.50 ( 26.04)	Acc C3  50.00 ( 43.98)	Acc C4 100.00 ( 82.02)
Test: [1000/1415]	Time  0.019 ( 0.022)	Loss 5.2774e-01 (2.3185e+00)	Acc@1  75.00 ( 57.44)	Acc C1 100.00 ( 11.57)	Acc C2   0.00 ( 27.44)	Acc C3 100.00 ( 46.20)	Acc C4  85.71 ( 83.50)
Test: [1100/1415]	Time  0.019 ( 0.022)	Loss 1.4658e+00 (2.2924e+00)	Acc@1  75.00 ( 58.08)	Acc C1   0.00 ( 11.90)	Acc C2   0.00 ( 26.99)	Acc C3  85.71 ( 48.62)	Acc C4 100.00 ( 84.18)
Test: [1200/1415]	Time  0.018 ( 0.022)	Loss 1.4776e+00 (2.3457e+00)	Acc@1  62.50 ( 57.59)	Acc C1   0.00 ( 11.86)	Acc C2 100.00 ( 26.45)	Acc C3  28.57 ( 50.41)	Acc C4  62.50 ( 83.74)
Test: [1300/1415]	Time  0.019 ( 0.022)	Loss 1.6514e+00 (2.4006e+00)	Acc@1  50.00 ( 57.12)	Acc C1   0.00 ( 11.96)	Acc C2  50.00 ( 25.25)	Acc C3  50.00 ( 51.27)	Acc C4 100.00 ( 84.33)
Test: [1400/1415]	Time  0.019 ( 0.021)	Loss 5.8709e-01 (2.5310e+00)	Acc@1  87.50 ( 55.82)	Acc C1   0.00 ( 11.45)	Acc C2   0.00 ( 24.91)	Acc C3 100.00 ( 52.75)	Acc C4 100.00 ( 84.29)
 * Acc 55.867
Testing set : 
Successfully loaded: N10_1_1
Successfully loaded: N10_1_2
Successfully loaded: N10_1_3
Successfully loaded: N10_2_1
Successfully loaded: N10_2_2
Successfully loaded: P13_1_1
Successfully loaded: P13_1_2
Successfully loaded: P13_2_1
Successfully loaded: P13_2_2
Successfully loaded: P28_7_5
Successfully loaded: P28_8_5
Successfully loaded: P28_10_4
Successfully loaded: P28_10_5
Loaded pretrained weights for efficientnet-b0
=> using pre-trained model 'efficientnet-b0'
[W CudaIPCTypes.cpp:22] Producer process has been terminated before all shared CUDA tensors released. See Note [Sharing CUDA tensors]
Test: [   0/1415]	Time  3.900 ( 3.900)	Loss 1.6466e+00 (1.6466e+00)	Acc@1  50.00 ( 50.00)	Acc C1   0.00 (  0.00)	Acc C2   0.00 (  0.00)	Acc C3   0.00 (  0.00)	Acc C4  50.00 ( 50.00)
Test: [ 100/1415]	Time  0.019 ( 0.058)	Loss 5.8548e-01 (1.8570e+00)	Acc@1  62.50 ( 60.77)	Acc C1   0.00 (  0.00)	Acc C2 100.00 ( 69.23)	Acc C3  50.00 ( 45.00)	Acc C4  62.50 ( 61.75)
Test: [ 200/1415]	Time  0.019 ( 0.038)	Loss 2.8169e+00 (2.6811e+00)	Acc@1  37.50 ( 52.30)	Acc C1   0.00 ( 17.33)	Acc C2  25.00 ( 29.55)	Acc C3 100.00 ( 53.52)	Acc C4  37.50 ( 55.11)
Test: [ 300/1415]	Time  0.019 ( 0.032)	Loss 2.3897e+00 (2.7413e+00)	Acc@1  50.00 ( 51.33)	Acc C1   0.00 ( 13.93)	Acc C2  75.00 ( 32.29)	Acc C3   0.00 ( 48.63)	Acc C4  50.00 ( 56.85)
Test: [ 400/1415]	Time  0.019 ( 0.028)	Loss 1.5844e+00 (2.9487e+00)	Acc@1  87.50 ( 48.88)	Acc C1   0.00 (  8.42)	Acc C2 100.00 ( 35.68)	Acc C3 100.00 ( 51.98)	Acc C4   0.00 ( 55.52)
Test: [ 500/1415]	Time  0.019 ( 0.027)	Loss 5.1012e+00 (3.0262e+00)	Acc@1  25.00 ( 48.83)	Acc C1   0.00 (  8.68)	Acc C2 100.00 ( 39.88)	Acc C3  20.00 ( 50.29)	Acc C4 100.00 ( 57.83)
Test: [ 600/1415]	Time  0.019 ( 0.025)	Loss 9.9171e-01 (3.0085e+00)	Acc@1  62.50 ( 47.57)	Acc C1   0.00 (  8.74)	Acc C2  62.50 ( 45.14)	Acc C3  50.00 ( 46.53)	Acc C4  62.50 ( 56.98)
Test: [ 700/1415]	Time  0.018 ( 0.024)	Loss 9.5831e-01 (2.7991e+00)	Acc@1  50.00 ( 48.23)	Acc C1   0.00 (  8.74)	Acc C2  62.50 ( 45.14)	Acc C3  50.00 ( 46.53)	Acc C4  50.00 ( 55.70)
Test: [ 800/1415]	Time  0.019 ( 0.024)	Loss 1.4514e+00 (2.7111e+00)	Acc@1  62.50 ( 48.31)	Acc C1   0.00 (  8.52)	Acc C2  62.50 ( 48.92)	Acc C3  33.33 ( 45.98)	Acc C4   0.00 ( 54.74)
Test: [ 900/1415]	Time  0.019 ( 0.023)	Loss 2.6401e+00 (2.7310e+00)	Acc@1  37.50 ( 47.71)	Acc C1   0.00 (  8.37)	Acc C2  37.50 ( 50.62)	Acc C3   0.00 ( 44.03)	Acc C4   0.00 ( 54.72)
Test: [1000/1415]	Time  0.019 ( 0.023)	Loss 3.0415e+00 (2.6855e+00)	Acc@1  37.50 ( 47.99)	Acc C1   0.00 (  8.68)	Acc C2 100.00 ( 50.58)	Acc C3   0.00 ( 43.65)	Acc C4  28.57 ( 55.07)
Test: [1100/1415]	Time  0.019 ( 0.022)	Loss 2.4578e+00 (2.7202e+00)	Acc@1  37.50 ( 47.71)	Acc C1 100.00 (  8.57)	Acc C2   0.00 ( 51.09)	Acc C3  28.57 ( 41.79)	Acc C4  50.00 ( 55.82)
Test: [1200/1415]	Time  0.019 ( 0.022)	Loss 5.4422e+00 (2.8275e+00)	Acc@1   0.00 ( 46.70)	Acc C1   0.00 (  8.87)	Acc C2   0.00 ( 51.51)	Acc C3  42.86 ( 40.66)	Acc C4   0.00 ( 55.16)
Test: [1300/1415]	Time  0.019 ( 0.022)	Loss 1.1262e+00 (2.8538e+00)	Acc@1  75.00 ( 46.03)	Acc C1   0.00 (  8.82)	Acc C2 100.00 ( 50.54)	Acc C3   0.00 ( 39.40)	Acc C4   0.00 ( 55.18)
Test: [1400/1415]	Time  0.019 ( 0.021)	Loss 1.6328e+00 (2.9733e+00)	Acc@1  75.00 ( 44.86)	Acc C1   0.00 (  9.23)	Acc C2  20.00 ( 49.87)	Acc C3   0.00 ( 38.71)	Acc C4  85.71 ( 55.35)
 * Acc 44.955
Traceback (most recent call last):
  File "ensemble.py", line 277, in <module>
    main()
  File "ensemble.py", line 188, in main
    assert y_pred_per_filter("True") == y_true
TypeError: 'dict' object is not callable
Program finished with exit code 1 at: Tue Apr 13 21:04:05 CEST 2021
done
