This job can be monitored from: https://scruffy.c3se.chalmers.se/d/alvis-job/alvis-job?var-jobid=60090&from=1617638779000
/tmp/slurmd/job60090/slurm_script: line 10: deactivate: command not found
Starting at Mon Apr  5 18:06:19 CEST 2021
Job Name - EffNet
Running on hosts: alvis1-10
Running on 1 nodes.
Running 1 tasks.
Current working directory is /cephyr/users/filipfri/Alvis/BscProject
10.2
tensor([1.], device='cuda:0')
Using image size:  224
Using filter  
P13_2_2
3321
Traceback (most recent call last):
  File "main.py", line 307, in <module>
    main()
  File "main.py", line 264, in main
    transform=val_tsfm)
  File "/cephyr/users/filipfri/Alvis/BscProject/CellDataset.py", line 17, in __init__
    assert all(tensors[0].size(0) == tensor.size(0) for tensor in tensors)
AssertionError
Program finished with exit code 1 at: Mon Apr  5 18:07:28 CEST 2021
git in 60 seconds
