This job can be monitored from: https://scruffy.c3se.chalmers.se/d/alvis-job/alvis-job?var-jobid=59426&from=1617201150000
/tmp/slurmd/job59426/slurm_script: line 10: deactivate: command not found
Starting at Wed Mar 31 16:32:30 CEST 2021
Job Name - EffNet
Running on hosts: alvis1-09
Running on 1 nodes.
Running 1 tasks.
Current working directory is /cephyr/users/filipfri/Alvis/210312_ThesisProject
10.2
tensor([1.], device='cuda:0')
Using image size 224
Using filter  _SCD
train size: 28329
val size: 7083
test size: 20
Available GPUs: 1
Loaded pretrained weights for efficientnet-b0
=> using pre-trained model 'efficientnet-b0'
[W CudaIPCTypes.cpp:22] Producer process has been terminated before all shared CUDA tensors released. See Note [Sharing CUDA tensors]
Epoch: [0][  0/886]	Time  3.760 ( 3.760)	Data  3.422 ( 3.422)	Loss 1.4103e+00 (1.4103e+00)	Acc@1  21.88 ( 21.88)
Epoch: [0][ 10/886]	Time  0.083 ( 0.417)	Data  0.002 ( 0.313)	Loss 1.3129e+00 (1.3865e+00)	Acc@1  46.88 ( 30.11)
Epoch: [0][ 20/886]	Time  0.090 ( 0.260)	Data  0.010 ( 0.168)	Loss 1.3593e+00 (1.3593e+00)	Acc@1  34.38 ( 33.04)
Epoch: [0][ 30/886]	Time  0.089 ( 0.205)	Data  0.009 ( 0.117)	Loss 1.3489e+00 (1.3315e+00)	Acc@1  40.62 ( 36.59)
Epoch: [0][ 40/886]	Time  0.090 ( 0.177)	Data  0.010 ( 0.091)	Loss 1.1755e+00 (1.3033e+00)	Acc@1  46.88 ( 38.41)
Epoch: [0][ 50/886]	Time  0.090 ( 0.160)	Data  0.010 ( 0.075)	Loss 1.1166e+00 (1.2793e+00)	Acc@1  53.12 ( 40.50)
Epoch: [0][ 60/886]	Time  0.089 ( 0.149)	Data  0.009 ( 0.064)	Loss 1.0622e+00 (1.2701e+00)	Acc@1  65.62 ( 40.93)
Epoch: [0][ 70/886]	Time  0.090 ( 0.140)	Data  0.010 ( 0.057)	Loss 1.0802e+00 (1.2605e+00)	Acc@1  50.00 ( 41.64)
Epoch: [0][ 80/886]	Time  0.090 ( 0.134)	Data  0.010 ( 0.051)	Loss 1.1480e+00 (1.2574e+00)	Acc@1  34.38 ( 41.74)
Epoch: [0][ 90/886]	Time  0.091 ( 0.129)	Data  0.011 ( 0.046)	Loss 1.0668e+00 (1.2465e+00)	Acc@1  53.12 ( 42.38)
Epoch: [0][100/886]	Time  0.091 ( 0.126)	Data  0.011 ( 0.043)	Loss 1.1296e+00 (1.2378e+00)	Acc@1  56.25 ( 42.95)
Epoch: [0][110/886]	Time  0.091 ( 0.123)	Data  0.011 ( 0.040)	Loss 1.0818e+00 (1.2331e+00)	Acc@1  62.50 ( 43.30)
Epoch: [0][120/886]	Time  0.091 ( 0.120)	Data  0.011 ( 0.038)	Loss 1.3353e+00 (1.2210e+00)	Acc@1  37.50 ( 43.80)
Epoch: [0][130/886]	Time  0.091 ( 0.118)	Data  0.011 ( 0.036)	Loss 9.7640e-01 (1.2141e+00)	Acc@1  59.38 ( 44.04)
Epoch: [0][140/886]	Time  0.091 ( 0.116)	Data  0.011 ( 0.034)	Loss 1.0769e+00 (1.2060e+00)	Acc@1  59.38 ( 44.55)
Epoch: [0][150/886]	Time  0.092 ( 0.114)	Data  0.012 ( 0.032)	Loss 9.2791e-01 (1.1960e+00)	Acc@1  56.25 ( 44.93)
Epoch: [0][160/886]	Time  0.091 ( 0.113)	Data  0.011 ( 0.031)	Loss 9.8607e-01 (1.1858e+00)	Acc@1  65.62 ( 45.54)
Epoch: [0][170/886]	Time  0.091 ( 0.111)	Data  0.011 ( 0.030)	Loss 1.4029e+00 (1.1795e+00)	Acc@1  43.75 ( 45.87)
Epoch: [0][180/886]	Time  0.089 ( 0.110)	Data  0.009 ( 0.029)	Loss 1.1055e+00 (1.1756e+00)	Acc@1  46.88 ( 46.10)
Epoch: [0][190/886]	Time  0.091 ( 0.109)	Data  0.011 ( 0.028)	Loss 9.3230e-01 (1.1692e+00)	Acc@1  59.38 ( 46.42)
Epoch: [0][200/886]	Time  0.089 ( 0.108)	Data  0.009 ( 0.027)	Loss 9.4753e-01 (1.1632e+00)	Acc@1  56.25 ( 46.55)
Epoch: [0][210/886]	Time  0.090 ( 0.108)	Data  0.010 ( 0.026)	Loss 1.1095e+00 (1.1610e+00)	Acc@1  46.88 ( 46.71)
Epoch: [0][220/886]	Time  0.091 ( 0.107)	Data  0.011 ( 0.026)	Loss 1.0585e+00 (1.1579e+00)	Acc@1  62.50 ( 46.99)
Epoch: [0][230/886]	Time  0.090 ( 0.106)	Data  0.010 ( 0.025)	Loss 9.8791e-01 (1.1518e+00)	Acc@1  53.12 ( 47.29)
Epoch: [0][240/886]	Time  0.091 ( 0.105)	Data  0.011 ( 0.024)	Loss 1.2320e+00 (1.1508e+00)	Acc@1  46.88 ( 47.41)
Epoch: [0][250/886]	Time  0.091 ( 0.105)	Data  0.011 ( 0.024)	Loss 1.2687e+00 (1.1448e+00)	Acc@1  53.12 ( 47.81)
Epoch: [0][260/886]	Time  0.091 ( 0.104)	Data  0.011 ( 0.023)	Loss 9.5623e-01 (1.1364e+00)	Acc@1  56.25 ( 48.31)
Epoch: [0][270/886]	Time  0.091 ( 0.104)	Data  0.011 ( 0.023)	Loss 1.3388e+00 (1.1354e+00)	Acc@1  37.50 ( 48.41)
Epoch: [0][280/886]	Time  0.092 ( 0.103)	Data  0.012 ( 0.022)	Loss 9.6359e-01 (1.1308e+00)	Acc@1  59.38 ( 48.64)
Epoch: [0][290/886]	Time  0.091 ( 0.103)	Data  0.011 ( 0.022)	Loss 8.5745e-01 (1.1294e+00)	Acc@1  71.88 ( 48.83)
Epoch: [0][300/886]	Time  0.091 ( 0.103)	Data  0.011 ( 0.022)	Loss 8.1766e-01 (1.1240e+00)	Acc@1  71.88 ( 49.14)
Epoch: [0][310/886]	Time  0.091 ( 0.102)	Data  0.011 ( 0.021)	Loss 1.1423e+00 (1.1217e+00)	Acc@1  37.50 ( 49.28)
Epoch: [0][320/886]	Time  0.090 ( 0.102)	Data  0.010 ( 0.021)	Loss 1.0054e+00 (1.1193e+00)	Acc@1  53.12 ( 49.32)
Epoch: [0][330/886]	Time  0.090 ( 0.101)	Data  0.010 ( 0.021)	Loss 9.2656e-01 (1.1147e+00)	Acc@1  62.50 ( 49.60)
Epoch: [0][340/886]	Time  0.091 ( 0.101)	Data  0.011 ( 0.020)	Loss 1.0447e+00 (1.1137e+00)	Acc@1  53.12 ( 49.72)
Epoch: [0][350/886]	Time  0.091 ( 0.101)	Data  0.011 ( 0.020)	Loss 9.8261e-01 (1.1111e+00)	Acc@1  56.25 ( 49.84)
Epoch: [0][360/886]	Time  0.091 ( 0.101)	Data  0.011 ( 0.020)	Loss 1.0580e+00 (1.1077e+00)	Acc@1  40.62 ( 50.07)
Epoch: [0][370/886]	Time  0.091 ( 0.100)	Data  0.011 ( 0.020)	Loss 1.1919e+00 (1.1065e+00)	Acc@1  53.12 ( 50.13)
Epoch: [0][380/886]	Time  0.090 ( 0.100)	Data  0.010 ( 0.019)	Loss 9.8356e-01 (1.1050e+00)	Acc@1  53.12 ( 50.21)
Epoch: [0][390/886]	Time  0.091 ( 0.100)	Data  0.011 ( 0.019)	Loss 8.1771e-01 (1.1036e+00)	Acc@1  78.12 ( 50.34)
Epoch: [0][400/886]	Time  0.090 ( 0.100)	Data  0.010 ( 0.019)	Loss 8.6596e-01 (1.1003e+00)	Acc@1  59.38 ( 50.53)
Epoch: [0][410/886]	Time  0.091 ( 0.099)	Data  0.011 ( 0.019)	Loss 9.8837e-01 (1.0970e+00)	Acc@1  53.12 ( 50.70)
Epoch: [0][420/886]	Time  0.090 ( 0.099)	Data  0.010 ( 0.019)	Loss 8.3906e-01 (1.0932e+00)	Acc@1  62.50 ( 50.87)
Epoch: [0][430/886]	Time  0.090 ( 0.099)	Data  0.010 ( 0.018)	Loss 1.2286e+00 (1.0917e+00)	Acc@1  43.75 ( 50.96)
Epoch: [0][440/886]	Time  0.090 ( 0.099)	Data  0.010 ( 0.018)	Loss 1.0088e+00 (1.0877e+00)	Acc@1  43.75 ( 51.16)
Epoch: [0][450/886]	Time  0.091 ( 0.099)	Data  0.011 ( 0.018)	Loss 9.0954e-01 (1.0855e+00)	Acc@1  59.38 ( 51.35)
Epoch: [0][460/886]	Time  0.090 ( 0.098)	Data  0.010 ( 0.018)	Loss 1.3111e+00 (1.0839e+00)	Acc@1  37.50 ( 51.44)
Epoch: [0][470/886]	Time  0.090 ( 0.098)	Data  0.010 ( 0.018)	Loss 8.9479e-01 (1.0827e+00)	Acc@1  59.38 ( 51.57)
Epoch: [0][480/886]	Time  0.090 ( 0.098)	Data  0.010 ( 0.018)	Loss 9.8849e-01 (1.0811e+00)	Acc@1  56.25 ( 51.66)
Epoch: [0][490/886]	Time  0.091 ( 0.098)	Data  0.011 ( 0.017)	Loss 1.2874e+00 (1.0804e+00)	Acc@1  50.00 ( 51.79)
Epoch: [0][500/886]	Time  0.090 ( 0.098)	Data  0.010 ( 0.017)	Loss 8.3348e-01 (1.0783e+00)	Acc@1  56.25 ( 51.88)
Epoch: [0][510/886]	Time  0.091 ( 0.098)	Data  0.011 ( 0.017)	Loss 9.4327e-01 (1.0764e+00)	Acc@1  75.00 ( 52.05)
Epoch: [0][520/886]	Time  0.091 ( 0.098)	Data  0.011 ( 0.017)	Loss 1.0575e+00 (1.0746e+00)	Acc@1  59.38 ( 52.17)
Epoch: [0][530/886]	Time  0.082 ( 0.097)	Data  0.002 ( 0.017)	Loss 8.4971e-01 (1.0717e+00)	Acc@1  62.50 ( 52.35)
Epoch: [0][540/886]	Time  0.091 ( 0.097)	Data  0.011 ( 0.017)	Loss 7.7930e-01 (1.0710e+00)	Acc@1  71.88 ( 52.45)
Epoch: [0][550/886]	Time  0.091 ( 0.097)	Data  0.011 ( 0.017)	Loss 9.3240e-01 (1.0686e+00)	Acc@1  56.25 ( 52.55)
Epoch: [0][560/886]	Time  0.091 ( 0.097)	Data  0.011 ( 0.017)	Loss 9.2596e-01 (1.0663e+00)	Acc@1  53.12 ( 52.66)
Epoch: [0][570/886]	Time  0.091 ( 0.097)	Data  0.011 ( 0.016)	Loss 1.0896e+00 (1.0630e+00)	Acc@1  56.25 ( 52.87)
Epoch: [0][580/886]	Time  0.090 ( 0.097)	Data  0.010 ( 0.016)	Loss 1.0070e+00 (1.0616e+00)	Acc@1  56.25 ( 52.96)
Epoch: [0][590/886]	Time  0.090 ( 0.097)	Data  0.011 ( 0.016)	Loss 1.0553e+00 (1.0615e+00)	Acc@1  56.25 ( 52.95)
Epoch: [0][600/886]	Time  0.090 ( 0.097)	Data  0.010 ( 0.016)	Loss 1.1114e+00 (1.0605e+00)	Acc@1  50.00 ( 53.01)
Epoch: [0][610/886]	Time  0.090 ( 0.097)	Data  0.011 ( 0.016)	Loss 1.0426e+00 (1.0575e+00)	Acc@1  50.00 ( 53.22)
Epoch: [0][620/886]	Time  0.091 ( 0.096)	Data  0.011 ( 0.016)	Loss 9.8398e-01 (1.0561e+00)	Acc@1  50.00 ( 53.29)
Epoch: [0][630/886]	Time  0.091 ( 0.096)	Data  0.011 ( 0.016)	Loss 8.7449e-01 (1.0554e+00)	Acc@1  65.62 ( 53.33)
Epoch: [0][640/886]	Time  0.091 ( 0.096)	Data  0.011 ( 0.016)	Loss 1.3234e+00 (1.0537e+00)	Acc@1  43.75 ( 53.42)
Epoch: [0][650/886]	Time  0.092 ( 0.096)	Data  0.012 ( 0.016)	Loss 8.0282e-01 (1.0515e+00)	Acc@1  65.62 ( 53.55)
Epoch: [0][660/886]	Time  0.092 ( 0.096)	Data  0.012 ( 0.016)	Loss 1.3376e+00 (1.0505e+00)	Acc@1  40.62 ( 53.63)
Epoch: [0][670/886]	Time  0.091 ( 0.096)	Data  0.011 ( 0.016)	Loss 8.2039e-01 (1.0486e+00)	Acc@1  62.50 ( 53.75)
Epoch: [0][680/886]	Time  0.091 ( 0.096)	Data  0.011 ( 0.016)	Loss 1.0397e+00 (1.0465e+00)	Acc@1  56.25 ( 53.87)
Epoch: [0][690/886]	Time  0.090 ( 0.096)	Data  0.010 ( 0.015)	Loss 9.4945e-01 (1.0451e+00)	Acc@1  59.38 ( 53.98)
Epoch: [0][700/886]	Time  0.091 ( 0.096)	Data  0.011 ( 0.015)	Loss 8.1477e-01 (1.0437e+00)	Acc@1  59.38 ( 54.09)
Epoch: [0][710/886]	Time  0.090 ( 0.096)	Data  0.010 ( 0.015)	Loss 1.0405e+00 (1.0422e+00)	Acc@1  56.25 ( 54.14)
Epoch: [0][720/886]	Time  0.090 ( 0.096)	Data  0.010 ( 0.015)	Loss 1.1045e+00 (1.0414e+00)	Acc@1  56.25 ( 54.22)
Epoch: [0][730/886]	Time  0.091 ( 0.096)	Data  0.011 ( 0.015)	Loss 8.9297e-01 (1.0400e+00)	Acc@1  53.12 ( 54.30)
Epoch: [0][740/886]	Time  0.090 ( 0.095)	Data  0.010 ( 0.015)	Loss 1.2806e+00 (1.0383e+00)	Acc@1  53.12 ( 54.42)
Epoch: [0][750/886]	Time  0.090 ( 0.095)	Data  0.010 ( 0.015)	Loss 1.0932e+00 (1.0372e+00)	Acc@1  53.12 ( 54.50)
Epoch: [0][760/886]	Time  0.090 ( 0.095)	Data  0.010 ( 0.015)	Loss 9.8860e-01 (1.0351e+00)	Acc@1  53.12 ( 54.63)
Epoch: [0][770/886]	Time  0.091 ( 0.095)	Data  0.011 ( 0.015)	Loss 1.0623e+00 (1.0346e+00)	Acc@1  50.00 ( 54.69)
Epoch: [0][780/886]	Time  0.090 ( 0.095)	Data  0.009 ( 0.015)	Loss 1.1501e+00 (1.0338e+00)	Acc@1  43.75 ( 54.77)
Epoch: [0][790/886]	Time  0.091 ( 0.095)	Data  0.011 ( 0.015)	Loss 8.0506e-01 (1.0326e+00)	Acc@1  68.75 ( 54.85)
Epoch: [0][800/886]	Time  0.090 ( 0.095)	Data  0.011 ( 0.015)	Loss 6.8439e-01 (1.0308e+00)	Acc@1  75.00 ( 55.00)
Epoch: [0][810/886]	Time  0.090 ( 0.095)	Data  0.010 ( 0.015)	Loss 9.4154e-01 (1.0293e+00)	Acc@1  59.38 ( 55.14)
Epoch: [0][820/886]	Time  0.090 ( 0.095)	Data  0.010 ( 0.015)	Loss 9.6065e-01 (1.0283e+00)	Acc@1  59.38 ( 55.21)
Epoch: [0][830/886]	Time  0.090 ( 0.095)	Data  0.010 ( 0.015)	Loss 8.3016e-01 (1.0276e+00)	Acc@1  71.88 ( 55.27)
Epoch: [0][840/886]	Time  0.090 ( 0.095)	Data  0.010 ( 0.015)	Loss 8.4878e-01 (1.0268e+00)	Acc@1  65.62 ( 55.32)
Epoch: [0][850/886]	Time  0.091 ( 0.095)	Data  0.011 ( 0.015)	Loss 7.1801e-01 (1.0252e+00)	Acc@1  68.75 ( 55.39)
Epoch: [0][860/886]	Time  0.090 ( 0.095)	Data  0.010 ( 0.014)	Loss 7.1855e-01 (1.0230e+00)	Acc@1  68.75 ( 55.48)
Epoch: [0][870/886]	Time  0.091 ( 0.095)	Data  0.011 ( 0.014)	Loss 8.7445e-01 (1.0227e+00)	Acc@1  65.62 ( 55.54)
Epoch: [0][880/886]	Time  0.090 ( 0.095)	Data  0.010 ( 0.014)	Loss 7.7749e-01 (1.0214e+00)	Acc@1  71.88 ( 55.60)
[W CudaIPCTypes.cpp:22] Producer process has been terminated before all shared CUDA tensors released. See Note [Sharing CUDA tensors]
Test: [  0/222]	Time  3.231 ( 3.231)	Loss 7.6523e-01 (7.6523e-01)	Acc@1  71.88 ( 71.88)	Acc C1  14.29 ( 14.29)	Acc C2  77.78 ( 77.78)	Acc C3  87.50 ( 87.50)	Acc C4 100.00 (100.00)
Test: [ 10/222]	Time  0.033 ( 0.324)	Loss 1.1280e+00 (8.9695e-01)	Acc@1  40.62 ( 63.35)	Acc C1   0.00 ( 21.82)	Acc C2  25.00 ( 58.24)	Acc C3  25.00 ( 58.43)	Acc C4  90.00 ( 90.60)
Test: [ 20/222]	Time  0.033 ( 0.185)	Loss 9.7213e-01 (8.9292e-01)	Acc@1  59.38 ( 63.10)	Acc C1   0.00 ( 25.44)	Acc C2  42.86 ( 57.14)	Acc C3  62.50 ( 59.01)	Acc C4  91.67 ( 91.16)
Test: [ 30/222]	Time  0.033 ( 0.136)	Loss 1.0434e+00 (9.0613e-01)	Acc@1  62.50 ( 62.90)	Acc C1  18.18 ( 26.86)	Acc C2  75.00 ( 57.63)	Acc C3  71.43 ( 53.85)	Acc C4 100.00 ( 93.46)
Test: [ 40/222]	Time  0.033 ( 0.111)	Loss 1.0497e+00 (9.2851e-01)	Acc@1  62.50 ( 61.66)	Acc C1  25.00 ( 25.44)	Acc C2  46.15 ( 55.18)	Acc C3  66.67 ( 53.63)	Acc C4 100.00 ( 93.66)
Test: [ 50/222]	Time  0.033 ( 0.096)	Loss 9.1975e-01 (9.4347e-01)	Acc@1  53.12 ( 61.34)	Acc C1   0.00 ( 25.85)	Acc C2  33.33 ( 55.66)	Acc C3  33.33 ( 53.08)	Acc C4  92.31 ( 93.28)
Test: [ 60/222]	Time  0.033 ( 0.086)	Loss 1.0617e+00 (9.4609e-01)	Acc@1  50.00 ( 61.27)	Acc C1  25.00 ( 26.87)	Acc C2  40.00 ( 55.98)	Acc C3  36.36 ( 53.78)	Acc C4 100.00 ( 92.35)
Test: [ 70/222]	Time  0.033 ( 0.078)	Loss 7.1809e-01 (9.4773e-01)	Acc@1  75.00 ( 60.96)	Acc C1  50.00 ( 27.23)	Acc C2  50.00 ( 55.22)	Acc C3  83.33 ( 53.85)	Acc C4 100.00 ( 92.46)
Test: [ 80/222]	Time  0.033 ( 0.073)	Loss 9.3760e-01 (9.4578e-01)	Acc@1  62.50 ( 61.03)	Acc C1  20.00 ( 27.67)	Acc C2  63.64 ( 55.32)	Acc C3  55.56 ( 52.74)	Acc C4 100.00 ( 92.78)
Test: [ 90/222]	Time  0.033 ( 0.068)	Loss 8.1190e-01 (9.4103e-01)	Acc@1  71.88 ( 61.71)	Acc C1  66.67 ( 30.20)	Acc C2  83.33 ( 55.67)	Acc C3  37.50 ( 53.17)	Acc C4  91.67 ( 93.30)
Test: [100/222]	Time  0.033 ( 0.065)	Loss 1.1168e+00 (9.3985e-01)	Acc@1  50.00 ( 61.85)	Acc C1  37.50 ( 31.07)	Acc C2  40.00 ( 55.88)	Acc C3  41.67 ( 53.06)	Acc C4  85.71 ( 93.33)
Test: [110/222]	Time  0.033 ( 0.062)	Loss 1.0269e+00 (9.3943e-01)	Acc@1  56.25 ( 61.63)	Acc C1  16.67 ( 31.08)	Acc C2  54.55 ( 55.87)	Acc C3  55.56 ( 52.79)	Acc C4 100.00 ( 92.96)
Test: [120/222]	Time  0.033 ( 0.060)	Loss 9.8033e-01 (9.3945e-01)	Acc@1  56.25 ( 61.47)	Acc C1  25.00 ( 30.56)	Acc C2  40.00 ( 56.24)	Acc C3  44.44 ( 52.41)	Acc C4 100.00 ( 92.74)
Test: [130/222]	Time  0.033 ( 0.058)	Loss 9.6827e-01 (9.3810e-01)	Acc@1  62.50 ( 61.35)	Acc C1  40.00 ( 30.03)	Acc C2  50.00 ( 56.12)	Acc C3  40.00 ( 52.24)	Acc C4 100.00 ( 92.62)
Test: [140/222]	Time  0.033 ( 0.056)	Loss 8.2530e-01 (9.3824e-01)	Acc@1  75.00 ( 61.28)	Acc C1  40.00 ( 29.63)	Acc C2  85.71 ( 55.37)	Acc C3  66.67 ( 52.29)	Acc C4  90.91 ( 92.71)
Test: [150/222]	Time  0.033 ( 0.054)	Loss 9.2622e-01 (9.3867e-01)	Acc@1  62.50 ( 61.28)	Acc C1  50.00 ( 30.01)	Acc C2  60.00 ( 54.94)	Acc C3  42.86 ( 52.53)	Acc C4 100.00 ( 92.78)
Test: [160/222]	Time  0.033 ( 0.053)	Loss 9.6203e-01 (9.3833e-01)	Acc@1  59.38 ( 61.26)	Acc C1  50.00 ( 30.00)	Acc C2  54.55 ( 55.09)	Acc C3  50.00 ( 51.91)	Acc C4  77.78 ( 92.83)
Test: [170/222]	Time  0.033 ( 0.052)	Loss 8.8054e-01 (9.3835e-01)	Acc@1  56.25 ( 61.09)	Acc C1  16.67 ( 30.21)	Acc C2  62.50 ( 55.14)	Acc C3  53.85 ( 51.36)	Acc C4 100.00 ( 92.90)
Test: [180/222]	Time  0.033 ( 0.051)	Loss 1.1622e+00 (9.3830e-01)	Acc@1  46.88 ( 60.96)	Acc C1  66.67 ( 30.48)	Acc C2  30.00 ( 54.65)	Acc C3  42.86 ( 51.59)	Acc C4  80.00 ( 92.80)
Test: [190/222]	Time  0.033 ( 0.050)	Loss 7.5240e-01 (9.3482e-01)	Acc@1  75.00 ( 61.21)	Acc C1  75.00 ( 30.71)	Acc C2  66.67 ( 55.01)	Acc C3  50.00 ( 51.89)	Acc C4  92.86 ( 92.68)
Test: [200/222]	Time  0.033 ( 0.049)	Loss 1.1584e+00 (9.3529e-01)	Acc@1  43.75 ( 61.16)	Acc C1  14.29 ( 30.94)	Acc C2  50.00 ( 54.91)	Acc C3  44.44 ( 51.48)	Acc C4  75.00 ( 92.73)
Test: [210/222]	Time  0.034 ( 0.048)	Loss 1.3536e+00 (9.3804e-01)	Acc@1  37.50 ( 61.06)	Acc C1   0.00 ( 30.71)	Acc C2  33.33 ( 54.66)	Acc C3  25.00 ( 51.37)	Acc C4  87.50 ( 92.82)
Test: [220/222]	Time  0.033 ( 0.048)	Loss 1.0271e+00 (9.3984e-01)	Acc@1  50.00 ( 61.04)	Acc C1  22.22 ( 30.79)	Acc C2  50.00 ( 54.69)	Acc C3  42.86 ( 51.36)	Acc C4  87.50 ( 92.74)
 * Acc 61.005
              precision    recall  f1-score   support

           0       0.49      0.31      0.38      1287
           1       0.50      0.55      0.52      1967
           2       0.66      0.51      0.58      1691
           3       0.71      0.93      0.80      2138

    accuracy                           0.61      7083
   macro avg       0.59      0.57      0.57      7083
weighted avg       0.60      0.61      0.59      7083

slurmstepd: error: *** JOB 59426 ON alvis1-09 CANCELLED AT 2021-03-31T16:36:22 ***
