Successfully retrieved statistics for job: 60951. 
+------------------------------------------------------------------------------+
| GPU ID: 4                                                                    |
+====================================+=========================================+
|-----  Execution Stats  ------------+-----------------------------------------|
| Start Time                         | Thu Apr  8 18:34:56 2021                |
| End Time                           | Thu Apr  8 18:37:22 2021                |
| Total Execution Time (sec)         | 145.85                                  |
| No. of Processes                   | 2                                       |
+-----  Performance Stats  ----------+-----------------------------------------+
| Energy Consumed (Joules)           | 3786                                    |
| Power Usage (Watts)                | Avg: 31.0944, Max: 40.843, Min: 25.206  |
| Max GPU Memory Used (bytes)        | 4228907008                              |
| SM Clock (MHz)                     | Avg: 987, Max: 1590, Min: 585           |
| Memory Clock (MHz)                 | Avg: 5000, Max: 5000, Min: 5000         |
| SM Utilization (%)                 | Avg: 7, Max: 39, Min: 0                 |
| Memory Utilization (%)             | Avg: 2, Max: 6, Min: 0                  |
| PCIe Rx Bandwidth (megabytes)      | Avg: N/A, Max: N/A, Min: N/A            |
| PCIe Tx Bandwidth (megabytes)      | Avg: N/A, Max: N/A, Min: N/A            |
+-----  Event Stats  ----------------+-----------------------------------------+
| Single Bit ECC Errors              | 0                                       |
| Double Bit ECC Errors              | 0                                       |
| PCIe Replay Warnings               | 0                                       |
| Critical XID Errors                | 0                                       |
+-----  Slowdown Stats  -------------+-----------------------------------------+
| Due to - Power (%)                 | 0                                       |
|        - Thermal (%)               | 0                                       |
|        - Reliability (%)           | Not Supported                           |
|        - Board Limit (%)           | Not Supported                           |
|        - Low Utilization (%)       | Not Supported                           |
|        - Sync Boost (%)            | 0                                       |
+--  Compute Process Utilization  ---+-----------------------------------------+
| PID                                | 33006                                   |
|     Avg SM Utilization (%)         | 9                                       |
|     Avg Memory Utilization (%)     | 1                                       |
| PID                                | 33219                                   |
|     Avg SM Utilization (%)         | 0                                       |
|     Avg Memory Utilization (%)     | 0                                       |
+-----  Overall Health  -------------+-----------------------------------------+
| Overall Health                     | Healthy                                 |
+------------------------------------+-----------------------------------------+

