Successfully retrieved statistics for job: 61959. 
+------------------------------------------------------------------------------+
| GPU ID: 5                                                                    |
+====================================+=========================================+
|-----  Execution Stats  ------------+-----------------------------------------|
| Start Time                         | Tue Apr 13 21:02:15 2021                |
| End Time                           | Tue Apr 13 21:04:07 2021                |
| Total Execution Time (sec)         | 111.42                                  |
| No. of Processes                   | 3                                       |
+-----  Performance Stats  ----------+-----------------------------------------+
| Energy Consumed (Joules)           | 2731                                    |
| Power Usage (Watts)                | Avg: 41.118, Max: 64.006, Min: 25.99    |
| Max GPU Memory Used (bytes)        | 3033530368                              |
| SM Clock (MHz)                     | Avg: 1008, Max: 1575, Min: 300          |
| Memory Clock (MHz)                 | Avg: 5000, Max: 5000, Min: 5000         |
| SM Utilization (%)                 | Avg: 39, Max: 79, Min: 0                |
| Memory Utilization (%)             | Avg: 41, Max: 62, Min: 0                |
| PCIe Rx Bandwidth (megabytes)      | Avg: N/A, Max: N/A, Min: N/A            |
| PCIe Tx Bandwidth (megabytes)      | Avg: N/A, Max: N/A, Min: N/A            |
+-----  Event Stats  ----------------+-----------------------------------------+
| Single Bit ECC Errors              | 0                                       |
| Double Bit ECC Errors              | 0                                       |
| PCIe Replay Warnings               | 0                                       |
| Critical XID Errors                | 0                                       |
+-----  Slowdown Stats  -------------+-----------------------------------------+
| Due to - Power (%)                 | 0                                       |
|        - Thermal (%)               | 0                                       |
|        - Reliability (%)           | Not Supported                           |
|        - Board Limit (%)           | Not Supported                           |
|        - Low Utilization (%)       | Not Supported                           |
|        - Sync Boost (%)            | 0                                       |
+--  Compute Process Utilization  ---+-----------------------------------------+
| PID                                | 113838                                  |
|     Avg SM Utilization (%)         | 0                                       |
|     Avg Memory Utilization (%)     | 14                                      |
| PID                                | 113980                                  |
|     Avg SM Utilization (%)         | 0                                       |
|     Avg Memory Utilization (%)     | 0                                       |
| PID                                | 114295                                  |
|     Avg SM Utilization (%)         | 0                                       |
|     Avg Memory Utilization (%)     | 0                                       |
+-----  Overall Health  -------------+-----------------------------------------+
| Overall Health                     | Healthy                                 |
+------------------------------------+-----------------------------------------+

