Successfully retrieved statistics for job: 60814. 
+------------------------------------------------------------------------------+
| GPU ID: 0                                                                    |
+====================================+=========================================+
|-----  Execution Stats  ------------+-----------------------------------------|
| Start Time                         | Thu Apr  8 11:32:56 2021                |
| End Time                           | Thu Apr  8 11:51:27 2021                |
| Total Execution Time (sec)         | 1111.39                                 |
| No. of Processes                   | 16                                      |
+-----  Performance Stats  ----------+-----------------------------------------+
| Energy Consumed (Joules)           | 164581                                  |
| Power Usage (Watts)                | Avg: 141.777, Max: 199.879, Min: 37.995 |
| Max GPU Memory Used (bytes)        | 7284457472                              |
| SM Clock (MHz)                     | Avg: 1472, Max: 1530, Min: 135          |
| Memory Clock (MHz)                 | Avg: 877, Max: 877, Min: 877            |
| SM Utilization (%)                 | Avg: 67, Max: 89, Min: 0                |
| Memory Utilization (%)             | Avg: 45, Max: 61, Min: 0                |
| PCIe Rx Bandwidth (megabytes)      | Avg: N/A, Max: N/A, Min: N/A            |
| PCIe Tx Bandwidth (megabytes)      | Avg: N/A, Max: N/A, Min: N/A            |
+-----  Event Stats  ----------------+-----------------------------------------+
| Single Bit ECC Errors              | 0                                       |
| Double Bit ECC Errors              | 0                                       |
| PCIe Replay Warnings               | 0                                       |
| Critical XID Errors                | 0                                       |
+-----  Slowdown Stats  -------------+-----------------------------------------+
| Due to - Power (%)                 | 0                                       |
|        - Thermal (%)               | 0                                       |
|        - Reliability (%)           | Not Supported                           |
|        - Board Limit (%)           | Not Supported                           |
|        - Low Utilization (%)       | Not Supported                           |
|        - Sync Boost (%)            | 0                                       |
+--  Compute Process Utilization  ---+-----------------------------------------+
| PID                                | 123005                                  |
|     Avg SM Utilization (%)         | 15                                      |
|     Avg Memory Utilization (%)     | 10                                      |
| PID                                | 123222                                  |
|     Avg SM Utilization (%)         | 0                                       |
|     Avg Memory Utilization (%)     | 0                                       |
| PID                                | 123410                                  |
|     Avg SM Utilization (%)         | 0                                       |
|     Avg Memory Utilization (%)     | 0                                       |
| PID                                | 123583                                  |
|     Avg SM Utilization (%)         | 0                                       |
|     Avg Memory Utilization (%)     | 0                                       |
| PID                                | 123774                                  |
|     Avg SM Utilization (%)         | 0                                       |
|     Avg Memory Utilization (%)     | 0                                       |
| PID                                | 123918                                  |
|     Avg SM Utilization (%)         | 0                                       |
|     Avg Memory Utilization (%)     | 0                                       |
| PID                                | 123966                                  |
|     Avg SM Utilization (%)         | 0                                       |
|     Avg Memory Utilization (%)     | 0                                       |
| PID                                | 124143                                  |
|     Avg SM Utilization (%)         | 0                                       |
|     Avg Memory Utilization (%)     | 0                                       |
| PID                                | 124175                                  |
|     Avg SM Utilization (%)         | 0                                       |
|     Avg Memory Utilization (%)     | 0                                       |
| PID                                | 124648                                  |
|     Avg SM Utilization (%)         | 0                                       |
|     Avg Memory Utilization (%)     | 0                                       |
| PID                                | 125000                                  |
|     Avg SM Utilization (%)         | 0                                       |
|     Avg Memory Utilization (%)     | 0                                       |
| PID                                | 125189                                  |
|     Avg SM Utilization (%)         | 0                                       |
|     Avg Memory Utilization (%)     | 0                                       |
| PID                                | 125319                                  |
|     Avg SM Utilization (%)         | Not Found                               |
|     Avg Memory Utilization (%)     | Not Found                               |
| PID                                | 125368                                  |
|     Avg SM Utilization (%)         | 0                                       |
|     Avg Memory Utilization (%)     | 0                                       |
| PID                                | 125501                                  |
|     Avg SM Utilization (%)         | 0                                       |
|     Avg Memory Utilization (%)     | 0                                       |
| PID                                | 125562                                  |
|     Avg SM Utilization (%)         | 0                                       |
|     Avg Memory Utilization (%)     | Not Found                               |
+-----  Overall Health  -------------+-----------------------------------------+
| Overall Health                     | Healthy                                 |
+------------------------------------+-----------------------------------------+

