Successfully retrieved statistics for job: 60946. 
+------------------------------------------------------------------------------+
| GPU ID: 1                                                                    |
+====================================+=========================================+
|-----  Execution Stats  ------------+-----------------------------------------|
| Start Time                         | Thu Apr  8 17:40:55 2021                |
| End Time                           | Thu Apr  8 17:44:05 2021                |
| Total Execution Time (sec)         | 190.48                                  |
| No. of Processes                   | 2                                       |
+-----  Performance Stats  ----------+-----------------------------------------+
| Energy Consumed (Joules)           | 4297                                    |
| Power Usage (Watts)                | Avg: 25.8564, Max: 34.589, Min: 9.253   |
| Max GPU Memory Used (bytes)        | 4000317440                              |
| SM Clock (MHz)                     | Avg: 680, Max: 1440, Min: 300           |
| Memory Clock (MHz)                 | Avg: 4343, Max: 5000, Min: 405          |
| SM Utilization (%)                 | Avg: 6, Max: 41, Min: 0                 |
| Memory Utilization (%)             | Avg: 2, Max: 11, Min: 0                 |
| PCIe Rx Bandwidth (megabytes)      | Avg: N/A, Max: N/A, Min: N/A            |
| PCIe Tx Bandwidth (megabytes)      | Avg: N/A, Max: N/A, Min: N/A            |
+-----  Event Stats  ----------------+-----------------------------------------+
| Single Bit ECC Errors              | 0                                       |
| Double Bit ECC Errors              | 0                                       |
| PCIe Replay Warnings               | 7                                       |
| Critical XID Errors                | 0                                       |
+-----  Slowdown Stats  -------------+-----------------------------------------+
| Due to - Power (%)                 | 0                                       |
|        - Thermal (%)               | 0                                       |
|        - Reliability (%)           | Not Supported                           |
|        - Board Limit (%)           | Not Supported                           |
|        - Low Utilization (%)       | Not Supported                           |
|        - Sync Boost (%)            | 0                                       |
+--  Compute Process Utilization  ---+-----------------------------------------+
| PID                                | 19030                                   |
|     Avg SM Utilization (%)         | 0                                       |
|     Avg Memory Utilization (%)     | 0                                       |
| PID                                | 19460                                   |
|     Avg SM Utilization (%)         | 0                                       |
|     Avg Memory Utilization (%)     | 0                                       |
+-----  Overall Health  -------------+-----------------------------------------+
| Overall Health                     | Healthy                                 |
+------------------------------------+-----------------------------------------+

+------------------------------------------------------------------------------+
| GPU ID: 2                                                                    |
+====================================+=========================================+
|-----  Execution Stats  ------------+-----------------------------------------|
| Start Time                         | Thu Apr  8 17:40:55 2021                |
| End Time                           | Thu Apr  8 17:44:05 2021                |
| Total Execution Time (sec)         | 190.48                                  |
| No. of Processes                   | 1                                       |
+-----  Performance Stats  ----------+-----------------------------------------+
| Energy Consumed (Joules)           | 2433                                    |
| Power Usage (Watts)                | Avg: 15.377, Max: 35.371, Min: 8.951    |
| Max GPU Memory Used (bytes)        | 3859808256                              |
| SM Clock (MHz)                     | Avg: 381, Max: 585, Min: 300            |
| Memory Clock (MHz)                 | Avg: 2374, Max: 5000, Min: 405          |
| SM Utilization (%)                 | Avg: 6, Max: 36, Min: 0                 |
| Memory Utilization (%)             | Avg: 1, Max: 11, Min: 0                 |
| PCIe Rx Bandwidth (megabytes)      | Avg: N/A, Max: N/A, Min: N/A            |
| PCIe Tx Bandwidth (megabytes)      | Avg: N/A, Max: N/A, Min: N/A            |
+-----  Event Stats  ----------------+-----------------------------------------+
| Single Bit ECC Errors              | 0                                       |
| Double Bit ECC Errors              | 0                                       |
| PCIe Replay Warnings               | 2                                       |
| Critical XID Errors                | 0                                       |
+-----  Slowdown Stats  -------------+-----------------------------------------+
| Due to - Power (%)                 | 0                                       |
|        - Thermal (%)               | 0                                       |
|        - Reliability (%)           | Not Supported                           |
|        - Board Limit (%)           | Not Supported                           |
|        - Low Utilization (%)       | Not Supported                           |
|        - Sync Boost (%)            | 0                                       |
+--  Compute Process Utilization  ---+-----------------------------------------+
| PID                                | 19030                                   |
|     Avg SM Utilization (%)         | 0                                       |
|     Avg Memory Utilization (%)     | 0                                       |
+-----  Overall Health  -------------+-----------------------------------------+
| Overall Health                     | Healthy                                 |
+------------------------------------+-----------------------------------------+

+------------------------------------------------------------------------------+
| GPU ID: 3                                                                    |
+====================================+=========================================+
|-----  Execution Stats  ------------+-----------------------------------------|
| Start Time                         | Thu Apr  8 17:40:55 2021                |
| End Time                           | Thu Apr  8 17:44:05 2021                |
| Total Execution Time (sec)         | 190.48                                  |
| No. of Processes                   | 1                                       |
+-----  Performance Stats  ----------+-----------------------------------------+
| Energy Consumed (Joules)           | 2714                                    |
| Power Usage (Watts)                | Avg: 16.5564, Max: 27.517, Min: 9.048   |
| Max GPU Memory Used (bytes)        | 2622488576                              |
| SM Clock (MHz)                     | Avg: 392, Max: 585, Min: 300            |
| Memory Clock (MHz)                 | Avg: 2374, Max: 5000, Min: 405          |
| SM Utilization (%)                 | Avg: 5, Max: 34, Min: 0                 |
| Memory Utilization (%)             | Avg: 1, Max: 11, Min: 0                 |
| PCIe Rx Bandwidth (megabytes)      | Avg: N/A, Max: N/A, Min: N/A            |
| PCIe Tx Bandwidth (megabytes)      | Avg: N/A, Max: N/A, Min: N/A            |
+-----  Event Stats  ----------------+-----------------------------------------+
| Single Bit ECC Errors              | 0                                       |
| Double Bit ECC Errors              | 0                                       |
| PCIe Replay Warnings               | 4                                       |
| Critical XID Errors                | 0                                       |
+-----  Slowdown Stats  -------------+-----------------------------------------+
| Due to - Power (%)                 | 0                                       |
|        - Thermal (%)               | 0                                       |
|        - Reliability (%)           | Not Supported                           |
|        - Board Limit (%)           | Not Supported                           |
|        - Low Utilization (%)       | Not Supported                           |
|        - Sync Boost (%)            | 0                                       |
+--  Compute Process Utilization  ---+-----------------------------------------+
| PID                                | 19030                                   |
|     Avg SM Utilization (%)         | 0                                       |
|     Avg Memory Utilization (%)     | 0                                       |
+-----  Overall Health  -------------+-----------------------------------------+
| Overall Health                     | Healthy                                 |
+------------------------------------+-----------------------------------------+

+------------------------------------------------------------------------------+
| GPU ID: 4                                                                    |
+====================================+=========================================+
|-----  Execution Stats  ------------+-----------------------------------------|
| Start Time                         | Thu Apr  8 17:40:55 2021                |
| End Time                           | Thu Apr  8 17:44:05 2021                |
| Total Execution Time (sec)         | 190.48                                  |
| No. of Processes                   | 1                                       |
+-----  Performance Stats  ----------+-----------------------------------------+
| Energy Consumed (Joules)           | 3251                                    |
| Power Usage (Watts)                | Avg: 17.8563, Max: 26.331, Min: 13.909  |
| Max GPU Memory Used (bytes)        | 3830448128                              |
| SM Clock (MHz)                     | Avg: 400, Max: 615, Min: 300            |
| Memory Clock (MHz)                 | Avg: 1936, Max: 5000, Min: 405          |
| SM Utilization (%)                 | Avg: 6, Max: 38, Min: 0                 |
| Memory Utilization (%)             | Avg: 1, Max: 11, Min: 0                 |
| PCIe Rx Bandwidth (megabytes)      | Avg: N/A, Max: N/A, Min: N/A            |
| PCIe Tx Bandwidth (megabytes)      | Avg: N/A, Max: N/A, Min: N/A            |
+-----  Event Stats  ----------------+-----------------------------------------+
| Single Bit ECC Errors              | 0                                       |
| Double Bit ECC Errors              | 0                                       |
| PCIe Replay Warnings               | 0                                       |
| Critical XID Errors                | 0                                       |
+-----  Slowdown Stats  -------------+-----------------------------------------+
| Due to - Power (%)                 | 0                                       |
|        - Thermal (%)               | 0                                       |
|        - Reliability (%)           | Not Supported                           |
|        - Board Limit (%)           | Not Supported                           |
|        - Low Utilization (%)       | Not Supported                           |
|        - Sync Boost (%)            | 0                                       |
+--  Compute Process Utilization  ---+-----------------------------------------+
| PID                                | 19030                                   |
|     Avg SM Utilization (%)         | 0                                       |
|     Avg Memory Utilization (%)     | 0                                       |
+-----  Overall Health  -------------+-----------------------------------------+
| Overall Health                     | Healthy                                 |
+------------------------------------+-----------------------------------------+

+------------------------------------------------------------------------------+
| GPU ID: 5                                                                    |
+====================================+=========================================+
|-----  Execution Stats  ------------+-----------------------------------------|
| Start Time                         | Thu Apr  8 17:40:55 2021                |
| End Time                           | Thu Apr  8 17:44:05 2021                |
| Total Execution Time (sec)         | 190.48                                  |
| No. of Processes                   | 1                                       |
+-----  Performance Stats  ----------+-----------------------------------------+
| Energy Consumed (Joules)           | 2663                                    |
| Power Usage (Watts)                | Avg: 14.8124, Max: 31.168, Min: 9.152   |
| Max GPU Memory Used (bytes)        | 2643460096                              |
| SM Clock (MHz)                     | Avg: 447, Max: 900, Min: 300            |
| Memory Clock (MHz)                 | Avg: 1717, Max: 5000, Min: 405          |
| SM Utilization (%)                 | Avg: 4, Max: 26, Min: 0                 |
| Memory Utilization (%)             | Avg: 1, Max: 11, Min: 0                 |
| PCIe Rx Bandwidth (megabytes)      | Avg: N/A, Max: N/A, Min: N/A            |
| PCIe Tx Bandwidth (megabytes)      | Avg: N/A, Max: N/A, Min: N/A            |
+-----  Event Stats  ----------------+-----------------------------------------+
| Single Bit ECC Errors              | 0                                       |
| Double Bit ECC Errors              | 0                                       |
| PCIe Replay Warnings               | 0                                       |
| Critical XID Errors                | 0                                       |
+-----  Slowdown Stats  -------------+-----------------------------------------+
| Due to - Power (%)                 | 0                                       |
|        - Thermal (%)               | 0                                       |
|        - Reliability (%)           | Not Supported                           |
|        - Board Limit (%)           | Not Supported                           |
|        - Low Utilization (%)       | Not Supported                           |
|        - Sync Boost (%)            | 0                                       |
+--  Compute Process Utilization  ---+-----------------------------------------+
| PID                                | 19030                                   |
|     Avg SM Utilization (%)         | 0                                       |
|     Avg Memory Utilization (%)     | 0                                       |
+-----  Overall Health  -------------+-----------------------------------------+
| Overall Health                     | Healthy                                 |
+------------------------------------+-----------------------------------------+

+------------------------------------------------------------------------------+
| GPU ID: 6                                                                    |
+====================================+=========================================+
|-----  Execution Stats  ------------+-----------------------------------------|
| Start Time                         | Thu Apr  8 17:40:55 2021                |
| End Time                           | Thu Apr  8 17:44:05 2021                |
| Total Execution Time (sec)         | 190.48                                  |
| No. of Processes                   | 1                                       |
+-----  Performance Stats  ----------+-----------------------------------------+
| Energy Consumed (Joules)           | 2250                                    |
| Power Usage (Watts)                | Avg: 15.5022, Max: 28.16, Min: 9.444    |
| Max GPU Memory Used (bytes)        | 2716860416                              |
| SM Clock (MHz)                     | Avg: 447, Max: 900, Min: 300            |
| Memory Clock (MHz)                 | Avg: 1936, Max: 5000, Min: 405          |
| SM Utilization (%)                 | Avg: 6, Max: 36, Min: 0                 |
| Memory Utilization (%)             | Avg: 1, Max: 10, Min: 0                 |
| PCIe Rx Bandwidth (megabytes)      | Avg: N/A, Max: N/A, Min: N/A            |
| PCIe Tx Bandwidth (megabytes)      | Avg: N/A, Max: N/A, Min: N/A            |
+-----  Event Stats  ----------------+-----------------------------------------+
| Single Bit ECC Errors              | 0                                       |
| Double Bit ECC Errors              | 0                                       |
| PCIe Replay Warnings               | 0                                       |
| Critical XID Errors                | 0                                       |
+-----  Slowdown Stats  -------------+-----------------------------------------+
| Due to - Power (%)                 | 0                                       |
|        - Thermal (%)               | 0                                       |
|        - Reliability (%)           | Not Supported                           |
|        - Board Limit (%)           | Not Supported                           |
|        - Low Utilization (%)       | Not Supported                           |
|        - Sync Boost (%)            | 0                                       |
+--  Compute Process Utilization  ---+-----------------------------------------+
| PID                                | 19030                                   |
|     Avg SM Utilization (%)         | 0                                       |
|     Avg Memory Utilization (%)     | 0                                       |
+-----  Overall Health  -------------+-----------------------------------------+
| Overall Health                     | Healthy                                 |
+------------------------------------+-----------------------------------------+

+------------------------------------------------------------------------------+
| GPU ID: 7                                                                    |
+====================================+=========================================+
|-----  Execution Stats  ------------+-----------------------------------------|
| Start Time                         | Thu Apr  8 17:40:55 2021                |
| End Time                           | Thu Apr  8 17:44:05 2021                |
| Total Execution Time (sec)         | 190.48                                  |
| No. of Processes                   | 1                                       |
+-----  Performance Stats  ----------+-----------------------------------------+
| Energy Consumed (Joules)           | 2063                                    |
| Power Usage (Watts)                | Avg: 14.0593, Max: 26.62, Min: 9.051    |
| Max GPU Memory Used (bytes)        | 3146776576                              |
| SM Clock (MHz)                     | Avg: 347, Max: 585, Min: 300            |
| Memory Clock (MHz)                 | Avg: 1170, Max: 5000, Min: 405          |
| SM Utilization (%)                 | Avg: 6, Max: 37, Min: 0                 |
| Memory Utilization (%)             | Avg: 0, Max: 4, Min: 0                  |
| PCIe Rx Bandwidth (megabytes)      | Avg: N/A, Max: N/A, Min: N/A            |
| PCIe Tx Bandwidth (megabytes)      | Avg: N/A, Max: N/A, Min: N/A            |
+-----  Event Stats  ----------------+-----------------------------------------+
| Single Bit ECC Errors              | 0                                       |
| Double Bit ECC Errors              | 0                                       |
| PCIe Replay Warnings               | 0                                       |
| Critical XID Errors                | 0                                       |
+-----  Slowdown Stats  -------------+-----------------------------------------+
| Due to - Power (%)                 | 0                                       |
|        - Thermal (%)               | 0                                       |
|        - Reliability (%)           | Not Supported                           |
|        - Board Limit (%)           | Not Supported                           |
|        - Low Utilization (%)       | Not Supported                           |
|        - Sync Boost (%)            | 0                                       |
+--  Compute Process Utilization  ---+-----------------------------------------+
| PID                                | 19030                                   |
|     Avg SM Utilization (%)         | 0                                       |
|     Avg Memory Utilization (%)     | 0                                       |
+-----  Overall Health  -------------+-----------------------------------------+
| Overall Health                     | Healthy                                 |
+------------------------------------+-----------------------------------------+

