Successfully retrieved statistics for job: 61957. 
+------------------------------------------------------------------------------+
| GPU ID: 5                                                                    |
+====================================+=========================================+
|-----  Execution Stats  ------------+-----------------------------------------|
| Start Time                         | Tue Apr 13 20:48:54 2021                |
| End Time                           | Tue Apr 13 20:49:52 2021                |
| Total Execution Time (sec)         | 57.36                                   |
| No. of Processes                   | 2                                       |
+-----  Performance Stats  ----------+-----------------------------------------+
| Energy Consumed (Joules)           | 1234                                    |
| Power Usage (Watts)                | Avg: 40.287, Max: 71.148, Min: 9.426    |
| Max GPU Memory Used (bytes)        | 3033530368                              |
| SM Clock (MHz)                     | Avg: 1057, Max: 1530, Min: 585          |
| Memory Clock (MHz)                 | Avg: 2702, Max: 5000, Min: 405          |
| SM Utilization (%)                 | Avg: 42, Max: 79, Min: 5                |
| Memory Utilization (%)             | Avg: 31, Max: 62, Min: 0                |
| PCIe Rx Bandwidth (megabytes)      | Avg: N/A, Max: N/A, Min: N/A            |
| PCIe Tx Bandwidth (megabytes)      | Avg: N/A, Max: N/A, Min: N/A            |
+-----  Event Stats  ----------------+-----------------------------------------+
| Single Bit ECC Errors              | 0                                       |
| Double Bit ECC Errors              | 0                                       |
| PCIe Replay Warnings               | 0                                       |
| Critical XID Errors                | 0                                       |
+-----  Slowdown Stats  -------------+-----------------------------------------+
| Due to - Power (%)                 | 0                                       |
|        - Thermal (%)               | 0                                       |
|        - Reliability (%)           | Not Supported                           |
|        - Board Limit (%)           | Not Supported                           |
|        - Low Utilization (%)       | Not Supported                           |
|        - Sync Boost (%)            | 0                                       |
+--  Compute Process Utilization  ---+-----------------------------------------+
| PID                                | 110127                                  |
|     Avg SM Utilization (%)         | 38                                      |
|     Avg Memory Utilization (%)     | 0                                       |
| PID                                | 110274                                  |
|     Avg SM Utilization (%)         | Not Found                               |
|     Avg Memory Utilization (%)     | 0                                       |
+-----  Overall Health  -------------+-----------------------------------------+
| Overall Health                     | Healthy                                 |
+------------------------------------+-----------------------------------------+

