Successfully retrieved statistics for job: 61960. 
+------------------------------------------------------------------------------+
| GPU ID: 5                                                                    |
+====================================+=========================================+
|-----  Execution Stats  ------------+-----------------------------------------|
| Start Time                         | Tue Apr 13 21:07:26 2021                |
| End Time                           | Tue Apr 13 21:11:04 2021                |
| Total Execution Time (sec)         | 217.68                                  |
| No. of Processes                   | 5                                       |
+-----  Performance Stats  ----------+-----------------------------------------+
| Energy Consumed (Joules)           | 8216                                    |
| Power Usage (Watts)                | Avg: 48.6011, Max: 73.807, Min: 9.215   |
| Max GPU Memory Used (bytes)        | 3033530368                              |
| SM Clock (MHz)                     | Avg: 951, Max: 1575, Min: 300           |
| Memory Clock (MHz)                 | Avg: 4343, Max: 5000, Min: 405          |
| SM Utilization (%)                 | Avg: 34, Max: 79, Min: 0                |
| Memory Utilization (%)             | Avg: 26, Max: 62, Min: 0                |
| PCIe Rx Bandwidth (megabytes)      | Avg: N/A, Max: N/A, Min: N/A            |
| PCIe Tx Bandwidth (megabytes)      | Avg: N/A, Max: N/A, Min: N/A            |
+-----  Event Stats  ----------------+-----------------------------------------+
| Single Bit ECC Errors              | 0                                       |
| Double Bit ECC Errors              | 0                                       |
| PCIe Replay Warnings               | 0                                       |
| Critical XID Errors                | 0                                       |
+-----  Slowdown Stats  -------------+-----------------------------------------+
| Due to - Power (%)                 | 0                                       |
|        - Thermal (%)               | 0                                       |
|        - Reliability (%)           | Not Supported                           |
|        - Board Limit (%)           | Not Supported                           |
|        - Low Utilization (%)       | Not Supported                           |
|        - Sync Boost (%)            | 0                                       |
+--  Compute Process Utilization  ---+-----------------------------------------+
| PID                                | 115458                                  |
|     Avg SM Utilization (%)         | 2                                       |
|     Avg Memory Utilization (%)     | 1                                       |
| PID                                | 115618                                  |
|     Avg SM Utilization (%)         | Not Found                               |
|     Avg Memory Utilization (%)     | 0                                       |
| PID                                | 115824                                  |
|     Avg SM Utilization (%)         | 0                                       |
|     Avg Memory Utilization (%)     | 0                                       |
| PID                                | 116022                                  |
|     Avg SM Utilization (%)         | 0                                       |
|     Avg Memory Utilization (%)     | 0                                       |
| PID                                | 116262                                  |
|     Avg SM Utilization (%)         | 0                                       |
|     Avg Memory Utilization (%)     | 0                                       |
+-----  Overall Health  -------------+-----------------------------------------+
| Overall Health                     | Healthy                                 |
+------------------------------------+-----------------------------------------+

