Successfully retrieved statistics for job: 61962. 
+------------------------------------------------------------------------------+
| GPU ID: 2                                                                    |
+====================================+=========================================+
|-----  Execution Stats  ------------+-----------------------------------------|
| Start Time                         | Tue Apr 13 21:20:45 2021                |
| End Time                           | Tue Apr 13 21:24:04 2021                |
| Total Execution Time (sec)         | 198.46                                  |
| No. of Processes                   | 4                                       |
+-----  Performance Stats  ----------+-----------------------------------------+
| Energy Consumed (Joules)           | 6805                                    |
| Power Usage (Watts)                | Avg: 36.9163, Max: 74.282, Min: 9.031   |
| Max GPU Memory Used (bytes)        | 3713007616                              |
| SM Clock (MHz)                     | Avg: 932, Max: 1590, Min: 300           |
| Memory Clock (MHz)                 | Avg: 5000, Max: 5000, Min: 5000         |
| SM Utilization (%)                 | Avg: 31, Max: 87, Min: 0                |
| Memory Utilization (%)             | Avg: 34, Max: 82, Min: 0                |
| PCIe Rx Bandwidth (megabytes)      | Avg: N/A, Max: N/A, Min: N/A            |
| PCIe Tx Bandwidth (megabytes)      | Avg: N/A, Max: N/A, Min: N/A            |
+-----  Event Stats  ----------------+-----------------------------------------+
| Single Bit ECC Errors              | 0                                       |
| Double Bit ECC Errors              | 0                                       |
| PCIe Replay Warnings               | 2                                       |
| Critical XID Errors                | 0                                       |
+-----  Slowdown Stats  -------------+-----------------------------------------+
| Due to - Power (%)                 | 0                                       |
|        - Thermal (%)               | 0                                       |
|        - Reliability (%)           | Not Supported                           |
|        - Board Limit (%)           | Not Supported                           |
|        - Low Utilization (%)       | Not Supported                           |
|        - Sync Boost (%)            | 0                                       |
+--  Compute Process Utilization  ---+-----------------------------------------+
| PID                                | 119236                                  |
|     Avg SM Utilization (%)         | 2                                       |
|     Avg Memory Utilization (%)     | 2                                       |
| PID                                | 119729                                  |
|     Avg SM Utilization (%)         | Not Found                               |
|     Avg Memory Utilization (%)     | Not Found                               |
| PID                                | 119917                                  |
|     Avg SM Utilization (%)         | 0                                       |
|     Avg Memory Utilization (%)     | 0                                       |
| PID                                | 120087                                  |
|     Avg SM Utilization (%)         | 0                                       |
|     Avg Memory Utilization (%)     | 0                                       |
+-----  Overall Health  -------------+-----------------------------------------+
| Overall Health                     | Healthy                                 |
+------------------------------------+-----------------------------------------+

