This job can be monitored from: https://scruffy.c3se.chalmers.se/d/alvis-job/alvis-job?var-jobid=61929&from=1618332436000
/tmp/slurmd/job61929/slurm_script: line 10: deactivate: command not found
/tmp/slurmd/job61929/slurm_script: line 17: start: command not found
Starting at Tue Apr 13 18:47:16 CEST 2021
Job Name - EffNet
Running on hosts: alvis2-01
Running on 1 nodes.
Running 1 tasks.
Current working directory is /cephyr/users/filipfri/Alvis/BscProject
Testing set : 
Successfully loaded: N10_1_1
Successfully loaded: N10_1_2
Successfully loaded: N10_1_3
Successfully loaded: N10_2_1
Successfully loaded: N10_2_2
Successfully loaded: P13_1_1
Successfully loaded: P13_1_2
Successfully loaded: P13_2_1
Successfully loaded: P13_2_2
Successfully loaded: P28_7_5
Successfully loaded: P28_8_5
Successfully loaded: P28_10_4
Successfully loaded: P28_10_5
Traceback (most recent call last):
  File "ensemble.py", line 251, in <module>
    main()
  File "ensemble.py", line 118, in main
    transforms.Resize(image_size, interpolation=PIL.Image.BICUBIC),
NameError: name 'image_size' is not defined
Program finished with exit code 1 at: Tue Apr 13 18:47:50 CEST 2021
done
