This job can be monitored from: https://scruffy.c3se.chalmers.se/d/alvis-job/alvis-job?var-jobid=61924&from=1618332195000
/tmp/slurmd/job61924/slurm_script: line 10: deactivate: command not found
/tmp/slurmd/job61924/slurm_script: line 17: start: command not found
Starting at Tue Apr 13 18:43:15 CEST 2021
Job Name - EffNet
Running on hosts: alvis2-01
Running on 1 nodes.
Running 1 tasks.
Current working directory is /cephyr/users/filipfri/Alvis/BscProject
Traceback (most recent call last):
  File "ensemble.py", line 64, in <module>
    help='where we want to save our output data')
  File "/usr/lib64/python3.6/argparse.py", line 1352, in add_argument
    return self._add_action(action)
  File "/usr/lib64/python3.6/argparse.py", line 1715, in _add_action
    self._optionals._add_action(action)
  File "/usr/lib64/python3.6/argparse.py", line 1556, in _add_action
    action = super(_ArgumentGroup, self)._add_action(action)
  File "/usr/lib64/python3.6/argparse.py", line 1366, in _add_action
    self._check_conflict(action)
  File "/usr/lib64/python3.6/argparse.py", line 1505, in _check_conflict
    conflict_handler(action, confl_optionals)
  File "/usr/lib64/python3.6/argparse.py", line 1514, in _handle_conflict_error
    raise ArgumentError(action, message % conflict_string)
argparse.ArgumentError: argument --outdest: conflicting option string: --outdest
Program finished with exit code 1 at: Tue Apr 13 18:43:16 CEST 2021
done
