This job can be monitored from: https://scruffy.c3se.chalmers.se/d/alvis-job/alvis-job?var-jobid=60094&from=1617640102000
/tmp/slurmd/job60094/slurm_script: line 10: deactivate: command not found
Starting at Mon Apr  5 18:28:22 CEST 2021
Job Name - EffNet
Running on hosts: alvis1-10
Running on 1 nodes.
Running 1 tasks.
Current working directory is /cephyr/users/filipfri/Alvis/BscProject
10.2
tensor([1.], device='cuda:0')
Using image size:  224
Using filter  
P19_1_1
P19_1_2
P19_2_1
P19_2_2
P19_3_1
P19_3_2
P20_1_3
P20_1_4
P20_2_2
P20_2_3
P20_2_4
P20_3_1
P20_3_2
P20_3_3
P20_4_1
P20_4_2
P20_4_3
P20_5_1
P20_5_2
P20_6_1
P20_6_2
P20_7_1
P20_7_2
P20_8_1
P20_8_2
P20_9_1
P20_9_2
P9_1_1
P9_2_1
P9_2_2
P9_3_1
P9_3_2
P9_4_1
P9_4_2
N10_1_1
N10_1_2
N10_1_3
N10_2_1
N10_2_2
P13_1_1
P13_1_2
P13_2_1
P13_2_2
P28_7_5
P28_8_5
P28_10_4
P28_10_5
train size: 28345
val size: 7087
test size: 11318
Available GPUs: 1
Loaded pretrained weights for efficientnet-b0
=> using pre-trained model 'efficientnet-b0'
[W CudaIPCTypes.cpp:22] Producer process has been terminated before all shared CUDA tensors released. See Note [Sharing CUDA tensors]
Epoch: [0][  0/886]	Time  4.037 ( 4.037)	Data  3.698 ( 3.698)	Loss 1.4308e+00 (1.4308e+00)	Acc@1  21.88 ( 21.88)
Epoch: [0][ 10/886]	Time  0.090 ( 0.444)	Data  0.010 ( 0.339)	Loss 1.3090e+00 (1.3728e+00)	Acc@1  34.38 ( 28.69)
Epoch: [0][ 20/886]	Time  0.091 ( 0.277)	Data  0.011 ( 0.184)	Loss 1.2931e+00 (1.3662e+00)	Acc@1  37.50 ( 29.91)
Epoch: [0][ 30/886]	Time  0.094 ( 0.218)	Data  0.013 ( 0.129)	Loss 1.3045e+00 (1.3450e+00)	Acc@1  43.75 ( 33.17)
Epoch: [0][ 40/886]	Time  0.082 ( 0.188)	Data  0.002 ( 0.101)	Loss 1.1845e+00 (1.3250e+00)	Acc@1  53.12 ( 35.82)
Epoch: [0][ 50/886]	Time  0.095 ( 0.169)	Data  0.015 ( 0.084)	Loss 1.2649e+00 (1.3196e+00)	Acc@1  25.00 ( 36.03)
Epoch: [0][ 60/886]	Time  0.094 ( 0.157)	Data  0.014 ( 0.072)	Loss 1.1988e+00 (1.2936e+00)	Acc@1  56.25 ( 37.86)
Epoch: [0][ 70/886]	Time  0.093 ( 0.148)	Data  0.014 ( 0.064)	Loss 1.3160e+00 (1.2825e+00)	Acc@1  50.00 ( 38.91)
Epoch: [0][ 80/886]	Time  0.094 ( 0.141)	Data  0.014 ( 0.058)	Loss 1.0046e+00 (1.2709e+00)	Acc@1  59.38 ( 39.81)
Epoch: [0][ 90/886]	Time  0.094 ( 0.136)	Data  0.014 ( 0.053)	Loss 1.1982e+00 (1.2664e+00)	Acc@1  37.50 ( 40.52)
Epoch: [0][100/886]	Time  0.095 ( 0.132)	Data  0.014 ( 0.049)	Loss 1.1199e+00 (1.2615e+00)	Acc@1  56.25 ( 40.93)
Epoch: [0][110/886]	Time  0.094 ( 0.129)	Data  0.014 ( 0.046)	Loss 1.2961e+00 (1.2575e+00)	Acc@1  40.62 ( 41.36)
Epoch: [0][120/886]	Time  0.095 ( 0.126)	Data  0.014 ( 0.043)	Loss 1.2685e+00 (1.2511e+00)	Acc@1  37.50 ( 41.81)
Epoch: [0][130/886]	Time  0.092 ( 0.123)	Data  0.012 ( 0.041)	Loss 1.4624e+00 (1.2541e+00)	Acc@1  28.12 ( 41.41)
Epoch: [0][140/886]	Time  0.094 ( 0.121)	Data  0.014 ( 0.039)	Loss 1.2948e+00 (1.2550e+00)	Acc@1  37.50 ( 41.38)
Epoch: [0][150/886]	Time  0.092 ( 0.119)	Data  0.012 ( 0.037)	Loss 1.2112e+00 (1.2504e+00)	Acc@1  50.00 ( 41.74)
Epoch: [0][160/886]	Time  0.094 ( 0.118)	Data  0.014 ( 0.036)	Loss 1.2331e+00 (1.2446e+00)	Acc@1  46.88 ( 42.12)
Epoch: [0][170/886]	Time  0.093 ( 0.116)	Data  0.013 ( 0.035)	Loss 1.0938e+00 (1.2381e+00)	Acc@1  53.12 ( 42.47)
Epoch: [0][180/886]	Time  0.093 ( 0.115)	Data  0.013 ( 0.033)	Loss 1.1804e+00 (1.2351e+00)	Acc@1  50.00 ( 42.68)
Epoch: [0][190/886]	Time  0.095 ( 0.114)	Data  0.015 ( 0.032)	Loss 1.3393e+00 (1.2330e+00)	Acc@1  53.12 ( 42.77)
Epoch: [0][200/886]	Time  0.094 ( 0.113)	Data  0.014 ( 0.031)	Loss 1.3574e+00 (1.2310e+00)	Acc@1  31.25 ( 43.03)
Epoch: [0][210/886]	Time  0.090 ( 0.112)	Data  0.010 ( 0.031)	Loss 1.1225e+00 (1.2299e+00)	Acc@1  53.12 ( 42.99)
Epoch: [0][220/886]	Time  0.091 ( 0.111)	Data  0.011 ( 0.030)	Loss 1.2026e+00 (1.2275e+00)	Acc@1  50.00 ( 43.03)
Epoch: [0][230/886]	Time  0.091 ( 0.110)	Data  0.010 ( 0.029)	Loss 1.0195e+00 (1.2257e+00)	Acc@1  62.50 ( 43.20)
Epoch: [0][240/886]	Time  0.090 ( 0.109)	Data  0.010 ( 0.028)	Loss 1.0049e+00 (1.2214e+00)	Acc@1  50.00 ( 43.37)
Epoch: [0][250/886]	Time  0.092 ( 0.108)	Data  0.011 ( 0.027)	Loss 1.0496e+00 (1.2208e+00)	Acc@1  59.38 ( 43.44)
Epoch: [0][260/886]	Time  0.089 ( 0.108)	Data  0.009 ( 0.027)	Loss 1.2887e+00 (1.2193e+00)	Acc@1  40.62 ( 43.64)
Epoch: [0][270/886]	Time  0.090 ( 0.107)	Data  0.010 ( 0.026)	Loss 9.9989e-01 (1.2165e+00)	Acc@1  50.00 ( 43.82)
Epoch: [0][280/886]	Time  0.089 ( 0.106)	Data  0.009 ( 0.025)	Loss 1.2582e+00 (1.2144e+00)	Acc@1  46.88 ( 43.93)
Epoch: [0][290/886]	Time  0.090 ( 0.106)	Data  0.010 ( 0.025)	Loss 1.3461e+00 (1.2119e+00)	Acc@1  46.88 ( 44.08)
Epoch: [0][300/886]	Time  0.089 ( 0.105)	Data  0.009 ( 0.024)	Loss 1.2963e+00 (1.2099e+00)	Acc@1  50.00 ( 44.32)
Epoch: [0][310/886]	Time  0.090 ( 0.105)	Data  0.010 ( 0.024)	Loss 1.1089e+00 (1.2074e+00)	Acc@1  68.75 ( 44.53)
Epoch: [0][320/886]	Time  0.090 ( 0.104)	Data  0.009 ( 0.024)	Loss 9.8939e-01 (1.2007e+00)	Acc@1  59.38 ( 45.03)
Epoch: [0][330/886]	Time  0.090 ( 0.104)	Data  0.009 ( 0.023)	Loss 1.1141e+00 (1.2007e+00)	Acc@1  50.00 ( 45.08)
Epoch: [0][340/886]	Time  0.090 ( 0.104)	Data  0.008 ( 0.023)	Loss 1.5253e+00 (1.1981e+00)	Acc@1  37.50 ( 45.30)
Epoch: [0][350/886]	Time  0.090 ( 0.103)	Data  0.008 ( 0.022)	Loss 1.0977e+00 (1.1956e+00)	Acc@1  59.38 ( 45.37)
Epoch: [0][360/886]	Time  0.090 ( 0.103)	Data  0.009 ( 0.022)	Loss 1.0579e+00 (1.1936e+00)	Acc@1  43.75 ( 45.52)
Epoch: [0][370/886]	Time  0.090 ( 0.102)	Data  0.008 ( 0.022)	Loss 1.2061e+00 (1.1932e+00)	Acc@1  46.88 ( 45.57)
Epoch: [0][380/886]	Time  0.090 ( 0.102)	Data  0.009 ( 0.021)	Loss 1.0775e+00 (1.1907e+00)	Acc@1  46.88 ( 45.69)
Epoch: [0][390/886]	Time  0.090 ( 0.102)	Data  0.008 ( 0.021)	Loss 1.2163e+00 (1.1885e+00)	Acc@1  50.00 ( 45.88)
Epoch: [0][400/886]	Time  0.090 ( 0.102)	Data  0.008 ( 0.021)	Loss 1.0441e+00 (1.1883e+00)	Acc@1  50.00 ( 45.85)
Epoch: [0][410/886]	Time  0.090 ( 0.101)	Data  0.009 ( 0.020)	Loss 1.1879e+00 (1.1868e+00)	Acc@1  53.12 ( 46.00)
Epoch: [0][420/886]	Time  0.089 ( 0.101)	Data  0.009 ( 0.020)	Loss 1.2026e+00 (1.1842e+00)	Acc@1  46.88 ( 46.13)
Epoch: [0][430/886]	Time  0.091 ( 0.101)	Data  0.011 ( 0.020)	Loss 1.1591e+00 (1.1838e+00)	Acc@1  37.50 ( 46.12)
Epoch: [0][440/886]	Time  0.090 ( 0.101)	Data  0.010 ( 0.020)	Loss 1.2448e+00 (1.1829e+00)	Acc@1  31.25 ( 46.13)
Epoch: [0][450/886]	Time  0.090 ( 0.100)	Data  0.010 ( 0.019)	Loss 9.5664e-01 (1.1803e+00)	Acc@1  50.00 ( 46.22)
Epoch: [0][460/886]	Time  0.090 ( 0.100)	Data  0.010 ( 0.019)	Loss 1.5331e+00 (1.1787e+00)	Acc@1  31.25 ( 46.35)
Epoch: [0][470/886]	Time  0.091 ( 0.100)	Data  0.011 ( 0.019)	Loss 8.7139e-01 (1.1756e+00)	Acc@1  59.38 ( 46.52)
Epoch: [0][480/886]	Time  0.090 ( 0.100)	Data  0.010 ( 0.019)	Loss 1.0444e+00 (1.1724e+00)	Acc@1  53.12 ( 46.74)
Epoch: [0][490/886]	Time  0.090 ( 0.099)	Data  0.010 ( 0.019)	Loss 1.2592e+00 (1.1714e+00)	Acc@1  43.75 ( 46.83)
Epoch: [0][500/886]	Time  0.089 ( 0.099)	Data  0.009 ( 0.018)	Loss 1.0282e+00 (1.1712e+00)	Acc@1  59.38 ( 46.89)
Epoch: [0][510/886]	Time  0.091 ( 0.099)	Data  0.011 ( 0.018)	Loss 9.6142e-01 (1.1697e+00)	Acc@1  59.38 ( 46.99)
Epoch: [0][520/886]	Time  0.087 ( 0.099)	Data  0.007 ( 0.018)	Loss 1.1379e+00 (1.1680e+00)	Acc@1  46.88 ( 47.01)
Epoch: [0][530/886]	Time  0.091 ( 0.099)	Data  0.011 ( 0.018)	Loss 9.8694e-01 (1.1664e+00)	Acc@1  53.12 ( 47.03)
Epoch: [0][540/886]	Time  0.091 ( 0.099)	Data  0.011 ( 0.018)	Loss 1.0816e+00 (1.1650e+00)	Acc@1  59.38 ( 47.15)
Epoch: [0][550/886]	Time  0.090 ( 0.098)	Data  0.010 ( 0.018)	Loss 9.6340e-01 (1.1646e+00)	Acc@1  59.38 ( 47.20)
Epoch: [0][560/886]	Time  0.090 ( 0.098)	Data  0.010 ( 0.018)	Loss 1.1956e+00 (1.1640e+00)	Acc@1  53.12 ( 47.26)
Epoch: [0][570/886]	Time  0.089 ( 0.098)	Data  0.009 ( 0.017)	Loss 9.7619e-01 (1.1631e+00)	Acc@1  59.38 ( 47.30)
Epoch: [0][580/886]	Time  0.091 ( 0.098)	Data  0.011 ( 0.017)	Loss 9.9224e-01 (1.1623e+00)	Acc@1  59.38 ( 47.33)
Epoch: [0][590/886]	Time  0.089 ( 0.098)	Data  0.008 ( 0.017)	Loss 1.2162e+00 (1.1618e+00)	Acc@1  50.00 ( 47.35)
Epoch: [0][600/886]	Time  0.091 ( 0.098)	Data  0.009 ( 0.017)	Loss 1.2148e+00 (1.1611e+00)	Acc@1  40.62 ( 47.37)
Epoch: [0][610/886]	Time  0.090 ( 0.098)	Data  0.009 ( 0.017)	Loss 1.1581e+00 (1.1599e+00)	Acc@1  37.50 ( 47.43)
Epoch: [0][620/886]	Time  0.090 ( 0.098)	Data  0.009 ( 0.017)	Loss 9.5583e-01 (1.1578e+00)	Acc@1  59.38 ( 47.58)
Epoch: [0][630/886]	Time  0.090 ( 0.097)	Data  0.009 ( 0.017)	Loss 9.9792e-01 (1.1562e+00)	Acc@1  56.25 ( 47.66)
Epoch: [0][640/886]	Time  0.091 ( 0.097)	Data  0.010 ( 0.016)	Loss 9.0962e-01 (1.1544e+00)	Acc@1  59.38 ( 47.72)
Epoch: [0][650/886]	Time  0.090 ( 0.097)	Data  0.008 ( 0.016)	Loss 1.0874e+00 (1.1529e+00)	Acc@1  50.00 ( 47.78)
Epoch: [0][660/886]	Time  0.090 ( 0.097)	Data  0.009 ( 0.016)	Loss 1.1548e+00 (1.1519e+00)	Acc@1  40.62 ( 47.80)
Epoch: [0][670/886]	Time  0.090 ( 0.097)	Data  0.011 ( 0.016)	Loss 1.0445e+00 (1.1505e+00)	Acc@1  53.12 ( 47.86)
Epoch: [0][680/886]	Time  0.090 ( 0.097)	Data  0.010 ( 0.016)	Loss 1.1629e+00 (1.1494e+00)	Acc@1  46.88 ( 47.90)
Epoch: [0][690/886]	Time  0.090 ( 0.097)	Data  0.011 ( 0.016)	Loss 8.9439e-01 (1.1474e+00)	Acc@1  50.00 ( 47.96)
Epoch: [0][700/886]	Time  0.091 ( 0.097)	Data  0.011 ( 0.016)	Loss 1.0799e+00 (1.1462e+00)	Acc@1  59.38 ( 48.03)
Epoch: [0][710/886]	Time  0.090 ( 0.097)	Data  0.010 ( 0.016)	Loss 1.2656e+00 (1.1451e+00)	Acc@1  46.88 ( 48.06)
Epoch: [0][720/886]	Time  0.089 ( 0.096)	Data  0.010 ( 0.016)	Loss 1.2278e+00 (1.1439e+00)	Acc@1  43.75 ( 48.14)
Epoch: [0][730/886]	Time  0.091 ( 0.096)	Data  0.011 ( 0.016)	Loss 9.6739e-01 (1.1431e+00)	Acc@1  53.12 ( 48.23)
Epoch: [0][740/886]	Time  0.090 ( 0.096)	Data  0.010 ( 0.016)	Loss 9.8706e-01 (1.1422e+00)	Acc@1  59.38 ( 48.27)
Epoch: [0][750/886]	Time  0.090 ( 0.096)	Data  0.010 ( 0.015)	Loss 1.0698e+00 (1.1414e+00)	Acc@1  53.12 ( 48.34)
Epoch: [0][760/886]	Time  0.090 ( 0.096)	Data  0.010 ( 0.015)	Loss 1.0085e+00 (1.1403e+00)	Acc@1  50.00 ( 48.46)
Epoch: [0][770/886]	Time  0.090 ( 0.096)	Data  0.010 ( 0.015)	Loss 1.0450e+00 (1.1403e+00)	Acc@1  43.75 ( 48.42)
Epoch: [0][780/886]	Time  0.091 ( 0.096)	Data  0.011 ( 0.015)	Loss 1.0734e+00 (1.1394e+00)	Acc@1  59.38 ( 48.49)
Epoch: [0][790/886]	Time  0.090 ( 0.096)	Data  0.009 ( 0.015)	Loss 1.4047e+00 (1.1384e+00)	Acc@1  31.25 ( 48.51)
Epoch: [0][800/886]	Time  0.090 ( 0.096)	Data  0.010 ( 0.015)	Loss 1.0030e+00 (1.1378e+00)	Acc@1  53.12 ( 48.52)
Epoch: [0][810/886]	Time  0.089 ( 0.096)	Data  0.009 ( 0.015)	Loss 1.0642e+00 (1.1379e+00)	Acc@1  46.88 ( 48.52)
Epoch: [0][820/886]	Time  0.091 ( 0.096)	Data  0.011 ( 0.015)	Loss 9.5371e-01 (1.1374e+00)	Acc@1  50.00 ( 48.53)
Epoch: [0][830/886]	Time  0.090 ( 0.096)	Data  0.010 ( 0.015)	Loss 8.8068e-01 (1.1357e+00)	Acc@1  62.50 ( 48.62)
Epoch: [0][840/886]	Time  0.089 ( 0.096)	Data  0.009 ( 0.015)	Loss 9.6835e-01 (1.1353e+00)	Acc@1  56.25 ( 48.71)
Epoch: [0][850/886]	Time  0.089 ( 0.095)	Data  0.009 ( 0.015)	Loss 1.0336e+00 (1.1339e+00)	Acc@1  59.38 ( 48.77)
Epoch: [0][860/886]	Time  0.090 ( 0.095)	Data  0.010 ( 0.015)	Loss 1.1771e+00 (1.1329e+00)	Acc@1  50.00 ( 48.83)
Epoch: [0][870/886]	Time  0.090 ( 0.095)	Data  0.010 ( 0.015)	Loss 1.0175e+00 (1.1322e+00)	Acc@1  65.62 ( 48.94)
Epoch: [0][880/886]	Time  0.089 ( 0.095)	Data  0.009 ( 0.015)	Loss 1.0195e+00 (1.1308e+00)	Acc@1  46.88 ( 48.99)
[W CudaIPCTypes.cpp:22] Producer process has been terminated before all shared CUDA tensors released. See Note [Sharing CUDA tensors]
Test: [  0/222]	Time  3.607 ( 3.607)	Loss 1.8449e+00 (1.8449e+00)	Acc@1  43.75 ( 43.75)	Acc C1   0.00 (  0.00)	Acc C2   0.00 (  0.00)	Acc C3   0.00 (  0.00)	Acc C4 100.00 (100.00)
Test: [ 10/222]	Time  0.033 ( 0.358)	Loss 1.6497e+00 (3.4171e+00)	Acc@1  28.12 ( 30.97)	Acc C1   0.00 (  0.00)	Acc C2   0.00 (  0.00)	Acc C3   0.00 (  0.00)	Acc C4 100.00 (100.00)
Test: [ 20/222]	Time  0.033 ( 0.203)	Loss 8.6143e+00 (4.0623e+00)	Acc@1  25.00 ( 30.21)	Acc C1   0.00 (  0.00)	Acc C2   0.00 (  0.00)	Acc C3   0.00 (  0.00)	Acc C4 100.00 (100.00)
Test: [ 30/222]	Time  0.033 ( 0.148)	Loss 2.2289e+00 (4.1916e+00)	Acc@1  28.12 ( 29.23)	Acc C1   0.00 (  0.57)	Acc C2   0.00 (  0.34)	Acc C3   0.00 (  0.42)	Acc C4 100.00 (100.00)
Test: [ 40/222]	Time  0.033 ( 0.120)	Loss 1.9729e+00 (3.7093e+00)	Acc@1  34.38 ( 28.58)	Acc C1   0.00 (  0.43)	Acc C2   0.00 (  0.25)	Acc C3   0.00 (  0.32)	Acc C4 100.00 (100.00)
Test: [ 50/222]	Time  0.033 ( 0.103)	Loss 2.2880e+00 (3.4066e+00)	Acc@1  15.62 ( 28.55)	Acc C1   0.00 (  0.34)	Acc C2   0.00 (  0.20)	Acc C3   0.00 (  0.53)	Acc C4 100.00 (100.00)
Test: [ 60/222]	Time  0.033 ( 0.092)	Loss 2.0138e+00 (3.1835e+00)	Acc@1  31.25 ( 28.94)	Acc C1   0.00 (  0.57)	Acc C2   0.00 (  0.17)	Acc C3   0.00 (  0.43)	Acc C4 100.00 (100.00)
Test: [ 70/222]	Time  0.033 ( 0.084)	Loss 2.3172e+00 (3.1218e+00)	Acc@1  31.25 ( 29.75)	Acc C1   0.00 (  0.49)	Acc C2   0.00 (  0.15)	Acc C3   0.00 (  0.38)	Acc C4 100.00 (100.00)
Test: [ 80/222]	Time  0.033 ( 0.077)	Loss 1.8980e+00 (3.1261e+00)	Acc@1  28.12 ( 30.13)	Acc C1   0.00 (  0.44)	Acc C2   0.00 (  0.13)	Acc C3   0.00 (  0.33)	Acc C4 100.00 ( 99.87)
Test: [ 90/222]	Time  0.033 ( 0.073)	Loss 2.1192e+00 (3.0224e+00)	Acc@1  31.25 ( 30.19)	Acc C1   0.00 (  0.39)	Acc C2   0.00 (  0.12)	Acc C3   0.00 (  0.29)	Acc C4 100.00 ( 99.89)
Test: [100/222]	Time  0.033 ( 0.069)	Loss 2.9498e+00 (2.9580e+00)	Acc@1  12.50 ( 30.38)	Acc C1   0.00 (  0.35)	Acc C2   0.00 (  0.11)	Acc C3   0.00 (  0.26)	Acc C4 100.00 ( 99.90)
Test: [110/222]	Time  0.033 ( 0.065)	Loss 2.0629e+00 (2.8891e+00)	Acc@1  25.00 ( 30.04)	Acc C1   0.00 (  0.31)	Acc C2   0.00 (  0.10)	Acc C3   0.00 (  0.24)	Acc C4 100.00 ( 99.91)
Test: [120/222]	Time  0.034 ( 0.063)	Loss 2.1628e+00 (3.4170e+00)	Acc@1  31.25 ( 30.19)	Acc C1   0.00 (  0.29)	Acc C2   0.00 (  0.09)	Acc C3   0.00 (  0.22)	Acc C4 100.00 ( 99.83)
Test: [130/222]	Time  0.033 ( 0.061)	Loss 1.9542e+00 (3.3144e+00)	Acc@1  37.50 ( 30.32)	Acc C1   0.00 (  0.26)	Acc C2   0.00 (  0.08)	Acc C3   0.00 (  0.31)	Acc C4 100.00 ( 99.84)
Test: [140/222]	Time  0.033 ( 0.059)	Loss 2.0967e+00 (3.2264e+00)	Acc@1  21.88 ( 30.45)	Acc C1   0.00 (  0.24)	Acc C2   0.00 (  0.08)	Acc C3   0.00 (  0.38)	Acc C4 100.00 ( 99.85)
Test: [150/222]	Time  0.034 ( 0.057)	Loss 2.2082e+00 (3.1965e+00)	Acc@1  31.25 ( 30.42)	Acc C1   0.00 (  0.23)	Acc C2   0.00 (  0.07)	Acc C3   0.00 (  0.44)	Acc C4 100.00 ( 99.80)
Test: [160/222]	Time  0.033 ( 0.055)	Loss 2.2019e+00 (3.5220e+00)	Acc@1  18.75 ( 30.67)	Acc C1   0.00 (  0.22)	Acc C2   0.00 (  0.07)	Acc C3   0.00 (  0.41)	Acc C4 100.00 ( 99.68)
Test: [170/222]	Time  0.034 ( 0.054)	Loss 2.2692e+00 (3.4448e+00)	Acc@1  25.00 ( 30.56)	Acc C1   0.00 (  0.20)	Acc C2   0.00 (  0.07)	Acc C3   0.00 (  0.38)	Acc C4 100.00 ( 99.64)
Test: [180/222]	Time  0.034 ( 0.053)	Loss 2.0874e+00 (3.3708e+00)	Acc@1  34.38 ( 30.54)	Acc C1   0.00 (  0.19)	Acc C2   0.00 (  0.06)	Acc C3   0.00 (  0.36)	Acc C4 100.00 ( 99.60)
Test: [190/222]	Time  0.034 ( 0.052)	Loss 1.9044e+00 (3.3013e+00)	Acc@1  34.38 ( 30.51)	Acc C1   0.00 (  0.18)	Acc C2   0.00 (  0.06)	Acc C3   0.00 (  0.34)	Acc C4 100.00 ( 99.62)
Test: [200/222]	Time  0.034 ( 0.051)	Loss 2.4820e+00 (3.2404e+00)	Acc@1  21.88 ( 30.47)	Acc C1   0.00 (  0.26)	Acc C2   0.00 (  0.11)	Acc C3   0.00 (  0.33)	Acc C4 100.00 ( 99.64)
Test: [210/222]	Time  0.026 ( 0.050)	Loss 2.0956e+00 (3.1839e+00)	Acc@1  28.12 ( 30.55)	Acc C1   0.00 (  0.25)	Acc C2   0.00 (  0.11)	Acc C3   0.00 (  0.31)	Acc C4 100.00 ( 99.66)
Test: [220/222]	Time  0.034 ( 0.050)	Loss 2.6119e+00 (3.1408e+00)	Acc@1  18.75 ( 30.32)	Acc C1   0.00 (  0.23)	Acc C2   0.00 (  0.10)	Acc C3   0.00 (  0.36)	Acc C4 100.00 ( 99.67)
 * Acc 30.281
              precision    recall  f1-score   support

           0       0.17      0.00      0.00      1287
           1       0.11      0.00      0.00      1967
           2       0.50      0.00      0.01      1691
           3       0.30      1.00      0.47      2142

    accuracy                           0.30      7087
   macro avg       0.27      0.25      0.12      7087
weighted avg       0.27      0.30      0.14      7087

Traceback (most recent call last):
  File "main.py", line 307, in <module>
    main()
  File "main.py", line 294, in main
    model = run_model(loaders, split, args, class_names)
  File "/cephyr/users/filipfri/Alvis/BscProject/run_model.py", line 52, in run_model
    return main_worker(loaders, split, args.gpu, ngpus, args)
  File "/cephyr/users/filipfri/Alvis/BscProject/run_model.py", line 155, in main_worker
    }, is_best, split,output_destination)
  File "/cephyr/users/filipfri/Alvis/BscProject/run_model.py", line 293, in save_checkpoint
    shutil.copyfile(filename, destination + '/model_best_{}.pth.tar'.format(split))
  File "/usr/lib64/python3.6/shutil.py", line 121, in copyfile
    with open(dst, 'wb') as fdst:
FileNotFoundError: [Errno 2] No such file or directory: 'Output_No_Filter/model_best_0.pth.tar'
Program finished with exit code 1 at: Mon Apr  5 18:31:08 CEST 2021
git in 60 seconds
