This job can be monitored from: https://scruffy.c3se.chalmers.se/d/alvis-job/alvis-job?var-jobid=61320&from=1618157565000
/tmp/slurmd/job61320/slurm_script: line 10: deactivate: command not found
/tmp/slurmd/job61320/slurm_script: line 17: start: command not found
Starting at Sun Apr 11 18:12:45 CEST 2021
Job Name - EffNet
Running on hosts: alvis1-01
Running on 1 nodes.
Running 1 tasks.
Current working directory is /cephyr/users/filipfri/Alvis/BscProject
10.2
tensor([1.], device='cuda:0')
Using image size:  32
Using filter:  
Training set : 
Successfully loaded: P19_1_1
Successfully loaded: P19_1_2
Successfully loaded: P19_2_1
Successfully loaded: P19_2_2
Successfully loaded: P19_3_1
Successfully loaded: P19_3_2
Successfully loaded: P20_1_3
Successfully loaded: P20_1_4
Successfully loaded: P20_2_2
Successfully loaded: P20_2_3
Successfully loaded: P20_2_4
Successfully loaded: P20_3_1
Successfully loaded: P20_3_2
Successfully loaded: P20_3_3
Successfully loaded: P20_4_1
Successfully loaded: P20_4_2
Successfully loaded: P20_4_3
Successfully loaded: P20_5_1
Successfully loaded: P20_5_2
Successfully loaded: P20_6_1
Successfully loaded: P20_6_2
Successfully loaded: P20_7_1
Successfully loaded: P20_7_2
Successfully loaded: P20_8_1
Successfully loaded: P20_8_2
Successfully loaded: P20_9_1
Successfully loaded: P20_9_2
Successfully loaded: P9_1_1
Successfully loaded: P9_2_1
Successfully loaded: P9_2_2
Successfully loaded: P9_3_1
Successfully loaded: P9_3_2
Successfully loaded: P9_4_1
Successfully loaded: P9_4_2
Testing set : 
Successfully loaded: N10_1_1
Successfully loaded: N10_1_2
Successfully loaded: N10_1_3
Successfully loaded: N10_2_1
Successfully loaded: N10_2_2
Successfully loaded: P13_1_1
Successfully loaded: P13_1_2
Successfully loaded: P13_2_1
Successfully loaded: P13_2_2
Successfully loaded: P28_7_5
Successfully loaded: P28_8_5
Successfully loaded: P28_10_4
Successfully loaded: P28_10_5
inflammatory appears 715 times in the non augmented training and validation set
inflammatory appears 6435 times in the augmented training and validation set
lymphocyte appears 1967 times in the non augmented training and validation set
lymphocyte appears 9835 times in the augmented training and validation set
fibroblast and endothelial appears 4228 times in the non augmented training and validation set
fibroblast and endothelial appears 8456 times in the augmented training and validation set
epithelial appears 8706 times in the non augmented training and validation set
epithelial appears 10706 times in the augmented training and validation set
split:  0
[5148, 7868, 6765, 8564]
train size: 28345
val size: 7087
test size: 11318
Available GPUs: 1
Loaded pretrained weights for efficientnet-b0
=> using pre-trained model 'efficientnet-b0'
[W CudaIPCTypes.cpp:22] Producer process has been terminated before all shared CUDA tensors released. See Note [Sharing CUDA tensors]
Epoch: [0][  0/886]	Time  3.510 ( 3.510)	Data loading time  3.319 ( 3.319)	Loss 1.4623e+00 (1.4623e+00)	Acc@1  21.88 ( 21.88)
Epoch: [0][110/886]	Time  0.040 ( 0.071)	Data loading time  0.000 ( 0.030)	Loss 2.0659e+00 (1.7660e+00)	Acc@1  25.00 ( 27.67)
Epoch: [0][220/886]	Time  0.040 ( 0.056)	Data loading time  0.000 ( 0.015)	Loss 1.8388e+00 (2.0127e+00)	Acc@1  18.75 ( 28.11)
Epoch: [0][330/886]	Time  0.047 ( 0.052)	Data loading time  0.000 ( 0.010)	Loss 1.4022e+00 (2.1264e+00)	Acc@1  34.38 ( 28.34)
Epoch: [0][440/886]	Time  0.048 ( 0.051)	Data loading time  0.000 ( 0.008)	Loss 1.4607e+00 (2.1723e+00)	Acc@1  18.75 ( 28.21)
Epoch: [0][550/886]	Time  0.040 ( 0.049)	Data loading time  0.000 ( 0.006)	Loss 2.3265e+00 (2.1967e+00)	Acc@1  25.00 ( 27.90)
Epoch: [0][660/886]	Time  0.047 ( 0.048)	Data loading time  0.000 ( 0.005)	Loss 1.5023e+00 (2.1339e+00)	Acc@1  34.38 ( 27.94)
Epoch: [0][770/886]	Time  0.047 ( 0.048)	Data loading time  0.000 ( 0.005)	Loss 1.3279e+00 (2.0516e+00)	Acc@1  34.38 ( 27.85)
Epoch: [0][880/886]	Time  0.047 ( 0.048)	Data loading time  0.000 ( 0.004)	Loss 1.3817e+00 (1.9820e+00)	Acc@1  25.00 ( 28.05)
Validation:
[W CudaIPCTypes.cpp:22] Producer process has been terminated before all shared CUDA tensors released. See Note [Sharing CUDA tensors]
Validation: [  0/222]	Time  3.270 ( 3.270)	Loss 1.4336e+00 (1.4336e+00)	Acc@1  21.88 ( 21.88)	Acc C1   0.00 (  0.00)	Acc C2  83.33 ( 83.33)	Acc C3   0.00 (  0.00)	Acc C4  18.18 ( 18.18)
Validation: [110/222]	Time  0.017 ( 0.046)	Loss 1.4131e+00 (1.3866e+00)	Acc@1  18.75 ( 28.12)	Acc C1   0.00 (  0.30)	Acc C2  75.00 ( 77.58)	Acc C3   0.00 (  1.79)	Acc C4  25.00 ( 21.90)
Validation: [220/222]	Time  0.015 ( 0.031)	Loss 1.4269e+00 (1.3808e+00)	Acc@1  21.88 ( 28.82)	Acc C1   0.00 (  0.16)	Acc C2  75.00 ( 78.11)	Acc C3   0.00 (  1.83)	Acc C4  28.57 ( 22.18)
 * Acc 28.856
classification report:
              precision    recall  f1-score   support

           0       0.05      0.00      0.00      1287
           1       0.28      0.78      0.41      1967
           2       0.25      0.02      0.03      1691
           3       0.35      0.22      0.27      2142

    accuracy                           0.29      7087
   macro avg       0.23      0.26      0.18      7087
weighted avg       0.25      0.29      0.20      7087

confusion matrix:
      t\p     0     1     2     3 
        0     2  1036    31   218 
        1    14  1537    39   377 
        2    11  1347    31   302 
        3    13  1632    22   475 
Test
[W CudaIPCTypes.cpp:22] Producer process has been terminated before all shared CUDA tensors released. See Note [Sharing CUDA tensors]
Test: [  0/354]	Time  3.212 ( 3.212)	Loss 1.2530e+00 (1.2530e+00)	Acc@1  25.00 ( 25.00)	Acc C1   0.00 (  0.00)	Acc C2   0.00 (  0.00)	Acc C3   0.00 (  0.00)	Acc C4  25.00 ( 25.00)
Test: [110/354]	Time  0.017 ( 0.045)	Loss 1.4491e+00 (1.3897e+00)	Acc@1  21.88 ( 20.61)	Acc C1   0.00 (  1.18)	Acc C2  83.33 ( 76.98)	Acc C3   0.00 (  0.53)	Acc C4  18.18 ( 28.24)
Test: [220/354]	Time  0.016 ( 0.030)	Loss 1.7022e+00 (1.3519e+00)	Acc@1   3.12 ( 25.37)	Acc C1   7.69 (  0.99)	Acc C2  84.62 ( 71.53)	Acc C3   0.00 (  0.42)	Acc C4 100.00 ( 25.21)
Test: [330/354]	Time  0.015 ( 0.026)	Loss 1.4112e+00 (1.3601e+00)	Acc@1  21.88 ( 26.77)	Acc C1   0.00 (  0.58)	Acc C2  75.00 ( 76.28)	Acc C3   0.00 (  0.63)	Acc C4  22.22 ( 25.33)
 * Acc 26.294
classification report:
              precision    recall  f1-score   support

           0       0.12      0.01      0.01      1141
           1       0.21      0.76      0.32      2324
           2       0.19      0.01      0.01      3196
           3       0.46      0.25      0.33      4657

    accuracy                           0.26     11318
   macro avg       0.25      0.26      0.17     11318
weighted avg       0.30      0.26      0.21     11318

confusion matrix:
      t\p     0     1     2     3 
        0     6   904     8   223 
        1     7  1766    25   526 
        2    17  2542    21   616 
        3    20  3399    55  1183 
[W CudaIPCTypes.cpp:22] Producer process has been terminated before all shared CUDA tensors released. See Note [Sharing CUDA tensors]
Epoch: [1][  0/886]	Time  3.247 ( 3.247)	Data loading time  3.200 ( 3.200)	Loss 1.4316e+00 (1.4316e+00)	Acc@1  34.38 ( 34.38)
Epoch: [1][110/886]	Time  0.040 ( 0.069)	Data loading time  0.000 ( 0.029)	Loss 1.3513e+00 (1.4220e+00)	Acc@1  28.12 ( 28.38)
Epoch: [1][220/886]	Time  0.047 ( 0.057)	Data loading time  0.000 ( 0.015)	Loss 1.4556e+00 (1.4122e+00)	Acc@1  25.00 ( 28.93)
Epoch: [1][330/886]	Time  0.040 ( 0.053)	Data loading time  0.000 ( 0.010)	Loss 1.3271e+00 (1.4116e+00)	Acc@1  31.25 ( 28.94)
Epoch: [1][440/886]	Time  0.040 ( 0.049)	Data loading time  0.000 ( 0.007)	Loss 1.4336e+00 (1.4089e+00)	Acc@1  18.75 ( 28.79)
Epoch: [1][550/886]	Time  0.040 ( 0.047)	Data loading time  0.000 ( 0.006)	Loss 1.3983e+00 (1.4052e+00)	Acc@1  21.88 ( 29.08)
Epoch: [1][660/886]	Time  0.040 ( 0.046)	Data loading time  0.000 ( 0.005)	Loss 1.4113e+00 (1.4020e+00)	Acc@1  25.00 ( 29.25)
Epoch: [1][770/886]	Time  0.040 ( 0.045)	Data loading time  0.000 ( 0.004)	Loss 1.4021e+00 (1.4002e+00)	Acc@1  18.75 ( 29.40)
Epoch: [1][880/886]	Time  0.040 ( 0.045)	Data loading time  0.000 ( 0.004)	Loss 1.2848e+00 (1.3984e+00)	Acc@1  37.50 ( 29.49)
Validation:
[W CudaIPCTypes.cpp:22] Producer process has been terminated before all shared CUDA tensors released. See Note [Sharing CUDA tensors]
Validation: [  0/222]	Time  3.209 ( 3.209)	Loss 1.3499e+00 (1.3499e+00)	Acc@1  31.25 ( 31.25)	Acc C1   0.00 (  0.00)	Acc C2  16.67 ( 16.67)	Acc C3   0.00 (  0.00)	Acc C4  81.82 ( 81.82)
Validation: [110/222]	Time  0.015 ( 0.045)	Loss 1.2978e+00 (1.3710e+00)	Acc@1  43.75 ( 33.16)	Acc C1   0.00 (  0.45)	Acc C2  50.00 (  8.86)	Acc C3   0.00 ( 12.98)	Acc C4 100.00 ( 90.25)
Validation: [220/222]	Time  0.014 ( 0.031)	Loss 1.3367e+00 (1.3712e+00)	Acc@1  40.62 ( 33.05)	Acc C1   0.00 (  0.47)	Acc C2  25.00 (  8.88)	Acc C3   0.00 ( 13.02)	Acc C4  85.71 ( 90.64)
 * Acc 33.061
classification report:
              precision    recall  f1-score   support

           0       0.09      0.00      0.01      1287
           1       0.32      0.09      0.14      1967
           2       0.31      0.13      0.18      1691
           3       0.34      0.91      0.49      2142

    accuracy                           0.33      7087
   macro avg       0.26      0.28      0.21      7087
weighted avg       0.28      0.33      0.23      7087

confusion matrix:
      t\p     0     1     2     3 
        0     6   110   188   983 
        1    19   176   221  1551 
        2    22   178   220  1271 
        3    22    90    89  1941 
Test
[W CudaIPCTypes.cpp:22] Producer process has been terminated before all shared CUDA tensors released. See Note [Sharing CUDA tensors]
Test: [  0/354]	Time  3.192 ( 3.192)	Loss 1.0543e+00 (1.0543e+00)	Acc@1  87.50 ( 87.50)	Acc C1   0.00 (  0.00)	Acc C2   0.00 (  0.00)	Acc C3   0.00 (  0.00)	Acc C4  87.50 ( 87.50)
Test: [110/354]	Time  0.016 ( 0.045)	Loss 1.3782e+00 (1.2607e+00)	Acc@1  37.50 ( 50.48)	Acc C1   0.00 (  0.30)	Acc C2   0.00 (  4.68)	Acc C3  10.00 (  7.48)	Acc C4 100.00 ( 94.16)
Test: [220/354]	Time  0.017 ( 0.030)	Loss 1.5695e+00 (1.2784e+00)	Acc@1   3.12 ( 47.02)	Acc C1   0.00 (  0.79)	Acc C2   0.00 (  2.78)	Acc C3   5.26 (  6.85)	Acc C4 100.00 ( 93.15)
Test: [330/354]	Time  0.017 ( 0.026)	Loss 1.3167e+00 (1.2986e+00)	Acc@1  53.12 ( 42.40)	Acc C1   0.00 (  0.70)	Acc C2   0.00 (  3.43)	Acc C3   0.00 (  5.97)	Acc C4  94.44 ( 93.73)
 * Acc 41.058
classification report:
              precision    recall  f1-score   support

           0       0.10      0.01      0.01      1141
           1       0.16      0.03      0.05      2324
           2       0.43      0.06      0.11      3196
           3       0.42      0.94      0.58      4657

    accuracy                           0.41     11318
   macro avg       0.28      0.26      0.19     11318
weighted avg       0.34      0.41      0.28     11318

confusion matrix:
      t\p     0     1     2     3 
        0     7    59    70  1005 
        1    11    77    69  2167 
        2    12   222   198  2764 
        3    42   125   125  4365 
[W CudaIPCTypes.cpp:22] Producer process has been terminated before all shared CUDA tensors released. See Note [Sharing CUDA tensors]
Epoch: [2][  0/886]	Time  3.241 ( 3.241)	Data loading time  3.197 ( 3.197)	Loss 1.4596e+00 (1.4596e+00)	Acc@1  18.75 ( 18.75)
Epoch: [2][110/886]	Time  0.040 ( 0.068)	Data loading time  0.000 ( 0.029)	Loss 1.3425e+00 (1.3787e+00)	Acc@1  34.38 ( 31.05)
Epoch: [2][220/886]	Time  0.040 ( 0.054)	Data loading time  0.000 ( 0.015)	Loss 1.3793e+00 (1.3836e+00)	Acc@1  34.38 ( 30.83)
Epoch: [2][330/886]	Time  0.040 ( 0.049)	Data loading time  0.000 ( 0.010)	Loss 1.3365e+00 (1.3821e+00)	Acc@1  40.62 ( 31.00)
Epoch: [2][440/886]	Time  0.043 ( 0.047)	Data loading time  0.000 ( 0.007)	Loss 1.3765e+00 (1.3819e+00)	Acc@1  34.38 ( 30.90)
Epoch: [2][550/886]	Time  0.044 ( 0.046)	Data loading time  0.000 ( 0.006)	Loss 1.4161e+00 (1.3812e+00)	Acc@1  28.12 ( 31.05)
Epoch: [2][660/886]	Time  0.039 ( 0.045)	Data loading time  0.000 ( 0.005)	Loss 1.4265e+00 (1.3787e+00)	Acc@1  21.88 ( 31.22)
Epoch: [2][770/886]	Time  0.040 ( 0.045)	Data loading time  0.000 ( 0.004)	Loss 1.3790e+00 (1.3784e+00)	Acc@1  34.38 ( 31.21)
Epoch: [2][880/886]	Time  0.040 ( 0.044)	Data loading time  0.000 ( 0.004)	Loss 1.2743e+00 (1.3784e+00)	Acc@1  37.50 ( 31.29)
Validation:
[W CudaIPCTypes.cpp:22] Producer process has been terminated before all shared CUDA tensors released. See Note [Sharing CUDA tensors]
Validation: [  0/222]	Time  3.245 ( 3.245)	Loss 1.4077e+00 (1.4077e+00)	Acc@1  28.12 ( 28.12)	Acc C1   0.00 (  0.00)	Acc C2  33.33 ( 33.33)	Acc C3   0.00 (  0.00)	Acc C4  63.64 ( 63.64)
Validation: [110/222]	Time  0.015 ( 0.046)	Loss 1.3291e+00 (1.3643e+00)	Acc@1  43.75 ( 34.43)	Acc C1   0.00 (  0.00)	Acc C2  75.00 ( 45.88)	Acc C3  11.11 ( 11.90)	Acc C4  83.33 ( 62.83)
Validation: [220/222]	Time  0.015 ( 0.031)	Loss 1.3275e+00 (1.3607e+00)	Acc@1  43.75 ( 33.99)	Acc C1   0.00 (  0.00)	Acc C2  75.00 ( 45.10)	Acc C3  37.50 ( 12.25)	Acc C4  57.14 ( 61.44)
 * Acc 34.048
classification report:
              precision    recall  f1-score   support

           0       0.00      0.00      0.00      1287
           1       0.32      0.45      0.37      1967
           2       0.25      0.12      0.16      1691
           3       0.38      0.61      0.47      2142

    accuracy                           0.34      7087
   macro avg       0.24      0.30      0.25      7087
weighted avg       0.26      0.34      0.29      7087

confusion matrix:
      t\p     0     1     2     3 
        0     0   570   169   548 
        1     0   889   204   874 
        2     0   781   208   702 
        3     0   570   256  1316 
Test
[W CudaIPCTypes.cpp:22] Producer process has been terminated before all shared CUDA tensors released. See Note [Sharing CUDA tensors]
Test: [  0/354]	Time  3.274 ( 3.274)	Loss 1.2838e+00 (1.2838e+00)	Acc@1  53.12 ( 53.12)	Acc C1   0.00 (  0.00)	Acc C2   0.00 (  0.00)	Acc C3   0.00 (  0.00)	Acc C4  53.12 ( 53.12)
Test: [110/354]	Time  0.017 ( 0.045)	Loss 1.3397e+00 (1.3125e+00)	Acc@1  31.25 ( 40.60)	Acc C1   0.00 (  0.00)	Acc C2  16.67 ( 32.73)	Acc C3  20.00 ( 10.47)	Acc C4  63.64 ( 68.48)
Test: [220/354]	Time  0.016 ( 0.031)	Loss 1.4476e+00 (1.3232e+00)	Acc@1   0.00 ( 38.96)	Acc C1   0.00 (  0.00)	Acc C2  76.92 ( 23.46)	Acc C3   0.00 ( 11.21)	Acc C4   0.00 ( 66.12)
Test: [330/354]	Time  0.017 ( 0.026)	Loss 1.3775e+00 (1.3220e+00)	Acc@1  40.62 ( 38.96)	Acc C1   0.00 (  0.12)	Acc C2  25.00 ( 32.27)	Acc C3   0.00 ( 11.29)	Acc C4  66.67 ( 68.22)
 * Acc 37.754
classification report:
              precision    recall  f1-score   support

           0       0.20      0.00      0.00      1141
           1       0.21      0.32      0.25      2324
           2       0.30      0.11      0.16      3196
           3       0.48      0.68      0.56      4657

    accuracy                           0.38     11318
   macro avg       0.30      0.28      0.25     11318
weighted avg       0.35      0.38      0.33     11318

confusion matrix:
      t\p     0     1     2     3 
        0     1   436   131   573 
        1     1   737   225  1361 
        2     1  1322   360  1513 
        3     2   988   492  3175 
[W CudaIPCTypes.cpp:22] Producer process has been terminated before all shared CUDA tensors released. See Note [Sharing CUDA tensors]
Epoch: [3][  0/886]	Time  3.220 ( 3.220)	Data loading time  3.177 ( 3.177)	Loss 1.3060e+00 (1.3060e+00)	Acc@1  46.88 ( 46.88)
Epoch: [3][110/886]	Time  0.040 ( 0.068)	Data loading time  0.000 ( 0.029)	Loss 1.4081e+00 (1.3635e+00)	Acc@1  34.38 ( 33.70)
Epoch: [3][220/886]	Time  0.039 ( 0.054)	Data loading time  0.000 ( 0.015)	Loss 1.4449e+00 (1.3725e+00)	Acc@1  12.50 ( 31.99)
Epoch: [3][330/886]	Time  0.039 ( 0.049)	Data loading time  0.000 ( 0.010)	Loss 1.3834e+00 (1.3728e+00)	Acc@1  34.38 ( 31.87)
Epoch: [3][440/886]	Time  0.040 ( 0.047)	Data loading time  0.000 ( 0.007)	Loss 1.3514e+00 (1.3723e+00)	Acc@1  31.25 ( 31.73)
Epoch: [3][550/886]	Time  0.040 ( 0.045)	Data loading time  0.000 ( 0.006)	Loss 1.4462e+00 (1.3721e+00)	Acc@1  18.75 ( 31.64)
Epoch: [3][660/886]	Time  0.040 ( 0.044)	Data loading time  0.000 ( 0.005)	Loss 1.4763e+00 (1.3720e+00)	Acc@1  28.12 ( 31.82)
Epoch: [3][770/886]	Time  0.040 ( 0.044)	Data loading time  0.000 ( 0.004)	Loss 1.4651e+00 (1.3716e+00)	Acc@1  25.00 ( 31.82)
Epoch: [3][880/886]	Time  0.040 ( 0.043)	Data loading time  0.000 ( 0.004)	Loss 1.3774e+00 (1.3703e+00)	Acc@1  28.12 ( 31.98)
Validation:
[W CudaIPCTypes.cpp:22] Producer process has been terminated before all shared CUDA tensors released. See Note [Sharing CUDA tensors]
Validation: [  0/222]	Time  3.228 ( 3.228)	Loss 1.3320e+00 (1.3320e+00)	Acc@1  34.38 ( 34.38)	Acc C1   0.00 (  0.00)	Acc C2 100.00 (100.00)	Acc C3   0.00 (  0.00)	Acc C4  45.45 ( 45.45)
Validation: [110/222]	Time  0.016 ( 0.045)	Loss 1.3461e+00 (1.3632e+00)	Acc@1  31.25 ( 32.32)	Acc C1   0.00 (  0.00)	Acc C2 100.00 ( 68.09)	Acc C3   0.00 (  1.90)	Acc C4  50.00 ( 44.07)
Validation: [220/222]	Time  0.015 ( 0.031)	Loss 1.3803e+00 (1.3598e+00)	Acc@1  25.00 ( 32.90)	Acc C1   0.00 (  0.00)	Acc C2  75.00 ( 68.78)	Acc C3   0.00 (  2.13)	Acc C4  35.71 ( 44.13)
 * Acc 32.919
classification report:
              precision    recall  f1-score   support

           0       0.00      0.00      0.00      1287
           1       0.29      0.69      0.41      1967
           2       0.30      0.02      0.04      1691
           3       0.40      0.44      0.42      2142

    accuracy                           0.33      7087
   macro avg       0.25      0.29      0.22      7087
weighted avg       0.27      0.33      0.25      7087

confusion matrix:
      t\p     0     1     2     3 
        0     0   924    18   345 
        1     2  1353    31   581 
        2     3  1175    36   477 
        3     1  1160    37   944 
Test
[W CudaIPCTypes.cpp:22] Producer process has been terminated before all shared CUDA tensors released. See Note [Sharing CUDA tensors]
Test: [  0/354]	Time  3.265 ( 3.265)	Loss 1.2841e+00 (1.2841e+00)	Acc@1  25.00 ( 25.00)	Acc C1   0.00 (  0.00)	Acc C2   0.00 (  0.00)	Acc C3   0.00 (  0.00)	Acc C4  25.00 ( 25.00)
Test: [110/354]	Time  0.017 ( 0.045)	Loss 1.3396e+00 (1.3027e+00)	Acc@1  31.25 ( 30.04)	Acc C1   0.00 (  0.00)	Acc C2  33.33 ( 60.79)	Acc C3   0.00 (  1.06)	Acc C4  72.73 ( 49.25)
Test: [220/354]	Time  0.015 ( 0.031)	Loss 1.5856e+00 (1.2830e+00)	Acc@1   0.00 ( 34.84)	Acc C1   0.00 (  0.00)	Acc C2  92.31 ( 55.17)	Acc C3   0.00 (  1.49)	Acc C4 100.00 ( 50.80)
Test: [330/354]	Time  0.017 ( 0.026)	Loss 1.2989e+00 (1.2806e+00)	Acc@1  40.62 ( 37.00)	Acc C1   0.00 (  0.00)	Acc C2  25.00 ( 61.47)	Acc C3   0.00 (  1.52)	Acc C4  66.67 ( 56.03)
 * Acc 35.854
classification report:
              precision    recall  f1-score   support

           0       0.50      0.00      0.00      1141
           1       0.22      0.61      0.32      2324
           2       0.26      0.02      0.03      3196
           3       0.56      0.56      0.56      4657

    accuracy                           0.36     11318
   macro avg       0.38      0.30      0.23     11318
weighted avg       0.40      0.36      0.30     11318

confusion matrix:
      t\p     0     1     2     3 
        0     1   795    22   323 
        1     0  1416    40   868 
        2     0  2279    48   869 
        3     1  1985    78  2593 
[W CudaIPCTypes.cpp:22] Producer process has been terminated before all shared CUDA tensors released. See Note [Sharing CUDA tensors]
Epoch: [4][  0/886]	Time  3.279 ( 3.279)	Data loading time  3.236 ( 3.236)	Loss 1.3095e+00 (1.3095e+00)	Acc@1  40.62 ( 40.62)
Epoch: [4][110/886]	Time  0.040 ( 0.069)	Data loading time  0.000 ( 0.029)	Loss 1.3656e+00 (1.3628e+00)	Acc@1  25.00 ( 33.28)
Epoch: [4][220/886]	Time  0.040 ( 0.055)	Data loading time  0.000 ( 0.015)	Loss 1.2529e+00 (1.3627e+00)	Acc@1  50.00 ( 33.14)
Epoch: [4][330/886]	Time  0.040 ( 0.050)	Data loading time  0.000 ( 0.010)	Loss 1.3305e+00 (1.3658e+00)	Acc@1  46.88 ( 32.96)
Epoch: [4][440/886]	Time  0.040 ( 0.047)	Data loading time  0.000 ( 0.008)	Loss 1.3386e+00 (1.3665e+00)	Acc@1  37.50 ( 32.75)
Epoch: [4][550/886]	Time  0.040 ( 0.046)	Data loading time  0.000 ( 0.006)	Loss 1.5226e+00 (1.3659e+00)	Acc@1  18.75 ( 32.80)
Epoch: [4][660/886]	Time  0.040 ( 0.045)	Data loading time  0.000 ( 0.005)	Loss 1.2751e+00 (1.3642e+00)	Acc@1  40.62 ( 33.01)
Epoch: [4][770/886]	Time  0.040 ( 0.044)	Data loading time  0.000 ( 0.004)	Loss 1.4232e+00 (1.3635e+00)	Acc@1  34.38 ( 33.22)
Epoch: [4][880/886]	Time  0.040 ( 0.044)	Data loading time  0.000 ( 0.004)	Loss 1.3488e+00 (1.3626e+00)	Acc@1  34.38 ( 33.30)
Validation:
[W CudaIPCTypes.cpp:22] Producer process has been terminated before all shared CUDA tensors released. See Note [Sharing CUDA tensors]
Validation: [  0/222]	Time  3.248 ( 3.248)	Loss 1.3942e+00 (1.3942e+00)	Acc@1  28.12 ( 28.12)	Acc C1   0.00 (  0.00)	Acc C2 100.00 (100.00)	Acc C3   0.00 (  0.00)	Acc C4  27.27 ( 27.27)
Validation: [110/222]	Time  0.016 ( 0.046)	Loss 1.3982e+00 (1.3512e+00)	Acc@1  31.25 ( 32.80)	Acc C1   0.00 (  0.00)	Acc C2  75.00 ( 68.72)	Acc C3   0.00 (  1.07)	Acc C4  58.33 ( 45.72)
Validation: [220/222]	Time  0.015 ( 0.031)	Loss 1.3270e+00 (1.3443e+00)	Acc@1  34.38 ( 33.55)	Acc C1   0.00 (  0.00)	Acc C2  75.00 ( 69.74)	Acc C3   0.00 (  1.18)	Acc C4  57.14 ( 46.14)
 * Acc 33.583
classification report:
              precision    recall  f1-score   support

           0       0.00      0.00      0.00      1287
           1       0.29      0.70      0.41      1967
           2       0.38      0.01      0.02      1691
           3       0.42      0.46      0.44      2142

    accuracy                           0.34      7087
   macro avg       0.27      0.29      0.22      7087
weighted avg       0.30      0.34      0.25      7087

confusion matrix:
      t\p     0     1     2     3 
        0     0   939    18   330 
        1     0  1370    15   582 
        2     0  1200    20   471 
        3     0  1152     0   990 
Test
[W CudaIPCTypes.cpp:22] Producer process has been terminated before all shared CUDA tensors released. See Note [Sharing CUDA tensors]
Test: [  0/354]	Time  3.197 ( 3.197)	Loss 1.3759e+00 (1.3759e+00)	Acc@1  25.00 ( 25.00)	Acc C1   0.00 (  0.00)	Acc C2   0.00 (  0.00)	Acc C3   0.00 (  0.00)	Acc C4  25.00 ( 25.00)
Test: [110/354]	Time  0.016 ( 0.045)	Loss 1.3061e+00 (1.3514e+00)	Acc@1  34.38 ( 27.08)	Acc C1   0.00 (  0.00)	Acc C2  66.67 ( 64.03)	Acc C3   0.00 (  0.53)	Acc C4  63.64 ( 43.25)
Test: [220/354]	Time  0.016 ( 0.030)	Loss 1.5927e+00 (1.3125e+00)	Acc@1   0.00 ( 33.88)	Acc C1   0.00 (  0.00)	Acc C2  92.31 ( 62.42)	Acc C3   0.00 (  0.37)	Acc C4 100.00 ( 46.64)
Test: [330/354]	Time  0.015 ( 0.026)	Loss 1.2839e+00 (1.3070e+00)	Acc@1  46.88 ( 35.71)	Acc C1   0.00 (  0.00)	Acc C2  50.00 ( 67.00)	Acc C3   0.00 (  0.33)	Acc C4  72.22 ( 51.11)
 * Acc 34.511
classification report:
              precision    recall  f1-score   support

           0       0.00      0.00      0.00      1141
           1       0.22      0.66      0.33      2324
           2       0.39      0.00      0.01      3196
           3       0.53      0.51      0.52      4657

    accuracy                           0.35     11318
   macro avg       0.29      0.29      0.22     11318
weighted avg       0.38      0.35      0.28     11318

confusion matrix:
      t\p     0     1     2     3 
        0     0   788     5   348 
        1     0  1528     9   787 
        2     0  2258    11   927 
        3     0  2287     3  2367 
[W CudaIPCTypes.cpp:22] Producer process has been terminated before all shared CUDA tensors released. See Note [Sharing CUDA tensors]
Epoch: [5][  0/886]	Time  3.277 ( 3.277)	Data loading time  3.233 ( 3.233)	Loss 1.4077e+00 (1.4077e+00)	Acc@1  18.75 ( 18.75)
Epoch: [5][110/886]	Time  0.040 ( 0.069)	Data loading time  0.000 ( 0.029)	Loss 1.2298e+00 (1.3583e+00)	Acc@1  43.75 ( 33.90)
Epoch: [5][220/886]	Time  0.039 ( 0.054)	Data loading time  0.000 ( 0.015)	Loss 1.3360e+00 (1.3560e+00)	Acc@1  28.12 ( 33.88)
Epoch: [5][330/886]	Time  0.040 ( 0.049)	Data loading time  0.000 ( 0.010)	Loss 1.4273e+00 (1.3560e+00)	Acc@1  18.75 ( 34.31)
Epoch: [5][440/886]	Time  0.040 ( 0.047)	Data loading time  0.000 ( 0.008)	Loss 1.3038e+00 (1.3549e+00)	Acc@1  46.88 ( 34.40)
Epoch: [5][550/886]	Time  0.040 ( 0.046)	Data loading time  0.000 ( 0.006)	Loss 1.3288e+00 (1.3517e+00)	Acc@1  34.38 ( 34.85)
Epoch: [5][660/886]	Time  0.040 ( 0.045)	Data loading time  0.000 ( 0.005)	Loss 1.3590e+00 (1.3490e+00)	Acc@1  40.62 ( 35.13)
Epoch: [5][770/886]	Time  0.039 ( 0.044)	Data loading time  0.000 ( 0.004)	Loss 1.4008e+00 (1.3487e+00)	Acc@1  28.12 ( 35.26)
Epoch: [5][880/886]	Time  0.039 ( 0.043)	Data loading time  0.000 ( 0.004)	Loss 1.2980e+00 (1.3481e+00)	Acc@1  43.75 ( 35.19)
Validation:
[W CudaIPCTypes.cpp:22] Producer process has been terminated before all shared CUDA tensors released. See Note [Sharing CUDA tensors]
Validation: [  0/222]	Time  3.220 ( 3.220)	Loss 1.3309e+00 (1.3309e+00)	Acc@1  37.50 ( 37.50)	Acc C1   0.00 (  0.00)	Acc C2  50.00 ( 50.00)	Acc C3   0.00 (  0.00)	Acc C4  81.82 ( 81.82)
Validation: [110/222]	Time  0.017 ( 0.045)	Loss 1.3437e+00 (1.3449e+00)	Acc@1  40.62 ( 36.15)	Acc C1   0.00 (  0.00)	Acc C2  50.00 ( 24.50)	Acc C3   0.00 (  1.55)	Acc C4  91.67 ( 95.31)
Validation: [220/222]	Time  0.015 ( 0.031)	Loss 1.2303e+00 (1.3465e+00)	Acc@1  46.88 ( 35.29)	Acc C1   0.00 (  0.00)	Acc C2  50.00 ( 22.81)	Acc C3   0.00 (  2.01)	Acc C4  92.86 ( 94.29)
 * Acc 35.290
classification report:
              precision    recall  f1-score   support

           0       0.00      0.00      0.00      1287
           1       0.33      0.23      0.27      1967
           2       0.31      0.02      0.04      1691
           3       0.36      0.94      0.52      2142

    accuracy                           0.35      7087
   macro avg       0.25      0.30      0.21      7087
weighted avg       0.28      0.35      0.24      7087

confusion matrix:
      t\p     0     1     2     3 
        0     0   319    31   937 
        1     0   448    32  1487 
        2     0   467    34  1190 
        3     0   112    11  2019 
Test
[W CudaIPCTypes.cpp:22] Producer process has been terminated before all shared CUDA tensors released. See Note [Sharing CUDA tensors]
Test: [  0/354]	Time  3.208 ( 3.208)	Loss 9.8154e-01 (9.8154e-01)	Acc@1  87.50 ( 87.50)	Acc C1   0.00 (  0.00)	Acc C2   0.00 (  0.00)	Acc C3   0.00 (  0.00)	Acc C4  87.50 ( 87.50)
Test: [110/354]	Time  0.015 ( 0.045)	Loss 1.3390e+00 (1.2389e+00)	Acc@1  34.38 ( 47.66)	Acc C1   0.00 (  0.00)	Acc C2   0.00 ( 15.83)	Acc C3   0.00 (  2.02)	Acc C4 100.00 ( 90.38)
Test: [220/354]	Time  0.016 ( 0.030)	Loss 1.6821e+00 (1.2238e+00)	Acc@1   0.00 ( 46.96)	Acc C1   0.00 (  0.00)	Acc C2  61.54 ( 10.49)	Acc C3   0.00 (  1.70)	Acc C4 100.00 ( 93.06)
Test: [330/354]	Time  0.017 ( 0.026)	Loss 1.2093e+00 (1.2519e+00)	Acc@1  56.25 ( 43.39)	Acc C1   0.00 (  0.00)	Acc C2   0.00 ( 14.17)	Acc C3   0.00 (  1.42)	Acc C4 100.00 ( 94.04)
 * Acc 41.933
classification report:
              precision    recall  f1-score   support

           0       0.00      0.00      0.00      1141
           1       0.21      0.14      0.16      2324
           2       0.43      0.01      0.03      3196
           3       0.45      0.94      0.61      4657

    accuracy                           0.42     11318
   macro avg       0.27      0.27      0.20     11318
weighted avg       0.35      0.42      0.29     11318

confusion matrix:
      t\p     0     1     2     3 
        0     0   225    13   903 
        1     0   314    24  1986 
        2     0   735    45  2416 
        3     0   248    22  4387 
[W CudaIPCTypes.cpp:22] Producer process has been terminated before all shared CUDA tensors released. See Note [Sharing CUDA tensors]
Epoch: [6][  0/886]	Time  3.257 ( 3.257)	Data loading time  3.213 ( 3.213)	Loss 1.3474e+00 (1.3474e+00)	Acc@1  34.38 ( 34.38)
Epoch: [6][110/886]	Time  0.040 ( 0.069)	Data loading time  0.000 ( 0.029)	Loss 1.4920e+00 (1.3397e+00)	Acc@1  25.00 ( 36.01)
Epoch: [6][220/886]	Time  0.040 ( 0.054)	Data loading time  0.000 ( 0.015)	Loss 1.2917e+00 (1.3383e+00)	Acc@1  40.62 ( 36.09)
Epoch: [6][330/886]	Time  0.040 ( 0.050)	Data loading time  0.000 ( 0.010)	Loss 1.3564e+00 (1.3403e+00)	Acc@1  31.25 ( 35.74)
Epoch: [6][440/886]	Time  0.040 ( 0.047)	Data loading time  0.000 ( 0.007)	Loss 1.3022e+00 (1.3371e+00)	Acc@1  31.25 ( 36.17)
Epoch: [6][550/886]	Time  0.040 ( 0.046)	Data loading time  0.000 ( 0.006)	Loss 1.4643e+00 (1.3386e+00)	Acc@1  37.50 ( 36.16)
Epoch: [6][660/886]	Time  0.040 ( 0.045)	Data loading time  0.000 ( 0.005)	Loss 1.2520e+00 (1.3367e+00)	Acc@1  46.88 ( 36.37)
Epoch: [6][770/886]	Time  0.040 ( 0.044)	Data loading time  0.000 ( 0.004)	Loss 1.3254e+00 (1.3357e+00)	Acc@1  34.38 ( 36.30)
Epoch: [6][880/886]	Time  0.040 ( 0.043)	Data loading time  0.000 ( 0.004)	Loss 1.3218e+00 (1.3344e+00)	Acc@1  43.75 ( 36.31)
Validation:
[W CudaIPCTypes.cpp:22] Producer process has been terminated before all shared CUDA tensors released. See Note [Sharing CUDA tensors]
Validation: [  0/222]	Time  3.216 ( 3.216)	Loss 1.3428e+00 (1.3428e+00)	Acc@1  37.50 ( 37.50)	Acc C1   0.00 (  0.00)	Acc C2  50.00 ( 50.00)	Acc C3   0.00 (  0.00)	Acc C4  81.82 ( 81.82)
Validation: [110/222]	Time  0.016 ( 0.046)	Loss 1.3163e+00 (1.3274e+00)	Acc@1  43.75 ( 38.03)	Acc C1   0.00 (  0.00)	Acc C2 100.00 ( 38.89)	Acc C3   0.00 (  1.31)	Acc C4  83.33 ( 88.96)
Validation: [220/222]	Time  0.017 ( 0.031)	Loss 1.2320e+00 (1.3265e+00)	Acc@1  50.00 ( 37.73)	Acc C1   0.00 (  0.00)	Acc C2  75.00 ( 38.42)	Acc C3   0.00 (  1.12)	Acc C4  92.86 ( 88.72)
 * Acc 37.717
classification report:
              precision    recall  f1-score   support

           0       0.00      0.00      0.00      1287
           1       0.33      0.38      0.36      1967
           2       0.25      0.01      0.02      1691
           3       0.40      0.89      0.55      2142

    accuracy                           0.38      7087
   macro avg       0.25      0.32      0.23      7087
weighted avg       0.27      0.38      0.27      7087

confusion matrix:
      t\p     0     1     2     3 
        0     0   528    25   734 
        1     0   754    20  1193 
        2     0   741    19   931 
        3     0   229    13  1900 
Test
[W CudaIPCTypes.cpp:22] Producer process has been terminated before all shared CUDA tensors released. See Note [Sharing CUDA tensors]
Test: [  0/354]	Time  3.231 ( 3.231)	Loss 1.1625e+00 (1.1625e+00)	Acc@1  56.25 ( 56.25)	Acc C1   0.00 (  0.00)	Acc C2   0.00 (  0.00)	Acc C3   0.00 (  0.00)	Acc C4  56.25 ( 56.25)
Test: [110/354]	Time  0.018 ( 0.047)	Loss 1.3036e+00 (1.3059e+00)	Acc@1  37.50 ( 41.33)	Acc C1   0.00 (  0.00)	Acc C2  33.33 ( 30.94)	Acc C3   0.00 (  2.20)	Acc C4  90.91 ( 75.43)
Test: [220/354]	Time  0.016 ( 0.031)	Loss 1.7043e+00 (1.2385e+00)	Acc@1   0.00 ( 45.49)	Acc C1   0.00 (  0.00)	Acc C2  84.62 ( 24.69)	Acc C3   0.00 (  2.18)	Acc C4 100.00 ( 84.30)
Test: [330/354]	Time  0.015 ( 0.026)	Loss 1.1747e+00 (1.2513e+00)	Acc@1  56.25 ( 43.74)	Acc C1   0.00 (  0.00)	Acc C2   0.00 ( 29.48)	Acc C3   0.00 (  1.68)	Acc C4 100.00 ( 87.26)
 * Acc 42.234
classification report:
              precision    recall  f1-score   support

           0       0.00      0.00      0.00      1141
           1       0.22      0.28      0.25      2324
           2       0.42      0.02      0.03      3196
           3       0.49      0.87      0.63      4657

    accuracy                           0.42     11318
   macro avg       0.28      0.29      0.23     11318
weighted avg       0.37      0.42      0.32     11318

confusion matrix:
      t\p     0     1     2     3 
        0     0   416    19   706 
        1     0   653    26  1645 
        2     0  1295    53  1848 
        3     0   555    28  4074 
[W CudaIPCTypes.cpp:22] Producer process has been terminated before all shared CUDA tensors released. See Note [Sharing CUDA tensors]
Epoch: [7][  0/886]	Time  3.251 ( 3.251)	Data loading time  3.207 ( 3.207)	Loss 1.2316e+00 (1.2316e+00)	Acc@1  34.38 ( 34.38)
Epoch: [7][110/886]	Time  0.040 ( 0.069)	Data loading time  0.000 ( 0.029)	Loss 1.2635e+00 (1.3215e+00)	Acc@1  53.12 ( 38.15)
Epoch: [7][220/886]	Time  0.040 ( 0.054)	Data loading time  0.000 ( 0.015)	Loss 1.1673e+00 (1.3240e+00)	Acc@1  43.75 ( 37.23)
Epoch: [7][330/886]	Time  0.040 ( 0.050)	Data loading time  0.000 ( 0.010)	Loss 1.2744e+00 (1.3233e+00)	Acc@1  43.75 ( 37.43)
Epoch: [7][440/886]	Time  0.040 ( 0.047)	Data loading time  0.000 ( 0.007)	Loss 1.3247e+00 (1.3236e+00)	Acc@1  34.38 ( 37.11)
Epoch: [7][550/886]	Time  0.040 ( 0.046)	Data loading time  0.000 ( 0.006)	Loss 1.4824e+00 (1.3222e+00)	Acc@1  25.00 ( 37.29)
Epoch: [7][660/886]	Time  0.043 ( 0.045)	Data loading time  0.000 ( 0.005)	Loss 1.2803e+00 (1.3210e+00)	Acc@1  43.75 ( 37.32)
Epoch: [7][770/886]	Time  0.040 ( 0.044)	Data loading time  0.000 ( 0.004)	Loss 1.3155e+00 (1.3213e+00)	Acc@1  31.25 ( 37.20)
Epoch: [7][880/886]	Time  0.040 ( 0.044)	Data loading time  0.000 ( 0.004)	Loss 1.2131e+00 (1.3208e+00)	Acc@1  50.00 ( 37.17)
Validation:
[W CudaIPCTypes.cpp:22] Producer process has been terminated before all shared CUDA tensors released. See Note [Sharing CUDA tensors]
Validation: [  0/222]	Time  3.260 ( 3.260)	Loss 1.2974e+00 (1.2974e+00)	Acc@1  40.62 ( 40.62)	Acc C1   0.00 (  0.00)	Acc C2  83.33 ( 83.33)	Acc C3   0.00 (  0.00)	Acc C4  72.73 ( 72.73)
Validation: [110/222]	Time  0.016 ( 0.046)	Loss 1.3504e+00 (1.2984e+00)	Acc@1  34.38 ( 38.71)	Acc C1   0.00 (  0.30)	Acc C2  75.00 ( 54.54)	Acc C3   0.00 (  6.43)	Acc C4  66.67 ( 73.23)
Validation: [220/222]	Time  0.014 ( 0.031)	Loss 1.1979e+00 (1.2978e+00)	Acc@1  34.38 ( 39.04)	Acc C1   0.00 (  0.54)	Acc C2  75.00 ( 54.39)	Acc C3   0.00 (  7.22)	Acc C4  57.14 ( 73.28)
 * Acc 39.086
classification report:
              precision    recall  f1-score   support

           0       0.17      0.01      0.01      1287
           1       0.32      0.54      0.40      1967
           2       0.45      0.07      0.12      1691
           3       0.46      0.73      0.57      2142

    accuracy                           0.39      7087
   macro avg       0.35      0.34      0.28      7087
weighted avg       0.37      0.39      0.31      7087

confusion matrix:
      t\p     0     1     2     3 
        0     7   811    72   397 
        1     9  1071    71   816 
        2     7   962   122   600 
        3    19   547     6  1570 
Test
[W CudaIPCTypes.cpp:22] Producer process has been terminated before all shared CUDA tensors released. See Note [Sharing CUDA tensors]
Test: [  0/354]	Time  3.217 ( 3.217)	Loss 1.5119e+00 (1.5119e+00)	Acc@1  21.88 ( 21.88)	Acc C1   0.00 (  0.00)	Acc C2   0.00 (  0.00)	Acc C3   0.00 (  0.00)	Acc C4  21.88 ( 21.88)
Test: [110/354]	Time  0.017 ( 0.045)	Loss 1.3251e+00 (1.4131e+00)	Acc@1  40.62 ( 27.22)	Acc C1   0.00 (  0.30)	Acc C2  66.67 ( 59.35)	Acc C3   0.00 (  2.20)	Acc C4  81.82 ( 43.14)
Test: [220/354]	Time  0.016 ( 0.030)	Loss 1.6872e+00 (1.2744e+00)	Acc@1   0.00 ( 40.37)	Acc C1   0.00 (  0.40)	Acc C2  84.62 ( 49.31)	Acc C3   0.00 (  2.44)	Acc C4 100.00 ( 63.99)
Test: [330/354]	Time  0.018 ( 0.026)	Loss 1.0311e+00 (1.2696e+00)	Acc@1  59.38 ( 41.96)	Acc C1   0.00 (  0.81)	Acc C2  25.00 ( 53.98)	Acc C3   0.00 (  2.24)	Acc C4 100.00 ( 70.66)
 * Acc 40.696
classification report:
              precision    recall  f1-score   support

           0       0.13      0.01      0.02      1141
           1       0.23      0.52      0.32      2324
           2       0.56      0.03      0.05      3196
           3       0.56      0.71      0.63      4657

    accuracy                           0.41     11318
   macro avg       0.37      0.32      0.25     11318
weighted avg       0.45      0.41      0.34     11318

confusion matrix:
      t\p     0     1     2     3 
        0    10   688    17   426 
        1    25  1209    30  1060 
        2    20  2029    84  1063 
        3    24  1311    19  3303 
[W CudaIPCTypes.cpp:22] Producer process has been terminated before all shared CUDA tensors released. See Note [Sharing CUDA tensors]
Epoch: [8][  0/886]	Time  3.263 ( 3.263)	Data loading time  3.210 ( 3.210)	Loss 1.2549e+00 (1.2549e+00)	Acc@1  46.88 ( 46.88)
Epoch: [8][110/886]	Time  0.047 ( 0.076)	Data loading time  0.000 ( 0.029)	Loss 1.2951e+00 (1.3185e+00)	Acc@1  34.38 ( 38.29)
Epoch: [8][220/886]	Time  0.047 ( 0.062)	Data loading time  0.000 ( 0.015)	Loss 1.2931e+00 (1.3144e+00)	Acc@1  40.62 ( 37.94)
Epoch: [8][330/886]	Time  0.040 ( 0.055)	Data loading time  0.000 ( 0.010)	Loss 1.2823e+00 (1.3123e+00)	Acc@1  31.25 ( 38.03)
Epoch: [8][440/886]	Time  0.039 ( 0.051)	Data loading time  0.000 ( 0.007)	Loss 1.2854e+00 (1.3093e+00)	Acc@1  37.50 ( 38.44)
Epoch: [8][550/886]	Time  0.043 ( 0.049)	Data loading time  0.000 ( 0.006)	Loss 1.3561e+00 (1.3100e+00)	Acc@1  31.25 ( 38.38)
Epoch: [8][660/886]	Time  0.047 ( 0.048)	Data loading time  0.000 ( 0.005)	Loss 1.2889e+00 (1.3125e+00)	Acc@1  34.38 ( 38.10)
Epoch: [8][770/886]	Time  0.047 ( 0.048)	Data loading time  0.000 ( 0.004)	Loss 1.2747e+00 (1.3114e+00)	Acc@1  43.75 ( 38.25)
Epoch: [8][880/886]	Time  0.040 ( 0.048)	Data loading time  0.000 ( 0.004)	Loss 1.3638e+00 (1.3119e+00)	Acc@1  40.62 ( 38.28)
Validation:
[W CudaIPCTypes.cpp:22] Producer process has been terminated before all shared CUDA tensors released. See Note [Sharing CUDA tensors]
Validation: [  0/222]	Time  3.252 ( 3.252)	Loss 1.3239e+00 (1.3239e+00)	Acc@1  40.62 ( 40.62)	Acc C1   0.00 (  0.00)	Acc C2  83.33 ( 83.33)	Acc C3   0.00 (  0.00)	Acc C4  72.73 ( 72.73)
Validation: [110/222]	Time  0.016 ( 0.046)	Loss 1.3669e+00 (1.3138e+00)	Acc@1  37.50 ( 39.67)	Acc C1   0.00 (  0.00)	Acc C2  75.00 ( 63.82)	Acc C3   0.00 (  0.71)	Acc C4  75.00 ( 72.77)
Validation: [220/222]	Time  0.015 ( 0.031)	Loss 1.2748e+00 (1.3142e+00)	Acc@1  46.88 ( 39.51)	Acc C1   0.00 (  0.00)	Acc C2  75.00 ( 63.42)	Acc C3   0.00 (  0.53)	Acc C4  85.71 ( 72.16)
 * Acc 39.537
classification report:
              precision    recall  f1-score   support

           0       0.00      0.00      0.00      1287
           1       0.32      0.63      0.42      1967
           2       0.24      0.01      0.01      1691
           3       0.50      0.72      0.59      2142

    accuracy                           0.40      7087
   macro avg       0.26      0.34      0.26      7087
weighted avg       0.29      0.40      0.30      7087

confusion matrix:
      t\p     0     1     2     3 
        0     0   940    15   332 
        1     0  1247     7   713 
        2     1  1164     9   517 
        3     0   589     7  1546 
Test
[W CudaIPCTypes.cpp:22] Producer process has been terminated before all shared CUDA tensors released. See Note [Sharing CUDA tensors]
Test: [  0/354]	Time  3.202 ( 3.202)	Loss 1.6228e+00 (1.6228e+00)	Acc@1  18.75 ( 18.75)	Acc C1   0.00 (  0.00)	Acc C2   0.00 (  0.00)	Acc C3   0.00 (  0.00)	Acc C4  18.75 ( 18.75)
Test: [110/354]	Time  0.018 ( 0.046)	Loss 1.3572e+00 (1.4900e+00)	Acc@1  28.12 ( 22.92)	Acc C1   0.00 (  0.00)	Acc C2  50.00 ( 67.99)	Acc C3   0.00 (  0.70)	Acc C4  54.55 ( 34.30)
Test: [220/354]	Time  0.017 ( 0.032)	Loss 1.7037e+00 (1.3181e+00)	Acc@1   0.00 ( 38.43)	Acc C1   0.00 (  0.00)	Acc C2 100.00 ( 55.17)	Acc C3   0.00 (  0.58)	Acc C4 100.00 ( 58.80)
Test: [330/354]	Time  0.017 ( 0.027)	Loss 1.0871e+00 (1.2896e+00)	Acc@1  59.38 ( 40.83)	Acc C1   0.00 (  0.00)	Acc C2  25.00 ( 59.46)	Acc C3   0.00 (  0.63)	Acc C4 100.00 ( 66.60)
 * Acc 39.442
classification report:
              precision    recall  f1-score   support

           0       0.00      0.00      0.00      1141
           1       0.23      0.57      0.32      2324
           2       0.36      0.01      0.01      3196
           3       0.58      0.67      0.62      4657

    accuracy                           0.39     11318
   macro avg       0.29      0.31      0.24     11318
weighted avg       0.39      0.39      0.33     11318

confusion matrix:
      t\p     0     1     2     3 
        0     0   759     4   378 
        1     0  1329    14   981 
        2     0  2249    20   927 
        3     0  1525    17  3115 
[W CudaIPCTypes.cpp:22] Producer process has been terminated before all shared CUDA tensors released. See Note [Sharing CUDA tensors]
Epoch: [9][  0/886]	Time  3.250 ( 3.250)	Data loading time  3.206 ( 3.206)	Loss 1.3530e+00 (1.3530e+00)	Acc@1  34.38 ( 34.38)
Epoch: [9][110/886]	Time  0.040 ( 0.069)	Data loading time  0.000 ( 0.029)	Loss 1.2439e+00 (1.3098e+00)	Acc@1  40.62 ( 38.09)
Epoch: [9][220/886]	Time  0.040 ( 0.054)	Data loading time  0.000 ( 0.015)	Loss 1.3617e+00 (1.3116e+00)	Acc@1  28.12 ( 38.09)
Epoch: [9][330/886]	Time  0.039 ( 0.049)	Data loading time  0.000 ( 0.010)	Loss 1.4654e+00 (1.3074e+00)	Acc@1  37.50 ( 38.43)
Epoch: [9][440/886]	Time  0.039 ( 0.047)	Data loading time  0.000 ( 0.007)	Loss 1.4010e+00 (1.3036e+00)	Acc@1  28.12 ( 38.68)
Epoch: [9][550/886]	Time  0.040 ( 0.045)	Data loading time  0.000 ( 0.006)	Loss 1.3705e+00 (1.3024e+00)	Acc@1  40.62 ( 38.73)
Epoch: [9][660/886]	Time  0.039 ( 0.044)	Data loading time  0.000 ( 0.005)	Loss 1.3196e+00 (1.3050e+00)	Acc@1  43.75 ( 38.54)
Epoch: [9][770/886]	Time  0.040 ( 0.044)	Data loading time  0.000 ( 0.004)	Loss 1.2821e+00 (1.3046e+00)	Acc@1  50.00 ( 38.60)
Epoch: [9][880/886]	Time  0.039 ( 0.043)	Data loading time  0.000 ( 0.004)	Loss 1.3649e+00 (1.3046e+00)	Acc@1  31.25 ( 38.66)
Validation:
[W CudaIPCTypes.cpp:22] Producer process has been terminated before all shared CUDA tensors released. See Note [Sharing CUDA tensors]
Validation: [  0/222]	Time  3.241 ( 3.241)	Loss 1.3089e+00 (1.3089e+00)	Acc@1  34.38 ( 34.38)	Acc C1   0.00 (  0.00)	Acc C2  33.33 ( 33.33)	Acc C3   0.00 (  0.00)	Acc C4  81.82 ( 81.82)
Validation: [110/222]	Time  0.015 ( 0.045)	Loss 1.3875e+00 (1.3450e+00)	Acc@1  37.50 ( 36.94)	Acc C1   0.00 (  0.15)	Acc C2  50.00 ( 25.34)	Acc C3   0.00 (  3.33)	Acc C4  83.33 ( 95.68)
Validation: [220/222]	Time  0.015 ( 0.031)	Loss 1.1112e+00 (1.3471e+00)	Acc@1  46.88 ( 36.48)	Acc C1   0.00 (  0.08)	Acc C2  25.00 ( 24.54)	Acc C3   0.00 (  3.61)	Acc C4 100.00 ( 95.32)
 * Acc 36.461
classification report:
              precision    recall  f1-score   support

           0       1.00      0.00      0.00      1287
           1       0.33      0.24      0.28      1967
           2       0.45      0.04      0.07      1691
           3       0.37      0.95      0.53      2142

    accuracy                           0.36      7087
   macro avg       0.54      0.31      0.22      7087
weighted avg       0.49      0.36      0.26      7087

confusion matrix:
      t\p     0     1     2     3 
        0     1   367    48   871 
        1     0   481    24  1462 
        2     0   504    61  1126 
        3     0    97     4  2041 
Test
[W CudaIPCTypes.cpp:22] Producer process has been terminated before all shared CUDA tensors released. See Note [Sharing CUDA tensors]
Test: [  0/354]	Time  3.245 ( 3.245)	Loss 9.2380e-01 (9.2380e-01)	Acc@1  84.38 ( 84.38)	Acc C1   0.00 (  0.00)	Acc C2   0.00 (  0.00)	Acc C3   0.00 (  0.00)	Acc C4  84.38 ( 84.38)
Test: [110/354]	Time  0.017 ( 0.045)	Loss 1.3393e+00 (1.2595e+00)	Acc@1  34.38 ( 44.54)	Acc C1   0.00 (  0.00)	Acc C2  16.67 ( 28.06)	Acc C3   0.00 (  0.26)	Acc C4  90.91 ( 83.44)
Test: [220/354]	Time  0.015 ( 0.030)	Loss 1.8686e+00 (1.2066e+00)	Acc@1   0.00 ( 45.56)	Acc C1   0.00 (  0.00)	Acc C2  53.85 ( 13.81)	Acc C3   0.00 (  0.42)	Acc C4 100.00 ( 89.58)
Test: [330/354]	Time  0.017 ( 0.026)	Loss 1.0860e+00 (1.2523e+00)	Acc@1  56.25 ( 42.64)	Acc C1   0.00 (  0.00)	Acc C2   0.00 ( 17.09)	Acc C3   0.00 (  0.53)	Acc C4 100.00 ( 91.45)
 * Acc 41.244
classification report:
              precision    recall  f1-score   support

           0       0.00      0.00      0.00      1141
           1       0.19      0.16      0.18      2324
           2       0.53      0.01      0.01      3196
           3       0.46      0.92      0.61      4657

    accuracy                           0.41     11318
   macro avg       0.29      0.27      0.20     11318
weighted avg       0.38      0.41      0.29     11318

confusion matrix:
      t\p     0     1     2     3 
        0     0   272    10   859 
        1     0   378     4  1942 
        2     0   943    20  2233 
        3     0   383     4  4270 
[W CudaIPCTypes.cpp:22] Producer process has been terminated before all shared CUDA tensors released. See Note [Sharing CUDA tensors]
Epoch: [10][  0/886]	Time  3.260 ( 3.260)	Data loading time  3.216 ( 3.216)	Loss 1.3383e+00 (1.3383e+00)	Acc@1  34.38 ( 34.38)
Epoch: [10][110/886]	Time  0.040 ( 0.069)	Data loading time  0.000 ( 0.029)	Loss 1.4034e+00 (1.3028e+00)	Acc@1  28.12 ( 37.67)
Epoch: [10][220/886]	Time  0.040 ( 0.055)	Data loading time  0.000 ( 0.015)	Loss 1.3598e+00 (1.2967e+00)	Acc@1  28.12 ( 38.11)
Epoch: [10][330/886]	Time  0.040 ( 0.050)	Data loading time  0.000 ( 0.010)	Loss 1.3041e+00 (1.2943e+00)	Acc@1  31.25 ( 38.59)
Epoch: [10][440/886]	Time  0.040 ( 0.047)	Data loading time  0.000 ( 0.007)	Loss 1.3640e+00 (1.2964e+00)	Acc@1  25.00 ( 38.56)
Epoch: [10][550/886]	Time  0.043 ( 0.046)	Data loading time  0.000 ( 0.006)	Loss 1.1448e+00 (1.2932e+00)	Acc@1  56.25 ( 38.90)
Epoch: [10][660/886]	Time  0.043 ( 0.046)	Data loading time  0.000 ( 0.005)	Loss 1.3836e+00 (1.2923e+00)	Acc@1  31.25 ( 38.80)
Epoch: [10][770/886]	Time  0.040 ( 0.045)	Data loading time  0.000 ( 0.004)	Loss 1.3420e+00 (1.2908e+00)	Acc@1  25.00 ( 39.01)
Epoch: [10][880/886]	Time  0.040 ( 0.044)	Data loading time  0.000 ( 0.004)	Loss 1.2393e+00 (1.2905e+00)	Acc@1  46.88 ( 39.18)
Validation:
[W CudaIPCTypes.cpp:22] Producer process has been terminated before all shared CUDA tensors released. See Note [Sharing CUDA tensors]
Validation: [  0/222]	Time  3.245 ( 3.245)	Loss 1.2331e+00 (1.2331e+00)	Acc@1  50.00 ( 50.00)	Acc C1   0.00 (  0.00)	Acc C2   0.00 (  0.00)	Acc C3  66.67 ( 66.67)	Acc C4  90.91 ( 90.91)
Validation: [110/222]	Time  0.017 ( 0.045)	Loss 1.2911e+00 (1.3095e+00)	Acc@1  40.62 ( 38.20)	Acc C1   0.00 (  0.90)	Acc C2   0.00 (  0.10)	Acc C3  33.33 ( 38.33)	Acc C4  83.33 ( 94.57)
Validation: [220/222]	Time  0.014 ( 0.031)	Loss 1.0734e+00 (1.3116e+00)	Acc@1  59.38 ( 38.08)	Acc C1   0.00 (  0.93)	Acc C2   0.00 (  0.05)	Acc C3  62.50 ( 39.23)	Acc C4 100.00 ( 94.38)
 * Acc 38.056
classification report:
              precision    recall  f1-score   support

           0       0.80      0.01      0.02      1287
           1       0.25      0.00      0.00      1967
           2       0.36      0.39      0.37      1691
           3       0.39      0.94      0.55      2142

    accuracy                           0.38      7087
   macro avg       0.45      0.34      0.24      7087
weighted avg       0.42      0.38      0.26      7087

confusion matrix:
      t\p     0     1     2     3 
        0    12     3   477   795 
        1     1     1   596  1369 
        2     2     0   663  1026 
        3     0     0   121  2021 
Test
[W CudaIPCTypes.cpp:22] Producer process has been terminated before all shared CUDA tensors released. See Note [Sharing CUDA tensors]
Test: [  0/354]	Time  3.218 ( 3.218)	Loss 1.2420e+00 (1.2420e+00)	Acc@1  53.12 ( 53.12)	Acc C1   0.00 (  0.00)	Acc C2   0.00 (  0.00)	Acc C3   0.00 (  0.00)	Acc C4  53.12 ( 53.12)
Test: [110/354]	Time  0.017 ( 0.045)	Loss 1.2781e+00 (1.2562e+00)	Acc@1  37.50 ( 50.82)	Acc C1   0.00 (  0.00)	Acc C2   0.00 (  0.00)	Acc C3  20.00 ( 52.07)	Acc C4  90.91 ( 67.43)
Test: [220/354]	Time  0.017 ( 0.030)	Loss 1.5984e+00 (1.1941e+00)	Acc@1  15.62 ( 50.79)	Acc C1   0.00 (  0.00)	Acc C2   0.00 (  0.00)	Acc C3  26.32 ( 45.51)	Acc C4 100.00 ( 80.73)
Test: [330/354]	Time  0.015 ( 0.026)	Loss 1.1013e+00 (1.2214e+00)	Acc@1  56.25 ( 46.72)	Acc C1   0.00 (  0.12)	Acc C2   0.00 (  0.00)	Acc C3   0.00 ( 37.00)	Acc C4 100.00 ( 84.82)
 * Acc 45.706
classification report:
              precision    recall  f1-score   support

           0       0.33      0.00      0.00      1141
           1       0.00      0.00      0.00      2324
           2       0.43      0.38      0.40      3196
           3       0.47      0.85      0.60      4657

    accuracy                           0.46     11318
   macro avg       0.31      0.31      0.25     11318
weighted avg       0.35      0.46      0.36     11318

confusion matrix:
      t\p     0     1     2     3 
        0     1     0   393   747 
        1     0     0   530  1794 
        2     1     0  1201  1994 
        3     1     0   685  3971 
[W CudaIPCTypes.cpp:22] Producer process has been terminated before all shared CUDA tensors released. See Note [Sharing CUDA tensors]
Epoch: [11][  0/886]	Time  3.268 ( 3.268)	Data loading time  3.224 ( 3.224)	Loss 1.1756e+00 (1.1756e+00)	Acc@1  43.75 ( 43.75)
Epoch: [11][110/886]	Time  0.040 ( 0.069)	Data loading time  0.000 ( 0.029)	Loss 1.4070e+00 (1.2675e+00)	Acc@1  34.38 ( 40.62)
Epoch: [11][220/886]	Time  0.039 ( 0.054)	Data loading time  0.000 ( 0.015)	Loss 1.2448e+00 (1.2787e+00)	Acc@1  50.00 ( 40.19)
Epoch: [11][330/886]	Time  0.040 ( 0.050)	Data loading time  0.000 ( 0.010)	Loss 1.1932e+00 (1.2804e+00)	Acc@1  43.75 ( 40.04)
Epoch: [11][440/886]	Time  0.040 ( 0.047)	Data loading time  0.000 ( 0.008)	Loss 1.2965e+00 (1.2762e+00)	Acc@1  31.25 ( 40.30)
Epoch: [11][550/886]	Time  0.040 ( 0.046)	Data loading time  0.000 ( 0.006)	Loss 1.2321e+00 (1.2741e+00)	Acc@1  43.75 ( 40.39)
Epoch: [11][660/886]	Time  0.040 ( 0.045)	Data loading time  0.000 ( 0.005)	Loss 1.3091e+00 (1.2738e+00)	Acc@1  34.38 ( 40.39)
Epoch: [11][770/886]	Time  0.040 ( 0.044)	Data loading time  0.000 ( 0.004)	Loss 1.2666e+00 (1.2738e+00)	Acc@1  28.12 ( 40.38)
Epoch: [11][880/886]	Time  0.040 ( 0.044)	Data loading time  0.000 ( 0.004)	Loss 1.2997e+00 (1.2757e+00)	Acc@1  40.62 ( 40.24)
Validation:
[W CudaIPCTypes.cpp:22] Producer process has been terminated before all shared CUDA tensors released. See Note [Sharing CUDA tensors]
Validation: [  0/222]	Time  3.217 ( 3.217)	Loss 1.2480e+00 (1.2480e+00)	Acc@1  37.50 ( 37.50)	Acc C1   0.00 (  0.00)	Acc C2  50.00 ( 50.00)	Acc C3   0.00 (  0.00)	Acc C4  81.82 ( 81.82)
Validation: [110/222]	Time  0.017 ( 0.045)	Loss 1.3081e+00 (1.2756e+00)	Acc@1  34.38 ( 40.68)	Acc C1   0.00 (  0.00)	Acc C2  50.00 ( 43.27)	Acc C3   0.00 (  8.81)	Acc C4  75.00 ( 87.95)
Validation: [220/222]	Time  0.017 ( 0.031)	Loss 1.1160e+00 (1.2764e+00)	Acc@1  53.12 ( 40.37)	Acc C1   0.00 (  0.00)	Acc C2  50.00 ( 41.89)	Acc C3  12.50 ( 10.00)	Acc C4 100.00 ( 87.27)
 * Acc 40.370
classification report:
              precision    recall  f1-score   support

           0       0.00      0.00      0.00      1287
           1       0.34      0.42      0.37      1967
           2       0.47      0.10      0.16      1691
           3       0.44      0.87      0.58      2142

    accuracy                           0.40      7087
   macro avg       0.31      0.35      0.28      7087
weighted avg       0.34      0.40      0.32      7087

confusion matrix:
      t\p     0     1     2     3 
        0     0   636    93   558 
        1     0   823    85  1059 
        2     0   726   169   796 
        3     0   260    13  1869 
Test
[W CudaIPCTypes.cpp:22] Producer process has been terminated before all shared CUDA tensors released. See Note [Sharing CUDA tensors]
Test: [  0/354]	Time  3.197 ( 3.197)	Loss 1.3991e+00 (1.3991e+00)	Acc@1  25.00 ( 25.00)	Acc C1   0.00 (  0.00)	Acc C2   0.00 (  0.00)	Acc C3   0.00 (  0.00)	Acc C4  25.00 ( 25.00)
Test: [110/354]	Time  0.015 ( 0.045)	Loss 1.2798e+00 (1.3402e+00)	Acc@1  43.75 ( 28.43)	Acc C1   0.00 (  0.00)	Acc C2  66.67 ( 67.27)	Acc C3   0.00 (  0.26)	Acc C4  90.91 ( 45.58)
Test: [220/354]	Time  0.016 ( 0.031)	Loss 1.6626e+00 (1.1987e+00)	Acc@1   3.12 ( 40.23)	Acc C1   0.00 (  0.00)	Acc C2  53.85 ( 39.74)	Acc C3   5.26 (  1.12)	Acc C4 100.00 ( 68.15)
Test: [330/354]	Time  0.017 ( 0.026)	Loss 1.0190e+00 (1.2110e+00)	Acc@1  59.38 ( 40.40)	Acc C1   0.00 (  0.00)	Acc C2  25.00 ( 39.63)	Acc C3   0.00 (  1.16)	Acc C4 100.00 ( 74.84)
 * Acc 39.283
classification report:
              precision    recall  f1-score   support

           0       0.00      0.00      0.00      1141
           1       0.20      0.38      0.27      2324
           2       0.49      0.02      0.03      3196
           3       0.51      0.75      0.61      4657

    accuracy                           0.39     11318
   macro avg       0.30      0.29      0.23     11318
weighted avg       0.39      0.39      0.31     11318

confusion matrix:
      t\p     0     1     2     3 
        0     0   614    20   507 
        1     0   883    20  1421 
        2     0  1704    52  1440 
        3     0  1131    15  3511 
[W CudaIPCTypes.cpp:22] Producer process has been terminated before all shared CUDA tensors released. See Note [Sharing CUDA tensors]
Epoch: [12][  0/886]	Time  3.256 ( 3.256)	Data loading time  3.211 ( 3.211)	Loss 1.3561e+00 (1.3561e+00)	Acc@1  34.38 ( 34.38)
Epoch: [12][110/886]	Time  0.040 ( 0.069)	Data loading time  0.000 ( 0.029)	Loss 1.3024e+00 (1.2458e+00)	Acc@1  50.00 ( 43.64)
Epoch: [12][220/886]	Time  0.040 ( 0.055)	Data loading time  0.000 ( 0.015)	Loss 1.2624e+00 (1.2530e+00)	Acc@1  46.88 ( 42.69)
Epoch: [12][330/886]	Time  0.040 ( 0.050)	Data loading time  0.000 ( 0.010)	Loss 1.2924e+00 (1.2622e+00)	Acc@1  37.50 ( 41.77)
Epoch: [12][440/886]	Time  0.047 ( 0.049)	Data loading time  0.000 ( 0.007)	Loss 1.2495e+00 (1.2629e+00)	Acc@1  37.50 ( 41.40)
Epoch: [12][550/886]	Time  0.048 ( 0.048)	Data loading time  0.000 ( 0.006)	Loss 1.2111e+00 (1.2632e+00)	Acc@1  46.88 ( 40.84)
Epoch: [12][660/886]	Time  0.047 ( 0.048)	Data loading time  0.000 ( 0.005)	Loss 1.4144e+00 (1.2641e+00)	Acc@1  34.38 ( 40.77)
Epoch: [12][770/886]	Time  0.047 ( 0.048)	Data loading time  0.000 ( 0.004)	Loss 1.2328e+00 (1.2679e+00)	Acc@1  40.62 ( 40.42)
Epoch: [12][880/886]	Time  0.047 ( 0.048)	Data loading time  0.000 ( 0.004)	Loss 1.1712e+00 (1.2665e+00)	Acc@1  40.62 ( 40.61)
Validation:
[W CudaIPCTypes.cpp:22] Producer process has been terminated before all shared CUDA tensors released. See Note [Sharing CUDA tensors]
Validation: [  0/222]	Time  3.245 ( 3.245)	Loss 1.5586e+00 (1.5586e+00)	Acc@1  34.38 ( 34.38)	Acc C1   0.00 (  0.00)	Acc C2   0.00 (  0.00)	Acc C3   0.00 (  0.00)	Acc C4 100.00 (100.00)
Validation: [110/222]	Time  0.018 ( 0.047)	Loss 1.5403e+00 (1.6627e+00)	Acc@1  37.50 ( 31.98)	Acc C1   0.00 (  0.00)	Acc C2   0.00 (  4.17)	Acc C3   0.00 (  1.90)	Acc C4 100.00 ( 99.36)
Validation: [220/222]	Time  0.017 ( 0.033)	Loss 1.3484e+00 (1.6655e+00)	Acc@1  43.75 ( 31.63)	Acc C1   0.00 (  0.00)	Acc C2   0.00 (  4.23)	Acc C3   0.00 (  2.19)	Acc C4 100.00 ( 99.06)
 * Acc 31.621
classification report:
              precision    recall  f1-score   support

           0       0.00      0.00      0.00      1287
           1       0.27      0.04      0.07      1967
           2       0.56      0.02      0.04      1691
           3       0.32      0.99      0.48      2142

    accuracy                           0.32      7087
   macro avg       0.29      0.26      0.15      7087
weighted avg       0.30      0.32      0.18      7087

confusion matrix:
      t\p     0     1     2     3 
        0     0    78    18  1191 
        1     0    83     9  1875 
        2     0   126    37  1528 
        3     0    19     2  2121 
Test
[W CudaIPCTypes.cpp:22] Producer process has been terminated before all shared CUDA tensors released. See Note [Sharing CUDA tensors]
Test: [  0/354]	Time  3.217 ( 3.217)	Loss 4.8213e-01 (4.8213e-01)	Acc@1  96.88 ( 96.88)	Acc C1   0.00 (  0.00)	Acc C2   0.00 (  0.00)	Acc C3   0.00 (  0.00)	Acc C4  96.88 ( 96.88)
Test: [110/354]	Time  0.017 ( 0.046)	Loss 1.5870e+00 (1.2807e+00)	Acc@1  34.38 ( 48.96)	Acc C1   0.00 (  0.00)	Acc C2   0.00 (  3.96)	Acc C3   0.00 (  0.00)	Acc C4 100.00 ( 96.05)
Test: [220/354]	Time  0.015 ( 0.031)	Loss 2.4179e+00 (1.3076e+00)	Acc@1   0.00 ( 47.00)	Acc C1   0.00 (  0.00)	Acc C2  23.08 (  1.47)	Acc C3   0.00 (  0.00)	Acc C4 100.00 ( 97.55)
Test: [330/354]	Time  0.017 ( 0.026)	Loss 1.2776e+00 (1.4254e+00)	Acc@1  56.25 ( 42.19)	Acc C1   0.00 (  0.00)	Acc C2   0.00 (  1.87)	Acc C3   0.00 (  0.00)	Acc C4 100.00 ( 98.14)
 * Acc 40.767
classification report:
              precision    recall  f1-score   support

           0       0.00      0.00      0.00      1141
           1       0.15      0.02      0.03      2324
           2       0.00      0.00      0.00      3196
           3       0.41      0.98      0.58      4657

    accuracy                           0.41     11318
   macro avg       0.14      0.25      0.15     11318
weighted avg       0.20      0.41      0.25     11318

confusion matrix:
      t\p     0     1     2     3 
        0     0    28     0  1113 
        1     0    41     0  2283 
        2     0   119     0  3077 
        3     0    84     0  4573 
[W CudaIPCTypes.cpp:22] Producer process has been terminated before all shared CUDA tensors released. See Note [Sharing CUDA tensors]
Epoch: [13][  0/886]	Time  3.234 ( 3.234)	Data loading time  3.190 ( 3.190)	Loss 1.3896e+00 (1.3896e+00)	Acc@1  25.00 ( 25.00)
Epoch: [13][110/886]	Time  0.040 ( 0.069)	Data loading time  0.000 ( 0.029)	Loss 1.2113e+00 (1.2588e+00)	Acc@1  37.50 ( 40.57)
Epoch: [13][220/886]	Time  0.047 ( 0.056)	Data loading time  0.000 ( 0.015)	Loss 1.3234e+00 (1.2582e+00)	Acc@1  40.62 ( 40.78)
Epoch: [13][330/886]	Time  0.047 ( 0.053)	Data loading time  0.000 ( 0.010)	Loss 1.1417e+00 (1.2580e+00)	Acc@1  43.75 ( 40.90)
Epoch: [13][440/886]	Time  0.040 ( 0.051)	Data loading time  0.000 ( 0.007)	Loss 1.3448e+00 (1.2583e+00)	Acc@1  37.50 ( 40.87)
Epoch: [13][550/886]	Time  0.041 ( 0.049)	Data loading time  0.000 ( 0.006)	Loss 1.1402e+00 (1.2555e+00)	Acc@1  46.88 ( 41.20)
Epoch: [13][660/886]	Time  0.040 ( 0.047)	Data loading time  0.000 ( 0.005)	Loss 1.2916e+00 (1.2555e+00)	Acc@1  43.75 ( 41.32)
Epoch: [13][770/886]	Time  0.044 ( 0.047)	Data loading time  0.000 ( 0.004)	Loss 1.1959e+00 (1.2570e+00)	Acc@1  53.12 ( 41.36)
Epoch: [13][880/886]	Time  0.044 ( 0.046)	Data loading time  0.000 ( 0.004)	Loss 1.0917e+00 (1.2558e+00)	Acc@1  46.88 ( 41.36)
Validation:
[W CudaIPCTypes.cpp:22] Producer process has been terminated before all shared CUDA tensors released. See Note [Sharing CUDA tensors]
Validation: [  0/222]	Time  3.233 ( 3.233)	Loss 1.5302e+00 (1.5302e+00)	Acc@1  31.25 ( 31.25)	Acc C1   0.00 (  0.00)	Acc C2   0.00 (  0.00)	Acc C3 100.00 (100.00)	Acc C4   9.09 (  9.09)
Validation: [110/222]	Time  0.017 ( 0.046)	Loss 1.4572e+00 (1.4010e+00)	Acc@1  40.62 ( 28.29)	Acc C1   0.00 (  1.20)	Acc C2   0.00 (  0.63)	Acc C3 100.00 ( 97.02)	Acc C4  33.33 ( 16.19)
Validation: [220/222]	Time  0.015 ( 0.031)	Loss 1.5551e+00 (1.4033e+00)	Acc@1  28.12 ( 28.55)	Acc C1   0.00 (  0.93)	Acc C2  25.00 (  1.17)	Acc C3 100.00 ( 96.80)	Acc C4   0.00 ( 16.28)
 * Acc 28.517
classification report:
              precision    recall  f1-score   support

           0       0.40      0.01      0.02      1287
           1       0.32      0.01      0.02      1967
           2       0.25      0.97      0.40      1691
           3       0.77      0.16      0.27      2142

    accuracy                           0.29      7087
   macro avg       0.43      0.29      0.18      7087
weighted avg       0.45      0.29      0.19      7087

confusion matrix:
      t\p     0     1     2     3 
        0    12    15  1243    17 
        1     3    23  1885    56 
        2     7    13  1637    34 
        3     8    22  1763   349 
Test
[W CudaIPCTypes.cpp:22] Producer process has been terminated before all shared CUDA tensors released. See Note [Sharing CUDA tensors]
Test: [  0/354]	Time  3.231 ( 3.231)	Loss 2.6967e+00 (2.6967e+00)	Acc@1   0.00 (  0.00)	Acc C1   0.00 (  0.00)	Acc C2   0.00 (  0.00)	Acc C3   0.00 (  0.00)	Acc C4   0.00 (  0.00)
Test: [110/354]	Time  0.016 ( 0.045)	Loss 1.4504e+00 (1.7864e+00)	Acc@1  34.38 ( 32.94)	Acc C1   0.00 (  0.30)	Acc C2   0.00 (  0.36)	Acc C3 100.00 ( 97.71)	Acc C4   9.09 (  3.17)
Test: [220/354]	Time  0.015 ( 0.031)	Loss 1.1514e+00 (1.5563e+00)	Acc@1  56.25 ( 35.69)	Acc C1   0.00 (  0.20)	Acc C2  15.38 (  2.08)	Acc C3  94.74 ( 97.82)	Acc C4 100.00 ( 19.30)
Test: [330/354]	Time  0.016 ( 0.026)	Loss 1.0652e+00 (1.4306e+00)	Acc@1  50.00 ( 40.41)	Acc C1   0.00 (  0.12)	Acc C2   0.00 (  1.97)	Acc C3 100.00 ( 96.86)	Acc C4  77.78 ( 28.83)
 * Acc 39.521
classification report:
              precision    recall  f1-score   support

           0       0.03      0.00      0.00      1141
           1       0.26      0.02      0.04      2324
           2       0.32      0.97      0.48      3196
           3       0.90      0.29      0.43      4657

    accuracy                           0.40     11318
   macro avg       0.38      0.32      0.24     11318
weighted avg       0.52      0.40      0.32     11318

confusion matrix:
      t\p     0     1     2     3 
        0     1    19  1100    21 
        1     7    46  2180    91 
        2    15    42  3097    42 
        3    12    68  3248  1329 
[W CudaIPCTypes.cpp:22] Producer process has been terminated before all shared CUDA tensors released. See Note [Sharing CUDA tensors]
Epoch: [14][  0/886]	Time  3.308 ( 3.308)	Data loading time  3.260 ( 3.260)	Loss 1.1389e+00 (1.1389e+00)	Acc@1  40.62 ( 40.62)
Epoch: [14][110/886]	Time  0.044 ( 0.073)	Data loading time  0.000 ( 0.030)	Loss 1.4624e+00 (1.2652e+00)	Acc@1  25.00 ( 40.93)
Epoch: [14][220/886]	Time  0.040 ( 0.058)	Data loading time  0.000 ( 0.015)	Loss 1.4212e+00 (1.2671e+00)	Acc@1  31.25 ( 40.54)
Epoch: [14][330/886]	Time  0.040 ( 0.052)	Data loading time  0.000 ( 0.010)	Loss 1.3085e+00 (1.2605e+00)	Acc@1  46.88 ( 41.37)
Epoch: [14][440/886]	Time  0.040 ( 0.049)	Data loading time  0.000 ( 0.008)	Loss 1.2264e+00 (1.2569e+00)	Acc@1  40.62 ( 41.43)
Epoch: [14][550/886]	Time  0.040 ( 0.047)	Data loading time  0.000 ( 0.006)	Loss 1.2278e+00 (1.2555e+00)	Acc@1  43.75 ( 41.57)
Epoch: [14][660/886]	Time  0.040 ( 0.046)	Data loading time  0.000 ( 0.005)	Loss 1.3126e+00 (1.2547e+00)	Acc@1  37.50 ( 41.39)
Epoch: [14][770/886]	Time  0.040 ( 0.045)	Data loading time  0.000 ( 0.004)	Loss 1.3434e+00 (1.2552e+00)	Acc@1  31.25 ( 41.46)
Epoch: [14][880/886]	Time  0.039 ( 0.044)	Data loading time  0.000 ( 0.004)	Loss 1.3171e+00 (1.2550e+00)	Acc@1  46.88 ( 41.47)
Validation:
[W CudaIPCTypes.cpp:22] Producer process has been terminated before all shared CUDA tensors released. See Note [Sharing CUDA tensors]
Validation: [  0/222]	Time  3.282 ( 3.282)	Loss 1.2589e+00 (1.2589e+00)	Acc@1  43.75 ( 43.75)	Acc C1   0.00 (  0.00)	Acc C2  66.67 ( 66.67)	Acc C3   0.00 (  0.00)	Acc C4  90.91 ( 90.91)
Validation: [110/222]	Time  0.017 ( 0.046)	Loss 1.2487e+00 (1.3102e+00)	Acc@1  37.50 ( 39.44)	Acc C1   0.00 (  0.00)	Acc C2  25.00 ( 33.47)	Acc C3   0.00 (  7.02)	Acc C4  91.67 ( 93.93)
Validation: [220/222]	Time  0.014 ( 0.031)	Loss 1.1118e+00 (1.3167e+00)	Acc@1  46.88 ( 39.23)	Acc C1   0.00 (  0.00)	Acc C2  50.00 ( 32.96)	Acc C3   0.00 (  7.22)	Acc C4  92.86 ( 93.87)
 * Acc 39.227
classification report:
              precision    recall  f1-score   support

           0       0.00      0.00      0.00      1287
           1       0.34      0.33      0.34      1967
           2       0.48      0.07      0.13      1691
           3       0.41      0.94      0.57      2142

    accuracy                           0.39      7087
   macro avg       0.31      0.33      0.26      7087
weighted avg       0.33      0.39      0.29      7087

confusion matrix:
      t\p     0     1     2     3 
        0     0   495    70   722 
        1     0   648    52  1267 
        2     0   626   122   943 
        3     0   122    10  2010 
Test
[W CudaIPCTypes.cpp:22] Producer process has been terminated before all shared CUDA tensors released. See Note [Sharing CUDA tensors]
Test: [  0/354]	Time  3.184 ( 3.184)	Loss 1.0819e+00 (1.0819e+00)	Acc@1  59.38 ( 59.38)	Acc C1   0.00 (  0.00)	Acc C2   0.00 (  0.00)	Acc C3   0.00 (  0.00)	Acc C4  59.38 ( 59.38)
Test: [110/354]	Time  0.017 ( 0.045)	Loss 1.3066e+00 (1.3367e+00)	Acc@1  37.50 ( 36.09)	Acc C1   0.00 (  0.00)	Acc C2  16.67 ( 52.16)	Acc C3   0.00 (  0.00)	Acc C4 100.00 ( 63.20)
Test: [220/354]	Time  0.015 ( 0.030)	Loss 1.9608e+00 (1.2206e+00)	Acc@1   0.00 ( 41.11)	Acc C1   0.00 (  0.00)	Acc C2  53.85 ( 19.14)	Acc C3   0.00 (  0.05)	Acc C4 100.00 ( 78.45)
Test: [330/354]	Time  0.017 ( 0.025)	Loss 1.0709e+00 (1.2653e+00)	Acc@1  56.25 ( 39.79)	Acc C1   0.00 (  0.00)	Acc C2   0.00 ( 21.30)	Acc C3   0.00 (  0.10)	Acc C4 100.00 ( 83.02)
 * Acc 38.646
classification report:
              precision    recall  f1-score   support

           0       0.00      0.00      0.00      1141
           1       0.18      0.20      0.19      2324
           2       0.52      0.00      0.01      3196
           3       0.45      0.83      0.58      4657

    accuracy                           0.39     11318
   macro avg       0.29      0.26      0.20     11318
weighted avg       0.37      0.39      0.28     11318

confusion matrix:
      t\p     0     1     2     3 
        0     0   398     3   740 
        1     0   476     0  1848 
        2     0   983    12  2201 
        3     0   763     8  3886 
[W CudaIPCTypes.cpp:22] Producer process has been terminated before all shared CUDA tensors released. See Note [Sharing CUDA tensors]
Epoch: [15][  0/886]	Time  3.288 ( 3.288)	Data loading time  3.243 ( 3.243)	Loss 1.1062e+00 (1.1062e+00)	Acc@1  50.00 ( 50.00)
Epoch: [15][110/886]	Time  0.047 ( 0.074)	Data loading time  0.000 ( 0.029)	Loss 1.1800e+00 (1.2393e+00)	Acc@1  46.88 ( 43.10)
Epoch: [15][220/886]	Time  0.047 ( 0.061)	Data loading time  0.000 ( 0.015)	Loss 1.1857e+00 (1.2478e+00)	Acc@1  46.88 ( 42.46)
Epoch: [15][330/886]	Time  0.040 ( 0.056)	Data loading time  0.000 ( 0.010)	Loss 1.2434e+00 (1.2470e+00)	Acc@1  34.38 ( 41.98)
Epoch: [15][440/886]	Time  0.040 ( 0.052)	Data loading time  0.000 ( 0.008)	Loss 1.2412e+00 (1.2506e+00)	Acc@1  37.50 ( 42.03)
Epoch: [15][550/886]	Time  0.048 ( 0.049)	Data loading time  0.000 ( 0.006)	Loss 1.2918e+00 (1.2494e+00)	Acc@1  40.62 ( 41.93)
Epoch: [15][660/886]	Time  0.047 ( 0.049)	Data loading time  0.000 ( 0.005)	Loss 1.3101e+00 (1.2470e+00)	Acc@1  25.00 ( 42.12)
Epoch: [15][770/886]	Time  0.040 ( 0.049)	Data loading time  0.000 ( 0.004)	Loss 1.2490e+00 (1.2463e+00)	Acc@1  50.00 ( 42.23)
Epoch: [15][880/886]	Time  0.040 ( 0.048)	Data loading time  0.000 ( 0.004)	Loss 1.0954e+00 (1.2459e+00)	Acc@1  40.62 ( 42.20)
Validation:
[W CudaIPCTypes.cpp:22] Producer process has been terminated before all shared CUDA tensors released. See Note [Sharing CUDA tensors]
Validation: [  0/222]	Time  3.248 ( 3.248)	Loss 1.6014e+00 (1.6014e+00)	Acc@1  31.25 ( 31.25)	Acc C1   0.00 (  0.00)	Acc C2   0.00 (  0.00)	Acc C3   0.00 (  0.00)	Acc C4  90.91 ( 90.91)
Validation: [110/222]	Time  0.016 ( 0.046)	Loss 1.6287e+00 (1.6660e+00)	Acc@1  40.62 ( 32.15)	Acc C1   0.00 (  0.00)	Acc C2  25.00 (  2.09)	Acc C3   0.00 (  5.60)	Acc C4 100.00 ( 98.90)
Validation: [220/222]	Time  0.015 ( 0.031)	Loss 1.4204e+00 (1.6688e+00)	Acc@1  43.75 ( 31.84)	Acc C1   0.00 (  0.00)	Acc C2   0.00 (  1.99)	Acc C3   0.00 (  6.33)	Acc C4 100.00 ( 98.55)
 * Acc 31.833
classification report:
              precision    recall  f1-score   support

           0       0.00      0.00      0.00      1287
           1       0.22      0.02      0.04      1967
           2       0.50      0.06      0.11      1691
           3       0.32      0.99      0.48      2142

    accuracy                           0.32      7087
   macro avg       0.26      0.27      0.16      7087
weighted avg       0.28      0.32      0.18      7087

confusion matrix:
      t\p     0     1     2     3 
        0     0    51    58  1178 
        1     0    39    39  1889 
        2     0    67   107  1517 
        3     0    23     9  2110 
Test
[W CudaIPCTypes.cpp:22] Producer process has been terminated before all shared CUDA tensors released. See Note [Sharing CUDA tensors]
Test: [  0/354]	Time  3.216 ( 3.216)	Loss 5.3317e-01 (5.3317e-01)	Acc@1  96.88 ( 96.88)	Acc C1   0.00 (  0.00)	Acc C2   0.00 (  0.00)	Acc C3   0.00 (  0.00)	Acc C4  96.88 ( 96.88)
Test: [110/354]	Time  0.017 ( 0.045)	Loss 1.5051e+00 (1.3817e+00)	Acc@1  34.38 ( 45.83)	Acc C1   0.00 (  0.30)	Acc C2   0.00 (  7.55)	Acc C3   0.00 (  0.00)	Acc C4 100.00 ( 89.27)
Test: [220/354]	Time  0.016 ( 0.030)	Loss 2.6818e+00 (1.3498e+00)	Acc@1   0.00 ( 45.26)	Acc C1   0.00 (  0.20)	Acc C2   0.00 (  1.62)	Acc C3   0.00 (  0.00)	Acc C4 100.00 ( 93.83)
Test: [330/354]	Time  0.017 ( 0.026)	Loss 1.3066e+00 (1.4681e+00)	Acc@1  56.25 ( 40.84)	Acc C1   0.00 (  0.12)	Acc C2   0.00 (  1.23)	Acc C3   0.00 (  0.03)	Acc C4 100.00 ( 95.23)
 * Acc 39.548
classification report:
              precision    recall  f1-score   support

           0       0.50      0.00      0.00      1141
           1       0.09      0.01      0.02      2324
           2       0.11      0.00      0.00      3196
           3       0.40      0.95      0.57      4657

    accuracy                           0.40     11318
   macro avg       0.28      0.24      0.15     11318
weighted avg       0.27      0.40      0.24     11318

confusion matrix:
      t\p     0     1     2     3 
        0     1    32     6  1102 
        1     0    27     3  2294 
        2     0    56     6  3134 
        3     1   174    40  4442 
[W CudaIPCTypes.cpp:22] Producer process has been terminated before all shared CUDA tensors released. See Note [Sharing CUDA tensors]
Epoch: [16][  0/886]	Time  3.222 ( 3.222)	Data loading time  3.178 ( 3.178)	Loss 1.3106e+00 (1.3106e+00)	Acc@1  40.62 ( 40.62)
Epoch: [16][110/886]	Time  0.040 ( 0.069)	Data loading time  0.000 ( 0.029)	Loss 1.3107e+00 (1.2491e+00)	Acc@1  43.75 ( 41.24)
Epoch: [16][220/886]	Time  0.040 ( 0.054)	Data loading time  0.000 ( 0.015)	Loss 1.2657e+00 (1.2468e+00)	Acc@1  46.88 ( 41.46)
Epoch: [16][330/886]	Time  0.040 ( 0.049)	Data loading time  0.000 ( 0.010)	Loss 1.2790e+00 (1.2454e+00)	Acc@1  37.50 ( 41.95)
Epoch: [16][440/886]	Time  0.040 ( 0.047)	Data loading time  0.000 ( 0.007)	Loss 1.2503e+00 (1.2476e+00)	Acc@1  34.38 ( 41.54)
Epoch: [16][550/886]	Time  0.040 ( 0.046)	Data loading time  0.000 ( 0.006)	Loss 1.2286e+00 (1.2485e+00)	Acc@1  43.75 ( 41.65)
Epoch: [16][660/886]	Time  0.040 ( 0.045)	Data loading time  0.000 ( 0.005)	Loss 1.1655e+00 (1.2470e+00)	Acc@1  40.62 ( 41.84)
Epoch: [16][770/886]	Time  0.040 ( 0.044)	Data loading time  0.000 ( 0.004)	Loss 1.3460e+00 (1.2471e+00)	Acc@1  31.25 ( 42.09)
Epoch: [16][880/886]	Time  0.040 ( 0.044)	Data loading time  0.000 ( 0.004)	Loss 1.3299e+00 (1.2445e+00)	Acc@1  50.00 ( 42.25)
Validation:
[W CudaIPCTypes.cpp:22] Producer process has been terminated before all shared CUDA tensors released. See Note [Sharing CUDA tensors]
Validation: [  0/222]	Time  3.224 ( 3.224)	Loss 1.2583e+00 (1.2583e+00)	Acc@1  34.38 ( 34.38)	Acc C1   0.00 (  0.00)	Acc C2   0.00 (  0.00)	Acc C3  11.11 ( 11.11)	Acc C4  90.91 ( 90.91)
Validation: [110/222]	Time  0.017 ( 0.045)	Loss 1.2394e+00 (1.3229e+00)	Acc@1  40.62 ( 38.40)	Acc C1   0.00 (  0.45)	Acc C2  25.00 ( 24.19)	Acc C3  11.11 ( 12.50)	Acc C4  91.67 ( 94.20)
Validation: [220/222]	Time  0.015 ( 0.031)	Loss 1.0767e+00 (1.3278e+00)	Acc@1  43.75 ( 38.45)	Acc C1   0.00 (  0.31)	Acc C2   0.00 ( 22.91)	Acc C3   0.00 ( 14.67)	Acc C4 100.00 ( 94.43)
 * Acc 38.437
classification report:
              precision    recall  f1-score   support

           0       0.40      0.00      0.01      1287
           1       0.36      0.23      0.28      1967
           2       0.40      0.15      0.21      1691
           3       0.39      0.94      0.55      2142

    accuracy                           0.38      7087
   macro avg       0.39      0.33      0.26      7087
weighted avg       0.38      0.38      0.30      7087

confusion matrix:
      t\p     0     1     2     3 
        0     4   306   171   806 
        1     0   450   185  1332 
        2     6   399   248  1038 
        3     0   103    17  2022 
Test
[W CudaIPCTypes.cpp:22] Producer process has been terminated before all shared CUDA tensors released. See Note [Sharing CUDA tensors]
Test: [  0/354]	Time  3.201 ( 3.201)	Loss 1.2658e+00 (1.2658e+00)	Acc@1  56.25 ( 56.25)	Acc C1   0.00 (  0.00)	Acc C2   0.00 (  0.00)	Acc C3   0.00 (  0.00)	Acc C4  56.25 ( 56.25)
Test: [110/354]	Time  0.017 ( 0.045)	Loss 1.2509e+00 (1.3441e+00)	Acc@1  40.62 ( 36.82)	Acc C1   0.00 (  0.30)	Acc C2  33.33 ( 47.12)	Acc C3   0.00 (  7.74)	Acc C4 100.00 ( 60.48)
Test: [220/354]	Time  0.015 ( 0.030)	Loss 1.9898e+00 (1.2278e+00)	Acc@1   6.25 ( 41.53)	Acc C1   0.00 (  0.20)	Acc C2  30.77 ( 14.43)	Acc C3  10.53 (  6.90)	Acc C4 100.00 ( 77.30)
Test: [330/354]	Time  0.016 ( 0.026)	Loss 1.1367e+00 (1.2670e+00)	Acc@1  59.38 ( 39.99)	Acc C1   0.00 (  0.12)	Acc C2  25.00 ( 16.45)	Acc C3   0.00 (  5.41)	Acc C4 100.00 ( 82.25)
 * Acc 38.858
classification report:
              precision    recall  f1-score   support

           0       0.10      0.00      0.00      1141
           1       0.17      0.16      0.16      2324
           2       0.41      0.06      0.10      3196
           3       0.44      0.83      0.58      4657

    accuracy                           0.39     11318
   macro avg       0.28      0.26      0.21     11318
weighted avg       0.34      0.39      0.30     11318

confusion matrix:
      t\p     0     1     2     3 
        0     1   305    75   760 
        1     1   367    84  1872 
        2     1   776   178  2241 
        3     7   701    97  3852 
[W CudaIPCTypes.cpp:22] Producer process has been terminated before all shared CUDA tensors released. See Note [Sharing CUDA tensors]
Epoch: [17][  0/886]	Time  3.227 ( 3.227)	Data loading time  3.182 ( 3.182)	Loss 1.3878e+00 (1.3878e+00)	Acc@1  34.38 ( 34.38)
Epoch: [17][110/886]	Time  0.040 ( 0.069)	Data loading time  0.000 ( 0.029)	Loss 1.3578e+00 (1.2571e+00)	Acc@1  37.50 ( 41.92)
Epoch: [17][220/886]	Time  0.040 ( 0.055)	Data loading time  0.000 ( 0.015)	Loss 1.2257e+00 (1.2428e+00)	Acc@1  34.38 ( 42.21)
Epoch: [17][330/886]	Time  0.040 ( 0.050)	Data loading time  0.000 ( 0.010)	Loss 1.2016e+00 (1.2426e+00)	Acc@1  37.50 ( 41.90)
Epoch: [17][440/886]	Time  0.040 ( 0.047)	Data loading time  0.000 ( 0.007)	Loss 1.1737e+00 (1.2404e+00)	Acc@1  50.00 ( 42.02)
Epoch: [17][550/886]	Time  0.040 ( 0.046)	Data loading time  0.000 ( 0.006)	Loss 1.2557e+00 (1.2381e+00)	Acc@1  40.62 ( 42.35)
Epoch: [17][660/886]	Time  0.040 ( 0.045)	Data loading time  0.000 ( 0.005)	Loss 1.2977e+00 (1.2379e+00)	Acc@1  37.50 ( 42.44)
Epoch: [17][770/886]	Time  0.041 ( 0.044)	Data loading time  0.000 ( 0.004)	Loss 1.2994e+00 (1.2375e+00)	Acc@1  34.38 ( 42.38)
Epoch: [17][880/886]	Time  0.040 ( 0.044)	Data loading time  0.000 ( 0.004)	Loss 1.1544e+00 (1.2374e+00)	Acc@1  62.50 ( 42.41)
Validation:
[W CudaIPCTypes.cpp:22] Producer process has been terminated before all shared CUDA tensors released. See Note [Sharing CUDA tensors]
Validation: [  0/222]	Time  3.229 ( 3.229)	Loss 1.2866e+00 (1.2866e+00)	Acc@1  37.50 ( 37.50)	Acc C1   0.00 (  0.00)	Acc C2  83.33 ( 83.33)	Acc C3  11.11 ( 11.11)	Acc C4  54.55 ( 54.55)
Validation: [110/222]	Time  0.015 ( 0.045)	Loss 1.2568e+00 (1.2140e+00)	Acc@1  31.25 ( 43.86)	Acc C1   0.00 (  0.00)	Acc C2  50.00 ( 77.48)	Acc C3   0.00 (  6.79)	Acc C4  66.67 ( 69.73)
Validation: [220/222]	Time  0.015 ( 0.031)	Loss 1.1608e+00 (1.2225e+00)	Acc@1  40.62 ( 43.55)	Acc C1   0.00 (  0.00)	Acc C2 100.00 ( 75.51)	Acc C3   0.00 (  7.34)	Acc C4  64.29 ( 69.07)
 * Acc 43.601
classification report:
              precision    recall  f1-score   support

           0       0.00      0.00      0.00      1287
           1       0.33      0.76      0.46      1967
           2       0.51      0.07      0.13      1691
           3       0.63      0.69      0.66      2142

    accuracy                           0.44      7087
   macro avg       0.37      0.38      0.31      7087
weighted avg       0.40      0.44      0.36      7087

confusion matrix:
      t\p     0     1     2     3 
        0     0  1086    69   132 
        1     0  1486    38   443 
        2     0  1274   124   293 
        3     0   649    13  1480 
Test
[W CudaIPCTypes.cpp:22] Producer process has been terminated before all shared CUDA tensors released. See Note [Sharing CUDA tensors]
Test: [  0/354]	Time  3.201 ( 3.201)	Loss 1.9601e+00 (1.9601e+00)	Acc@1   3.12 (  3.12)	Acc C1   0.00 (  0.00)	Acc C2   0.00 (  0.00)	Acc C3   0.00 (  0.00)	Acc C4   3.12 (  3.12)
Test: [110/354]	Time  0.017 ( 0.045)	Loss 1.4237e+00 (1.6408e+00)	Acc@1  21.88 ( 12.73)	Acc C1   0.00 (  0.00)	Acc C2  83.33 ( 98.92)	Acc C3   0.00 (  0.26)	Acc C4  18.18 (  9.67)
Test: [220/354]	Time  0.016 ( 0.031)	Loss 1.4965e+00 (1.3555e+00)	Acc@1   0.00 ( 34.52)	Acc C1   0.00 (  0.00)	Acc C2  92.31 ( 69.14)	Acc C3   0.00 (  0.37)	Acc C4 100.00 ( 45.40)
Test: [330/354]	Time  0.017 ( 0.026)	Loss 8.0592e-01 (1.2894e+00)	Acc@1  59.38 ( 38.81)	Acc C1   0.00 (  0.00)	Acc C2  25.00 ( 71.76)	Acc C3   0.00 (  0.50)	Acc C4 100.00 ( 55.98)
 * Acc 37.975
classification report:
              precision    recall  f1-score   support

           0       0.00      0.00      0.00      1141
           1       0.23      0.71      0.34      2324
           2       0.35      0.01      0.01      3196
           3       0.66      0.56      0.61      4657

    accuracy                           0.38     11318
   macro avg       0.31      0.32      0.24     11318
weighted avg       0.42      0.38      0.32     11318

confusion matrix:
      t\p     0     1     2     3 
        0     0   979     2   160 
        1     0  1652     9   663 
        2     0  2659    20   517 
        3     2  2003    26  2626 
[W CudaIPCTypes.cpp:22] Producer process has been terminated before all shared CUDA tensors released. See Note [Sharing CUDA tensors]
Epoch: [18][  0/886]	Time  3.231 ( 3.231)	Data loading time  3.186 ( 3.186)	Loss 1.3487e+00 (1.3487e+00)	Acc@1  40.62 ( 40.62)
Epoch: [18][110/886]	Time  0.040 ( 0.069)	Data loading time  0.000 ( 0.029)	Loss 1.2365e+00 (1.2378e+00)	Acc@1  43.75 ( 42.09)
Epoch: [18][220/886]	Time  0.040 ( 0.054)	Data loading time  0.000 ( 0.015)	Loss 1.1617e+00 (1.2357e+00)	Acc@1  37.50 ( 42.85)
Epoch: [18][330/886]	Time  0.040 ( 0.050)	Data loading time  0.000 ( 0.010)	Loss 1.2063e+00 (1.2350e+00)	Acc@1  53.12 ( 42.94)
Epoch: [18][440/886]	Time  0.040 ( 0.047)	Data loading time  0.000 ( 0.007)	Loss 1.2725e+00 (1.2352e+00)	Acc@1  50.00 ( 42.97)
Epoch: [18][550/886]	Time  0.040 ( 0.046)	Data loading time  0.000 ( 0.006)	Loss 1.3511e+00 (1.2341e+00)	Acc@1  34.38 ( 42.84)
Epoch: [18][660/886]	Time  0.040 ( 0.045)	Data loading time  0.000 ( 0.005)	Loss 1.4664e+00 (1.2334e+00)	Acc@1  40.62 ( 43.12)
Epoch: [18][770/886]	Time  0.040 ( 0.044)	Data loading time  0.000 ( 0.004)	Loss 1.1573e+00 (1.2335e+00)	Acc@1  40.62 ( 43.27)
Epoch: [18][880/886]	Time  0.040 ( 0.043)	Data loading time  0.000 ( 0.004)	Loss 1.1846e+00 (1.2329e+00)	Acc@1  40.62 ( 43.18)
Validation:
[W CudaIPCTypes.cpp:22] Producer process has been terminated before all shared CUDA tensors released. See Note [Sharing CUDA tensors]
Validation: [  0/222]	Time  3.220 ( 3.220)	Loss 1.1688e+00 (1.1688e+00)	Acc@1  46.88 ( 46.88)	Acc C1   0.00 (  0.00)	Acc C2  16.67 ( 16.67)	Acc C3  66.67 ( 66.67)	Acc C4  72.73 ( 72.73)
Validation: [110/222]	Time  0.017 ( 0.045)	Loss 1.1240e+00 (1.2027e+00)	Acc@1  50.00 ( 43.67)	Acc C1   0.00 (  0.00)	Acc C2   0.00 ( 12.30)	Acc C3  55.56 ( 53.57)	Acc C4  91.67 ( 90.43)
Validation: [220/222]	Time  0.015 ( 0.031)	Loss 1.0409e+00 (1.2129e+00)	Acc@1  53.12 ( 43.28)	Acc C1   0.00 (  0.00)	Acc C2  25.00 ( 12.81)	Acc C3  50.00 ( 53.02)	Acc C4  85.71 ( 89.56)
 * Acc 43.248
classification report:
              precision    recall  f1-score   support

           0       0.00      0.00      0.00      1287
           1       0.41      0.13      0.19      1967
           2       0.35      0.53      0.42      1691
           3       0.49      0.90      0.63      2142

    accuracy                           0.43      7087
   macro avg       0.31      0.39      0.31      7087
weighted avg       0.34      0.43      0.35      7087

confusion matrix:
      t\p     0     1     2     3 
        0     0   166   674   447 
        1     0   251   812   904 
        2     0   157   896   638 
        3     0    44   180  1918 
Test
[W CudaIPCTypes.cpp:22] Producer process has been terminated before all shared CUDA tensors released. See Note [Sharing CUDA tensors]
Test: [  0/354]	Time  3.253 ( 3.253)	Loss 1.5991e+00 (1.5991e+00)	Acc@1  15.62 ( 15.62)	Acc C1   0.00 (  0.00)	Acc C2   0.00 (  0.00)	Acc C3   0.00 (  0.00)	Acc C4  15.62 ( 15.62)
Test: [110/354]	Time  0.016 ( 0.045)	Loss 1.2064e+00 (1.3883e+00)	Acc@1  46.88 ( 39.19)	Acc C1   0.00 (  0.00)	Acc C2   0.00 ( 23.38)	Acc C3  60.00 ( 51.28)	Acc C4  81.82 ( 41.36)
Test: [220/354]	Time  0.015 ( 0.031)	Loss 1.6727e+00 (1.2124e+00)	Acc@1  15.62 ( 45.90)	Acc C1   0.00 (  0.00)	Acc C2  23.08 (  9.65)	Acc C3  26.32 ( 48.06)	Acc C4 100.00 ( 65.41)
Test: [330/354]	Time  0.017 ( 0.026)	Loss 9.5011e-01 (1.2165e+00)	Acc@1  59.38 ( 45.08)	Acc C1   0.00 (  0.00)	Acc C2  25.00 ( 11.11)	Acc C3   0.00 ( 41.19)	Acc C4 100.00 ( 72.78)
 * Acc 44.071
classification report:
              precision    recall  f1-score   support

           0       0.00      0.00      0.00      1141
           1       0.21      0.11      0.14      2324
           2       0.39      0.42      0.40      3196
           3       0.51      0.73      0.60      4657

    accuracy                           0.44     11318
   macro avg       0.28      0.31      0.29     11318
weighted avg       0.36      0.44      0.39     11318

confusion matrix:
      t\p     0     1     2     3 
        0     0   186   512   443 
        1     0   246   695  1383 
        2     0   424  1332  1440 
        3     1   343   903  3410 
[W CudaIPCTypes.cpp:22] Producer process has been terminated before all shared CUDA tensors released. See Note [Sharing CUDA tensors]
Epoch: [19][  0/886]	Time  3.243 ( 3.243)	Data loading time  3.198 ( 3.198)	Loss 1.4162e+00 (1.4162e+00)	Acc@1  28.12 ( 28.12)
Epoch: [19][110/886]	Time  0.040 ( 0.069)	Data loading time  0.000 ( 0.029)	Loss 1.2783e+00 (1.2184e+00)	Acc@1  46.88 ( 42.71)
Epoch: [19][220/886]	Time  0.040 ( 0.054)	Data loading time  0.000 ( 0.015)	Loss 1.2545e+00 (1.2222e+00)	Acc@1  50.00 ( 42.62)
Epoch: [19][330/886]	Time  0.040 ( 0.049)	Data loading time  0.000 ( 0.010)	Loss 1.3602e+00 (1.2257e+00)	Acc@1  28.12 ( 42.48)
Epoch: [19][440/886]	Time  0.040 ( 0.047)	Data loading time  0.000 ( 0.007)	Loss 1.2874e+00 (1.2286e+00)	Acc@1  37.50 ( 42.65)
Epoch: [19][550/886]	Time  0.040 ( 0.046)	Data loading time  0.000 ( 0.006)	Loss 1.1756e+00 (1.2278e+00)	Acc@1  37.50 ( 42.64)
Epoch: [19][660/886]	Time  0.040 ( 0.045)	Data loading time  0.000 ( 0.005)	Loss 1.4449e+00 (1.2272e+00)	Acc@1  31.25 ( 42.78)
Epoch: [19][770/886]	Time  0.040 ( 0.044)	Data loading time  0.000 ( 0.004)	Loss 1.2433e+00 (1.2279e+00)	Acc@1  40.62 ( 42.83)
Epoch: [19][880/886]	Time  0.040 ( 0.044)	Data loading time  0.000 ( 0.004)	Loss 1.1144e+00 (1.2276e+00)	Acc@1  40.62 ( 42.87)
Validation:
[W CudaIPCTypes.cpp:22] Producer process has been terminated before all shared CUDA tensors released. See Note [Sharing CUDA tensors]
Validation: [  0/222]	Time  3.272 ( 3.272)	Loss 1.5189e+00 (1.5189e+00)	Acc@1  21.88 ( 21.88)	Acc C1   0.00 (  0.00)	Acc C2  83.33 ( 83.33)	Acc C3  11.11 ( 11.11)	Acc C4   9.09 (  9.09)
Validation: [110/222]	Time  0.016 ( 0.046)	Loss 1.4489e+00 (1.3835e+00)	Acc@1  21.88 ( 32.85)	Acc C1   0.00 (  0.00)	Acc C2  75.00 ( 94.47)	Acc C3   0.00 (  9.64)	Acc C4  33.33 ( 16.56)
Validation: [220/222]	Time  0.015 ( 0.032)	Loss 1.5898e+00 (1.3809e+00)	Acc@1  18.75 ( 33.77)	Acc C1   0.00 (  0.00)	Acc C2 100.00 ( 94.39)	Acc C3   0.00 ( 10.65)	Acc C4  14.29 ( 16.75)
 * Acc 33.808
classification report:
              precision    recall  f1-score   support

           0       0.00      0.00      0.00      1287
           1       0.29      0.94      0.45      1967
           2       0.54      0.11      0.18      1691
           3       0.82      0.17      0.28      2142

    accuracy                           0.34      7087
   macro avg       0.41      0.30      0.23      7087
weighted avg       0.46      0.34      0.25      7087

confusion matrix:
      t\p     0     1     2     3 
        0     0  1194    89     4 
        1     0  1857    57    53 
        2     0  1490   180    21 
        3     0  1773    10   359 
Test
[W CudaIPCTypes.cpp:22] Producer process has been terminated before all shared CUDA tensors released. See Note [Sharing CUDA tensors]
Test: [  0/354]	Time  3.221 ( 3.221)	Loss 2.5967e+00 (2.5967e+00)	Acc@1   0.00 (  0.00)	Acc C1   0.00 (  0.00)	Acc C2   0.00 (  0.00)	Acc C3   0.00 (  0.00)	Acc C4   0.00 (  0.00)
Test: [110/354]	Time  0.016 ( 0.045)	Loss 1.6115e+00 (1.8873e+00)	Acc@1  18.75 (  9.83)	Acc C1   0.00 (  0.00)	Acc C2 100.00 ( 99.64)	Acc C3   0.00 (  0.09)	Acc C4   0.00 (  3.95)
Test: [220/354]	Time  0.016 ( 0.030)	Loss 1.4155e+00 (1.5740e+00)	Acc@1   0.00 ( 28.83)	Acc C1   0.00 (  0.00)	Acc C2 100.00 ( 99.07)	Acc C3   0.00 (  0.16)	Acc C4   0.00 ( 22.20)
Test: [330/354]	Time  0.017 ( 0.026)	Loss 8.9466e-01 (1.4505e+00)	Acc@1  59.38 ( 33.43)	Acc C1   0.00 (  0.00)	Acc C2  75.00 ( 97.67)	Acc C3   0.00 (  0.13)	Acc C4  88.89 ( 31.03)
 * Acc 32.780
classification report:
              precision    recall  f1-score   support

           0       0.00      0.00      0.00      1141
           1       0.23      0.98      0.38      2324
           2       0.53      0.01      0.01      3196
           3       0.94      0.31      0.46      4657

    accuracy                           0.33     11318
   macro avg       0.43      0.32      0.21     11318
weighted avg       0.58      0.33      0.27     11318

confusion matrix:
      t\p     0     1     2     3 
        0     0  1127     6     8 
        1     0  2267     4    53 
        2     0  3146    17    33 
        3     0  3226     5  1426 
slurmstepd: error: *** JOB 61320 ON alvis1-01 CANCELLED AT 2021-04-11T18:32:52 DUE TO TIME LIMIT ***
