This job can be monitored from: https://scruffy.c3se.chalmers.se/d/alvis-job/alvis-job?var-jobid=50781&from=1614790959000
/tmp/slurmd/job50781/slurm_script: line 10: deactivate: command not found
Starting at Wed Mar  3 18:02:39 CET 2021
Job Name - EffNet
Running on hosts: alvis1-16
Running on 1 nodes.
Running 1 tasks.
Current working directory is /cephyr/users/filipfri/Alvis/210303_ThesisProject
10.2
tensor([1.], device='cuda:0')
Using image size 32
Traceback (most recent call last):
  File "main.py", line 250, in <module>
    main()
  File "main.py", line 137, in main
    images, labels = parseData(basePath=args.data)
  File "/cephyr/users/filipfri/Alvis/210303_ThesisProject/parseData.py", line 57, in parseData
    tree = ET.parse(basePath+label_paths[path]+'.xml')
  File "/usr/lib64/python3.6/xml/etree/ElementTree.py", line 1196, in parse
    tree.parse(source, parser)
  File "/usr/lib64/python3.6/xml/etree/ElementTree.py", line 586, in parse
    source = open(source, "rb")
FileNotFoundError: [Errno 2] No such file or directory: 'KI-dataset-4-types/All_Slices/P20_8_2.xml'
Program finished with exit code 1 at: Wed Mar  3 18:03:03 CET 2021
Apparently this is chicken noodle soup
