This job can be monitored from: https://scruffy.c3se.chalmers.se/d/alvis-job/alvis-job?var-jobid=60088&from=1617637998000
/tmp/slurmd/job60088/slurm_script: line 10: deactivate: command not found
Starting at Mon Apr  5 17:53:19 CEST 2021
Job Name - EffNet
Running on hosts: alvis1-10
Running on 1 nodes.
Running 1 tasks.
Current working directory is /cephyr/users/filipfri/Alvis/BscProject
10.2
tensor([1.], device='cuda:0')
Using image size:  224
Using filter  
Traceback (most recent call last):
  File "main.py", line 307, in <module>
    main()
  File "main.py", line 200, in main
    test_images, test_labels = parseData(basePath=args.data, filter_name=filter, label_paths=test_label_paths, class_names=class_names)
  File "/cephyr/users/filipfri/Alvis/BscProject/parseData.py", line 37, in parseData
    labels.append(class_names.index(label))
ValueError: 'w' is not in list
Program finished with exit code 1 at: Mon Apr  5 17:54:34 CEST 2021
git in 60 seconds
