This job can be monitored from: https://scruffy.c3se.chalmers.se/d/alvis-job/alvis-job?var-jobid=60953&from=1617901083000
/tmp/slurmd/job60953/slurm_script: line 10: deactivate: command not found
/tmp/slurmd/job60953/slurm_script: line 17: start: command not found
Starting at Thu Apr  8 18:58:03 CEST 2021
Job Name - EffNet
Running on hosts: alvis2-01
Running on 1 nodes.
Running 1 tasks.
Current working directory is /cephyr/users/filipfri/Alvis/BscProject
10.2
tensor([1.], device='cuda:0')
Using image size:  32
Using filter:  
Training set : 
P19_1_1
P19_1_2
P19_2_1
P19_2_2
P19_3_1
P19_3_2
P20_1_3
P20_1_4
P20_2_2
P20_2_3
P20_2_4
P20_3_1
P20_3_2
P20_3_3
P20_4_1
P20_4_2
P20_4_3
P20_5_1
P20_5_2
P20_6_1
P20_6_2
P20_7_1
P20_7_2
P20_8_1
P20_8_2
P20_9_1
P20_9_2
P9_1_1
P9_2_1
P9_2_2
P9_3_1
P9_3_2
P9_4_1
P9_4_2
Testing set : 
N10_1_1
N10_1_2
N10_1_3
N10_2_1
N10_2_2
P13_1_1
P13_1_2
P13_2_1
P13_2_2
P28_7_5
P28_8_5
P28_10_4
P28_10_5
inflammatory appears 715 times in the non augmented training and validation set
inflammatory appears 6435 times in the augmented training and validation set
lymphocyte appears 1967 times in the non augmented training and validation set
lymphocyte appears 9835 times in the augmented training and validation set
fibroblast and endothelial appears 4228 times in the non augmented training and validation set
fibroblast and endothelial appears 8456 times in the augmented training and validation set
epithelial appears 8706 times in the non augmented training and validation set
epithelial appears 10706 times in the augmented training and validation set
[5148, 7868, 6765, 8564]
train size: 28345
val size: 7087
test size: 11318
Available GPUs: 1
Loaded pretrained weights for efficientnet-b0
=> using pre-trained model 'efficientnet-b0'
[W CudaIPCTypes.cpp:22] Producer process has been terminated before all shared CUDA tensors released. See Note [Sharing CUDA tensors]
Epoch: [0][  0/886]	Time  4.509 ( 4.509)	Data loading time  4.085 ( 4.085)	Loss 1.3593e+00 (1.3593e+00)	Acc@1  25.00 ( 25.00)
Epoch: [0][110/886]	Time  0.062 ( 0.093)	Data loading time  0.000 ( 0.037)	Loss 1.3920e+00 (1.7390e+00)	Acc@1  31.25 ( 27.36)
Epoch: [0][220/886]	Time  0.065 ( 0.078)	Data loading time  0.000 ( 0.019)	Loss 2.6430e+00 (1.9382e+00)	Acc@1  25.00 ( 27.60)
Epoch: [0][330/886]	Time  0.051 ( 0.071)	Data loading time  0.000 ( 0.013)	Loss 1.2628e+00 (1.9132e+00)	Acc@1  37.50 ( 27.40)
Epoch: [0][440/886]	Time  0.051 ( 0.066)	Data loading time  0.000 ( 0.009)	Loss 1.3317e+00 (1.8621e+00)	Acc@1  28.12 ( 27.71)
Epoch: [0][550/886]	Time  0.053 ( 0.063)	Data loading time  0.000 ( 0.008)	Loss 1.5509e+00 (1.8077e+00)	Acc@1  25.00 ( 27.74)
Epoch: [0][660/886]	Time  0.050 ( 0.061)	Data loading time  0.000 ( 0.006)	Loss 1.4517e+00 (1.7591e+00)	Acc@1  34.38 ( 27.95)
Epoch: [0][770/886]	Time  0.055 ( 0.060)	Data loading time  0.000 ( 0.006)	Loss 1.4972e+00 (1.7155e+00)	Acc@1  12.50 ( 27.80)
Epoch: [0][880/886]	Time  0.072 ( 0.060)	Data loading time  0.000 ( 0.005)	Loss 1.4233e+00 (1.6764e+00)	Acc@1  31.25 ( 27.92)
Validation
[W CudaIPCTypes.cpp:22] Producer process has been terminated before all shared CUDA tensors released. See Note [Sharing CUDA tensors]
Test: [  0/222]	Time  4.067 ( 4.067)	Loss 1.3600e+00 (1.3600e+00)	Acc@1  31.25 ( 31.25)	Acc C1  25.00 ( 25.00)	Acc C2   0.00 (  0.00)	Acc C3   0.00 (  0.00)	Acc C4  80.00 ( 80.00)
Test: [110/222]	Time  0.017 ( 0.054)	Loss 1.4098e+00 (1.4318e+00)	Acc@1  25.00 ( 26.38)	Acc C1   0.00 ( 14.61)	Acc C2   0.00 (  5.69)	Acc C3  33.33 ( 27.68)	Acc C4  46.15 ( 51.46)
Test: [220/222]	Time  0.015 ( 0.036)	Loss 1.4805e+00 (1.4287e+00)	Acc@1  12.50 ( 26.41)	Acc C1   0.00 ( 14.16)	Acc C2   7.69 (  5.45)	Acc C3  33.33 ( 26.94)	Acc C4  11.11 ( 52.64)
 * Acc 26.400
classification report:
              precision    recall  f1-score   support

           0       0.19      0.14      0.16      1287
           1       0.27      0.05      0.09      1967
           2       0.23      0.27      0.25      1691
           3       0.30      0.53      0.38      2142

    accuracy                           0.26      7087
   macro avg       0.25      0.25      0.22      7087
weighted avg       0.26      0.26      0.23      7087

confusion matrix:
      t\p     0     1     2     3 
        0   182    75   344   686 
        1   220   108   560  1079 
        2   253    92   456   890 
        3   304   126   587  1125 
Test
[W CudaIPCTypes.cpp:22] Producer process has been terminated before all shared CUDA tensors released. See Note [Sharing CUDA tensors]
Test: [  0/354]	Time  3.574 ( 3.574)	Loss 1.3650e+00 (1.3650e+00)	Acc@1  50.00 ( 50.00)	Acc C1   0.00 (  0.00)	Acc C2   0.00 (  0.00)	Acc C3   0.00 (  0.00)	Acc C4  50.00 ( 50.00)
Test: [110/354]	Time  0.017 ( 0.050)	Loss 1.3922e+00 (1.3923e+00)	Acc@1  43.75 ( 37.27)	Acc C1   0.00 (  8.58)	Acc C2   0.00 (  3.60)	Acc C3  50.00 ( 24.27)	Acc C4  81.82 ( 56.09)
Test: [220/354]	Time  0.016 ( 0.033)	Loss 1.4906e+00 (1.4035e+00)	Acc@1  25.00 ( 32.01)	Acc C1  15.38 (  9.50)	Acc C2   7.69 (  5.86)	Acc C3  31.58 ( 26.66)	Acc C4   0.00 ( 48.35)
Test: [330/354]	Time  0.016 ( 0.028)	Loss 1.3530e+00 (1.4199e+00)	Acc@1  40.62 ( 30.23)	Acc C1  25.00 ( 12.88)	Acc C2   0.00 (  6.17)	Acc C3   0.00 ( 28.61)	Acc C4  61.11 ( 46.30)
 * Acc 29.484
classification report:
              precision    recall  f1-score   support

           0       0.08      0.12      0.10      1141
           1       0.19      0.06      0.10      2324
           2       0.28      0.28      0.28      3196
           3       0.38      0.46      0.42      4657

    accuracy                           0.29     11318
   macro avg       0.23      0.23      0.22     11318
weighted avg       0.28      0.29      0.28     11318

confusion matrix:
      t\p     0     1     2     3 
        0   139    70   320   612 
        1   354   148   685  1137 
        2   361   212   900  1723 
        3   841   339  1327  2150 
[W CudaIPCTypes.cpp:22] Producer process has been terminated before all shared CUDA tensors released. See Note [Sharing CUDA tensors]
Epoch: [1][  0/886]	Time  3.755 ( 3.755)	Data loading time  3.676 ( 3.676)	Loss 1.4041e+00 (1.4041e+00)	Acc@1  25.00 ( 25.00)
Epoch: [1][110/886]	Time  0.050 ( 0.086)	Data loading time  0.000 ( 0.033)	Loss 1.4000e+00 (1.4056e+00)	Acc@1  28.12 ( 27.62)
Epoch: [1][220/886]	Time  0.054 ( 0.068)	Data loading time  0.000 ( 0.017)	Loss 1.3314e+00 (1.4010e+00)	Acc@1  37.50 ( 28.28)
Epoch: [1][330/886]	Time  0.051 ( 0.064)	Data loading time  0.000 ( 0.011)	Loss 1.4252e+00 (1.3971e+00)	Acc@1  21.88 ( 28.57)
Epoch: [1][440/886]	Time  0.061 ( 0.062)	Data loading time  0.000 ( 0.009)	Loss 1.3348e+00 (1.3957e+00)	Acc@1  40.62 ( 28.66)
Epoch: [1][550/886]	Time  0.061 ( 0.061)	Data loading time  0.000 ( 0.007)	Loss 1.3491e+00 (1.3936e+00)	Acc@1  28.12 ( 28.90)
Epoch: [1][660/886]	Time  0.058 ( 0.061)	Data loading time  0.000 ( 0.006)	Loss 1.3937e+00 (1.3921e+00)	Acc@1  21.88 ( 28.76)
Epoch: [1][770/886]	Time  0.059 ( 0.060)	Data loading time  0.000 ( 0.005)	Loss 1.3459e+00 (1.3917e+00)	Acc@1  37.50 ( 28.85)
Epoch: [1][880/886]	Time  0.055 ( 0.060)	Data loading time  0.000 ( 0.004)	Loss 1.4316e+00 (1.3918e+00)	Acc@1  28.12 ( 28.77)
Validation
[W CudaIPCTypes.cpp:22] Producer process has been terminated before all shared CUDA tensors released. See Note [Sharing CUDA tensors]
Test: [  0/222]	Time  4.007 ( 4.007)	Loss 1.3521e+00 (1.3521e+00)	Acc@1  34.38 ( 34.38)	Acc C1   0.00 (  0.00)	Acc C2  70.00 ( 70.00)	Acc C3   0.00 (  0.00)	Acc C4  40.00 ( 40.00)
Test: [110/222]	Time  0.017 ( 0.054)	Loss 1.4084e+00 (1.3857e+00)	Acc@1  21.88 ( 29.11)	Acc C1   0.00 (  0.00)	Acc C2 100.00 ( 83.87)	Acc C3   0.00 (  0.12)	Acc C4  15.38 ( 20.92)
Test: [220/222]	Time  0.016 ( 0.035)	Loss 1.3313e+00 (1.3833e+00)	Acc@1  37.50 ( 29.38)	Acc C1   0.00 (  0.00)	Acc C2  76.92 ( 83.05)	Acc C3   0.00 (  0.18)	Acc C4  22.22 ( 20.73)
 * Acc 29.378
classification report:
              precision    recall  f1-score   support

           0       0.00      0.00      0.00      1287
           1       0.28      0.83      0.42      1967
           2       0.27      0.00      0.00      1691
           3       0.33      0.21      0.26      2142

    accuracy                           0.29      7087
   macro avg       0.22      0.26      0.17      7087
weighted avg       0.24      0.29      0.20      7087

confusion matrix:
      t\p     0     1     2     3 
        0     0  1019     1   267 
        1     0  1634     2   331 
        2     0  1390     3   298 
        3     0  1692     5   445 
Test
[W CudaIPCTypes.cpp:22] Producer process has been terminated before all shared CUDA tensors released. See Note [Sharing CUDA tensors]
Test: [  0/354]	Time  3.595 ( 3.595)	Loss 1.2223e+00 (1.2223e+00)	Acc@1  15.62 ( 15.62)	Acc C1   0.00 (  0.00)	Acc C2   0.00 (  0.00)	Acc C3   0.00 (  0.00)	Acc C4  15.62 ( 15.62)
Test: [110/354]	Time  0.017 ( 0.050)	Loss 1.4038e+00 (1.3731e+00)	Acc@1  15.62 ( 16.84)	Acc C1   0.00 (  0.00)	Acc C2  50.00 ( 81.29)	Acc C3   0.00 (  0.26)	Acc C4  18.18 ( 20.51)
Test: [220/354]	Time  0.017 ( 0.033)	Loss 1.5659e+00 (1.3451e+00)	Acc@1   0.00 ( 24.21)	Acc C1   0.00 (  0.00)	Acc C2  92.31 ( 80.25)	Acc C3   0.00 (  0.27)	Acc C4 100.00 ( 19.69)
Test: [330/354]	Time  0.017 ( 0.028)	Loss 1.3543e+00 (1.3525e+00)	Acc@1  28.12 ( 25.43)	Acc C1   0.00 (  0.00)	Acc C2 100.00 ( 81.86)	Acc C3   0.00 (  0.23)	Acc C4  27.78 ( 19.86)
 * Acc 24.987
classification report:
              precision    recall  f1-score   support

           0       0.00      0.00      0.00      1141
           1       0.21      0.82      0.33      2324
           2       0.19      0.00      0.00      3196
           3       0.44      0.20      0.27      4657

    accuracy                           0.25     11318
   macro avg       0.21      0.25      0.15     11318
weighted avg       0.28      0.25      0.18     11318

confusion matrix:
      t\p     0     1     2     3 
        0     0   945     4   192 
        1     0  1899     5   420 
        2     0  2605     7   584 
        3     0  3714    21   922 
[W CudaIPCTypes.cpp:22] Producer process has been terminated before all shared CUDA tensors released. See Note [Sharing CUDA tensors]
Epoch: [2][  0/886]	Time  3.792 ( 3.792)	Data loading time  3.723 ( 3.723)	Loss 1.4273e+00 (1.4273e+00)	Acc@1  25.00 ( 25.00)
Epoch: [2][110/886]	Time  0.050 ( 0.085)	Data loading time  0.000 ( 0.034)	Loss 1.4082e+00 (1.3876e+00)	Acc@1  31.25 ( 30.15)
Epoch: [2][220/886]	Time  0.065 ( 0.072)	Data loading time  0.000 ( 0.017)	Loss 1.3285e+00 (1.3881e+00)	Acc@1  37.50 ( 28.93)
Epoch: [2][330/886]	Time  0.066 ( 0.069)	Data loading time  0.000 ( 0.011)	Loss 1.3327e+00 (1.3873e+00)	Acc@1  28.12 ( 29.14)
Epoch: [2][440/886]	Time  0.060 ( 0.067)	Data loading time  0.000 ( 0.009)	Loss 1.5001e+00 (1.3860e+00)	Acc@1  15.62 ( 29.31)
Epoch: [2][550/886]	Time  0.062 ( 0.066)	Data loading time  0.000 ( 0.007)	Loss 1.3743e+00 (1.3850e+00)	Acc@1  28.12 ( 29.37)
Epoch: [2][660/886]	Time  0.050 ( 0.064)	Data loading time  0.000 ( 0.006)	Loss 1.3308e+00 (1.3857e+00)	Acc@1  34.38 ( 29.29)
Epoch: [2][770/886]	Time  0.048 ( 0.063)	Data loading time  0.000 ( 0.005)	Loss 1.3257e+00 (1.3859e+00)	Acc@1  43.75 ( 29.07)
Epoch: [2][880/886]	Time  0.058 ( 0.061)	Data loading time  0.000 ( 0.004)	Loss 1.3882e+00 (1.3859e+00)	Acc@1  28.12 ( 29.02)
Validation
[W CudaIPCTypes.cpp:22] Producer process has been terminated before all shared CUDA tensors released. See Note [Sharing CUDA tensors]
Test: [  0/222]	Time  4.057 ( 4.057)	Loss 1.4035e+00 (1.4035e+00)	Acc@1  31.25 ( 31.25)	Acc C1   0.00 (  0.00)	Acc C2   0.00 (  0.00)	Acc C3   0.00 (  0.00)	Acc C4 100.00 (100.00)
Test: [110/222]	Time  0.017 ( 0.054)	Loss 1.3976e+00 (1.3790e+00)	Acc@1  40.62 ( 30.32)	Acc C1   0.00 (  0.00)	Acc C2   0.00 (  0.62)	Acc C3   0.00 (  7.15)	Acc C4 100.00 ( 95.10)
Test: [220/222]	Time  0.016 ( 0.036)	Loss 1.3420e+00 (1.3749e+00)	Acc@1  31.25 ( 30.76)	Acc C1   0.00 (  0.00)	Acc C2   0.00 (  0.87)	Acc C3  16.67 (  7.60)	Acc C4 100.00 ( 94.99)
 * Acc 30.761
classification report:
              precision    recall  f1-score   support

           0       0.00      0.00      0.00      1287
           1       0.18      0.01      0.02      1967
           2       0.28      0.08      0.12      1691
           3       0.31      0.95      0.47      2142

    accuracy                           0.31      7087
   macro avg       0.19      0.26      0.15      7087
weighted avg       0.21      0.31      0.17      7087

confusion matrix:
      t\p     0     1     2     3 
        0     0    38   111  1138 
        1     0    17   116  1834 
        2     0    29   129  1533 
        3     0     9    99  2034 
Test
[W CudaIPCTypes.cpp:22] Producer process has been terminated before all shared CUDA tensors released. See Note [Sharing CUDA tensors]
Test: [  0/354]	Time  3.596 ( 3.596)	Loss 1.0967e+00 (1.0967e+00)	Acc@1  93.75 ( 93.75)	Acc C1   0.00 (  0.00)	Acc C2   0.00 (  0.00)	Acc C3   0.00 (  0.00)	Acc C4  93.75 ( 93.75)
Test: [110/354]	Time  0.020 ( 0.052)	Loss 1.3351e+00 (1.2751e+00)	Acc@1  31.25 ( 48.62)	Acc C1   0.00 (  0.00)	Acc C2   0.00 (  0.36)	Acc C3   0.00 (  9.32)	Acc C4  90.91 ( 90.05)
Test: [220/354]	Time  0.019 ( 0.036)	Loss 1.5451e+00 (1.2725e+00)	Acc@1   3.12 ( 45.67)	Acc C1   0.00 (  0.00)	Acc C2   0.00 (  0.15)	Acc C3   5.26 (  7.38)	Acc C4 100.00 ( 91.17)
Test: [330/354]	Time  0.020 ( 0.030)	Loss 1.3415e+00 (1.2906e+00)	Acc@1  53.12 ( 40.77)	Acc C1   0.00 (  0.00)	Acc C2   0.00 (  0.14)	Acc C3   0.00 (  6.30)	Acc C4  94.44 ( 91.40)
 * Acc 39.442
classification report:
              precision    recall  f1-score   support

           0       0.00      0.00      0.00      1141
           1       0.04      0.00      0.00      2324
           2       0.28      0.06      0.10      3196
           3       0.40      0.91      0.56      4657

    accuracy                           0.39     11318
   macro avg       0.18      0.24      0.17     11318
weighted avg       0.25      0.39      0.26     11318

confusion matrix:
      t\p     0     1     2     3 
        0     0     2    65  1074 
        1     0     3   113  2208 
        2     0    13   200  2983 
        3     0    60   336  4261 
[W CudaIPCTypes.cpp:22] Producer process has been terminated before all shared CUDA tensors released. See Note [Sharing CUDA tensors]
Epoch: [3][  0/886]	Time  3.766 ( 3.766)	Data loading time  3.689 ( 3.689)	Loss 1.4096e+00 (1.4096e+00)	Acc@1  15.62 ( 15.62)
Epoch: [3][110/886]	Time  0.065 ( 0.096)	Data loading time  0.000 ( 0.033)	Loss 1.4699e+00 (1.3739e+00)	Acc@1  28.12 ( 29.22)
Epoch: [3][220/886]	Time  0.059 ( 0.079)	Data loading time  0.000 ( 0.017)	Loss 1.4357e+00 (1.3774e+00)	Acc@1  21.88 ( 29.30)
Epoch: [3][330/886]	Time  0.064 ( 0.074)	Data loading time  0.000 ( 0.011)	Loss 1.3684e+00 (1.3759e+00)	Acc@1  21.88 ( 29.43)
Epoch: [3][440/886]	Time  0.056 ( 0.069)	Data loading time  0.000 ( 0.009)	Loss 1.4177e+00 (1.3773e+00)	Acc@1  25.00 ( 29.61)
Epoch: [3][550/886]	Time  0.065 ( 0.067)	Data loading time  0.000 ( 0.007)	Loss 1.3871e+00 (1.3781e+00)	Acc@1  34.38 ( 29.70)
Epoch: [3][660/886]	Time  0.059 ( 0.067)	Data loading time  0.000 ( 0.006)	Loss 1.3192e+00 (1.3765e+00)	Acc@1  37.50 ( 30.13)
Epoch: [3][770/886]	Time  0.061 ( 0.066)	Data loading time  0.000 ( 0.005)	Loss 1.3567e+00 (1.3763e+00)	Acc@1  25.00 ( 30.32)
Epoch: [3][880/886]	Time  0.050 ( 0.065)	Data loading time  0.000 ( 0.004)	Loss 1.4259e+00 (1.3750e+00)	Acc@1  21.88 ( 30.55)
Validation
[W CudaIPCTypes.cpp:22] Producer process has been terminated before all shared CUDA tensors released. See Note [Sharing CUDA tensors]
Test: [  0/222]	Time  3.969 ( 3.969)	Loss 1.3765e+00 (1.3765e+00)	Acc@1  31.25 ( 31.25)	Acc C1  12.50 ( 12.50)	Acc C2   0.00 (  0.00)	Acc C3   0.00 (  0.00)	Acc C4  90.00 ( 90.00)
Test: [110/222]	Time  0.017 ( 0.053)	Loss 1.3432e+00 (1.3721e+00)	Acc@1  43.75 ( 31.48)	Acc C1   0.00 (  2.28)	Acc C2  20.00 (  3.52)	Acc C3   0.00 ( 11.42)	Acc C4 100.00 ( 91.42)
Test: [220/222]	Time  0.015 ( 0.035)	Loss 1.3999e+00 (1.3696e+00)	Acc@1  25.00 ( 31.67)	Acc C1   0.00 (  1.87)	Acc C2   0.00 (  3.16)	Acc C3   0.00 ( 11.87)	Acc C4  88.89 ( 91.44)
 * Acc 31.678
classification report:
              precision    recall  f1-score   support

           0       0.31      0.02      0.04      1287
           1       0.31      0.03      0.06      1967
           2       0.27      0.12      0.16      1691
           3       0.32      0.91      0.48      2142

    accuracy                           0.32      7087
   macro avg       0.30      0.27      0.18      7087
weighted avg       0.31      0.32      0.21      7087

confusion matrix:
      t\p     0     1     2     3 
        0    24    41   176  1046 
        1    21    62   229  1655 
        2    22    57   200  1412 
        3    10    38   135  1959 
Test
[W CudaIPCTypes.cpp:22] Producer process has been terminated before all shared CUDA tensors released. See Note [Sharing CUDA tensors]
Test: [  0/354]	Time  3.589 ( 3.589)	Loss 1.1135e+00 (1.1135e+00)	Acc@1  93.75 ( 93.75)	Acc C1   0.00 (  0.00)	Acc C2   0.00 (  0.00)	Acc C3   0.00 (  0.00)	Acc C4  93.75 ( 93.75)
Test: [110/354]	Time  0.019 ( 0.052)	Loss 1.3701e+00 (1.2987e+00)	Acc@1  34.38 ( 47.24)	Acc C1   0.00 (  1.18)	Acc C2   0.00 (  2.88)	Acc C3   0.00 (  6.07)	Acc C4 100.00 ( 88.77)
Test: [220/354]	Time  0.019 ( 0.035)	Loss 1.4491e+00 (1.3090e+00)	Acc@1   9.38 ( 45.04)	Acc C1   0.00 (  0.79)	Acc C2   0.00 (  1.08)	Acc C3  15.79 (  5.84)	Acc C4 100.00 ( 90.23)
Test: [330/354]	Time  0.019 ( 0.030)	Loss 1.2681e+00 (1.3273e+00)	Acc@1  50.00 ( 40.26)	Acc C1   0.00 (  0.46)	Acc C2   0.00 (  0.96)	Acc C3  50.00 (  5.54)	Acc C4  83.33 ( 90.23)
 * Acc 39.062
classification report:
              precision    recall  f1-score   support

           0       0.06      0.00      0.01      1141
           1       0.15      0.01      0.02      2324
           2       0.26      0.06      0.10      3196
           3       0.41      0.90      0.56      4657

    accuracy                           0.39     11318
   macro avg       0.22      0.24      0.17     11318
weighted avg       0.28      0.39      0.26     11318

confusion matrix:
      t\p     0     1     2     3 
        0     5    19    61  1056 
        1    13    21   143  2147 
        2    12    34   187  2963 
        3    50    62   337  4208 
[W CudaIPCTypes.cpp:22] Producer process has been terminated before all shared CUDA tensors released. See Note [Sharing CUDA tensors]
Epoch: [4][  0/886]	Time  3.683 ( 3.683)	Data loading time  3.613 ( 3.613)	Loss 1.3561e+00 (1.3561e+00)	Acc@1  34.38 ( 34.38)
Epoch: [4][110/886]	Time  0.051 ( 0.085)	Data loading time  0.000 ( 0.033)	Loss 1.2619e+00 (1.3680e+00)	Acc@1  46.88 ( 32.29)
Epoch: [4][220/886]	Time  0.062 ( 0.071)	Data loading time  0.000 ( 0.017)	Loss 1.3198e+00 (1.3722e+00)	Acc@1  43.75 ( 31.33)
Epoch: [4][330/886]	Time  0.061 ( 0.068)	Data loading time  0.000 ( 0.011)	Loss 1.3895e+00 (1.3692e+00)	Acc@1  18.75 ( 31.83)
Epoch: [4][440/886]	Time  0.062 ( 0.067)	Data loading time  0.000 ( 0.008)	Loss 1.3459e+00 (1.3673e+00)	Acc@1  37.50 ( 31.77)
Epoch: [4][550/886]	Time  0.059 ( 0.066)	Data loading time  0.000 ( 0.007)	Loss 1.3834e+00 (1.3636e+00)	Acc@1  28.12 ( 32.33)
Epoch: [4][660/886]	Time  0.060 ( 0.064)	Data loading time  0.000 ( 0.006)	Loss 1.2761e+00 (1.3577e+00)	Acc@1  31.25 ( 32.84)
Epoch: [4][770/886]	Time  0.062 ( 0.063)	Data loading time  0.000 ( 0.005)	Loss 1.3062e+00 (1.3558e+00)	Acc@1  31.25 ( 33.08)
Epoch: [4][880/886]	Time  0.060 ( 0.063)	Data loading time  0.000 ( 0.004)	Loss 1.5325e+00 (1.3527e+00)	Acc@1  18.75 ( 33.46)
Validation
[W CudaIPCTypes.cpp:22] Producer process has been terminated before all shared CUDA tensors released. See Note [Sharing CUDA tensors]
Test: [  0/222]	Time  3.959 ( 3.959)	Loss 1.3890e+00 (1.3890e+00)	Acc@1  31.25 ( 31.25)	Acc C1   0.00 (  0.00)	Acc C2  10.00 ( 10.00)	Acc C3   0.00 (  0.00)	Acc C4  90.00 ( 90.00)
Test: [110/222]	Time  0.017 ( 0.053)	Loss 1.4190e+00 (1.3679e+00)	Acc@1  40.62 ( 33.70)	Acc C1   0.00 (  0.76)	Acc C2  40.00 ( 18.51)	Acc C3   0.00 (  0.35)	Acc C4  84.62 ( 95.19)
Test: [220/222]	Time  0.015 ( 0.035)	Loss 1.3633e+00 (1.3587e+00)	Acc@1  34.38 ( 33.80)	Acc C1   0.00 (  0.70)	Acc C2  15.38 ( 17.46)	Acc C3   0.00 (  0.53)	Acc C4 100.00 ( 94.95)
 * Acc 33.794
classification report:
              precision    recall  f1-score   support

           0       0.45      0.01      0.01      1287
           1       0.33      0.17      0.23      1967
           2       0.30      0.01      0.01      1691
           3       0.34      0.95      0.50      2142

    accuracy                           0.34      7087
   macro avg       0.35      0.28      0.19      7087
weighted avg       0.35      0.34      0.22      7087

confusion matrix:
      t\p     0     1     2     3 
        0     9   257     8  1013 
        1     2   343     8  1614 
        2     4   354     9  1324 
        3     5    98     5  2034 
Test
[W CudaIPCTypes.cpp:22] Producer process has been terminated before all shared CUDA tensors released. See Note [Sharing CUDA tensors]
Test: [  0/354]	Time  3.598 ( 3.598)	Loss 1.0726e+00 (1.0726e+00)	Acc@1  71.88 ( 71.88)	Acc C1   0.00 (  0.00)	Acc C2   0.00 (  0.00)	Acc C3   0.00 (  0.00)	Acc C4  71.88 ( 71.88)
Test: [110/354]	Time  0.017 ( 0.050)	Loss 1.3358e+00 (1.3326e+00)	Acc@1  34.38 ( 39.98)	Acc C1   0.00 (  0.30)	Acc C2  16.67 ( 28.06)	Acc C3   0.00 (  1.67)	Acc C4  90.91 ( 73.49)
Test: [220/354]	Time  0.017 ( 0.033)	Loss 1.8295e+00 (1.2429e+00)	Acc@1   0.00 ( 42.86)	Acc C1   0.00 (  0.20)	Acc C2  23.08 ( 11.65)	Acc C3   0.00 (  1.12)	Acc C4 100.00 ( 84.36)
Test: [330/354]	Time  0.017 ( 0.028)	Loss 1.1069e+00 (1.2721e+00)	Acc@1  56.25 ( 40.07)	Acc C1   0.00 (  0.12)	Acc C2   0.00 ( 11.70)	Acc C3   0.00 (  0.92)	Acc C4 100.00 ( 87.74)
 * Acc 38.788
classification report:
              precision    recall  f1-score   support

           0       0.03      0.00      0.00      1141
           1       0.16      0.11      0.13      2324
           2       0.37      0.01      0.02      3196
           3       0.43      0.88      0.58      4657

    accuracy                           0.39     11318
   macro avg       0.25      0.25      0.18     11318
weighted avg       0.32      0.39      0.27     11318

confusion matrix:
      t\p     0     1     2     3 
        0     1   204     4   932 
        1     5   258     6  2055 
        2     5   666    29  2496 
        3    22   494    39  4102 
[W CudaIPCTypes.cpp:22] Producer process has been terminated before all shared CUDA tensors released. See Note [Sharing CUDA tensors]
Epoch: [5][  0/886]	Time  3.729 ( 3.729)	Data loading time  3.660 ( 3.660)	Loss 1.5189e+00 (1.5189e+00)	Acc@1  21.88 ( 21.88)
Epoch: [5][110/886]	Time  0.050 ( 0.086)	Data loading time  0.000 ( 0.033)	Loss 1.3691e+00 (1.3168e+00)	Acc@1  28.12 ( 36.63)
Epoch: [5][220/886]	Time  0.050 ( 0.068)	Data loading time  0.000 ( 0.017)	Loss 1.2919e+00 (1.3102e+00)	Acc@1  34.38 ( 37.44)
Epoch: [5][330/886]	Time  0.049 ( 0.062)	Data loading time  0.000 ( 0.011)	Loss 1.3567e+00 (1.3093e+00)	Acc@1  37.50 ( 37.58)
Epoch: [5][440/886]	Time  0.051 ( 0.060)	Data loading time  0.000 ( 0.009)	Loss 1.3432e+00 (1.3096e+00)	Acc@1  34.38 ( 37.76)
Epoch: [5][550/886]	Time  0.050 ( 0.058)	Data loading time  0.000 ( 0.007)	Loss 1.1274e+00 (1.3098e+00)	Acc@1  56.25 ( 37.78)
Epoch: [5][660/886]	Time  0.061 ( 0.058)	Data loading time  0.000 ( 0.006)	Loss 1.0976e+00 (1.3078e+00)	Acc@1  56.25 ( 37.99)
Epoch: [5][770/886]	Time  0.062 ( 0.059)	Data loading time  0.000 ( 0.005)	Loss 1.3077e+00 (1.3063e+00)	Acc@1  46.88 ( 38.00)
Epoch: [5][880/886]	Time  0.060 ( 0.059)	Data loading time  0.000 ( 0.004)	Loss 1.3081e+00 (1.3036e+00)	Acc@1  50.00 ( 38.18)
Validation
[W CudaIPCTypes.cpp:22] Producer process has been terminated before all shared CUDA tensors released. See Note [Sharing CUDA tensors]
Test: [  0/222]	Time  3.934 ( 3.934)	Loss 1.3139e+00 (1.3139e+00)	Acc@1  40.62 ( 40.62)	Acc C1   0.00 (  0.00)	Acc C2  40.00 ( 40.00)	Acc C3   0.00 (  0.00)	Acc C4  90.00 ( 90.00)
Test: [110/222]	Time  0.017 ( 0.053)	Loss 1.4587e+00 (1.2834e+00)	Acc@1  31.25 ( 39.47)	Acc C1   0.00 (  1.22)	Acc C2  20.00 ( 43.54)	Acc C3   0.00 ( 12.80)	Acc C4  69.23 ( 81.24)
Test: [220/222]	Time  0.015 ( 0.035)	Loss 1.2443e+00 (1.2744e+00)	Acc@1  46.88 ( 40.71)	Acc C1   0.00 (  1.87)	Acc C2  46.15 ( 44.38)	Acc C3  16.67 ( 14.07)	Acc C4  88.89 ( 81.70)
 * Acc 40.708
classification report:
              precision    recall  f1-score   support

           0       0.28      0.02      0.03      1287
           1       0.35      0.44      0.39      1967
           2       0.38      0.14      0.21      1691
           3       0.45      0.82      0.58      2142

    accuracy                           0.41      7087
   macro avg       0.36      0.36      0.30      7087
weighted avg       0.37      0.41      0.34      7087

confusion matrix:
      t\p     0     1     2     3 
        0    24   627   177   459 
        1    32   873   166   896 
        2    20   677   238   756 
        3    10   336    46  1750 
Test
[W CudaIPCTypes.cpp:22] Producer process has been terminated before all shared CUDA tensors released. See Note [Sharing CUDA tensors]
Test: [  0/354]	Time  3.672 ( 3.672)	Loss 1.6819e+00 (1.6819e+00)	Acc@1   0.00 (  0.00)	Acc C1   0.00 (  0.00)	Acc C2   0.00 (  0.00)	Acc C3   0.00 (  0.00)	Acc C4   0.00 (  0.00)
Test: [110/354]	Time  0.017 ( 0.051)	Loss 1.2809e+00 (1.5427e+00)	Acc@1  40.62 ( 16.10)	Acc C1   0.00 (  2.37)	Acc C2 100.00 ( 69.42)	Acc C3  20.00 (  7.92)	Acc C4  45.45 ( 15.62)
Test: [220/354]	Time  0.017 ( 0.034)	Loss 1.6726e+00 (1.3399e+00)	Acc@1   3.12 ( 31.87)	Acc C1   7.69 (  2.38)	Acc C2  69.23 ( 31.56)	Acc C3   0.00 (  6.80)	Acc C4 100.00 ( 50.32)
Test: [330/354]	Time  0.017 ( 0.028)	Loss 9.9649e-01 (1.3044e+00)	Acc@1  59.38 ( 35.16)	Acc C1   0.00 (  2.20)	Acc C2  25.00 ( 37.16)	Acc C3   0.00 (  4.88)	Acc C4 100.00 ( 60.82)
 * Acc 34.494
classification report:
              precision    recall  f1-score   support

           0       0.08      0.02      0.03      1141
           1       0.18      0.36      0.24      2324
           2       0.36      0.05      0.09      3196
           3       0.49      0.62      0.55      4657

    accuracy                           0.34     11318
   macro avg       0.28      0.26      0.23     11318
weighted avg       0.35      0.34      0.30     11318

confusion matrix:
      t\p     0     1     2     3 
        0    19   665    50   407 
        1    29   838    77  1380 
        2    59  1772   173  1192 
        3   125  1480   178  2874 
[W CudaIPCTypes.cpp:22] Producer process has been terminated before all shared CUDA tensors released. See Note [Sharing CUDA tensors]
Epoch: [6][  0/886]	Time  3.689 ( 3.689)	Data loading time  3.617 ( 3.617)	Loss 1.3118e+00 (1.3118e+00)	Acc@1  34.38 ( 34.38)
Epoch: [6][110/886]	Time  0.060 ( 0.090)	Data loading time  0.000 ( 0.033)	Loss 1.2997e+00 (1.2979e+00)	Acc@1  40.62 ( 38.03)
Epoch: [6][220/886]	Time  0.063 ( 0.077)	Data loading time  0.000 ( 0.017)	Loss 1.3376e+00 (1.3068e+00)	Acc@1  34.38 ( 37.05)
Epoch: [6][330/886]	Time  0.054 ( 0.070)	Data loading time  0.000 ( 0.011)	Loss 1.3609e+00 (1.3016e+00)	Acc@1  28.12 ( 37.81)
Epoch: [6][440/886]	Time  0.067 ( 0.067)	Data loading time  0.000 ( 0.008)	Loss 1.5067e+00 (1.3004e+00)	Acc@1  31.25 ( 37.93)
Epoch: [6][550/886]	Time  0.055 ( 0.065)	Data loading time  0.000 ( 0.007)	Loss 1.3603e+00 (1.2982e+00)	Acc@1  34.38 ( 38.34)
Epoch: [6][660/886]	Time  0.062 ( 0.064)	Data loading time  0.000 ( 0.006)	Loss 1.3635e+00 (1.2963e+00)	Acc@1  40.62 ( 38.62)
Epoch: [6][770/886]	Time  0.061 ( 0.064)	Data loading time  0.000 ( 0.005)	Loss 1.3353e+00 (1.2943e+00)	Acc@1  34.38 ( 38.81)
Epoch: [6][880/886]	Time  0.056 ( 0.063)	Data loading time  0.000 ( 0.004)	Loss 1.2764e+00 (1.2918e+00)	Acc@1  37.50 ( 38.94)
Validation
[W CudaIPCTypes.cpp:22] Producer process has been terminated before all shared CUDA tensors released. See Note [Sharing CUDA tensors]
Test: [  0/222]	Time  3.935 ( 3.935)	Loss 1.6518e+00 (1.6518e+00)	Acc@1  28.12 ( 28.12)	Acc C1   0.00 (  0.00)	Acc C2   0.00 (  0.00)	Acc C3   0.00 (  0.00)	Acc C4  90.00 ( 90.00)
Test: [110/222]	Time  0.017 ( 0.053)	Loss 1.4795e+00 (1.4443e+00)	Acc@1  43.75 ( 33.90)	Acc C1   0.00 (  0.00)	Acc C2  20.00 ( 14.99)	Acc C3   0.00 (  6.00)	Acc C4 100.00 ( 94.91)
Test: [220/222]	Time  0.015 ( 0.035)	Loss 1.4351e+00 (1.4316e+00)	Acc@1  34.38 ( 34.74)	Acc C1   0.00 (  0.00)	Acc C2  15.38 ( 16.28)	Acc C3   0.00 (  6.11)	Acc C4 100.00 ( 95.18)
 * Acc 34.740
classification report:
              precision    recall  f1-score   support

           0       0.00      0.00      0.00      1287
           1       0.32      0.16      0.22      1967
           2       0.34      0.06      0.10      1691
           3       0.35      0.95      0.52      2142

    accuracy                           0.35      7087
   macro avg       0.25      0.29      0.21      7087
weighted avg       0.28      0.35      0.24      7087

confusion matrix:
      t\p     0     1     2     3 
        0     0   256   108   923 
        1     0   320    80  1567 
        2     0   342   103  1246 
        3     0    91    12  2039 
Test
[W CudaIPCTypes.cpp:22] Producer process has been terminated before all shared CUDA tensors released. See Note [Sharing CUDA tensors]
Test: [  0/354]	Time  3.570 ( 3.570)	Loss 1.0125e+00 (1.0125e+00)	Acc@1  78.12 ( 78.12)	Acc C1   0.00 (  0.00)	Acc C2   0.00 (  0.00)	Acc C3   0.00 (  0.00)	Acc C4  78.12 ( 78.12)
Test: [110/354]	Time  0.017 ( 0.050)	Loss 1.2615e+00 (1.3243e+00)	Acc@1  40.62 ( 38.15)	Acc C1   0.00 (  0.00)	Acc C2  33.33 ( 35.25)	Acc C3   0.00 (  1.50)	Acc C4 100.00 ( 68.93)
Test: [220/354]	Time  0.017 ( 0.033)	Loss 2.0222e+00 (1.2492e+00)	Acc@1   0.00 ( 42.05)	Acc C1   0.00 (  0.00)	Acc C2  61.54 ( 12.04)	Acc C3   0.00 (  1.65)	Acc C4 100.00 ( 82.26)
Test: [330/354]	Time  0.017 ( 0.028)	Loss 1.2464e+00 (1.3036e+00)	Acc@1  56.25 ( 39.70)	Acc C1   0.00 (  0.00)	Acc C2   0.00 ( 12.29)	Acc C3   0.00 (  1.42)	Acc C4 100.00 ( 86.28)
 * Acc 38.523
classification report:
              precision    recall  f1-score   support

           0       0.00      0.00      0.00      1141
           1       0.14      0.12      0.13      2324
           2       0.29      0.02      0.03      3196
           3       0.44      0.87      0.58      4657

    accuracy                           0.39     11318
   macro avg       0.22      0.25      0.18     11318
weighted avg       0.29      0.39      0.27     11318

confusion matrix:
      t\p     0     1     2     3 
        0     0   244    19   878 
        1     0   271    33  2020 
        2     0   815    51  2330 
        3     0   547    72  4038 
[W CudaIPCTypes.cpp:22] Producer process has been terminated before all shared CUDA tensors released. See Note [Sharing CUDA tensors]
Epoch: [7][  0/886]	Time  3.780 ( 3.780)	Data loading time  3.703 ( 3.703)	Loss 1.2207e+00 (1.2207e+00)	Acc@1  40.62 ( 40.62)
Epoch: [7][110/886]	Time  0.050 ( 0.085)	Data loading time  0.000 ( 0.034)	Loss 1.2425e+00 (1.2817e+00)	Acc@1  46.88 ( 39.86)
Epoch: [7][220/886]	Time  0.062 ( 0.070)	Data loading time  0.000 ( 0.017)	Loss 1.2283e+00 (1.2725e+00)	Acc@1  53.12 ( 40.23)
Epoch: [7][330/886]	Time  0.060 ( 0.067)	Data loading time  0.000 ( 0.011)	Loss 1.2264e+00 (1.2705e+00)	Acc@1  50.00 ( 40.62)
Epoch: [7][440/886]	Time  0.060 ( 0.065)	Data loading time  0.000 ( 0.009)	Loss 1.2205e+00 (1.2754e+00)	Acc@1  40.62 ( 40.35)
Epoch: [7][550/886]	Time  0.059 ( 0.065)	Data loading time  0.000 ( 0.007)	Loss 1.2816e+00 (1.2739e+00)	Acc@1  43.75 ( 40.45)
Epoch: [7][660/886]	Time  0.064 ( 0.064)	Data loading time  0.000 ( 0.006)	Loss 1.2454e+00 (1.2735e+00)	Acc@1  40.62 ( 40.45)
Epoch: [7][770/886]	Time  0.054 ( 0.064)	Data loading time  0.000 ( 0.005)	Loss 1.3865e+00 (1.2734e+00)	Acc@1  40.62 ( 40.56)
Epoch: [7][880/886]	Time  0.056 ( 0.062)	Data loading time  0.000 ( 0.004)	Loss 1.2871e+00 (1.2748e+00)	Acc@1  37.50 ( 40.44)
Validation
[W CudaIPCTypes.cpp:22] Producer process has been terminated before all shared CUDA tensors released. See Note [Sharing CUDA tensors]
Test: [  0/222]	Time  4.117 ( 4.117)	Loss 1.3569e+00 (1.3569e+00)	Acc@1  31.25 ( 31.25)	Acc C1  25.00 ( 25.00)	Acc C2  60.00 ( 60.00)	Acc C3   0.00 (  0.00)	Acc C4  20.00 ( 20.00)
Test: [110/222]	Time  0.017 ( 0.055)	Loss 1.3947e+00 (1.3132e+00)	Acc@1  25.00 ( 33.28)	Acc C1  25.00 ( 36.99)	Acc C2  80.00 ( 69.29)	Acc C3   0.00 (  0.12)	Acc C4  15.38 ( 25.26)
Test: [220/222]	Time  0.015 ( 0.036)	Loss 1.2819e+00 (1.3114e+00)	Acc@1  43.75 ( 33.36)	Acc C1  50.00 ( 38.44)	Acc C2  76.92 ( 67.63)	Acc C3   0.00 (  0.18)	Acc C4  22.22 ( 24.94)
 * Acc 33.315
classification report:
              precision    recall  f1-score   support

           0       0.30      0.38      0.33      1287
           1       0.28      0.68      0.40      1967
           2       0.60      0.00      0.00      1691
           3       0.76      0.25      0.37      2142

    accuracy                           0.33      7087
   macro avg       0.48      0.33      0.28      7087
weighted avg       0.50      0.33      0.29      7087

confusion matrix:
      t\p     0     1     2     3 
        0   495   769     0    23 
        1   540  1330     2    95 
        2   569  1066     3    53 
        3    67  1542     0   533 
Test
[W CudaIPCTypes.cpp:22] Producer process has been terminated before all shared CUDA tensors released. See Note [Sharing CUDA tensors]
Test: [  0/354]	Time  3.642 ( 3.642)	Loss 1.9057e+00 (1.9057e+00)	Acc@1   0.00 (  0.00)	Acc C1   0.00 (  0.00)	Acc C2   0.00 (  0.00)	Acc C3   0.00 (  0.00)	Acc C4   0.00 (  0.00)
Test: [110/354]	Time  0.017 ( 0.050)	Loss 1.4120e+00 (1.5817e+00)	Acc@1  25.00 (  9.52)	Acc C1  20.00 ( 11.24)	Acc C2  83.33 ( 87.77)	Acc C3   0.00 (  0.00)	Acc C4  18.18 (  3.11)
Test: [220/354]	Time  0.017 ( 0.034)	Loss 1.3479e+00 (1.4152e+00)	Acc@1  12.50 ( 26.87)	Acc C1  30.77 ( 13.66)	Acc C2  46.15 ( 86.81)	Acc C3   0.00 (  0.00)	Acc C4 100.00 ( 20.84)
Test: [330/354]	Time  0.017 ( 0.028)	Loss 1.0598e+00 (1.3539e+00)	Acc@1  50.00 ( 31.11)	Acc C1   0.00 ( 15.78)	Acc C2  75.00 ( 80.21)	Acc C3   0.00 (  0.03)	Acc C4  72.22 ( 31.09)
 * Acc 31.004
classification report:
              precision    recall  f1-score   support

           0       0.15      0.17      0.16      1141
           1       0.23      0.81      0.35      2324
           2       0.33      0.00      0.00      3196
           3       0.86      0.31      0.45      4657

    accuracy                           0.31     11318
   macro avg       0.39      0.32      0.24     11318
weighted avg       0.51      0.31      0.28     11318

confusion matrix:
      t\p     0     1     2     3 
        0   195   917     0    29 
        1   323  1873     0   128 
        2   583  2526     1    86 
        3   221  2994     2  1440 
[W CudaIPCTypes.cpp:22] Producer process has been terminated before all shared CUDA tensors released. See Note [Sharing CUDA tensors]
Epoch: [8][  0/886]	Time  3.679 ( 3.679)	Data loading time  3.602 ( 3.602)	Loss 1.2380e+00 (1.2380e+00)	Acc@1  50.00 ( 50.00)
Epoch: [8][110/886]	Time  0.062 ( 0.094)	Data loading time  0.000 ( 0.033)	Loss 1.1983e+00 (1.2758e+00)	Acc@1  65.62 ( 39.98)
Epoch: [8][220/886]	Time  0.065 ( 0.078)	Data loading time  0.000 ( 0.017)	Loss 1.1135e+00 (1.2704e+00)	Acc@1  50.00 ( 40.10)
Epoch: [8][330/886]	Time  0.059 ( 0.074)	Data loading time  0.000 ( 0.011)	Loss 1.3023e+00 (1.2632e+00)	Acc@1  34.38 ( 40.90)
Epoch: [8][440/886]	Time  0.065 ( 0.071)	Data loading time  0.000 ( 0.008)	Loss 1.2123e+00 (1.2663e+00)	Acc@1  40.62 ( 40.77)
Epoch: [8][550/886]	Time  0.051 ( 0.069)	Data loading time  0.000 ( 0.007)	Loss 1.4067e+00 (1.2655e+00)	Acc@1  28.12 ( 40.73)
Epoch: [8][660/886]	Time  0.064 ( 0.066)	Data loading time  0.000 ( 0.006)	Loss 1.3131e+00 (1.2646e+00)	Acc@1  37.50 ( 40.88)
Epoch: [8][770/886]	Time  0.061 ( 0.065)	Data loading time  0.000 ( 0.005)	Loss 1.2916e+00 (1.2652e+00)	Acc@1  43.75 ( 41.05)
Epoch: [8][880/886]	Time  0.062 ( 0.065)	Data loading time  0.000 ( 0.004)	Loss 1.1926e+00 (1.2652e+00)	Acc@1  37.50 ( 41.03)
Validation
[W CudaIPCTypes.cpp:22] Producer process has been terminated before all shared CUDA tensors released. See Note [Sharing CUDA tensors]
Test: [  0/222]	Time  4.013 ( 4.013)	Loss 1.5090e+00 (1.5090e+00)	Acc@1  31.25 ( 31.25)	Acc C1   0.00 (  0.00)	Acc C2   0.00 (  0.00)	Acc C3   0.00 (  0.00)	Acc C4 100.00 (100.00)
Test: [110/222]	Time  0.017 ( 0.054)	Loss 1.4744e+00 (1.4447e+00)	Acc@1  43.75 ( 33.14)	Acc C1   0.00 (  0.46)	Acc C2  20.00 (  6.10)	Acc C3   0.00 ( 14.07)	Acc C4 100.00 ( 93.59)
Test: [220/222]	Time  0.016 ( 0.036)	Loss 1.5462e+00 (1.4305e+00)	Acc@1  31.25 ( 33.40)	Acc C1   0.00 (  0.54)	Acc C2   7.69 (  5.85)	Acc C3  16.67 ( 14.42)	Acc C4  88.89 ( 93.45)
 * Acc 33.413
classification report:
              precision    recall  f1-score   support

           0       0.09      0.01      0.01      1287
           1       0.27      0.06      0.10      1967
           2       0.43      0.14      0.22      1691
           3       0.33      0.93      0.49      2142

    accuracy                           0.33      7087
   macro avg       0.28      0.29      0.20      7087
weighted avg       0.29      0.33      0.23      7087

confusion matrix:
      t\p     0     1     2     3 
        0     7    94   160  1026 
        1    14   115   157  1681 
        2    15   140   244  1292 
        3    46    82    12  2002 
Test
[W CudaIPCTypes.cpp:22] Producer process has been terminated before all shared CUDA tensors released. See Note [Sharing CUDA tensors]
Test: [  0/354]	Time  3.595 ( 3.595)	Loss 6.9673e-01 (6.9673e-01)	Acc@1 100.00 (100.00)	Acc C1   0.00 (  0.00)	Acc C2   0.00 (  0.00)	Acc C3   0.00 (  0.00)	Acc C4 100.00 (100.00)
Test: [110/354]	Time  0.017 ( 0.050)	Loss 1.4036e+00 (1.2718e+00)	Acc@1  31.25 ( 47.61)	Acc C1   0.00 (  0.59)	Acc C2   0.00 (  3.60)	Acc C3   0.00 (  2.02)	Acc C4  90.91 ( 92.05)
Test: [220/354]	Time  0.017 ( 0.033)	Loss 1.9155e+00 (1.2660e+00)	Acc@1   9.38 ( 45.35)	Acc C1   0.00 (  0.40)	Acc C2  23.08 (  2.39)	Acc C3  15.79 (  2.97)	Acc C4 100.00 ( 92.03)
Test: [330/354]	Time  0.017 ( 0.028)	Loss 1.3542e+00 (1.3100e+00)	Acc@1  59.38 ( 41.13)	Acc C1   0.00 (  0.58)	Acc C2  25.00 (  3.24)	Acc C3  50.00 (  3.07)	Acc C4  94.44 ( 92.82)
 * Acc 39.936
classification report:
              precision    recall  f1-score   support

           0       0.06      0.01      0.01      1141
           1       0.17      0.03      0.05      2324
           2       0.42      0.04      0.07      3196
           3       0.41      0.93      0.57      4657

    accuracy                           0.40     11318
   macro avg       0.27      0.25      0.18     11318
weighted avg       0.33      0.40      0.27     11318

confusion matrix:
      t\p     0     1     2     3 
        0     8    45    48  1040 
        1    22    73    35  2194 
        2    15   130   121  2930 
        3    84   170    85  4318 
[W CudaIPCTypes.cpp:22] Producer process has been terminated before all shared CUDA tensors released. See Note [Sharing CUDA tensors]
Epoch: [9][  0/886]	Time  3.724 ( 3.724)	Data loading time  3.651 ( 3.651)	Loss 1.2710e+00 (1.2710e+00)	Acc@1  50.00 ( 50.00)
Epoch: [9][110/886]	Time  0.050 ( 0.085)	Data loading time  0.000 ( 0.033)	Loss 1.1671e+00 (1.2735e+00)	Acc@1  46.88 ( 40.74)
Epoch: [9][220/886]	Time  0.062 ( 0.068)	Data loading time  0.000 ( 0.017)	Loss 1.2409e+00 (1.2703e+00)	Acc@1  40.62 ( 40.47)
Epoch: [9][330/886]	Time  0.052 ( 0.063)	Data loading time  0.000 ( 0.011)	Loss 1.2623e+00 (1.2650e+00)	Acc@1  34.38 ( 40.89)
Epoch: [9][440/886]	Time  0.057 ( 0.060)	Data loading time  0.000 ( 0.009)	Loss 1.2836e+00 (1.2599e+00)	Acc@1  40.62 ( 41.37)
Epoch: [9][550/886]	Time  0.058 ( 0.058)	Data loading time  0.000 ( 0.007)	Loss 1.2025e+00 (1.2553e+00)	Acc@1  34.38 ( 41.61)
Epoch: [9][660/886]	Time  0.051 ( 0.057)	Data loading time  0.000 ( 0.006)	Loss 1.2584e+00 (1.2531e+00)	Acc@1  34.38 ( 41.74)
Epoch: [9][770/886]	Time  0.049 ( 0.056)	Data loading time  0.000 ( 0.005)	Loss 1.0563e+00 (1.2496e+00)	Acc@1  46.88 ( 42.01)
Epoch: [9][880/886]	Time  0.051 ( 0.056)	Data loading time  0.000 ( 0.004)	Loss 1.2543e+00 (1.2464e+00)	Acc@1  28.12 ( 42.21)
Validation
[W CudaIPCTypes.cpp:22] Producer process has been terminated before all shared CUDA tensors released. See Note [Sharing CUDA tensors]
Test: [  0/222]	Time  4.040 ( 4.040)	Loss 1.7414e+00 (1.7414e+00)	Acc@1  31.25 ( 31.25)	Acc C1   0.00 (  0.00)	Acc C2   0.00 (  0.00)	Acc C3  25.00 ( 25.00)	Acc C4  90.00 ( 90.00)
Test: [110/222]	Time  0.017 ( 0.054)	Loss 1.5592e+00 (1.5511e+00)	Acc@1  40.62 ( 32.63)	Acc C1   0.00 (  0.00)	Acc C2  20.00 ( 10.75)	Acc C3   0.00 ( 10.50)	Acc C4  92.31 ( 90.86)
Test: [220/222]	Time  0.016 ( 0.036)	Loss 1.7419e+00 (1.5400e+00)	Acc@1  21.88 ( 33.13)	Acc C1   0.00 (  0.00)	Acc C2   7.69 ( 11.15)	Acc C3   0.00 ( 11.10)	Acc C4  66.67 ( 90.64)
 * Acc 33.145
classification report:
              precision    recall  f1-score   support

           0       0.00      0.00      0.00      1287
           1       0.31      0.11      0.16      1967
           2       0.36      0.11      0.17      1691
           3       0.33      0.91      0.49      2142

    accuracy                           0.33      7087
   macro avg       0.25      0.28      0.20      7087
weighted avg       0.27      0.33      0.23      7087

confusion matrix:
      t\p     0     1     2     3 
        0     0   146   167   974 
        1     0   219   136  1612 
        2     0   178   188  1325 
        3     0   164    36  1942 
Test
[W CudaIPCTypes.cpp:22] Producer process has been terminated before all shared CUDA tensors released. See Note [Sharing CUDA tensors]
Test: [  0/354]	Time  3.666 ( 3.666)	Loss 7.0843e-01 (7.0843e-01)	Acc@1  87.50 ( 87.50)	Acc C1   0.00 (  0.00)	Acc C2   0.00 (  0.00)	Acc C3   0.00 (  0.00)	Acc C4  87.50 ( 87.50)
Test: [110/354]	Time  0.017 ( 0.050)	Loss 1.2770e+00 (1.3775e+00)	Acc@1  31.25 ( 39.61)	Acc C1   0.00 (  0.00)	Acc C2   0.00 ( 23.38)	Acc C3   0.00 (  4.75)	Acc C4  90.91 ( 71.60)
Test: [220/354]	Time  0.017 ( 0.033)	Loss 2.2351e+00 (1.3797e+00)	Acc@1   3.12 ( 41.81)	Acc C1   0.00 (  0.00)	Acc C2   0.00 ( 13.19)	Acc C3   5.26 (  3.77)	Acc C4 100.00 ( 80.14)
Test: [330/354]	Time  0.017 ( 0.028)	Loss 2.3895e+00 (1.5332e+00)	Acc@1  40.62 ( 36.91)	Acc C1   0.00 (  0.00)	Acc C2  25.00 ( 11.65)	Acc C3   0.00 (  3.04)	Acc C4  66.67 ( 78.95)
 * Acc 36.058
classification report:
              precision    recall  f1-score   support

           0       0.00      0.00      0.00      1141
           1       0.18      0.11      0.14      2324
           2       0.25      0.04      0.07      3196
           3       0.39      0.79      0.53      4657

    accuracy                           0.36     11318
   macro avg       0.21      0.24      0.18     11318
weighted avg       0.27      0.36      0.26     11318

confusion matrix:
      t\p     0     1     2     3 
        0     0   146    64   931 
        1     0   263    57  2004 
        2     0   334   123  2739 
        3     0   708   254  3695 
[W CudaIPCTypes.cpp:22] Producer process has been terminated before all shared CUDA tensors released. See Note [Sharing CUDA tensors]
Epoch: [10][  0/886]	Time  3.704 ( 3.704)	Data loading time  3.632 ( 3.632)	Loss 1.3028e+00 (1.3028e+00)	Acc@1  46.88 ( 46.88)
Epoch: [10][110/886]	Time  0.051 ( 0.085)	Data loading time  0.000 ( 0.033)	Loss 1.2012e+00 (1.2662e+00)	Acc@1  59.38 ( 41.98)
Epoch: [10][220/886]	Time  0.051 ( 0.069)	Data loading time  0.000 ( 0.017)	Loss 1.1981e+00 (1.2487e+00)	Acc@1  43.75 ( 42.70)
Epoch: [10][330/886]	Time  0.060 ( 0.066)	Data loading time  0.000 ( 0.011)	Loss 1.2516e+00 (1.2461e+00)	Acc@1  43.75 ( 42.48)
Epoch: [10][440/886]	Time  0.051 ( 0.063)	Data loading time  0.000 ( 0.008)	Loss 1.0365e+00 (1.2426e+00)	Acc@1  59.38 ( 42.69)
Epoch: [10][550/886]	Time  0.053 ( 0.061)	Data loading time  0.000 ( 0.007)	Loss 1.3482e+00 (1.2417e+00)	Acc@1  37.50 ( 42.54)
Epoch: [10][660/886]	Time  0.050 ( 0.060)	Data loading time  0.000 ( 0.006)	Loss 1.2799e+00 (1.2409e+00)	Acc@1  43.75 ( 42.61)
Epoch: [10][770/886]	Time  0.051 ( 0.059)	Data loading time  0.000 ( 0.005)	Loss 1.4971e+00 (1.2408e+00)	Acc@1  34.38 ( 42.53)
Epoch: [10][880/886]	Time  0.051 ( 0.058)	Data loading time  0.000 ( 0.004)	Loss 1.3016e+00 (1.2379e+00)	Acc@1  34.38 ( 42.64)
Validation
[W CudaIPCTypes.cpp:22] Producer process has been terminated before all shared CUDA tensors released. See Note [Sharing CUDA tensors]
Test: [  0/222]	Time  3.961 ( 3.961)	Loss 1.2897e+00 (1.2897e+00)	Acc@1  46.88 ( 46.88)	Acc C1   0.00 (  0.00)	Acc C2  60.00 ( 60.00)	Acc C3  25.00 ( 25.00)	Acc C4  80.00 ( 80.00)
Test: [110/222]	Time  0.017 ( 0.053)	Loss 1.3196e+00 (1.4090e+00)	Acc@1  43.75 ( 42.29)	Acc C1   0.00 (  0.15)	Acc C2  40.00 ( 50.78)	Acc C3   0.00 ( 16.38)	Acc C4  92.31 ( 81.81)
Test: [220/222]	Time  0.016 ( 0.035)	Loss 1.8980e+00 (1.3871e+00)	Acc@1  46.88 ( 43.61)	Acc C1   0.00 (  0.23)	Acc C2  46.15 ( 51.60)	Acc C3  16.67 ( 17.09)	Acc C4  88.89 ( 83.25)
 * Acc 43.643
classification report:
              precision    recall  f1-score   support

           0       0.02      0.00      0.00      1287
           1       0.36      0.52      0.42      1967
           2       0.51      0.17      0.26      1691
           3       0.50      0.83      0.62      2142

    accuracy                           0.44      7087
   macro avg       0.35      0.38      0.33      7087
weighted avg       0.38      0.44      0.37      7087

confusion matrix:
      t\p     0     1     2     3 
        0     3   764   175   345 
        1    18  1016    99   834 
        2    10   782   290   609 
        3    92   258     8  1784 
Test
[W CudaIPCTypes.cpp:22] Producer process has been terminated before all shared CUDA tensors released. See Note [Sharing CUDA tensors]
Test: [  0/354]	Time  3.598 ( 3.598)	Loss 1.3724e+00 (1.3724e+00)	Acc@1  34.38 ( 34.38)	Acc C1   0.00 (  0.00)	Acc C2   0.00 (  0.00)	Acc C3   0.00 (  0.00)	Acc C4  34.38 ( 34.38)
Test: [110/354]	Time  0.017 ( 0.050)	Loss 1.2339e+00 (1.4724e+00)	Acc@1  37.50 ( 23.73)	Acc C1   0.00 (  0.00)	Acc C2  83.33 ( 80.22)	Acc C3   0.00 (  0.09)	Acc C4  63.64 ( 34.41)
Test: [220/354]	Time  0.017 ( 0.034)	Loss 1.7076e+00 (1.4131e+00)	Acc@1   3.12 ( 34.83)	Acc C1   0.00 (  0.00)	Acc C2  92.31 ( 37.58)	Acc C3   5.26 (  0.53)	Acc C4 100.00 ( 58.03)
Test: [330/354]	Time  0.017 ( 0.028)	Loss 3.1876e+00 (1.5468e+00)	Acc@1  50.00 ( 36.45)	Acc C1   0.00 (  0.12)	Acc C2  25.00 ( 45.75)	Acc C3   0.00 (  0.73)	Acc C4  83.33 ( 62.88)
 * Acc 35.625
classification report:
              precision    recall  f1-score   support

           0       0.01      0.00      0.00      1141
           1       0.20      0.45      0.28      2324
           2       0.43      0.01      0.02      3196
           3       0.50      0.64      0.56      4657

    accuracy                           0.36     11318
   macro avg       0.29      0.27      0.22     11318
weighted avg       0.37      0.36      0.30     11318

confusion matrix:
      t\p     0     1     2     3 
        0     2   722    16   401 
        1    35  1036    12  1241 
        2     2  1898    36  1260 
        3   217  1463    19  2958 
[W CudaIPCTypes.cpp:22] Producer process has been terminated before all shared CUDA tensors released. See Note [Sharing CUDA tensors]
Epoch: [11][  0/886]	Time  3.865 ( 3.865)	Data loading time  3.793 ( 3.793)	Loss 1.2363e+00 (1.2363e+00)	Acc@1  34.38 ( 34.38)
Epoch: [11][110/886]	Time  0.052 ( 0.085)	Data loading time  0.000 ( 0.034)	Loss 1.1375e+00 (1.2077e+00)	Acc@1  46.88 ( 44.88)
Epoch: [11][220/886]	Time  0.061 ( 0.068)	Data loading time  0.000 ( 0.017)	Loss 1.5071e+00 (1.2149e+00)	Acc@1  28.12 ( 44.22)
Epoch: [11][330/886]	Time  0.051 ( 0.063)	Data loading time  0.000 ( 0.012)	Loss 1.2471e+00 (1.2131e+00)	Acc@1  46.88 ( 44.46)
Epoch: [11][440/886]	Time  0.066 ( 0.060)	Data loading time  0.000 ( 0.009)	Loss 1.3088e+00 (1.2153e+00)	Acc@1  40.62 ( 44.27)
Epoch: [11][550/886]	Time  0.055 ( 0.059)	Data loading time  0.000 ( 0.007)	Loss 1.2190e+00 (1.2146e+00)	Acc@1  43.75 ( 44.28)
Epoch: [11][660/886]	Time  0.062 ( 0.059)	Data loading time  0.000 ( 0.006)	Loss 1.2430e+00 (1.2214e+00)	Acc@1  37.50 ( 43.91)
Epoch: [11][770/886]	Time  0.064 ( 0.060)	Data loading time  0.000 ( 0.005)	Loss 1.3572e+00 (1.2230e+00)	Acc@1  31.25 ( 43.72)
Epoch: [11][880/886]	Time  0.062 ( 0.060)	Data loading time  0.000 ( 0.005)	Loss 1.0103e+00 (1.2247e+00)	Acc@1  56.25 ( 43.73)
Validation
[W CudaIPCTypes.cpp:22] Producer process has been terminated before all shared CUDA tensors released. See Note [Sharing CUDA tensors]
Test: [  0/222]	Time  4.025 ( 4.025)	Loss 1.3131e+00 (1.3131e+00)	Acc@1  40.62 ( 40.62)	Acc C1   0.00 (  0.00)	Acc C2  20.00 ( 20.00)	Acc C3  75.00 ( 75.00)	Acc C4  80.00 ( 80.00)
Test: [110/222]	Time  0.017 ( 0.054)	Loss 1.3188e+00 (1.2080e+00)	Acc@1  43.75 ( 44.40)	Acc C1   0.00 (  0.00)	Acc C2  20.00 ( 28.85)	Acc C3  33.33 ( 42.68)	Acc C4  84.62 ( 87.46)
Test: [220/222]	Time  0.015 ( 0.036)	Loss 1.1715e+00 (1.1991e+00)	Acc@1  50.00 ( 45.60)	Acc C1   0.00 (  0.00)	Acc C2  30.77 ( 29.06)	Acc C3  50.00 ( 45.16)	Acc C4 100.00 ( 88.58)
 * Acc 45.619
classification report:
              precision    recall  f1-score   support

           0       0.00      0.00      0.00      1287
           1       0.40      0.29      0.34      1967
           2       0.38      0.45      0.41      1691
           3       0.53      0.89      0.66      2142

    accuracy                           0.46      7087
   macro avg       0.32      0.41      0.35      7087
weighted avg       0.36      0.46      0.39      7087

confusion matrix:
      t\p     0     1     2     3 
        0     0   396   552   339 
        1     5   572   582   808 
        2     2   365   764   560 
        3     1   106   138  1897 
Test
[W CudaIPCTypes.cpp:22] Producer process has been terminated before all shared CUDA tensors released. See Note [Sharing CUDA tensors]
Test: [  0/354]	Time  3.603 ( 3.603)	Loss 1.3869e+00 (1.3869e+00)	Acc@1  43.75 ( 43.75)	Acc C1   0.00 (  0.00)	Acc C2   0.00 (  0.00)	Acc C3   0.00 (  0.00)	Acc C4  43.75 ( 43.75)
Test: [110/354]	Time  0.017 ( 0.050)	Loss 1.1879e+00 (1.3278e+00)	Acc@1  50.00 ( 36.09)	Acc C1   0.00 (  0.00)	Acc C2  50.00 ( 41.37)	Acc C3  30.00 ( 29.29)	Acc C4  90.91 ( 46.36)
Test: [220/354]	Time  0.016 ( 0.033)	Loss 1.5353e+00 (1.1848e+00)	Acc@1  15.62 ( 44.63)	Acc C1   0.00 (  0.00)	Acc C2  61.54 ( 20.14)	Acc C3  26.32 ( 31.39)	Acc C4 100.00 ( 68.00)
Test: [330/354]	Time  0.016 ( 0.028)	Loss 1.0231e+00 (1.1657e+00)	Acc@1  59.38 ( 45.63)	Acc C1   0.00 (  0.12)	Acc C2   0.00 ( 25.05)	Acc C3  50.00 ( 30.17)	Acc C4 100.00 ( 74.69)
 * Acc 44.425
classification report:
              precision    recall  f1-score   support

           0       0.09      0.00      0.00      1141
           1       0.23      0.24      0.24      2324
           2       0.39      0.31      0.34      3196
           3       0.55      0.75      0.63      4657

    accuracy                           0.44     11318
   macro avg       0.31      0.32      0.30     11318
weighted avg       0.39      0.44      0.41     11318

confusion matrix:
      t\p     0     1     2     3 
        0     1   370   373   397 
        1     3   559   541  1221 
        2     2   974   975  1245 
        3     5   526   633  3493 
[W CudaIPCTypes.cpp:22] Producer process has been terminated before all shared CUDA tensors released. See Note [Sharing CUDA tensors]
Epoch: [12][  0/886]	Time  3.696 ( 3.696)	Data loading time  3.630 ( 3.630)	Loss 1.3817e+00 (1.3817e+00)	Acc@1  34.38 ( 34.38)
Epoch: [12][110/886]	Time  0.052 ( 0.084)	Data loading time  0.000 ( 0.033)	Loss 1.1686e+00 (1.2576e+00)	Acc@1  46.88 ( 41.64)
Epoch: [12][220/886]	Time  0.055 ( 0.067)	Data loading time  0.000 ( 0.017)	Loss 1.2897e+00 (1.2546e+00)	Acc@1  43.75 ( 42.07)
Epoch: [12][330/886]	Time  0.050 ( 0.062)	Data loading time  0.000 ( 0.011)	Loss 1.0837e+00 (1.2496e+00)	Acc@1  34.38 ( 42.34)
Epoch: [12][440/886]	Time  0.052 ( 0.059)	Data loading time  0.000 ( 0.008)	Loss 1.2297e+00 (1.2429e+00)	Acc@1  43.75 ( 42.65)
Epoch: [12][550/886]	Time  0.051 ( 0.058)	Data loading time  0.000 ( 0.007)	Loss 1.3109e+00 (1.2405e+00)	Acc@1  34.38 ( 42.54)
Epoch: [12][660/886]	Time  0.051 ( 0.056)	Data loading time  0.000 ( 0.006)	Loss 9.9483e-01 (1.2375e+00)	Acc@1  71.88 ( 42.80)
Epoch: [12][770/886]	Time  0.050 ( 0.056)	Data loading time  0.000 ( 0.005)	Loss 1.3282e+00 (1.2358e+00)	Acc@1  28.12 ( 42.90)
Epoch: [12][880/886]	Time  0.049 ( 0.055)	Data loading time  0.000 ( 0.004)	Loss 1.1639e+00 (1.2330e+00)	Acc@1  40.62 ( 43.21)
Validation
[W CudaIPCTypes.cpp:22] Producer process has been terminated before all shared CUDA tensors released. See Note [Sharing CUDA tensors]
Test: [  0/222]	Time  3.944 ( 3.944)	Loss 1.3416e+00 (1.3416e+00)	Acc@1  50.00 ( 50.00)	Acc C1   0.00 (  0.00)	Acc C2  70.00 ( 70.00)	Acc C3  25.00 ( 25.00)	Acc C4  80.00 ( 80.00)
Test: [110/222]	Time  0.017 ( 0.054)	Loss 1.3394e+00 (1.2065e+00)	Acc@1  40.62 ( 44.26)	Acc C1   0.00 (  0.15)	Acc C2  40.00 ( 46.12)	Acc C3   0.00 ( 22.84)	Acc C4  84.62 ( 87.37)
Test: [220/222]	Time  0.016 ( 0.035)	Loss 1.1787e+00 (1.1963e+00)	Acc@1  56.25 ( 45.39)	Acc C1   0.00 (  0.08)	Acc C2  46.15 ( 46.06)	Acc C3  50.00 ( 24.45)	Acc C4 100.00 ( 88.54)
 * Acc 45.421
classification report:
              precision    recall  f1-score   support

           0       0.33      0.00      0.00      1287
           1       0.38      0.46      0.42      1967
           2       0.45      0.24      0.32      1691
           3       0.50      0.89      0.64      2142

    accuracy                           0.45      7087
   macro avg       0.42      0.40      0.34      7087
weighted avg       0.42      0.45      0.39      7087

confusion matrix:
      t\p     0     1     2     3 
        0     1   620   278   388 
        1     0   907   210   850 
        2     2   634   414   641 
        3     0   224    21  1897 
Test
[W CudaIPCTypes.cpp:22] Producer process has been terminated before all shared CUDA tensors released. See Note [Sharing CUDA tensors]
Test: [  0/354]	Time  3.594 ( 3.594)	Loss 1.6361e+00 (1.6361e+00)	Acc@1  15.62 ( 15.62)	Acc C1   0.00 (  0.00)	Acc C2   0.00 (  0.00)	Acc C3   0.00 (  0.00)	Acc C4  15.62 ( 15.62)
Test: [110/354]	Time  0.017 ( 0.050)	Loss 1.2376e+00 (1.5161e+00)	Acc@1  40.62 ( 20.41)	Acc C1   0.00 (  0.00)	Acc C2  66.67 ( 78.06)	Acc C3  10.00 (  2.81)	Acc C4  72.73 ( 26.46)
Test: [220/354]	Time  0.017 ( 0.033)	Loss 1.6306e+00 (1.2872e+00)	Acc@1   3.12 ( 35.18)	Acc C1   0.00 (  0.00)	Acc C2  84.62 ( 37.73)	Acc C3   5.26 (  4.46)	Acc C4 100.00 ( 56.52)
Test: [330/354]	Time  0.016 ( 0.028)	Loss 1.0440e+00 (1.2544e+00)	Acc@1  56.25 ( 38.25)	Acc C1   0.00 (  0.00)	Acc C2   0.00 ( 43.10)	Acc C3   0.00 (  4.98)	Acc C4 100.00 ( 65.54)
 * Acc 37.604
classification report:
              precision    recall  f1-score   support

           0       0.00      0.00      0.00      1141
           1       0.19      0.42      0.27      2324
           2       0.49      0.06      0.11      3196
           3       0.52      0.66      0.58      4657

    accuracy                           0.38     11318
   macro avg       0.30      0.29      0.24     11318
weighted avg       0.39      0.38      0.33     11318

confusion matrix:
      t\p     0     1     2     3 
        0     0   695    65   381 
        1     0   974    69  1281 
        2     1  1832   191  1172 
        3     0  1501    65  3091 
[W CudaIPCTypes.cpp:22] Producer process has been terminated before all shared CUDA tensors released. See Note [Sharing CUDA tensors]
Epoch: [13][  0/886]	Time  3.684 ( 3.684)	Data loading time  3.605 ( 3.605)	Loss 1.2437e+00 (1.2437e+00)	Acc@1  43.75 ( 43.75)
Epoch: [13][110/886]	Time  0.062 ( 0.095)	Data loading time  0.000 ( 0.033)	Loss 1.3593e+00 (1.2083e+00)	Acc@1  34.38 ( 44.51)
Epoch: [13][220/886]	Time  0.052 ( 0.073)	Data loading time  0.000 ( 0.017)	Loss 1.1364e+00 (1.2168e+00)	Acc@1  46.88 ( 44.64)
Epoch: [13][330/886]	Time  0.051 ( 0.066)	Data loading time  0.000 ( 0.011)	Loss 1.1242e+00 (1.2162e+00)	Acc@1  53.12 ( 44.89)
Epoch: [13][440/886]	Time  0.062 ( 0.065)	Data loading time  0.000 ( 0.008)	Loss 1.1411e+00 (1.2159e+00)	Acc@1  43.75 ( 44.70)
Epoch: [13][550/886]	Time  0.050 ( 0.064)	Data loading time  0.000 ( 0.007)	Loss 1.2269e+00 (1.2239e+00)	Acc@1  53.12 ( 44.22)
Epoch: [13][660/886]	Time  0.051 ( 0.062)	Data loading time  0.000 ( 0.006)	Loss 1.1925e+00 (1.2294e+00)	Acc@1  46.88 ( 43.91)
Epoch: [13][770/886]	Time  0.049 ( 0.060)	Data loading time  0.000 ( 0.005)	Loss 1.3377e+00 (1.2306e+00)	Acc@1  37.50 ( 43.75)
Epoch: [13][880/886]	Time  0.055 ( 0.059)	Data loading time  0.000 ( 0.004)	Loss 1.2810e+00 (1.2298e+00)	Acc@1  40.62 ( 43.78)
Validation
[W CudaIPCTypes.cpp:22] Producer process has been terminated before all shared CUDA tensors released. See Note [Sharing CUDA tensors]
Test: [  0/222]	Time  3.946 ( 3.946)	Loss 1.5494e+00 (1.5494e+00)	Acc@1  31.25 ( 31.25)	Acc C1   0.00 (  0.00)	Acc C2  10.00 ( 10.00)	Acc C3   0.00 (  0.00)	Acc C4  90.00 ( 90.00)
Test: [110/222]	Time  0.018 ( 0.053)	Loss 1.4650e+00 (1.4080e+00)	Acc@1  43.75 ( 34.23)	Acc C1   0.00 (  0.00)	Acc C2  20.00 ( 10.44)	Acc C3   0.00 ( 10.15)	Acc C4 100.00 ( 96.80)
Test: [220/222]	Time  0.016 ( 0.035)	Loss 1.3890e+00 (1.3938e+00)	Acc@1  37.50 ( 35.01)	Acc C1   0.00 (  0.00)	Acc C2  15.38 ( 10.69)	Acc C3  16.67 ( 11.45)	Acc C4 100.00 ( 97.01)
 * Acc 35.022
classification report:
              precision    recall  f1-score   support

           0       0.00      0.00      0.00      1287
           1       0.33      0.11      0.16      1967
           2       0.46      0.11      0.18      1691
           3       0.34      0.97      0.51      2142

    accuracy                           0.35      7087
   macro avg       0.29      0.30      0.21      7087
weighted avg       0.31      0.35      0.24      7087

confusion matrix:
      t\p     0     1     2     3 
        0     0   166   138   983 
        1     4   211    81  1671 
        2     2   195   193  1301 
        3     0    60     4  2078 
Test
[W CudaIPCTypes.cpp:22] Producer process has been terminated before all shared CUDA tensors released. See Note [Sharing CUDA tensors]
Test: [  0/354]	Time  3.586 ( 3.586)	Loss 7.1300e-01 (7.1300e-01)	Acc@1  93.75 ( 93.75)	Acc C1   0.00 (  0.00)	Acc C2   0.00 (  0.00)	Acc C3   0.00 (  0.00)	Acc C4  93.75 ( 93.75)
Test: [110/354]	Time  0.017 ( 0.050)	Loss 1.3748e+00 (1.2878e+00)	Acc@1  34.38 ( 43.75)	Acc C1   0.00 (  0.00)	Acc C2   0.00 ( 16.19)	Acc C3   0.00 (  0.09)	Acc C4 100.00 ( 83.82)
Test: [220/354]	Time  0.016 ( 0.033)	Loss 2.0412e+00 (1.2217e+00)	Acc@1   0.00 ( 44.73)	Acc C1   0.00 (  0.00)	Acc C2  38.46 (  5.94)	Acc C3   0.00 (  1.06)	Acc C4 100.00 ( 90.50)
Test: [330/354]	Time  0.017 ( 0.028)	Loss 1.1835e+00 (1.2815e+00)	Acc@1  56.25 ( 41.46)	Acc C1   0.00 (  0.00)	Acc C2   0.00 (  7.86)	Acc C3   0.00 (  1.06)	Acc C4 100.00 ( 92.80)
 * Acc 40.193
classification report:
              precision    recall  f1-score   support

           0       0.00      0.00      0.00      1141
           1       0.16      0.07      0.10      2324
           2       0.57      0.01      0.03      3196
           3       0.43      0.93      0.58      4657

    accuracy                           0.40     11318
   macro avg       0.29      0.25      0.18     11318
weighted avg       0.37      0.40      0.27     11318

confusion matrix:
      t\p     0     1     2     3 
        0     0   142    14   985 
        1     1   172     6  2145 
        2     2   446    46  2702 
        3     5   306    15  4331 
[W CudaIPCTypes.cpp:22] Producer process has been terminated before all shared CUDA tensors released. See Note [Sharing CUDA tensors]
Epoch: [14][  0/886]	Time  3.690 ( 3.690)	Data loading time  3.611 ( 3.611)	Loss 1.1456e+00 (1.1456e+00)	Acc@1  59.38 ( 59.38)
Epoch: [14][110/886]	Time  0.058 ( 0.091)	Data loading time  0.000 ( 0.033)	Loss 1.4735e+00 (1.2378e+00)	Acc@1  21.88 ( 43.44)
Epoch: [14][220/886]	Time  0.061 ( 0.074)	Data loading time  0.000 ( 0.017)	Loss 1.0370e+00 (1.2359e+00)	Acc@1  56.25 ( 43.10)
Epoch: [14][330/886]	Time  0.060 ( 0.069)	Data loading time  0.000 ( 0.011)	Loss 1.1254e+00 (1.2353e+00)	Acc@1  53.12 ( 43.47)
Epoch: [14][440/886]	Time  0.057 ( 0.066)	Data loading time  0.000 ( 0.008)	Loss 1.2318e+00 (1.2380e+00)	Acc@1  34.38 ( 43.18)
Epoch: [14][550/886]	Time  0.058 ( 0.065)	Data loading time  0.000 ( 0.007)	Loss 1.2329e+00 (1.2375e+00)	Acc@1  43.75 ( 42.95)
Epoch: [14][660/886]	Time  0.060 ( 0.064)	Data loading time  0.000 ( 0.006)	Loss 1.3129e+00 (1.2367e+00)	Acc@1  40.62 ( 43.08)
Epoch: [14][770/886]	Time  0.053 ( 0.062)	Data loading time  0.000 ( 0.005)	Loss 1.2696e+00 (1.2370e+00)	Acc@1  46.88 ( 43.17)
Epoch: [14][880/886]	Time  0.051 ( 0.061)	Data loading time  0.000 ( 0.004)	Loss 1.2544e+00 (1.2341e+00)	Acc@1  40.62 ( 43.40)
Validation
[W CudaIPCTypes.cpp:22] Producer process has been terminated before all shared CUDA tensors released. See Note [Sharing CUDA tensors]
Test: [  0/222]	Time  4.014 ( 4.014)	Loss 1.1346e+00 (1.1346e+00)	Acc@1  43.75 ( 43.75)	Acc C1   0.00 (  0.00)	Acc C2  80.00 ( 80.00)	Acc C3   0.00 (  0.00)	Acc C4  60.00 ( 60.00)
Test: [110/222]	Time  0.017 ( 0.054)	Loss 1.3464e+00 (1.2001e+00)	Acc@1  34.38 ( 44.34)	Acc C1   0.00 (  0.15)	Acc C2  80.00 ( 71.87)	Acc C3   0.00 ( 14.65)	Acc C4  53.85 ( 70.88)
Test: [220/222]	Time  0.016 ( 0.036)	Loss 1.1960e+00 (1.1927e+00)	Acc@1  46.88 ( 45.36)	Acc C1   0.00 (  0.23)	Acc C2  61.54 ( 71.35)	Acc C3  16.67 ( 17.09)	Acc C4  66.67 ( 70.89)
 * Acc 45.365
classification report:
              precision    recall  f1-score   support

           0       0.60      0.00      0.00      1287
           1       0.35      0.71      0.47      1967
           2       0.51      0.17      0.26      1691
           3       0.62      0.71      0.66      2142

    accuracy                           0.45      7087
   macro avg       0.52      0.40      0.35      7087
weighted avg       0.51      0.45      0.39      7087

confusion matrix:
      t\p     0     1     2     3 
        0     3   983   144   157 
        1     0  1404    99   464 
        2     0  1083   289   319 
        3     2   590    31  1519 
Test
[W CudaIPCTypes.cpp:22] Producer process has been terminated before all shared CUDA tensors released. See Note [Sharing CUDA tensors]
Test: [  0/354]	Time  3.625 ( 3.625)	Loss 2.1138e+00 (2.1138e+00)	Acc@1   6.25 (  6.25)	Acc C1   0.00 (  0.00)	Acc C2   0.00 (  0.00)	Acc C3   0.00 (  0.00)	Acc C4   6.25 (  6.25)
Test: [110/354]	Time  0.017 ( 0.050)	Loss 1.4099e+00 (1.7213e+00)	Acc@1  25.00 ( 11.37)	Acc C1   0.00 (  0.00)	Acc C2 100.00 ( 96.76)	Acc C3   0.00 (  0.00)	Acc C4  18.18 (  7.50)
Test: [220/354]	Time  0.017 ( 0.034)	Loss 1.4331e+00 (1.3964e+00)	Acc@1   6.25 ( 34.11)	Acc C1   0.00 (  0.00)	Acc C2  92.31 ( 73.23)	Acc C3  10.53 (  1.01)	Acc C4 100.00 ( 42.62)
Test: [330/354]	Time  0.017 ( 0.028)	Loss 9.7561e-01 (1.3132e+00)	Acc@1  56.25 ( 38.49)	Acc C1   0.00 (  0.00)	Acc C2  25.00 ( 74.22)	Acc C3   0.00 (  1.58)	Acc C4  94.44 ( 53.30)
 * Acc 37.683
classification report:
              precision    recall  f1-score   support

           0       0.00      0.00      0.00      1141
           1       0.23      0.73      0.35      2324
           2       0.47      0.02      0.03      3196
           3       0.67      0.54      0.60      4657

    accuracy                           0.38     11318
   macro avg       0.34      0.32      0.24     11318
weighted avg       0.46      0.38      0.33     11318

confusion matrix:
      t\p     0     1     2     3 
        0     0   988    11   142 
        1     1  1690    19   614 
        2     1  2666    56   473 
        3    10  2096    32  2519 
slurmstepd: error: *** JOB 60953 ON alvis2-01 CANCELLED AT 2021-04-08T19:18:13 DUE TO TIME LIMIT ***
